[1] "accTimeRrel ~S*IDR*IDL*grp + Error(pp/(S*IDR*IDL))"
$ANOVA
          Effect DFn DFd          F            p p<.05         ges
2            grp   1   8  0.1493712 7.092135e-01       0.009029694
3              S   2  16  0.3493102 7.104199e-01       0.003845396
5            IDR   2  16  4.6072684 2.628766e-02     * 0.109305147
7            IDL   1   8 31.2872403 5.141300e-04     * 0.217669884
4          grp:S   2  16  0.3435596 7.143465e-01       0.003782329
6        grp:IDR   2  16  0.3974039 6.785152e-01       0.010474355
8        grp:IDL   1   8  2.4461721 1.564410e-01       0.021290308
9          S:IDR   4  32  0.4893449 7.434790e-01       0.003350049
11         S:IDL   2  16  2.5528005 1.090883e-01       0.009599288
13       IDR:IDL   2  16 21.2585070 3.123939e-05     * 0.074806848
10     grp:S:IDR   4  32  1.0151575 4.142731e-01       0.006924830
12     grp:S:IDL   2  16  3.4877597 5.531427e-02       0.013069065
14   grp:IDR:IDL   2  16  1.0591632 3.698412e-01       0.004012297
15     S:IDR:IDL   4  32  1.7380694 1.659504e-01       0.005099075
16 grp:S:IDR:IDL   4  32  0.8611267 4.977232e-01       0.002532854

$`Mauchly's Test for Sphericity`
          Effect          W           p p<.05
3              S 0.91681652 0.737884703      
4          grp:S 0.91681652 0.737884703      
5            IDR 0.19671574 0.003376268     *
6        grp:IDR 0.19671574 0.003376268     *
9          S:IDR 0.09324593 0.096057476      
10     grp:S:IDR 0.09324593 0.096057476      
11         S:IDL 0.46242505 0.067242635      
12     grp:S:IDL 0.46242505 0.067242635      
13       IDR:IDL 0.65586250 0.228478212      
14   grp:IDR:IDL 0.65586250 0.228478212      
15     S:IDR:IDL 0.06036324 0.041492089     *
16 grp:S:IDR:IDL 0.06036324 0.041492089     *

$`Sphericity Corrections`
          Effect       GGe        p[GG] p[GG]<.05       HFe        p[HF]
3              S 0.9232046 0.6943445630           1.1877361 7.104199e-01
4          grp:S 0.9232046 0.6982044380           1.1877361 7.143465e-01
5            IDR 0.5545437 0.0581481403           0.5791531 5.563380e-02
6        grp:IDR 0.5545437 0.5654611875           0.5791531 5.736693e-01
9          S:IDR 0.6283466 0.6618368785           0.9395813 7.325650e-01
10     grp:S:IDR 0.6283466 0.3955874394           0.9395813 4.120475e-01
11         S:IDL 0.6503748 0.1361043925           0.7244651 1.299932e-01
12     grp:S:IDL 0.6503748 0.0830549185           0.7244651 7.619299e-02
13       IDR:IDL 0.7439715 0.0002407946         * 0.8746458 8.466924e-05
14   grp:IDR:IDL 0.7439715 0.3559606673           0.8746458 3.638641e-01
15     S:IDR:IDL 0.6001128 0.1988356975           0.8752517 1.756749e-01
16 grp:S:IDR:IDL 0.6001128 0.4565304223           0.8752517 4.870835e-01
   p[HF]<.05
3           
4           
5           
6           
9           
10          
11          
12          
13         *
14          
15          
16          

