[1] "Summary by group"
  grp accTimeRrel.m accTimeRrel.s
1   C      1.634643     0.8149042
2   U      1.760925     0.8603132
[1] "Summary by session\n"
  S accTimeRrel.m accTimeRrel.s
1 1      1.739668     0.8315356
2 2      1.711739     0.8933179
3 3      1.641945     0.7922737
[1] "Summary by IDR+IDR\n"
  IDL IDR accTimeRrel.m accTimeRrel.s
1   D   D      1.407601     0.7001367
2   D   M      1.343641     0.5566811
3   D   E      1.295391     0.4378245
4   E   D      2.635398     1.2054935
5   E   M      1.816456     0.5635984
6   E   E      1.688219     0.4761146
[1] "Summary by group + Session\n"
  grp S accTimeRrel.m accTimeRrel.s
1   C 1      1.650953     0.6960522
2   C 2      1.616650     0.8859865
3   C 3      1.636327     0.8585276
4   U 1      1.828383     0.9435389
5   U 2      1.806828     0.8953999
6   U 3      1.647564     0.7247859
[1] "Summary by Session + IDR + IDL \n"
   S IDL IDR accTimeRrel.m accTimeRrel.s
1  1   D   D      1.455919     0.6397940
2  1   D   M      1.240990     0.3347755
3  1   D   E      1.251783     0.3231284
4  1   E   D      2.687481     1.2160088
5  1   E   M      1.911564     0.5951280
6  1   E   E      1.890270     0.4889843
7  2   D   D      1.467643     0.7386572
8  2   D   M      1.330180     0.6057089
9  2   D   E      1.261918     0.4553223
10 2   E   D      2.693250     1.2903233
11 2   E   M      1.880160     0.6406469
12 2   E   E      1.637284     0.5265811
13 3   D   D      1.299240     0.7287922
14 3   D   M      1.459753     0.6686259
15 3   D   E      1.372470     0.5169993
16 3   E   D      2.525462     1.1390709
17 3   E   M      1.657645     0.4130183
18 3   E   E      1.537102     0.3327998
[1] "Summary by group + IDR + IDL\n"
   grp IDL IDR accTimeRrel.m accTimeRrel.s
1    C   D   D      1.315312     0.6791900
2    C   D   M      1.126595     0.2466143
3    C   D   E      1.122624     0.3009244
4    C   E   D      2.784930     1.0350675
5    C   E   M      1.865727     0.4331772
6    C   E   E      1.592670     0.3770376
7    U   D   D      1.499890     0.7161024
8    U   D   M      1.560687     0.6853122
9    U   D   E      1.468157     0.4859307
10   U   E   D      2.485865     1.3499465
11   U   E   M      1.767185     0.6707440
12   U   E   E      1.783767     0.5456106
[1] "Summary by group + Session + IDR + IDL\n"
   grp S IDL IDR accTimeRrel.m accTimeRrel.s
1    C 1   D   D      1.397672     0.6076472
2    C 1   D   M      1.115224     0.1510101
3    C 1   D   E      1.153576     0.2396805
4    C 1   E   D      2.559090     0.8036578
5    C 1   E   M      1.944213     0.4578928
6    C 1   E   E      1.735941     0.3874915
7    C 2   D   D      1.307570     0.7126960
8    C 2   D   M      1.102123     0.3406264
9    C 2   D   E      1.078144     0.3665876
10   C 2   E   D      2.855297     1.1949795
11   C 2   E   M      1.845670     0.4778277
12   C 2   E   E      1.511098     0.4084901
13   C 3   D   D      1.240693     0.7478829
14   C 3   D   M      1.162438     0.2239580
15   C 3   D   E      1.136154     0.2990441
16   C 3   E   D      2.940404     1.0988417
17   C 3   E   M      1.807300     0.3755793
18   C 3   E   E      1.530972     0.3107505
19   U 1   D   D      1.514165     0.6865902
20   U 1   D   M      1.366756     0.4188758
21   U 1   D   E      1.349991     0.3717094
22   U 1   E   D      2.815872     1.5433034
23   U 1   E   M      1.878915     0.7222901
24   U 1   E   E      2.044599     0.5423130
25   U 2   D   D      1.627716     0.7532322
26   U 2   D   M      1.558237     0.7297232
27   U 2   D   E      1.445693     0.4718980
28   U 2   E   D      2.531204     1.4016230
29   U 2   E   M      1.914650     0.7869592
30   U 2   E   E      1.763470     0.6110623
31   U 3   D   D      1.357788     0.7304385
32   U 3   D   M      1.757068     0.8285388
33   U 3   D   E      1.608787     0.5870028
34   U 3   E   D      2.110519     1.0541524
35   U 3   E   M      1.507990     0.4053398
36   U 3   E   E      1.543233     0.3643845
