[1] "vfCircularity ~(S*ID*grp)+Error(pp/(S*ID))+grp"
$ANOVA
    Effect DFn DFd           F            p p<.05        ges
2      grp   1   8   0.4781966 5.088073e-01       0.01546965
3        S   2  16   3.7196057 4.714286e-02     * 0.07813838
5       ID   2  16 101.9197806 7.872507e-10     * 0.81936077
4    grp:S   2  16   1.7069917 2.128348e-01       0.03744209
6   grp:ID   2  16   0.2921290 7.505705e-01       0.01283422
7     S:ID   4  32   1.1018205 3.726264e-01       0.02664989
8 grp:S:ID   4  32   0.8765642 4.888124e-01       0.02131773

$`Mauchly's Test for Sphericity`
    Effect          W           p p<.05
3        S 0.80593320 0.469944602      
4    grp:S 0.80593320 0.469944602      
5       ID 0.27818503 0.011354504     *
6   grp:ID 0.27818503 0.011354504     *
7     S:ID 0.01317769 0.001454786     *
8 grp:S:ID 0.01317769 0.001454786     *

$`Sphericity Corrections`
    Effect       GGe        p[GG] p[GG]<.05       HFe        p[HF] p[HF]<.05
3        S 0.8374741 5.812473e-02           1.0335515 4.714286e-02         *
4    grp:S 0.8374741 2.190992e-01           1.0335515 2.128348e-01          
5       ID 0.5807825 1.765318e-06         * 0.6181301 8.842170e-07         *
6   grp:ID 0.5807825 6.354899e-01           0.6181301 6.488112e-01          
7     S:ID 0.3546471 3.423451e-01           0.4090040 3.485508e-01          
8 grp:S:ID 0.3546471 4.069252e-01           0.4090040 4.188734e-01          

