[1] "Summary by group"
  grp vfCircularity.m vfCircularity.s
1   C       0.2221508      0.07836613
2   U       0.2301471      0.08053050
[1] "Summary by session\n"
  S vfCircularity.m vfCircularity.s
1 1       0.2365432      0.07593876
2 2       0.2279028      0.08402796
3 3       0.2140009      0.07726613
[1] "Summary by ID\n"
  ID vfCircularity.m vfCircularity.s
1  D       0.1554437      0.03118413
2  M       0.2051780      0.03595089
3  E       0.3178252      0.05286808
[1] "Summary by group + Session\n"
  grp S vfCircularity.m vfCircularity.s
1   C 1       0.2408544      0.08143974
2   C 2       0.2225023      0.08580527
3   C 3       0.2030958      0.06307673
4   U 1       0.2322320      0.07066827
5   U 2       0.2333033      0.08282309
6   U 3       0.2249060      0.08862206
[1] "Summary by Session + ID\n"
  S ID vfCircularity.m vfCircularity.s
1 1  D       0.1679147      0.03229495
2 1  M       0.2180477      0.03008352
3 1  E       0.3236673      0.05168445
4 2  D       0.1479631      0.02676353
5 2  M       0.2090150      0.03702400
6 2  E       0.3267303      0.04998542
7 3  D       0.1504534      0.03131493
8 3  M       0.1884713      0.03486308
9 3  E       0.3030780      0.05536891
[1] "Summary by group + ID\n"
  grp ID vfCircularity.m vfCircularity.s
1   C  D       0.1565392      0.03628524
2   C  M       0.1992502      0.03557401
3   C  E       0.3106631      0.05629573
4   U  D       0.1543482      0.02545441
5   U  M       0.2111058      0.03573407
6   U  E       0.3249873      0.04877971
[1] "Summary by group + Session + ID\n"
   grp S ID vfCircularity.m vfCircularity.s
1    C 1  D       0.1743880      0.04021603
2    C 1  M       0.2203707      0.03532386
3    C 1  E       0.3278047      0.06853038
4    C 2  D       0.1444589      0.02816046
5    C 2  M       0.1988520      0.03214453
6    C 2  E       0.3241960      0.05574698
7    C 3  D       0.1507707      0.03455805
8    C 3  M       0.1785280      0.02753331
9    C 3  E       0.2799887      0.02524006
10   U 1  D       0.1614413      0.02129088
11   U 1  M       0.2157247      0.02480609
12   U 1  E       0.3195300      0.02828919
13   U 2  D       0.1514673      0.02577619
14   U 2  M       0.2191780      0.03981038
15   U 2  E       0.3292647      0.04532176
16   U 3  D       0.1501360      0.02892784
17   U 3  M       0.1984147      0.03934130
18   U 3  E       0.3261673      0.06760886
