[1] "q1Rrel ~S*IDR*IDL*grp + Error(pp/(S*IDR*IDL))"
$ANOVA
          Effect DFn DFd           F          p p<.05          ges
2            grp   1   8 5.896030320 0.04131976     * 1.038943e-01
3              S   2  16 0.817729937 0.45905587       2.462532e-02
5            IDR   2  16 0.214947149 0.80887555       6.318071e-03
7            IDL   1   8 0.009466176 0.92488609       4.336032e-05
4          grp:S   2  16 0.068107840 0.93442907       2.098385e-03
6        grp:IDR   2  16 0.016662129 0.98349296       4.926312e-04
8        grp:IDL   1   8 0.557352380 0.47669322       2.546591e-03
9          S:IDR   4  32 0.086949148 0.98587669       2.262373e-03
11         S:IDL   2  16 0.208586738 0.81390321       6.648564e-04
13       IDR:IDL   2  16 0.521730269 0.60325041       1.577703e-03
10     grp:S:IDR   4  32 2.425012713 0.06828500       5.947917e-02
12     grp:S:IDL   2  16 1.844485182 0.19018481       5.848677e-03
14   grp:IDR:IDL   2  16 0.609487008 0.55577844       1.842589e-03
15     S:IDR:IDL   4  32 1.290854256 0.29431417       1.022554e-02
16 grp:S:IDR:IDL   4  32 0.925094907 0.46159088       7.349460e-03

$`Mauchly's Test for Sphericity`
          Effect         W          p p<.05
3              S 0.4123020 0.04500429     *
4          grp:S 0.4123020 0.04500429     *
5            IDR 0.3459328 0.02434844     *
6        grp:IDR 0.3459328 0.02434844     *
9          S:IDR 0.3420107 0.66289355      
10     grp:S:IDR 0.3420107 0.66289355      
11         S:IDL 0.7916306 0.44139661      
12     grp:S:IDL 0.7916306 0.44139661      
13       IDR:IDL 0.3884506 0.03653214     *
14   grp:IDR:IDL 0.3884506 0.03653214     *
15     S:IDR:IDL 0.3244270 0.62857709      
16 grp:S:IDR:IDL 0.3244270 0.62857709      

$`Sphericity Corrections`
          Effect       GGe      p[GG] p[GG]<.05       HFe     p[HF] p[HF]<.05
3              S 0.6298427 0.41490825           0.6926359 0.4241148          
4          grp:S 0.6298427 0.85284811           0.6926359 0.8723456          
5            IDR 0.6045704 0.69876788           0.6539869 0.7165996          
6        grp:IDR 0.6045704 0.93255730           0.6539869 0.9437091          
9          S:IDR 0.6937467 0.95913649           1.0992739 0.9858767          
10     grp:S:IDR 0.6937467 0.09635915           1.0992739 0.0682850          
11         S:IDL 0.8275615 0.77394922           1.0162614 0.8139032          
12     grp:S:IDL 0.8275615 0.19858163           1.0162614 0.1901848          
13       IDR:IDL 0.6205208 0.52510515           0.6783127 0.5394852          
14   grp:IDR:IDL 0.6205208 0.48764403           0.6783127 0.5002110          
15     S:IDR:IDL 0.6432087 0.30187392           0.9745195 0.2950044          
16 grp:S:IDR:IDL 0.6432087 0.43376689           0.9745195 0.4600239          

