Post-hoc Tukey comparisons[1] "grp Tukey test"

	Pairwise comparisons using paired t tests 

data:  mdata$q1Rrel and mdata$grp 

  C      
U 3.2e-09

P value adjustment method: bonferroni 
[1] "S Tukey test"

	Pairwise comparisons using paired t tests 

data:  mdata$q1Rrel and mdata$S 

  1     2    
2 0.018 -    
3 0.048 1.000

P value adjustment method: bonferroni 
[1] "IDR Tukey test"

	Pairwise comparisons using paired t tests 

data:  mdata$q1Rrel and mdata$IDR 

  D    M   
M 0.36 -   
E 1.00 1.00

P value adjustment method: bonferroni 
[1] "IDL Tukey test"
