[1] "Summary by group"
  grp  q1Rrel.m   q1Rrel.s
1   C 0.9929067 0.06705827
2   U 1.0289888 0.06354893
[1] "Summary by session\n"
  S  q1Rrel.m   q1Rrel.s
1 1 0.9990924 0.07011466
2 2 1.0178253 0.06693473
3 3 1.0159255 0.06479591
[1] "Summary by IDR+IDR\n"
  IDL IDR q1Rrel.m   q1Rrel.s
1   D   D 1.019504 0.08005988
2   D   M 1.004333 0.05366439
3   D   E 1.010053 0.06121567
4   E   D 1.013895 0.08043703
5   E   M 1.009010 0.06488171
6   E   E 1.008892 0.06260937
[1] "Summary by group + Session\n"
  grp S  q1Rrel.m   q1Rrel.s
1   C 1 0.9835589 0.07124846
2   C 2 0.9964961 0.06692017
3   C 3 0.9986653 0.06246524
4   U 1 1.0146260 0.06574967
5   U 2 1.0391546 0.06010364
6   U 3 1.0331858 0.06276750
[1] "Summary by Session + IDR + IDL \n"
   S IDL IDR  q1Rrel.m   q1Rrel.s
1  1   D   D 0.9991360 0.07559924
2  1   D   M 0.9965562 0.05710774
3  1   D   E 1.0061966 0.05290534
4  1   E   D 1.0078989 0.08645324
5  1   E   M 1.0006750 0.07705494
6  1   E   E 0.9840918 0.06915478
7  2   D   D 1.0303940 0.08447665
8  2   D   M 1.0071933 0.06054670
9  2   D   E 1.0191130 0.05650609
10 2   E   D 1.0192567 0.07637750
11 2   E   M 1.0107457 0.06319151
12 2   E   E 1.0202492 0.05907663
13 3   D   D 1.0289831 0.07857766
14 3   D   M 1.0092485 0.04260273
15 3   D   E 1.0048490 0.07335043
16 3   E   D 1.0145290 0.08050794
17 3   E   M 1.0156098 0.05355888
18 3   E   E 1.0223336 0.05292552
[1] "Summary by group + IDR + IDL\n"
   grp IDL IDR  q1Rrel.m   q1Rrel.s
1    C   D   D 1.0022627 0.07215464
2    C   D   M 0.9905630 0.05271402
3    C   D   E 0.9949727 0.06407621
4    C   E   D 0.9955948 0.08709525
5    C   E   M 0.9835846 0.05868485
6    C   E   E 0.9904625 0.06457299
7    U   D   D 1.0367461 0.08456054
8    U   D   M 1.0181023 0.05156154
9    U   D   E 1.0251330 0.05485402
10   U   E   D 1.0321950 0.06940236
11   U   E   M 1.0344357 0.06122688
12   U   E   E 1.0273205 0.05535879
[1] "Summary by group + Session + IDR + IDL\n"
   grp S IDL IDR  q1Rrel.m   q1Rrel.s
1    C 1   D   D 1.0107804 0.07287870
2    C 1   D   M 0.9723986 0.04128152
3    C 1   D   E 0.9888483 0.04906764
4    C 1   E   D 1.0084131 0.11091054
5    C 1   E   M 0.9490688 0.04763401
6    C 1   E   E 0.9718440 0.07236714
7    C 2   D   D 1.0100189 0.07370303
8    C 2   D   M 1.0009727 0.06793415
9    C 2   D   E 0.9982865 0.06863815
10   C 2   E   D 0.9949490 0.07225741
11   C 2   E   M 0.9836910 0.06685529
12   C 2   E   E 0.9910582 0.05991114
13   C 3   D   D 0.9859889 0.07206419
14   C 3   D   M 0.9983177 0.04335909
15   C 3   D   E 0.9977833 0.07566090
16   C 3   E   D 0.9834223 0.07734907
17   C 3   E   M 1.0179939 0.03924379
18   C 3   E   E 1.0084855 0.05965328
19   U 1   D   D 0.9874917 0.07897383
20   U 1   D   M 1.0207138 0.06165082
21   U 1   D   E 1.0235448 0.05239583
22   U 1   E   D 1.0073847 0.05639577
23   U 1   E   M 1.0522811 0.06575094
24   U 1   E   E 0.9963395 0.06593874
25   U 2   D   D 1.0507692 0.09198156
26   U 2   D   M 1.0134139 0.05381159
27   U 2   D   E 1.0399395 0.03119773
28   U 2   E   D 1.0435644 0.07480946
29   U 2   E   M 1.0378003 0.04725949
30   U 2   E   E 1.0494402 0.04259201
31   U 3   D   D 1.0719774 0.06029588
32   U 3   D   M 1.0201793 0.04029372
33   U 3   D   E 1.0119148 0.07289256
34   U 3   E   D 1.0456358 0.07327790
35   U 3   E   M 1.0132257 0.06625519
36   U 3   E   E 1.0361817 0.04281182
