Post-hoc Tukey comparisons[1] "grp Tukey test"

	Pairwise comparisons using paired t tests 

data:  mdata$vfTrajCircularityR and mdata$grp 

  C   
U 0.76

P value adjustment method: bonferroni 
[1] "S Tukey test"

	Pairwise comparisons using paired t tests 

data:  mdata$vfTrajCircularityR and mdata$S 

  1       2
2 9.2e-14 -
3 1.7e-14 1

P value adjustment method: bonferroni 
[1] "IDR Tukey test"

	Pairwise comparisons using paired t tests 

data:  mdata$vfTrajCircularityR and mdata$IDR 

  D       M      
M 0.11    -      
E 8.9e-10 2.1e-09

P value adjustment method: bonferroni 
[1] "IDL Tukey test"
