[1] "Summary by group"
  grp vfTrajCircularityR.m vfTrajCircularityR.s
1   C            0.7937414           0.06374343
2   U            0.7923976           0.05967488
[1] "Summary by session\n"
  S vfTrajCircularityR.m vfTrajCircularityR.s
1 1            0.7665197           0.05531494
2 2            0.8049539           0.05863288
3 3            0.8077348           0.06240547
[1] "Summary by IDR+IDR\n"
  IDL IDR vfTrajCircularityR.m vfTrajCircularityR.s
1   D   D            0.8449610           0.05134896
2   D   M            0.8227540           0.05460252
3   D   E            0.7855183           0.04615058
4   E   D            0.7695056           0.05986294
5   E   M            0.7725586           0.06066088
6   E   E            0.7631193           0.04969859
[1] "Summary by group + Session\n"
  grp S vfTrajCircularityR.m vfTrajCircularityR.s
1   C 1            0.7600794           0.05768591
2   C 2            0.8059520           0.05724899
3   C 3            0.8151927           0.06256125
4   U 1            0.7729599           0.05236711
5   U 2            0.8039558           0.06028926
6   U 3            0.8002770           0.06169477
[1] "Summary by Session + IDR + IDL \n"
   S IDL IDR vfTrajCircularityR.m vfTrajCircularityR.s
1  1   D   D            0.8167133           0.05545974
2  1   D   M            0.7866650           0.05701453
3  1   D   E            0.7700833           0.04616606
4  1   E   D            0.7455037           0.04320033
5  1   E   M            0.7547280           0.04759104
6  1   E   E            0.7254247           0.03016711
7  2   D   D            0.8584137           0.05270289
8  2   D   M            0.8398677           0.04561443
9  2   D   E            0.7908063           0.03829401
10 2   E   D            0.7822993           0.06031703
11 2   E   M            0.7771377           0.06015976
12 2   E   E            0.7811987           0.03602635
13 3   D   D            0.8597560           0.03161504
14 3   D   M            0.8417293           0.04237697
15 3   D   E            0.7956653           0.05056566
16 3   E   D            0.7807137           0.06781012
17 3   E   M            0.7858100           0.06983307
18 3   E   E            0.7827347           0.05626894
[1] "Summary by group + IDR + IDL\n"
   grp IDL IDR vfTrajCircularityR.m vfTrajCircularityR.s
1    C   D   D            0.8451787           0.04331897
2    C   D   M            0.8378380           0.05340652
3    C   D   E            0.7888338           0.04836304
4    C   E   D            0.7614453           0.06243962
5    C   E   M            0.7630113           0.06292680
6    C   E   E            0.7661411           0.04882548
7    U   D   D            0.8447433           0.05879393
8    U   D   M            0.8076700           0.05208626
9    U   D   E            0.7822029           0.04412132
10   U   E   D            0.7775658           0.05671856
11   U   E   M            0.7821058           0.05741855
12   U   E   E            0.7600976           0.05092574
[1] "Summary by group + Session + IDR + IDL\n"
   grp S IDL IDR vfTrajCircularityR.m vfTrajCircularityR.s
1    C 1   D   D            0.8164467           0.04904059
2    C 1   D   M            0.7891060           0.06314235
3    C 1   D   E            0.7597153           0.05369354
4    C 1   E   D            0.7375713           0.03796135
5    C 1   E   M            0.7349073           0.05189746
6    C 1   E   E            0.7227300           0.02686445
7    C 2   D   D            0.8637273           0.02806292
8    C 2   D   M            0.8557133           0.02421105
9    C 2   D   E            0.7893300           0.02900973
10   C 2   E   D            0.7777280           0.07170530
11   C 2   E   M            0.7682707           0.05263326
12   C 2   E   E            0.7809427           0.03372802
13   C 3   D   D            0.8553620           0.03661882
14   C 3   D   M            0.8686947           0.02200387
15   C 3   D   E            0.8174560           0.04289606
16   C 3   E   D            0.7690367           0.06865768
17   C 3   E   M            0.7858560           0.07447401
18   C 3   E   E            0.7947507           0.05002224
19   U 1   D   D            0.8169800           0.06297724
20   U 1   D   M            0.7842240           0.05228553
21   U 1   D   E            0.7804513           0.03607635
22   U 1   E   D            0.7534360           0.04785337
23   U 1   E   M            0.7745487           0.03400598
24   U 1   E   E            0.7281193           0.03387999
25   U 2   D   D            0.8531000           0.07003968
26   U 2   D   M            0.8240220           0.05644251
27   U 2   D   E            0.7922827           0.04681210
28   U 2   E   D            0.7868707           0.04847397
29   U 2   E   M            0.7860047           0.06751420
30   U 2   E   E            0.7814547           0.03937998
31   U 3   D   D            0.8641500           0.02623175
32   U 3   D   M            0.8147640           0.04095831
33   U 3   D   E            0.7738747           0.04938457
34   U 3   E   D            0.7923907           0.06722208
35   U 3   E   M            0.7857640           0.06749272
36   U 3   E   E            0.7707187           0.06121212
