[1] "q3Lrel ~S*IDR*IDL*grp + Error(pp/(S*IDR*IDL))"
$ANOVA
          Effect DFn DFd         F          p p<.05         ges
2            grp   1   8 1.1196396 0.32089715       0.071052577
3              S   2  16 0.3085011 0.73881964       0.004688919
5            IDR   2  16 3.1492238 0.07026885       0.009040663
7            IDL   1   8 1.4630303 0.26097635       0.012645333
4          grp:S   2  16 0.6693929 0.52578770       0.010118621
6        grp:IDR   2  16 5.0444660 0.02001287     * 0.014403083
8        grp:IDL   1   8 0.1545496 0.70449354       0.001351091
9          S:IDR   4  32 0.8845579 0.48424582       0.005532777
11         S:IDL   2  16 0.9906334 0.39300456       0.012756108
13       IDR:IDL   2  16 0.4915405 0.62062319       0.001380113
10     grp:S:IDR   4  32 0.6643211 0.62138779       0.004160961
12     grp:S:IDL   2  16 0.1305562 0.87853257       0.001699962
14   grp:IDR:IDL   2  16 2.4596540 0.11710659       0.006868092
15     S:IDR:IDL   4  32 0.1562100 0.95876837       0.001188904
16 grp:S:IDR:IDL   4  32 0.4997498 0.73605008       0.003793645

$`Mauchly's Test for Sphericity`
          Effect         W         p p<.05
3              S 0.7221504 0.3200346      
4          grp:S 0.7221504 0.3200346      
5            IDR 0.8920059 0.6703274      
6        grp:IDR 0.8920059 0.6703274      
9          S:IDR 0.2064737 0.3588694      
10     grp:S:IDR 0.2064737 0.3588694      
11         S:IDL 0.9393890 0.8034505      
12     grp:S:IDL 0.9393890 0.8034505      
13       IDR:IDL 0.9246431 0.7601678      
14   grp:IDR:IDL 0.9246431 0.7601678      
15     S:IDR:IDL 0.3330726 0.6456820      
16 grp:S:IDR:IDL 0.3330726 0.6456820      

$`Sphericity Corrections`
          Effect       GGe      p[GG] p[GG]<.05       HFe      p[HF] p[HF]<.05
3              S 0.7825647 0.68785350           0.9391149 0.72587225          
4          grp:S 0.7825647 0.49410409           0.9391149 0.51763775          
5            IDR 0.9025318 0.07724957           1.1497756 0.07026885          
6        grp:IDR 0.9025318 0.02430972         * 1.1497756 0.02001287         *
9          S:IDR 0.6589084 0.45341121           1.0122678 0.48424582          
10     grp:S:IDR 0.6589084 0.56475555           1.0122678 0.62138779          
11         S:IDL 0.9428528 0.38966459           1.2242908 0.39300456          
12     grp:S:IDL 0.9428528 0.86754819           1.2242908 0.87853257          
13       IDR:IDL 0.9299238 0.60804797           1.2001843 0.62062319          
14   grp:IDR:IDL 0.9299238 0.12204590           1.2001843 0.11710659          
15     S:IDR:IDL 0.6337290 0.89905488           0.9521466 0.95382430          
16 grp:S:IDR:IDL 0.6337290 0.65672420           0.9521466 0.72753157          

