Post-hoc Tukey comparisons[1] "grp Tukey test"

	Pairwise comparisons using paired t tests 

data:  mdata$q3Lrel and mdata$grp 

  C      
U 1.1e-07

P value adjustment method: bonferroni 
[1] "S Tukey test"

	Pairwise comparisons using paired t tests 

data:  mdata$q3Lrel and mdata$S 

  1    2   
2 0.69 -   
3 1.00 0.26

P value adjustment method: bonferroni 
[1] "IDR Tukey test"

	Pairwise comparisons using paired t tests 

data:  mdata$q3Lrel and mdata$IDR 

  D     M    
M 1.000 -    
E 0.021 0.038

P value adjustment method: bonferroni 
[1] "IDL Tukey test"
