[1] "Summary by group"
  grp  q3Lrel.m   q3Lrel.s
1   C 1.0169558 0.08663077
2   U 0.9767188 0.08254991
[1] "Summary by session\n"
  S  q3Lrel.m   q3Lrel.s
1 1 0.9950610 0.08574616
2 2 1.0036439 0.09835792
3 3 0.9918071 0.07508808
[1] "Summary by IDR+IDR\n"
  IDL IDR  q3Lrel.m   q3Lrel.s
1   D   D 0.9935210 0.08928518
2   D   M 0.9960707 0.07724150
3   D   E 0.9762229 0.09341650
4   E   D 1.0121353 0.08797146
5   E   M 1.0051037 0.09041557
6   E   E 0.9979704 0.08005334
[1] "Summary by group + Session\n"
  grp S  q3Lrel.m   q3Lrel.s
1   C 1 1.0231554 0.08311803
2   C 2 1.0255560 0.10325285
3   C 3 1.0021560 0.06912602
4   U 1 0.9669665 0.07926209
5   U 2 0.9817318 0.08845926
6   U 3 0.9814582 0.07965411
[1] "Summary by Session + IDR + IDL \n"
   S IDL IDR  q3Lrel.m   q3Lrel.s
1  1   D   D 1.0068797 0.09081632
2  1   D   M 1.0028061 0.10261334
3  1   D   E 0.9701920 0.09953607
4  1   E   D 1.0067985 0.06745857
5  1   E   M 1.0028766 0.07590714
6  1   E   E 0.9808130 0.07157471
7  2   D   D 0.9883690 0.10547984
8  2   D   M 0.9904023 0.07058571
9  2   D   E 0.9724488 0.10588571
10 2   E   D 1.0266286 0.11732019
11 2   E   M 1.0262348 0.08612098
12 2   E   E 1.0177801 0.09220659
13 3   D   D 0.9853144 0.06935398
14 3   D   M 0.9950038 0.05212509
15 3   D   E 0.9860278 0.07423436
16 3   E   D 1.0029788 0.07143161
17 3   E   M 0.9861996 0.10522956
18 3   E   E 0.9953180 0.07297139
[1] "Summary by group + IDR + IDL\n"
   grp IDL IDR  q3Lrel.m   q3Lrel.s
1    C   D   D 0.9957498 0.07835665
2    C   D   M 1.0256197 0.07499781
3    C   D   E 1.0128277 0.08705282
4    C   E   D 1.0255643 0.10101531
5    C   E   M 1.0247816 0.08882691
6    C   E   E 1.0171918 0.08804905
7    U   D   D 0.9912922 0.09987462
8    U   D   M 0.9665218 0.06824556
9    U   D   E 0.9396181 0.08563116
10   U   E   D 0.9987063 0.07128026
11   U   E   M 0.9854257 0.08861987
12   U   E   E 0.9787489 0.06674103
[1] "Summary by group + Session + IDR + IDL\n"
   grp S IDL IDR  q3Lrel.m   q3Lrel.s
1    C 1   D   D 1.0091544 0.07905944
2    C 1   D   M 1.0549222 0.10051331
3    C 1   D   E 1.0200840 0.10606228
4    C 1   E   D 1.0286464 0.07059855
5    C 1   E   M 1.0251472 0.08137852
6    C 1   E   E 1.0009784 0.05333849
7    C 2   D   D 0.9991999 0.07851137
8    C 2   D   M 1.0098177 0.06270955
9    C 2   D   E 1.0062184 0.09544392
10   C 2   E   D 1.0517021 0.14001571
11   C 2   E   M 1.0441042 0.11448800
12   C 2   E   E 1.0422941 0.11421450
13   C 3   D   D 0.9788952 0.07982689
14   C 3   D   M 1.0121191 0.04753241
15   C 3   D   E 1.0121807 0.05792034
16   C 3   E   D 0.9963444 0.07631842
17   C 3   E   M 1.0050934 0.06521029
18   C 3   E   E 1.0083030 0.08622089
19   U 1   D   D 1.0046050 0.10403288
20   U 1   D   M 0.9506900 0.07673322
21   U 1   D   E 0.9203000 0.06276382
22   U 1   E   D 0.9849505 0.05847522
23   U 1   E   M 0.9806059 0.06519258
24   U 1   E   E 0.9606475 0.08303871
25   U 2   D   D 0.9775381 0.12896239
26   U 2   D   M 0.9709870 0.07470153
27   U 2   D   E 0.9386792 0.10803327
28   U 2   E   D 1.0015552 0.08694614
29   U 2   E   M 1.0083655 0.03964429
30   U 2   E   E 0.9932661 0.05726019
31   U 3   D   D 0.9917336 0.05918520
32   U 3   D   M 0.9778884 0.05235526
33   U 3   D   E 0.9598750 0.08120768
34   U 3   E   D 1.0096133 0.06819524
35   U 3   E   M 0.9673058 0.13386612
36   U 3   E   E 0.9823331 0.05687394
