[1] "Full vs no Session"
Data: mdata
Models:
noS.mod: get(vname) ~ (1 | pp) + (1 | pp/DID) + DID + grp
full.mod: get(vname) ~ (1 | pp) + (1 | pp/DID) + (1 | pp/S) + (1 | pp/S:DID) + 
full.mod:     S + DID + grp
         Df     AIC     BIC logLik  Chisq Chi Df Pr(>Chisq)    
noS.mod   8 -867.17 -838.39 441.59                             
full.mod 14 -927.36 -876.99 477.68 72.189      6  1.453e-13 ***
---
Signif. codes:  0 ‘***’ 0.001 ‘**’ 0.01 ‘*’ 0.05 ‘.’ 0.1 ‘ ’ 1 
[1] "Full vs no Group"
Data: mdata
Models:
nogrp.mod: get(vname) ~ (1 | pp) + (1 | pp/DID) + (1 | pp/S) + (1 | pp/S:DID) + 
nogrp.mod:     S + DID
full.mod: get(vname) ~ (1 | pp) + (1 | pp/DID) + (1 | pp/S) + (1 | pp/S:DID) + 
full.mod:     S + DID + grp
          Df     AIC     BIC logLik  Chisq Chi Df Pr(>Chisq)
nogrp.mod 13 -928.23 -881.45 477.12                         
full.mod  14 -927.36 -876.99 477.68 1.1318      1     0.2874
[1] "Full vs no Session and no Group"
Data: mdata
Models:
noSgrp.mod: get(vname) ~ (1 | pp) + (1 | pp/DID) + DID
full.mod: get(vname) ~ (1 | pp) + (1 | pp/DID) + (1 | pp/S) + (1 | pp/S:DID) + 
full.mod:     S + DID + grp
           Df     AIC     BIC logLik  Chisq Chi Df Pr(>Chisq)    
noSgrp.mod  7 -868.05 -842.86 441.03                             
full.mod   14 -927.36 -876.99 477.68 73.312      7  3.155e-13 ***
---
Signif. codes:  0 ‘***’ 0.001 ‘**’ 0.01 ‘*’ 0.05 ‘.’ 0.1 ‘ ’ 1 
[1] "No Group vs no Session and no Group"
Data: mdata
Models:
noSgrp.mod: get(vname) ~ (1 | pp) + (1 | pp/DID) + DID
nogrp.mod: get(vname) ~ (1 | pp) + (1 | pp/DID) + (1 | pp/S) + (1 | pp/S:DID) + 
nogrp.mod:     S + DID
           Df     AIC     BIC logLik  Chisq Chi Df Pr(>Chisq)    
noSgrp.mod  7 -868.05 -842.86 441.03                             
nogrp.mod  13 -928.23 -881.45 477.12 72.181      6  1.459e-13 ***
---
Signif. codes:  0 ‘***’ 0.001 ‘**’ 0.01 ‘*’ 0.05 ‘.’ 0.1 ‘ ’ 1 
[1] "No Session vs no Session and no Group"
Data: mdata
Models:
noSgrp.mod: get(vname) ~ (1 | pp) + (1 | pp/DID) + DID
noS.mod: get(vname) ~ (1 | pp) + (1 | pp/DID) + DID + grp
           Df     AIC     BIC logLik  Chisq Chi Df Pr(>Chisq)
noSgrp.mod  7 -868.05 -842.86 441.03                         
noS.mod     8 -867.17 -838.39 441.59 1.1237      1     0.2891
