[1] "Summary by group"
  grp vfTrajCircularityL.m vfTrajCircularityL.s
1   C            0.7700058           0.05981790
2   U            0.7465237           0.05052134
[1] "Summary by session\n"
  S vfTrajCircularityL.m vfTrajCircularityL.s
1 1            0.7392218           0.04730325
2 2            0.7658229           0.05307333
3 3            0.7697496           0.06353180
[1] "Summary by DID\n"
  DID vfTrajCircularityL.m vfTrajCircularityL.s
1   1            0.7473496           0.05344544
2   2            0.7571820           0.06144762
3   3            0.7702627           0.05243154
[1] "Summary by group + Session\n"
  grp S vfTrajCircularityL.m vfTrajCircularityL.s
1   C 1            0.7495869           0.04769088
2   C 2            0.7687102           0.06305110
3   C 3            0.7917202           0.06113077
4   U 1            0.7288567           0.04507632
5   U 2            0.7629356           0.04129262
6   U 3            0.7477789           0.05865135
[1] "Summary by Session + DID\n"
  S DID vfTrajCircularityL.m vfTrajCircularityL.s
1 1   1            0.7150997           0.03902145
2 1   2            0.7436550           0.04874045
3 1   3            0.7589107           0.04410795
4 2   1            0.7573193           0.04893730
5 2   2            0.7721513           0.05300096
6 2   3            0.7679980           0.05761515
7 3   1            0.7696297           0.05618222
8 3   2            0.7557397           0.07732949
9 3   3            0.7838793           0.05330429
[1] "Summary by group + DID\n"
  grp DID vfTrajCircularityL.m vfTrajCircularityL.s
1   C   1            0.7544793           0.05875508
2   C   2            0.7715847           0.05869231
3   C   3            0.7839533           0.05960022
4   U   1            0.7402198           0.04713396
5   U   2            0.7427793           0.06138684
6   U   3            0.7565720           0.04031174
[1] "Summary by group + Session + DID\n"
   grp S DID vfTrajCircularityL.m vfTrajCircularityL.s
1    C 1   1            0.7254607           0.04141916
2    C 1   2            0.7526300           0.04928525
3    C 1   3            0.7706700           0.04351749
4    C 2   1            0.7529667           0.06005631
5    C 2   2            0.7707313           0.06071905
6    C 2   3            0.7824327           0.06876761
7    C 3   1            0.7850107           0.06019892
8    C 3   2            0.7913927           0.06248626
9    C 3   3            0.7987573           0.06414762
10   U 1   1            0.7047387           0.03476387
11   U 1   2            0.7346800           0.04815917
12   U 1   3            0.7471513           0.04289403
13   U 2   1            0.7616720           0.03624116
14   U 2   2            0.7735713           0.04612732
15   U 2   3            0.7535633           0.04123893
16   U 3   1            0.7542487           0.04906615
17   U 3   2            0.7200867           0.07588437
18   U 3   3            0.7690013           0.03600555
