[1] "accTime ~(S*ID*grp)+Error(pp/(S*ID))+grp"
$ANOVA
    Effect DFn DFd            F            p p<.05          ges
2      grp   1   8 7.398672e-04 9.789661e-01       5.455561e-05
3        S   2  16 9.936220e+00 1.566291e-03     * 1.808957e-01
5       ID   1   8 1.604746e+02 1.417427e-06     * 7.397584e-01
4    grp:S   2  16 4.055606e-01 6.732656e-01       8.933596e-03
6   grp:ID   1   8 7.407831e-02 7.923814e-01       1.310474e-03
7     S:ID   2  16 5.900796e-03 9.941187e-01       6.678672e-05
8 grp:S:ID   2  16 5.669378e-01 5.782491e-01       6.376259e-03

$`Mauchly's Test for Sphericity`
    Effect         W         p p<.05
3        S 0.6003669 0.1676713      
4    grp:S 0.6003669 0.1676713      
7     S:ID 0.7724152 0.4050212      
8 grp:S:ID 0.7724152 0.4050212      

$`Sphericity Corrections`
    Effect       GGe       p[GG] p[GG]<.05       HFe       p[HF] p[HF]<.05
3        S 0.7144730 0.005322044         * 0.8263905 0.003286626         *
4    grp:S 0.7144730 0.609035064           0.8263905 0.636770641          
7     S:ID 0.8146076 0.986365100           0.9938287 0.993953115          
8 grp:S:ID 0.8146076 0.546596591           0.9938287 0.577287140          

