[1] "IPerfEf ~(S*ID*grp)+Error(pp/(S*ID))+grp"
$ANOVA
    Effect DFn DFd            F            p p<.05          ges
2      grp   1   8  0.204802813 6.628918e-01       1.182535e-02
3        S   2  16 27.559449614 6.562656e-06     * 2.591095e-01
5       ID   1   8 40.627149427 2.150296e-04     * 6.486203e-01
4    grp:S   2  16  0.484366160 6.248340e-01       6.109018e-03
6   grp:ID   1   8  0.002154504 9.641160e-01       9.788188e-05
7     S:ID   2  16 17.289025622 1.002913e-04     * 1.273802e-01
8 grp:S:ID   2  16  0.641438056 5.395500e-01       5.386608e-03

$`Mauchly's Test for Sphericity`
    Effect         W         p p<.05
3        S 0.9727319 0.9077705      
4    grp:S 0.9727319 0.9077705      
7     S:ID 0.6966793 0.2822377      
8 grp:S:ID 0.6966793 0.2822377      

$`Sphericity Corrections`
    Effect       GGe        p[GG] p[GG]<.05       HFe        p[HF] p[HF]<.05
3        S 0.9734557 8.432335e-06         * 1.2821721 6.562656e-06         *
4    grp:S 0.9734557 6.201278e-01           1.2821721 6.248340e-01          
7     S:ID 0.7672708 4.945607e-04         * 0.9133827 1.812583e-04         *
8 grp:S:ID 0.7672708 5.035410e-01           0.9133827 5.271776e-01          

