[1] "q2 ~(S*ID*grp)+Error(pp/(S*ID))+grp"
$ANOVA
    Effect DFn DFd          F            p p<.05         ges
2      grp   1   8  3.5005405 9.825991e-02       0.083458318
3        S   2  16  3.9868221 3.936293e-02     * 0.130137135
5       ID   2  16 60.3627602 3.516926e-08     * 0.635933340
4    grp:S   2  16  0.1339409 8.756122e-01       0.005001029
6   grp:ID   2  16  0.2858952 7.550999e-01       0.008205221
7     S:ID   4  32  1.7745787 1.582962e-01       0.054568096
8 grp:S:ID   4  32  0.2188428 9.259725e-01       0.007067491

$`Mauchly's Test for Sphericity`
    Effect         W         p p<.05
3        S 0.5023735 0.0898656      
4    grp:S 0.5023735 0.0898656      
5       ID 0.9850586 0.9486745      
6   grp:ID 0.9850586 0.9486745      
7     S:ID 0.1829981 0.2989738      
8 grp:S:ID 0.1829981 0.2989738      

$`Sphericity Corrections`
    Effect       GGe        p[GG] p[GG]<.05       HFe        p[HF] p[HF]<.05
3        S 0.6677232 6.351909e-02           0.7516646 5.625396e-02          
4    grp:S 0.6677232 7.919701e-01           0.7516646 8.181872e-01          
5       ID 0.9852786 4.357489e-08         * 1.3048481 3.516926e-08         *
6   grp:ID 0.9852786 7.520276e-01           1.3048481 7.550999e-01          
7     S:ID 0.6082980 1.915185e-01           0.8936328 1.667526e-01          
8 grp:S:ID 0.6082980 8.446883e-01           0.8936328 9.101438e-01          

