[1] "Summary by group"
  grp      q2.m       q2.s
1   C 0.7997451 0.09362055
2   U 0.8277013 0.08232193
[1] "Summary by session\n"
  S      q2.m       q2.s
1 1 0.7910108 0.08824072
2 2 0.8153513 0.09463999
3 3 0.8348074 0.07921865
[1] "Summary by ID\n"
  ID      q2.m       q2.s
1  D 0.8759570 0.06155681
2  M 0.8347342 0.06301923
3  E 0.7304783 0.06972373
[1] "Summary by group + Session\n"
  grp S      q2.m       q2.s
1   C 1 0.7727809 0.09665637
2   C 2 0.8018809 0.10006306
3   C 3 0.8245736 0.07719476
4   U 1 0.8092407 0.07568089
5   U 2 0.8288218 0.08793890
6   U 3 0.8450413 0.08074998
[1] "Summary by Session + ID\n"
  S ID      q2.m       q2.s
1 1  D 0.8554713 0.07676492
2 1  M 0.7955503 0.06466156
3 1  E 0.7220107 0.06765611
4 2  D 0.8867057 0.05400638
5 2  M 0.8439993 0.05577907
6 2  E 0.7153490 0.07070057
7 3  D 0.8856940 0.04655940
8 3  M 0.8646530 0.04788125
9 3  E 0.7540753 0.06675750
[1] "Summary by group + ID\n"
  grp ID      q2.m       q2.s
1   C  D 0.8679011 0.07295215
2   C  M 0.8183640 0.06658010
3   C  E 0.7129702 0.06427693
4   U  D 0.8840129 0.04700893
5   U  M 0.8511044 0.05524533
6   U  E 0.7479864 0.07123735
[1] "Summary by group + Session + ID\n"
   grp S ID      q2.m       q2.s
1    C 1  D 0.8456280 0.09489347
2    C 1  M 0.7706867 0.06417883
3    C 1  E 0.7020280 0.07200217
4    C 2  D 0.8832480 0.06498383
5    C 2  M 0.8258913 0.05780221
6    C 2  E 0.6965033 0.06553960
7    C 3  D 0.8748273 0.05160808
8    C 3  M 0.8585140 0.04741957
9    C 3  E 0.7403793 0.04776301
10   U 1  D 0.8653147 0.05471953
11   U 1  M 0.8204140 0.05672076
12   U 1  E 0.7419933 0.05866584
13   U 2  D 0.8901633 0.04234616
14   U 2  M 0.8621073 0.04900112
15   U 2  E 0.7341947 0.07278521
16   U 3  D 0.8965607 0.03967322
17   U 3  M 0.8707920 0.04918956
18   U 3  E 0.7677713 0.08092090
