[1] "IPerfRrel ~S*IDR*IDL*grp + Error(pp/(S*IDR*IDL))"
$ANOVA
          Effect DFn DFd           F            p p<.05         ges
2            grp   1   8  0.02340848 8.821883e-01       0.001572362
3              S   2  16  0.84511166 4.478095e-01       0.005598980
5            IDR   2  16  0.58686779 5.675991e-01       0.016304804
7            IDL   1   8 51.35763414 9.553947e-05     * 0.225872537
4          grp:S   2  16  2.53926897 1.102138e-01       0.016636277
6        grp:IDR   2  16  0.50885934 6.105892e-01       0.014168221
8        grp:IDL   1   8  8.66930615 1.858504e-02     * 0.046940767
9          S:IDR   4  32  1.20474304 3.279375e-01       0.005994897
11         S:IDL   2  16  0.25795369 7.757832e-01       0.001376461
13       IDR:IDL   2  16  7.18968588 5.920107e-03     * 0.030661938
10     grp:S:IDR   4  32  0.45972877 7.646456e-01       0.002296159
12     grp:S:IDL   2  16  1.68276747 2.171320e-01       0.008911623
14   grp:IDR:IDL   2  16  2.28345451 1.341552e-01       0.009946390
15     S:IDR:IDL   4  32  5.42742562 1.882425e-03     * 0.012792238
16 grp:S:IDR:IDL   4  32  0.77601351 5.489877e-01       0.001849309

$`Mauchly's Test for Sphericity`
          Effect          W            p p<.05
3              S 0.50690065 0.0927320749      
4          grp:S 0.50690065 0.0927320749      
5            IDR 0.08569410 0.0001842164     *
6        grp:IDR 0.08569410 0.0001842164     *
9          S:IDR 0.09143152 0.0926190993      
10     grp:S:IDR 0.09143152 0.0926190993      
11         S:IDL 0.63401243 0.2029281079      
12     grp:S:IDL 0.63401243 0.2029281079      
13       IDR:IDL 0.75157168 0.3680411847      
14   grp:IDR:IDL 0.75157168 0.3680411847      
15     S:IDR:IDL 0.24499256 0.4528054835      
16 grp:S:IDR:IDL 0.24499256 0.4528054835      

$`Sphericity Corrections`
          Effect       GGe      p[GG] p[GG]<.05       HFe       p[HF] p[HF]<.05
3              S 0.6697478 0.41195954           0.7548573 0.422823582          
4          grp:S 0.6697478 0.13553540           0.7548573 0.128613121          
5            IDR 0.5223826 0.47193147           0.5321809 0.474610487          
6        grp:IDR 0.5223826 0.50296791           0.5321809 0.505970877          
9          S:IDR 0.5028998 0.32565673           0.6723161 0.328959173          
10     grp:S:IDR 0.5028998 0.64058494           0.6723161 0.693163577          
11         S:IDL 0.7320711 0.70916301           0.8550736 0.742748720          
12     grp:S:IDL 0.7320711 0.22642372           0.8550736 0.222456226          
13       IDR:IDL 0.8010071 0.01089737         * 0.9704717 0.006478042         *
14   grp:IDR:IDL 0.8010071 0.14785695           0.9704717 0.136125201          
15     S:IDR:IDL 0.6049772 0.01006139         * 0.8861495 0.003035217         *
16 grp:S:IDR:IDL 0.6049772 0.49656123           0.8861495 0.536267670          

