[1] "Summary by group"
  grp IPerfRrel.m IPerfRrel.s
1   C   0.7017206   0.3702405
2   U   0.6764320   0.4121783
[1] "Summary by session\n"
  S IPerfRrel.m IPerfRrel.s
1 1   0.6552698   0.3866593
2 2   0.7064835   0.3933604
3 3   0.7054756   0.3947543
[1] "Summary by IDR+IDR\n"
  IDL IDR IPerfRrel.m IPerfRrel.s
1   D   D   0.9210378   0.5419596
2   D   M   0.8035584   0.3172362
3   D   E   0.8589573   0.2025241
4   E   D   0.4236214   0.4516450
5   E   M   0.4951388   0.2419871
6   E   E   0.6321442   0.1464279
[1] "Summary by group + Session\n"
  grp S IPerfRrel.m IPerfRrel.s
1   C 1   0.6093810   0.2661929
2   C 2   0.7458167   0.4184553
3   C 3   0.7499641   0.3942190
4   U 1   0.7011586   0.4749454
5   U 2   0.6671504   0.3646499
6   U 3   0.6609872   0.3924301
[1] "Summary by Session + IDR + IDL \n"
   S IDL IDR IPerfRrel.m IPerfRrel.s
1  1   D   D   0.8329971   0.4914703
2  1   D   M   0.7696352   0.1831819
3  1   D   E   0.8394281   0.1230391
4  1   E   D   0.4545800   0.6209318
5  1   E   M   0.4763313   0.2550861
6  1   E   E   0.5586471   0.1273192
7  2   D   D   0.8932472   0.5122879
8  2   D   M   0.8969539   0.4137624
9  2   D   E   0.8917766   0.2171091
10 2   E   D   0.4034851   0.3647220
11 2   E   M   0.4931870   0.2657959
12 2   E   E   0.6602513   0.1313323
13 3   D   D   1.0368692   0.6121587
14 3   D   M   0.7440860   0.3003817
15 3   D   E   0.8456671   0.2488177
16 3   E   D   0.4127991   0.3254333
17 3   E   M   0.5158981   0.2077973
18 3   E   E   0.6775342   0.1542954
[1] "Summary by group + IDR + IDL\n"
   grp IDL IDR IPerfRrel.m IPerfRrel.s
1    C   D   D   0.9776285  0.50354781
2    C   D   M   0.9269027  0.30833539
3    C   D   E   0.9290902  0.16140289
4    C   E   D   0.2848433  0.10371372
5    C   E   M   0.4412882  0.09159931
6    C   E   E   0.6505706  0.10886183
7    U   D   D   0.8644472  0.57793155
8    U   D   M   0.6802141  0.27816351
9    U   D   E   0.7888244  0.21645446
10   U   E   D   0.5623995  0.60203957
11   U   E   M   0.5489894  0.32268307
12   U   E   E   0.6137177  0.17556806
[1] "Summary by group + Session + IDR + IDL\n"
   grp S IDL IDR IPerfRrel.m IPerfRrel.s
1    C 1   D   D   0.7858813  0.37902323
2    C 1   D   M   0.7728260  0.13267746
3    C 1   D   E   0.8310836  0.08772775
4    C 1   E   D   0.2913976  0.09659231
5    C 1   E   M   0.4201518  0.06371721
6    C 1   E   E   0.5549458  0.05976477
7    C 2   D   D   1.0320983  0.51704778
8    C 2   D   M   1.0685712  0.42719424
9    C 2   D   E   0.9581854  0.21100198
10   C 2   E   D   0.2831158  0.12066997
11   C 2   E   M   0.4514826  0.12804715
12   C 2   E   E   0.6814469  0.11603938
13   C 3   D   D   1.1149061  0.56845736
14   C 3   D   M   0.9393108  0.22713788
15   C 3   D   E   0.9980016  0.11562819
16   C 3   E   D   0.2800165  0.09920058
17   C 3   E   M   0.4522302  0.07208114
18   C 3   E   E   0.7153192  0.06998707
19   U 1   D   D   0.8801129  0.59323153
20   U 1   D   M   0.7664445  0.22777820
21   U 1   D   E   0.8477727  0.15334023
22   U 1   E   D   0.6177623  0.85572257
23   U 1   E   M   0.5325108  0.35208314
24   U 1   E   E   0.5623483  0.17313885
25   U 2   D   D   0.7543962  0.48473862
26   U 2   D   M   0.7253366  0.33018131
27   U 2   D   E   0.8253679  0.20896782
28   U 2   E   D   0.5238544  0.47951774
29   U 2   E   M   0.5348913  0.35527195
30   U 2   E   E   0.6390558  0.14594706
31   U 3   D   D   0.9588324  0.66336285
32   U 3   D   M   0.5488611  0.23160637
33   U 3   D   E   0.6933326  0.25523733
34   U 3   E   D   0.5455818  0.41443513
35   U 3   E   M   0.5795660  0.27488491
36   U 3   E   E   0.6397491  0.20336436
