[1] "vfCircularityL ~S*IDR*IDL*grp + Error(pp/(S*IDR*IDL))"
$ANOVA
          Effect DFn DFd          F            p p<.05        ges
2            grp   1   8   1.477959 2.587484e-01       0.03439935
3              S   2  16   8.069241 3.773610e-03     * 0.15166081
5            IDR   2  16  40.750702 5.258633e-07     * 0.21560420
7            IDL   1   8 166.574497 1.228612e-06     * 0.81042821
4          grp:S   2  16   1.323519 2.938198e-01       0.02848720
6        grp:IDR   2  16   5.825721 1.256659e-02     * 0.03780922
8        grp:IDL   1   8   7.629151 2.459518e-02     * 0.16373846
9          S:IDR   4  32   3.028684 3.169301e-02     * 0.04072424
11         S:IDL   2  16   1.079382 3.633036e-01       0.01366229
13       IDR:IDL   2  16  21.889976 2.633391e-05     * 0.17114533
10     grp:S:IDR   4  32   2.204752 9.070394e-02       0.02997760
12     grp:S:IDL   2  16   4.025520 3.836090e-02     * 0.04912130
14   grp:IDR:IDL   2  16   1.599635 2.326387e-01       0.01486477
15     S:IDR:IDL   4  32   1.706633 1.728324e-01       0.01686038
16 grp:S:IDR:IDL   4  32   1.349778 2.731651e-01       0.01338208

$`Mauchly's Test for Sphericity`
          Effect          W          p p<.05
3              S 0.92640062 0.76523693      
4          grp:S 0.92640062 0.76523693      
5            IDR 0.54234285 0.11747859      
6        grp:IDR 0.54234285 0.11747859      
9          S:IDR 0.15983994 0.24386206      
10     grp:S:IDR 0.15983994 0.24386206      
11         S:IDL 0.68325571 0.26365829      
12     grp:S:IDL 0.68325571 0.26365829      
13       IDR:IDL 0.87076531 0.61610384      
14   grp:IDR:IDL 0.87076531 0.61610384      
15     S:IDR:IDL 0.06880307 0.05378123      
16 grp:S:IDR:IDL 0.06880307 0.05378123      

$`Sphericity Corrections`
          Effect       GGe        p[GG] p[GG]<.05       HFe        p[HF]
3              S 0.9314461 4.782680e-03         * 1.2030122 3.773610e-03
4          grp:S 0.9314461 2.937106e-01           1.2030122 2.938198e-01
5            IDR 0.6860324 2.245729e-05         * 0.7806792 7.209489e-06
6        grp:IDR 0.6860324 2.679707e-02         * 0.7806792 2.129268e-02
9          S:IDR 0.5043972 7.604643e-02           0.6752419 5.596741e-02
10     grp:S:IDR 0.5043972 1.420938e-01           0.6752419 1.216247e-01
11         S:IDL 0.7594489 3.514444e-01           0.9003160 3.590473e-01
12     grp:S:IDL 0.7594489 5.448552e-02           0.9003160 4.434189e-02
13       IDR:IDL 0.8855555 6.666891e-05         * 1.1189796 2.633391e-05
14   grp:IDR:IDL 0.8855555 2.360333e-01           1.1189796 2.326387e-01
15     S:IDR:IDL 0.4938370 2.133909e-01           0.6547321 2.001571e-01
16 grp:S:IDR:IDL 0.4938370 2.873239e-01           0.6547321 2.845624e-01
   p[HF]<.05
3          *
4           
5          *
6          *
9           
10          
11          
12         *
13         *
14          
15          
16          

