Post-hoc Tukey comparisons[1] "grp Tukey test"

	Pairwise comparisons using paired t tests 

data:  mdata$vfCircularityL and mdata$grp 

  C     
U 0.0043

P value adjustment method: bonferroni 
[1] "S Tukey test"

	Pairwise comparisons using paired t tests 

data:  mdata$vfCircularityL and mdata$S 

  1       2   
2 2.3e-12 -   
3 3.1e-09 0.93

P value adjustment method: bonferroni 
[1] "IDR Tukey test"

	Pairwise comparisons using paired t tests 

data:  mdata$vfCircularityL and mdata$IDR 

  D       M     
M 1.4e-12 -     
E < 2e-16 0.0051

P value adjustment method: bonferroni 
[1] "IDL Tukey test"
