[1] "Summary by group"
  grp vfCircularityL.m vfCircularityL.s
1   C        0.2787636       0.08017484
2   U        0.2926301       0.10996886
[1] "Summary by session\n"
  S vfCircularityL.m vfCircularityL.s
1 1        0.3075019       0.09298073
2 2        0.2770843       0.08735569
3 3        0.2725042       0.10475843
[1] "Summary by IDR+IDR\n"
  IDL IDR vfCircularityL.m vfCircularityL.s
1   D   D        0.1693763       0.03186548
2   D   M        0.2060600       0.04982261
3   D   E        0.2538022       0.06306626
4   E   D        0.3506701       0.04923227
5   E   M        0.3752613       0.07211407
6   E   E        0.3590109       0.04723685
[1] "Summary by group + Session\n"
  grp S vfCircularityL.m vfCircularityL.s
1   C 1        0.3061910       0.08293570
2   C 2        0.2733099       0.07921194
3   C 3        0.2567898       0.07068618
4   U 1        0.3088128       0.10249958
5   U 2        0.2808588       0.09510221
6   U 3        0.2882187       0.12874778
[1] "Summary by Session + IDR + IDL \n"
   S IDL IDR vfCircularityL.m vfCircularityL.s
1  1   D   D        0.1827683       0.02808803
2  1   D   M        0.2365920       0.05135384
3  1   D   E        0.2836197       0.05874268
4  1   E   D        0.3592627       0.04812771
5  1   E   M        0.3882497       0.05397703
6  1   E   E        0.3945190       0.04494621
7  2   D   D        0.1653960       0.02826110
8  2   D   M        0.1934067       0.04085281
9  2   D   E        0.2545890       0.05734834
10 2   E   D        0.3515607       0.04151629
11 2   E   M        0.3566210       0.03892993
12 2   E   E        0.3409327       0.03058531
13 3   D   D        0.1599646       0.03514360
14 3   D   M        0.1881813       0.04302625
15 3   D   E        0.2231980       0.05981246
16 3   E   D        0.3411870       0.05681991
17 3   E   M        0.3809133       0.10470866
18 3   E   E        0.3415810       0.04399489
[1] "Summary by group + IDR + IDL\n"
   grp IDL IDR vfCircularityL.m vfCircularityL.s
1    C   D   D        0.1670929       0.03427720
2    C   D   M        0.2137549       0.04725005
3    C   D   E        0.2763536       0.03043617
4    C   E   D        0.3286273       0.04354013
5    C   E   M        0.3435649       0.05246059
6    C   E   E        0.3431878       0.04639548
7    U   D   D        0.1716598       0.02946698
8    U   D   M        0.1983651       0.05164610
9    U   D   E        0.2312509       0.07796472
10   U   E   D        0.3727129       0.04486784
11   U   E   M        0.4069578       0.07557751
12   U   E   E        0.3748340       0.04299639
[1] "Summary by group + Session + IDR + IDL\n"
   grp S IDL IDR vfCircularityL.m vfCircularityL.s
1    C 1   D   D        0.1855493       0.03545712
2    C 1   D   M        0.2536487       0.05609337
3    C 1   D   E        0.2941240       0.03585267
4    C 1   E   D        0.3458820       0.03769630
5    C 1   E   M        0.3747307       0.05038808
6    C 1   E   E        0.3832113       0.04788076
7    C 2   D   D        0.1592727       0.02679610
8    C 2   D   M        0.1930140       0.02854474
9    C 2   D   E        0.2777953       0.02100358
10   C 2   E   D        0.3351320       0.04273219
11   C 2   E   M        0.3443680       0.04212253
12   C 2   E   E        0.3302773       0.02165362
13   C 3   D   D        0.1564567       0.03414209
14   C 3   D   M        0.1946020       0.02227627
15   C 3   D   E        0.2571413       0.02118506
16   C 3   E   D        0.3048680       0.04173545
17   C 3   E   M        0.3115960       0.04690252
18   C 3   E   E        0.3160747       0.03634779
19   U 1   D   D        0.1799873       0.01898546
20   U 1   D   M        0.2195353       0.04114509
21   U 1   D   E        0.2731153       0.07500684
22   U 1   E   D        0.3726433       0.05471131
23   U 1   E   M        0.4017687       0.05571853
24   U 1   E   E        0.4058267       0.04022513
25   U 2   D   D        0.1715193       0.02925836
26   U 2   D   M        0.1937993       0.05140021
27   U 2   D   E        0.2313827       0.07223178
28   U 2   E   D        0.3679893       0.03414557
29   U 2   E   M        0.3688740       0.03230023
30   U 2   E   E        0.3515880       0.03500814
31   U 3   D   D        0.1634726       0.03696368
32   U 3   D   M        0.1817607       0.05701033
33   U 3   D   E        0.1892547       0.06702909
34   U 3   E   D        0.3775060       0.04603461
35   U 3   E   M        0.4502307       0.10106877
36   U 3   E   E        0.3670873       0.03597371
