[1] "vfTrajCircularityR ~S*IDR*IDL*grp + Error(pp/(S*IDR*IDL))"
$ANOVA
          Effect DFn DFd            F            p p<.05          ges
2            grp   1   8 6.066439e-03 9.398305e-01       2.867263e-04
3              S   2  16 1.014046e+01 1.430649e-03     * 1.834900e-01
5            IDR   2  16 4.038805e+01 5.582321e-07     * 1.082506e-01
7            IDL   1   8 2.251138e+01 1.455289e-03     * 2.789157e-01
4          grp:S   2  16 9.243873e-01 4.169583e-01       2.007430e-02
6        grp:IDR   2  16 2.235292e+00 1.392893e-01       6.673610e-03
8        grp:IDL   1   8 1.132230e+00 3.183601e-01       1.908322e-02
9          S:IDR   4  32 5.353531e-02 9.943762e-01       5.582507e-04
11         S:IDL   2  16 2.581447e-04 9.997419e-01       1.448960e-06
13       IDR:IDL   2  16 6.937058e+00 6.770168e-03     * 6.939592e-02
10     grp:S:IDR   4  32 1.970663e+00 1.227984e-01       2.014674e-02
12     grp:S:IDL   2  16 2.473143e-01 7.838257e-01       1.386247e-03
14   grp:IDR:IDL   2  16 1.516045e+00 2.494986e-01       1.603560e-02
15     S:IDR:IDL   4  32 2.681518e+00 4.917327e-02     * 2.248147e-02
16 grp:S:IDR:IDL   4  32 1.888746e-01 9.424695e-01       1.617296e-03

$`Mauchly's Test for Sphericity`
          Effect          W          p p<.05
3              S 0.59361888 0.16116732      
4          grp:S 0.59361888 0.16116732      
5            IDR 0.90097326 0.69421125      
6        grp:IDR 0.90097326 0.69421125      
9          S:IDR 0.06691783 0.05092257      
10     grp:S:IDR 0.06691783 0.05092257      
11         S:IDL 0.53908813 0.11502949      
12     grp:S:IDL 0.53908813 0.11502949      
13       IDR:IDL 0.66993035 0.24609556      
14   grp:IDR:IDL 0.66993035 0.24609556      
15     S:IDR:IDL 0.35239424 0.68227429      
16 grp:S:IDR:IDL 0.35239424 0.68227429      

$`Sphericity Corrections`
          Effect       GGe        p[GG] p[GG]<.05       HFe        p[HF]
3              S 0.7110448 5.054297e-03         * 0.8208387 3.120648e-03
4          grp:S 0.7110448 3.921422e-01           0.8208387 4.028308e-01
5            IDR 0.9098960 1.624457e-06         * 1.1632397 5.582321e-07
6        grp:IDR 0.9098960 1.452615e-01           1.1632397 1.392893e-01
9          S:IDR 0.4686756 9.398199e-01           0.6070040 9.682494e-01
10     grp:S:IDR 0.4686756 1.752817e-01           0.6070040 1.600021e-01
11         S:IDL 0.6845040 9.970779e-01           0.7782449 9.985864e-01
12     grp:S:IDL 0.6845040 7.022176e-01           0.7782449 7.303867e-01
13       IDR:IDL 0.7518403 1.408342e-02         * 0.8876662 9.418067e-03
14   grp:IDR:IDL 0.7518403 2.539579e-01           0.8876662 2.518775e-01
15     S:IDR:IDL 0.7284779 7.163273e-02           1.1907580 4.917327e-02
16 grp:S:IDR:IDL 0.7284779 8.983058e-01           1.1907580 9.424695e-01
   p[HF]<.05
3          *
4           
5          *
6           
9           
10          
11          
12          
13         *
14          
15         *
16          

