[1] "vfTrajCircularityL ~(S*DID*grp)+Error(pp/(S*DID))+grp"
$ANOVA
     Effect DFn DFd         F          p p<.05         ges
2       grp   1   8 1.1000989 0.32489462       0.068843015
3         S   2  16 4.2756563 0.03253585     * 0.089769063
5       DID   2  16 3.5702483 0.05223703       0.045112087
4     grp:S   2  16 1.4332759 0.26755903       0.032001961
6   grp:DID   2  16 0.4343389 0.65510591       0.005714548
7     S:DID   4  32 1.9666670 0.12343565       0.040560618
8 grp:S:DID   4  32 1.0885802 0.37874681       0.022865000

$`Mauchly's Test for Sphericity`
     Effect         W          p p<.05
3         S 0.6440969 0.21445159      
4     grp:S 0.6440969 0.21445159      
5       DID 0.3065283 0.01594582     *
6   grp:DID 0.3065283 0.01594582     *
7     S:DID 0.1338745 0.18088551      
8 grp:S:DID 0.1338745 0.18088551      

$`Sphericity Corrections`
     Effect       GGe      p[GG] p[GG]<.05       HFe      p[HF] p[HF]<.05
3         S 0.7375158 0.04946232         * 0.8640107 0.04039113         *
4     grp:S 0.7375158 0.26949615           0.8640107 0.26906502          
5       DID 0.5905029 0.08569010           0.6327218 0.08143316          
6   grp:DID 0.5905029 0.55824272           0.6327218 0.57076769          
7     S:DID 0.4882580 0.17362650           0.6440123 0.15666696          
8 grp:S:DID 0.4882580 0.35947835           0.6440123 0.36880256          

