[1] "Summary by group"
  grp      q4.m       q4.s
1   C 0.7640703 0.08539247
2   U 0.7556276 0.07577592
[1] "Summary by session\n"
  S      q4.m       q4.s
1 1 0.7424012 0.08144202
2 2 0.7603745 0.08065796
3 3 0.7767712 0.07730479
[1] "Summary by ID\n"
  ID      q4.m       q4.s
1  D 0.8172653 0.04638119
2  E 0.7024326 0.06520219
[1] "Summary by group + Session\n"
  grp S      q4.m       q4.s
1   C 1 0.7436663 0.09717210
2   C 2 0.7620683 0.07783513
3   C 3 0.7864763 0.07696505
4   U 1 0.7411360 0.06362857
5   U 2 0.7586807 0.08468472
6   U 3 0.7670660 0.07771508
[1] "Summary by Session + ID\n"
  S ID      q4.m       q4.s
1 1  D 0.7971293 0.05514304
2 1  E 0.6876730 0.06524309
3 2  D 0.8198893 0.03827163
4 2  E 0.7008597 0.06665374
5 3  D 0.8347773 0.03677938
6 3  E 0.7187650 0.06199941
[1] "Summary by group + ID\n"
  grp ID      q4.m       q4.s
1   C  D 0.8193862 0.04908193
2   C  E 0.7087544 0.07798498
3   U  D 0.8151444 0.04396685
4   U  E 0.6961107 0.04935448
[1] "Summary by group + Session + ID\n"
   grp S ID      q4.m       q4.s
1    C 1  D 0.8084653 0.06113337
2    C 1  E 0.6788673 0.08260956
3    C 2  D 0.8135993 0.03662975
4    C 2  E 0.7105373 0.07427905
5    C 3  D 0.8360940 0.04504969
6    C 3  E 0.7368587 0.07046525
7    U 1  D 0.7857933 0.04781266
8    U 1  E 0.6964787 0.04274193
9    U 2  D 0.8261793 0.04009413
10   U 2  E 0.6911820 0.05903142
11   U 3  D 0.8334607 0.02772867
12   U 3  E 0.7006713 0.04791177
