[1] "vfTrajCircularity ~(S*ID*grp)+Error(pp/(S*ID))+grp"
$ANOVA
    Effect DFn DFd           F           p p<.05          ges
2      grp   1   8  0.01134513 0.917797487       0.0006680394
3        S   2  16  3.97412501 0.039698088     * 0.0602592047
5       ID   1   8 18.98626325 0.002421335     * 0.4242402635
4    grp:S   2  16  0.02970271 0.970787472       0.0004790290
6   grp:ID   1   8  0.29802132 0.600013430       0.0114336334
7     S:ID   2  16  1.62383408 0.228000017       0.0177574449
8 grp:S:ID   2  16  2.01175390 0.166202890       0.0219066138

$`Mauchly's Test for Sphericity`
    Effect         W         p p<.05
3        S 0.8759486 0.6290354      
4    grp:S 0.8759486 0.6290354      
7     S:ID 0.7918965 0.4419158      
8 grp:S:ID 0.7918965 0.4419158      

$`Sphericity Corrections`
    Effect       GGe      p[GG] p[GG]<.05      HFe      p[HF] p[HF]<.05
3        S 0.8896390 0.04646393         * 1.126357 0.03969809         *
4    grp:S 0.8896390 0.95966507           1.126357 0.97078747          
7     S:ID 0.8277437 0.23334074           1.016578 0.22800002          
8 grp:S:ID 0.8277437 0.17624955           1.016578 0.16620289          

