[1] "decTimeLrel ~S*IDR*IDL*grp + Error(pp/(S*IDR*IDL))"
$ANOVA
          Effect DFn DFd            F            p p<.05          ges
2            grp   1   8  0.353698041 5.684622e-01       1.637922e-02
3              S   2  16  0.788158572 4.715598e-01       7.789710e-03
5            IDR   2  16 41.157272006 4.920596e-07     * 2.248852e-01
7            IDL   1   8  9.309168112 1.579479e-02     * 2.737063e-01
4          grp:S   2  16  1.205141011 3.254440e-01       1.186204e-02
6        grp:IDR   2  16  0.339614354 7.170545e-01       2.388338e-03
8        grp:IDL   1   8  0.002313895 9.628134e-01       9.366226e-05
9          S:IDR   4  32  2.515735249 6.077873e-02       8.315533e-03
11         S:IDL   2  16  1.933277514 1.770025e-01       1.504207e-02
13       IDR:IDL   2  16 30.798470108 3.267406e-06     * 1.700808e-01
10     grp:S:IDR   4  32  1.433251890 2.456263e-01       4.754495e-03
12     grp:S:IDL   2  16  0.914427781 4.206996e-01       7.171652e-03
14   grp:IDR:IDL   2  16  0.091613868 9.129326e-01       6.092380e-04
15     S:IDR:IDL   4  32  4.068226863 8.889806e-03     * 1.023312e-02
16 grp:S:IDR:IDL   4  32  0.958792772 4.433997e-01       2.430736e-03

$`Mauchly's Test for Sphericity`
          Effect          W           p p<.05
3              S 0.87377784 0.623596391      
4          grp:S 0.87377784 0.623596391      
5            IDR 0.07726874 0.000128237     *
6        grp:IDR 0.07726874 0.000128237     *
9          S:IDR 0.10718371 0.123817894      
10     grp:S:IDR 0.10718371 0.123817894      
11         S:IDL 0.96846622 0.893913854      
12     grp:S:IDL 0.96846622 0.893913854      
13       IDR:IDL 0.19389888 0.003210063     *
14   grp:IDR:IDL 0.19389888 0.003210063     *
15     S:IDR:IDL 0.07242180 0.059443407      
16 grp:S:IDR:IDL 0.07242180 0.059443407      

$`Sphericity Corrections`
          Effect       GGe        p[GG] p[GG]<.05       HFe        p[HF]
3              S 0.8879243 0.4595444203           1.1232565 0.4715598476
4          grp:S 0.8879243 0.3231006618           1.1232565 0.3254440458
5            IDR 0.5200935 0.0001609628         * 0.5288707 0.0001446154
6        grp:IDR 0.5200935 0.5840329278           0.5288707 0.5874076334
9          S:IDR 0.5966023 0.0995101703           0.8674341 0.0713285784
10     grp:S:IDR 0.5966023 0.2643011010           0.8674341 0.2521201163
11         S:IDL 0.9694302 0.1786613397           1.2744916 0.1770024773
12     grp:S:IDL 0.9694302 0.4184545232           1.2744916 0.4206996282
13       IDR:IDL 0.5536789 0.0003106656         * 0.5778785 0.0002420489
14   grp:IDR:IDL 0.5536789 0.7942422956           0.5778785 0.8042133280
15     S:IDR:IDL 0.5696936 0.0303943890         * 0.8087852 0.0152552829
16 grp:S:IDR:IDL 0.5696936 0.4123271584           0.8087852 0.4322897933
   p[HF]<.05
3           
4           
5          *
6           
9           
10          
11          
12          
13         *
14          
15         *
16          

