[1] "Summary by group"
  grp decTimeLrel.m decTimeLrel.s
1   C      1.988225      1.470364
2   U      2.301794      1.923982
[1] "Summary by session\n"
  S decTimeLrel.m decTimeLrel.s
1 1      2.115474      1.387736
2 2      2.289121      2.085565
3 3      2.030434      1.604897
[1] "Summary by IDR+IDR\n"
  IDL IDR decTimeLrel.m decTimeLrel.s
1   D   D      1.534453     1.0803625
2   D   M      2.676921     1.5554775
3   D   E      4.461233     2.4748094
4   E   D      1.270677     0.3093061
5   E   M      1.398435     0.3853767
6   E   E      1.528339     0.3269484
[1] "Summary by group + Session\n"
  grp S decTimeLrel.m decTimeLrel.s
1   C 1      2.125070      1.353957
2   C 2      1.972861      1.646674
3   C 3      1.866744      1.398451
4   U 1      2.105878      1.428243
5   U 2      2.605380      2.415411
6   U 3      2.194124      1.780582
[1] "Summary by Session + IDR + IDL \n"
   S IDL IDR decTimeLrel.m decTimeLrel.s
1  1   D   D      1.538924     0.9284001
2  1   D   M      2.658189     1.1745419
3  1   D   E      4.104333     1.8290544
4  1   E   D      1.243019     0.1200418
5  1   E   M      1.459602     0.2526599
6  1   E   E      1.688775     0.2458517
7  2   D   D      1.643942     1.1948055
8  2   D   M      2.824233     1.8450917
9  2   D   E      5.272478     2.9663817
10 2   E   D      1.254626     0.3829168
11 2   E   M      1.300383     0.3620717
12 2   E   E      1.439063     0.3718609
13 3   D   D      1.420491     1.1254781
14 3   D   M      2.548341     1.6129371
15 3   D   E      4.006888     2.3718026
16 3   E   D      1.314385     0.3599159
17 3   E   M      1.435320     0.4956123
18 3   E   E      1.457179     0.2987032
[1] "Summary by group + IDR + IDL\n"
   grp IDL IDR decTimeLrel.m decTimeLrel.s
1    C   D   D      1.385867     0.9326367
2    C   D   M      2.427326     1.1215947
3    C   D   E      4.424337     1.5648748
4    C   E   D      1.072547     0.1956138
5    C   E   M      1.208273     0.2335337
6    C   E   E      1.410999     0.2997629
7    U   D   D      1.683038     1.2024655
8    U   D   M      2.926516     1.8731277
9    U   D   E      4.498129     3.1522917
10   U   E   D      1.468806     0.2737799
11   U   E   M      1.588597     0.4146095
12   U   E   E      1.645679     0.3133671
[1] "Summary by group + Session + IDR + IDL\n"
   grp S IDL IDR decTimeLrel.m decTimeLrel.s
1    C 1   D   D      1.687714     1.1631798
2    C 1   D   M      2.738984     1.1969333
3    C 1   D   E      4.090360     1.5031469
4    C 1   E   D      1.201146     0.1253971
5    C 1   E   M      1.372937     0.1527414
6    C 1   E   E      1.659276     0.2637804
7    C 2   D   D      1.252889     0.7413155
8    C 2   D   M      2.290702     1.1696585
9    C 2   D   E      4.851799     1.8415178
10   C 2   E   D      1.015936     0.2161732
11   C 2   E   M      1.145909     0.2372016
12   C 2   E   E      1.279934     0.2315028
13   C 3   D   D      1.216999     0.8270658
14   C 3   D   M      2.252292     0.9979935
15   C 3   D   E      4.330851     1.3118867
16   C 3   E   D      1.000560     0.1763528
17   C 3   E   M      1.105973     0.2176686
18   C 3   E   E      1.293788     0.2450867
19   U 1   D   D      1.390135     0.6204782
20   U 1   D   M      2.577394     1.1878547
21   U 1   D   E      4.118305     2.1610116
22   U 1   E   D      1.284892     0.1018224
23   U 1   E   M      1.546267     0.3046461
24   U 1   E   E      1.718274     0.2318592
25   U 2   D   D      2.034996     1.4421681
26   U 2   D   M      3.357765     2.2525139
27   U 2   D   E      5.693157     3.8022308
28   U 2   E   D      1.493317     0.3672976
29   U 2   E   M      1.454856     0.4051642
30   U 2   E   E      1.598193     0.4225908
31   U 3   D   D      1.623983     1.3605548
32   U 3   D   M      2.844390     2.0506478
33   U 3   D   E      3.682926     3.1155688
34   U 3   E   D      1.628209     0.1618342
35   U 3   E   M      1.764666     0.4785334
36   U 3   E   E      1.620571     0.2598951
