[1] "MTLrel ~S*IDR*IDL*grp + Error(pp/(S*IDR*IDL))"
$ANOVA
          Effect DFn DFd           F            p p<.05          ges
2            grp   1   8  0.37476652 5.574122e-01       0.0205638363
3              S   2  16  0.69642542 5.128539e-01       0.0064205661
5            IDR   2  16 47.45398664 1.876107e-07     * 0.2178482053
7            IDL   1   8  8.08513259 2.169696e-02     * 0.2369767152
4          grp:S   2  16  1.45711304 2.622112e-01       0.0133400319
6        grp:IDR   2  16  0.58943438 5.662437e-01       0.0034476710
8        grp:IDL   1   8  0.08886399 7.732218e-01       0.0034019393
9          S:IDR   4  32  1.80491496 1.522022e-01       0.0048987416
11         S:IDL   2  16  2.22160393 1.407886e-01       0.0122918148
13       IDR:IDL   2  16 30.47801710 3.491551e-06     * 0.1414861539
10     grp:S:IDR   4  32  2.03946111 1.123296e-01       0.0055318047
12     grp:S:IDL   2  16  1.65181729 2.227651e-01       0.0091681704
14   grp:IDR:IDL   2  16  0.09022576 9.141864e-01       0.0004876393
15     S:IDR:IDL   4  32  4.85982758 3.545295e-03     * 0.0080933438
16 grp:S:IDR:IDL   4  32  1.20705182 3.269923e-01       0.0020224742

$`Mauchly's Test for Sphericity`
          Effect          W           p p<.05
3              S 0.86099299 0.592241256      
4          grp:S 0.86099299 0.592241256      
5            IDR 0.07114801 0.000096066     *
6        grp:IDR 0.07114801 0.000096066     *
9          S:IDR 0.24068806 0.442495222      
10     grp:S:IDR 0.24068806 0.442495222      
11         S:IDL 0.98298132 0.941691030      
12     grp:S:IDL 0.98298132 0.941691030      
13       IDR:IDL 0.27125489 0.010394928     *
14   grp:IDR:IDL 0.27125489 0.010394928     *
15     S:IDR:IDL 0.12960738 0.172618095      
16 grp:S:IDR:IDL 0.12960738 0.172618095      

$`Sphericity Corrections`
          Effect       GGe        p[GG] p[GG]<.05       HFe        p[HF]
3              S 0.8779577 4.968522e-01           1.1053053 5.128539e-01
4          grp:S 0.8779577 2.639550e-01           1.1053053 2.622112e-01
5            IDR 0.5184431 9.880642e-05         * 0.5264869 8.888644e-05
6        grp:IDR 0.5184431 4.698808e-01           0.5264869 4.720903e-01
9          S:IDR 0.6779372 1.797367e-01           1.0592225 1.522022e-01
10     grp:S:IDR 0.6779372 1.425685e-01           1.0592225 1.123296e-01
11         S:IDL 0.9832661 1.418773e-01           1.3009757 1.407886e-01
12     grp:S:IDL 0.9832661 2.233604e-01           1.3009757 2.227651e-01
13       IDR:IDL 0.5784543 2.502129e-04         * 0.6146474 1.727961e-04
14   grp:IDR:IDL 0.5784543 8.061001e-01           0.6146474 8.199194e-01
15     S:IDR:IDL 0.6080232 1.493976e-02         * 0.8930123 5.225440e-03
16 grp:S:IDR:IDL 0.6080232 3.274729e-01           0.8930123 3.279931e-01
   p[HF]<.05
3           
4           
5          *
6           
9           
10          
11          
12          
13         *
14          
15         *
16          

