[1] "maxangle ~(S*ID*grp)+Error(pp/(S*ID))+grp"
$ANOVA
    Effect DFn DFd           F            p p<.05         ges
2      grp   1   8   0.5940502 4.630099e-01       0.025507318
3        S   2  16  10.6941790 1.124783e-03     * 0.177623635
5       ID   2  16 133.7419487 1.029752e-10     * 0.665170315
4    grp:S   2  16   0.3028310 7.428657e-01       0.006079038
6   grp:ID   2  16   0.7901973 4.706856e-01       0.011601361
7     S:ID   4  32   2.0340783 1.131153e-01       0.085370208
8 grp:S:ID   4  32   0.8314424 5.151955e-01       0.036750583

$`Mauchly's Test for Sphericity`
    Effect         W          p p<.05
3        S 0.4384611 0.05581600      
4    grp:S 0.4384611 0.05581600      
5       ID 0.4197449 0.04791251     *
6   grp:ID 0.4197449 0.04791251     *
7     S:ID 0.1607252 0.24436604      
8 grp:S:ID 0.1607252 0.24436604      

$`Sphericity Corrections`
    Effect       GGe        p[GG] p[GG]<.05       HFe        p[HF] p[HF]<.05
3        S 0.6403939 5.883166e-03         * 0.7089440 4.279000e-03         *
4    grp:S 0.6403939 6.493518e-01           0.7089440 6.708709e-01          
5       ID 0.6328092 1.850745e-07         * 0.6972107 4.946720e-08         *
6   grp:ID 0.6328092 4.242851e-01           0.6972107 4.342015e-01          
7     S:ID 0.5454620 1.579783e-01           0.7578279 1.351120e-01          
8 grp:S:ID 0.5454620 4.612522e-01           0.7578279 4.906154e-01          

