[1] "Summary by group"
  grp maxangle.m maxangle.s
1   C   1.650477  0.8313527
2   U   1.531059  0.7441219
[1] "Summary by session\n"
  S maxangle.m maxangle.s
1 1   1.817748  0.8383312
2 2   1.551361  0.7754488
3 3   1.403195  0.7012406
[1] "Summary by ID\n"
  ID maxangle.m maxangle.s
1  D  0.9480664  0.3163443
2  M  1.6021524  0.7259164
3  E  2.2220844  0.6612124
[1] "Summary by group + Session\n"
  grp S maxangle.m maxangle.s
1   C 1   1.866639  0.8271330
2   C 2   1.650565  0.8602439
3   C 3   1.434227  0.7649016
4   U 1   1.768857  0.8558812
5   U 2   1.452157  0.6753950
6   U 3   1.372162  0.6384421
[1] "Summary by Session + ID\n"
  S ID maxangle.m maxangle.s
1 1  D  1.1065063  0.3308526
2 1  M  2.0251100  0.9001717
3 1  E  2.3216267  0.6376950
4 2  D  0.8943903  0.2584812
5 2  M  1.5567260  0.6701378
6 2  E  2.2029667  0.6661692
7 3  D  0.8433027  0.3009048
8 3  M  1.2246213  0.1522193
9 3  E  2.1416600  0.6884776
[1] "Summary by group + ID\n"
  grp ID maxangle.m maxangle.s
1   C  D  0.9553391  0.3632552
2   C  M  1.7064071  0.8041416
3   C  E  2.2896844  0.6410844
4   U  D  0.9407938  0.2652534
5   U  M  1.4978978  0.6300871
6   U  E  2.1544844  0.6811781
[1] "Summary by group + Session + ID\n"
   grp S ID maxangle.m maxangle.s
1    C 1  D  1.1610227  0.4248755
2    C 1  M  2.1943467  0.9253391
3    C 1  E  2.2445467  0.5584571
4    C 2  D  0.8820620  0.2598037
5    C 2  M  1.7072053  0.7944052
6    C 2  E  2.3624267  0.6693542
7    C 3  D  0.8229327  0.3111786
8    C 3  M  1.2176693  0.1842782
9    C 3  E  2.2620800  0.7232579
10   U 1  D  1.0519900  0.1996442
11   U 1  M  1.8558733  0.8722794
12   U 1  E  2.3987067  0.7195492
13   U 2  D  0.9067187  0.2656571
14   U 2  M  1.4062467  0.5006439
15   U 2  E  2.0435067  0.6455531
16   U 3  D  0.8636727  0.2997224
17   U 3  M  1.2315733  0.1180444
18   U 3  E  2.0212400  0.6539759
