[1] "Summary by group"
  grp MTLrel.m MTLrel.s
1   C 1.803603 1.108230
2   U 2.067517 1.362402
[1] "Summary by session\n"
  S MTLrel.m MTLrel.s
1 1 1.894676 1.003224
2 2 2.038374 1.498678
3 3 1.873628 1.191197
[1] "Summary by IDR+IDR\n"
  IDL IDR MTLrel.m  MTLrel.s
1   D   D 1.462705 0.8831811
2   D   M 2.330214 1.1723665
3   D   E 3.536316 1.7465480
4   E   D 1.295764 0.3416507
5   E   M 1.420870 0.4263631
6   E   E 1.567490 0.3617579
[1] "Summary by group + Session\n"
  grp S MTLrel.m  MTLrel.s
1   C 1 1.880352 0.9785714
2   C 2 1.767342 1.1992893
3   C 3 1.763114 1.1433647
4   U 1 1.909000 1.0325736
5   U 2 2.309407 1.7118551
6   U 3 1.984142 1.2336373
[1] "Summary by Session + IDR + IDL \n"
   S IDL IDR MTLrel.m  MTLrel.s
1  1   D   D 1.458785 0.7522786
2  1   D   M 2.239314 0.9296156
3  1   D   E 3.249639 1.3182384
4  1   E   D 1.242085 0.1276181
5  1   E   M 1.466568 0.2888199
6  1   E   E 1.711667 0.2474967
7  2   D   D 1.565465 0.9846286
8  2   D   M 2.458160 1.4038402
9  2   D   E 4.041945 2.1083034
10 2   E   D 1.312609 0.4473958
11 2   E   M 1.342481 0.4210071
12 2   E   E 1.509587 0.4465020
13 3   D   D 1.363864 0.9150724
14 3   D   M 2.293168 1.1645875
15 3   D   E 3.317365 1.6672978
16 3   E   D 1.332596 0.3702682
17 3   E   M 1.453560 0.5362900
18 3   E   E 1.481215 0.3291518
[1] "Summary by group + IDR + IDL\n"
   grp IDL IDR MTLrel.m  MTLrel.s
1    C   D   D 1.353109 0.8014864
2    C   D   M 2.182882 0.9016980
3    C   D   E 3.556995 1.1760439
4    C   E   D 1.077118 0.1627443
5    C   E   M 1.217659 0.2101508
6    C   E   E 1.433853 0.2641576
7    U   D   D 1.572300 0.9543565
8    U   D   M 2.477547 1.3866016
9    U   D   E 3.515637 2.1877463
10   U   E   D 1.514409 0.3344141
11   U   E   M 1.624080 0.4889511
12   U   E   E 1.701126 0.3979991
[1] "Summary by group + Session + IDR + IDL\n"
   grp S IDL IDR MTLrel.m   MTLrel.s
1    C 1   D   D 1.561102 0.91009802
2    C 1   D   M 2.273433 0.91320796
3    C 1   D   E 3.261309 1.08208725
4    C 1   E   D 1.182948 0.09093827
5    C 1   E   M 1.360320 0.15372400
6    C 1   E   E 1.643002 0.18259387
7    C 2   D   D 1.253901 0.69289966
8    C 2   D   M 2.075490 0.95408706
9    C 2   D   E 3.746265 1.36176568
10   C 2   E   D 1.030481 0.19621478
11   C 2   E   M 1.164572 0.21771321
12   C 2   E   E 1.333345 0.24466687
13   C 3   D   D 1.244325 0.80059103
14   C 3   D   M 2.199723 0.88862404
15   C 3   D   E 3.663412 1.08504006
16   C 3   E   D 1.017924 0.13559564
17   C 3   E   M 1.128086 0.18532975
18   C 3   E   E 1.325213 0.23615022
19   U 1   D   D 1.356468 0.56706071
20   U 1   D   M 2.205196 0.97655246
21   U 1   D   E 3.237968 1.55834054
22   U 1   E   D 1.301222 0.13406121
23   U 1   E   M 1.572816 0.35351260
24   U 1   E   E 1.780332 0.28886091
25   U 2   D   D 1.877030 1.14896222
26   U 2   D   M 2.840831 1.69062957
27   U 2   D   E 4.337625 2.67687013
28   U 2   E   D 1.594737 0.45338734
29   U 2   E   M 1.520390 0.50192654
30   U 2   E   E 1.685829 0.53530059
31   U 3   D   D 1.483403 1.03099947
32   U 3   D   M 2.386613 1.41458124
33   U 3   D   E 2.971318 2.07952162
34   U 3   E   D 1.647269 0.23112962
35   U 3   E   M 1.779034 0.57828247
36   U 3   E   E 1.637218 0.34132570
