[1] "Summary by group"
  grp accQLrel.m accQLrel.s
1   C  0.9639079  0.1992933
2   U  0.9604631  0.1689565
[1] "Summary by session\n"
  S accQLrel.m accQLrel.s
1 1  0.9278298  0.1795706
2 2  0.9766570  0.1868598
3 3  0.9820698  0.1834083
[1] "Summary by IDR+IDR\n"
  IDL IDR accQLrel.m accQLrel.s
1   D   D  1.0004794  0.1125462
2   D   M  0.8844201  0.1452743
3   D   E  0.7691865  0.1565777
4   E   D  1.0323401  0.1823541
5   E   M  1.0333561  0.1718892
6   E   E  1.0533310  0.1466027
[1] "Summary by group + Session\n"
  grp S accQLrel.m accQLrel.s
1   C 1  0.9080710  0.1904561
2   C 2  0.9766488  0.1967048
3   C 3  1.0070041  0.1997114
4   U 1  0.9475886  0.1667046
5   U 2  0.9766653  0.1775744
6   U 3  0.9571355  0.1628284
[1] "Summary by Session + IDR + IDL \n"
   S IDL IDR accQLrel.m accQLrel.s
1  1   D   D  0.9784124 0.10541651
2  1   D   M  0.8116272 0.14245618
3  1   D   E  0.7370841 0.15641981
4  1   E   D  1.0018851 0.14815221
5  1   E   M  1.0028128 0.16341594
6  1   E   E  1.0351573 0.12979118
7  2   D   D  0.9988397 0.09167124
8  2   D   M  0.9050933 0.11528423
9  2   D   E  0.7441857 0.14649872
10 2   E   D  1.0654869 0.19485173
11 2   E   M  1.0576489 0.15727408
12 2   E   E  1.0886876 0.14147577
13 3   D   D  1.0241862 0.13516414
14 3   D   M  0.9365399 0.14983776
15 3   D   E  0.8262898 0.15564557
16 3   E   D  1.0296484 0.20008121
17 3   E   M  1.0396066 0.19395725
18 3   E   E  1.0361480 0.16479628
[1] "Summary by group + IDR + IDL\n"
   grp IDL IDR accQLrel.m accQLrel.s
1    C   D   D  1.0202118  0.1088706
2    C   D   M  0.8972123  0.1265565
3    C   D   E  0.7327880  0.0984340
4    C   E   D  1.0322360  0.2224194
5    C   E   M  1.0395583  0.2131324
6    C   E   E  1.0614413  0.1660938
7    U   D   D  0.9807471  0.1138945
8    U   D   M  0.8716280  0.1622887
9    U   D   E  0.8055851  0.1928501
10   U   E   D  1.0324442  0.1333842
11   U   E   M  1.0271539  0.1194117
12   U   E   E  1.0452207  0.1255048
[1] "Summary by group + Session + IDR + IDL\n"
   grp S IDL IDR accQLrel.m accQLrel.s
1    C 1   D   D  0.9666653 0.11635876
2    C 1   D   M  0.7737690 0.09194750
3    C 1   D   E  0.7017247 0.06252746
4    C 1   E   D  0.9882698 0.17836899
5    C 1   E   M  1.0025619 0.21305647
6    C 1   E   E  1.0154351 0.17335496
7    C 2   D   D  1.0338482 0.08173726
8    C 2   D   M  0.9285273 0.08651104
9    C 2   D   E  0.6946952 0.08297056
10   C 2   E   D  1.0401668 0.23468719
11   C 2   E   M  1.0577863 0.17868259
12   C 2   E   E  1.1048688 0.13329344
13   C 3   D   D  1.0601219 0.10978827
14   C 3   D   M  0.9893406 0.08903929
15   C 3   D   E  0.8019440 0.10929509
16   C 3   E   D  1.0682715 0.25505889
17   C 3   E   M  1.0583267 0.25148585
18   C 3   E   E  1.0640198 0.18597812
19   U 1   D   D  0.9901594 0.09583308
20   U 1   D   M  0.8494854 0.17467542
21   U 1   D   E  0.7724434 0.20998359
22   U 1   E   D  1.0155003 0.11512261
23   U 1   E   M  1.0030637 0.09961840
24   U 1   E   E  1.0548794 0.06331930
25   U 2   D   D  0.9638313 0.09000136
26   U 2   D   M  0.8816593 0.13736561
27   U 2   D   E  0.7936762 0.17978906
28   U 2   E   D  1.0908071 0.14897803
29   U 2   E   M  1.0575115 0.13895883
30   U 2   E   E  1.0725065 0.15209290
31   U 3   D   D  0.9882505 0.15173316
32   U 3   D   M  0.8837392 0.18056655
33   U 3   D   E  0.8506356 0.19226533
34   U 3   E   D  0.9910253 0.12113140
35   U 3   E   M  1.0208864 0.11802478
36   U 3   E   E  1.0082761 0.14143179
