[1] "d1D ~S*IDR*IDL*grp + Error(pp/(S*IDR*IDL))"
$ANOVA
          Effect DFn DFd           F         p p<.05          ges
2            grp   1   8 0.009822251 0.9234915       5.493808e-05
3              S   2  16 1.857725629 0.1881508       2.177372e-02
5            IDR   2  16 0.711798030 0.5056587       9.821752e-03
7            IDL   1   8 0.550409686 0.4793623       2.500936e-03
4          grp:S   2  16 1.717327227 0.2110305       2.016134e-02
6        grp:IDR   2  16 0.789248711 0.4710921       1.087883e-02
8        grp:IDL   1   8 0.507459468 0.4964881       2.306230e-03
9          S:IDR   4  32 1.086885749 0.3795363       1.697984e-02
11         S:IDL   2  16 0.839353926 0.4501484       3.476792e-02
13       IDR:IDL   2  16 1.409346811 0.2730512       4.594399e-03
10     grp:S:IDR   4  32 0.996978072 0.4234900       1.559716e-02
12     grp:S:IDL   2  16 0.850510625 0.4456288       3.521378e-02
14   grp:IDR:IDL   2  16 1.390923306 0.2773662       4.534612e-03
15     S:IDR:IDL   4  32 1.160069908 0.3467147       3.021007e-02
16 grp:S:IDR:IDL   4  32 1.166374181 0.3440080       3.036925e-02

$`Mauchly's Test for Sphericity`
          Effect            W            p p<.05
3              S 7.727228e-01 4.055860e-01      
4          grp:S 7.727228e-01 4.055860e-01      
5            IDR 6.857625e-01 2.670595e-01      
6        grp:IDR 6.857625e-01 2.670595e-01      
9          S:IDR 2.054410e-04 4.097385e-08     *
10     grp:S:IDR 2.054410e-04 4.097385e-08     *
11         S:IDL 4.995304e-01 8.809815e-02      
12     grp:S:IDL 4.995304e-01 8.809815e-02      
13       IDR:IDL 9.883628e-01 9.598588e-01      
14   grp:IDR:IDL 9.883628e-01 9.598588e-01      
15     S:IDR:IDL 9.077162e-06 8.158938e-12     *
16 grp:S:IDR:IDL 9.077162e-06 8.158938e-12     *

$`Sphericity Corrections`
          Effect       GGe     p[GG] p[GG]<.05       HFe     p[HF] p[HF]<.05
3              S 0.8148118 0.1973139           0.9941809 0.1884426          
4          grp:S 0.8148118 0.2182708           0.9941809 0.2112683          
5            IDR 0.7608975 0.4731268           0.9027311 0.4934554          
6        grp:IDR 0.7608975 0.4434497           0.9027311 0.4607776          
9          S:IDR 0.4394598 0.3558048           0.5535164 0.3645693          
10     grp:S:IDR 0.4394598 0.3835249           0.5535164 0.3962474          
11         S:IDL 0.6664580 0.4133551           0.7496714 0.4241815          
12     grp:S:IDL 0.6664580 0.4097887           0.7496714 0.4203557          
13       IDR:IDL 0.9884966 0.2731768           1.3110511 0.2730512          
14   grp:IDR:IDL 0.9884966 0.2774657           1.3110511 0.2773662          
15     S:IDR:IDL 0.2922667 0.3200471           0.3118754 0.3228063          
16 grp:S:IDR:IDL 0.2922667 0.3186944           0.3118754 0.3213987          

