[1] "Full vs no Session"
Data: mdata
Models:
noS.mod: get(vname) ~ (1 | pp) + (1 | pp/IDR) + (1 | pp/IDL) + (1 | pp/IDR:IDL) + 
noS.mod:     IDR * IDL * grp
full.mod: get(vname) ~ (1 | pp) + (1 | pp/S) + (1 | pp/IDR) + (1 | pp/IDL) + 
full.mod:     (1 | pp/IDR:IDL) + (1 | pp/S:IDR:IDL) + S * IDR * IDL * grp
         Df    AIC    BIC  logLik  Chisq Chi Df Pr(>Chisq)    
noS.mod  20 2638.5 2724.3 -1299.2                             
full.mod 48 2607.5 2813.5 -1255.7 87.018     28  5.756e-08 ***
---
Signif. codes:  0 ‘***’ 0.001 ‘**’ 0.01 ‘*’ 0.05 ‘.’ 0.1 ‘ ’ 1 
[1] "Full vs no Group"
Data: mdata
Models:
nogrp.mod: get(vname) ~ (1 | pp) + (1 | pp/S) + (1 | pp/IDR) + (1 | pp/IDL) + 
nogrp.mod:     (1 | pp/IDR:IDL) + (1 | pp/S:IDR:IDL) + S * IDR * IDL
full.mod: get(vname) ~ (1 | pp) + (1 | pp/S) + (1 | pp/IDR) + (1 | pp/IDL) + 
full.mod:     (1 | pp/IDR:IDL) + (1 | pp/S:IDR:IDL) + S * IDR * IDL * grp
          Df    AIC    BIC  logLik  Chisq Chi Df Pr(>Chisq)
nogrp.mod 30 2590.0 2718.7 -1265.0                         
full.mod  48 2607.5 2813.5 -1255.7 18.494     18     0.4236
[1] "Full vs no Session and no Group"
Data: mdata
Models:
noSgrp.mod: get(vname) ~ (1 | pp) + (1 | pp/IDR) + (1 | pp/IDL) + (1 | pp/IDR:IDL) + 
noSgrp.mod:     IDR * IDL
full.mod: get(vname) ~ (1 | pp) + (1 | pp/S) + (1 | pp/IDR) + (1 | pp/IDL) + 
full.mod:     (1 | pp/IDR:IDL) + (1 | pp/S:IDR:IDL) + S * IDR * IDL * grp
           Df    AIC    BIC  logLik  Chisq Chi Df Pr(>Chisq)    
noSgrp.mod 14 2629.7 2689.8 -1300.9                             
full.mod   48 2607.5 2813.5 -1255.7 90.268     34  5.403e-07 ***
---
Signif. codes:  0 ‘***’ 0.001 ‘**’ 0.01 ‘*’ 0.05 ‘.’ 0.1 ‘ ’ 1 
[1] "No Group vs no Session and no Group"
Data: mdata
Models:
noSgrp.mod: get(vname) ~ (1 | pp) + (1 | pp/IDR) + (1 | pp/IDL) + (1 | pp/IDR:IDL) + 
noSgrp.mod:     IDR * IDL
nogrp.mod: get(vname) ~ (1 | pp) + (1 | pp/S) + (1 | pp/IDR) + (1 | pp/IDL) + 
nogrp.mod:     (1 | pp/IDR:IDL) + (1 | pp/S:IDR:IDL) + S * IDR * IDL
           Df    AIC    BIC  logLik  Chisq Chi Df Pr(>Chisq)    
noSgrp.mod 14 2629.7 2689.8 -1300.9                             
nogrp.mod  30 2590.0 2718.7 -1265.0 71.775     16  4.868e-09 ***
---
Signif. codes:  0 ‘***’ 0.001 ‘**’ 0.01 ‘*’ 0.05 ‘.’ 0.1 ‘ ’ 1 
[1] "No Session vs no Session and no Group"
Data: mdata
Models:
noSgrp.mod: get(vname) ~ (1 | pp) + (1 | pp/IDR) + (1 | pp/IDL) + (1 | pp/IDR:IDL) + 
noSgrp.mod:     IDR * IDL
noS.mod: get(vname) ~ (1 | pp) + (1 | pp/IDR) + (1 | pp/IDL) + (1 | pp/IDR:IDL) + 
noS.mod:     IDR * IDL * grp
           Df    AIC    BIC  logLik Chisq Chi Df Pr(>Chisq)
noSgrp.mod 14 2629.7 2689.8 -1300.9                        
noS.mod    20 2638.5 2724.3 -1299.2  3.25      6     0.7769
