Post-hoc Tukey comparisons[1] "grp Tukey test"

	Pairwise comparisons using paired t tests 

data:  mdata$d1D and mdata$grp 

  C   
U 0.91

P value adjustment method: bonferroni 
[1] "S Tukey test"

	Pairwise comparisons using paired t tests 

data:  mdata$d1D and mdata$S 

  1    2   
2 0.57 -   
3 0.10 1.00

P value adjustment method: bonferroni 
[1] "IDR Tukey test"

	Pairwise comparisons using paired t tests 

data:  mdata$d1D and mdata$IDR 

  D    M   
M 0.49 -   
E 1.00 0.77

P value adjustment method: bonferroni 
[1] "IDL Tukey test"
