[1] "Summary by group"
  grp       d1D.m     d1D.s
1   C -0.01460053 0.0844745
2   U  0.01245437 3.8333635
[1] "Summary by session\n"
  S       d1D.m    d1D.s
1 1 -0.36360147 2.975033
2 2  0.06779224 2.330114
3 3  0.29259000 2.755075
[1] "Summary by IDR+IDR\n"
  IDL IDR       d1D.m      d1D.s
1   D   D -0.03388903 0.31640000
2   D   M -0.35102132 4.17058267
3   D   E  0.10754412 2.55510503
4   E   D  0.43202966 3.48778200
5   E   M -0.13064997 2.81014012
6   E   E -0.03045193 0.09265339
[1] "Summary by group + Session\n"
  grp S        d1D.m      d1D.s
1   C 1 -0.028445768 0.04732388
2   C 2 -0.012306578 0.08883784
3   C 3 -0.003049234 0.10536780
4   U 1 -0.698757171 4.19185728
5   U 2  0.147891051 3.30136258
6   U 3  0.588229231 3.88307678
[1] "Summary by Session + IDR + IDL \n"
   S IDL IDR        d1D.m      d1D.s
1  1   D   D -0.056759933 0.09543042
2  1   D   M -1.907299725 6.55727826
3  1   D   E -0.494468179 2.56822637
4  1   E   D  0.095364823 0.68396343
5  1   E   M  0.204127873 1.14325610
6  1   E   E -0.022573675 0.03676978
7  2   D   D -0.073307453 0.10868536
8  2   D   M  0.526083823 2.06093541
9  2   D   E  0.873356580 3.24094004
10 2   E   D  0.003022847 0.55328988
11 2   E   M -0.894237687 4.06822778
12 2   E   E -0.028164690 0.11249626
13 3   D   D  0.028400290 0.52929124
14 3   D   M  0.328151943 1.53523691
15 3   D   E -0.056256050 1.38819606
16 3   E   D  1.197701317 5.97032329
17 3   E   M  0.298159900 2.33846793
18 3   E   E -0.040617410 0.11028169
[1] "Summary by group + IDR + IDL\n"
   grp IDL IDR         d1D.m      d1D.s
1    C   D   D -0.0373751378 0.10215760
2    C   D   M -0.0169644756 0.05427049
3    C   D   E -0.0003754751 0.08682551
4    C   E   D -0.0336469867 0.03971064
5    C   E   M -0.0001513978 0.12518218
6    C   E   E  0.0009103133 0.06233123
7    U   D   D -0.0304029267 0.43821466
8    U   D   M -0.6850781631 5.91199007
9    U   D   E  0.2154637089 3.62961961
10   U   E   D  0.8977063111 4.91534046
11   U   E   M -0.2611485447 3.99033148
12   U   E   E -0.0618141633 0.10708565
[1] "Summary by group + Session + IDR + IDL\n"
   grp S IDL IDR        d1D.m      d1D.s
1    C 1   D   D -0.043408800 0.06985197
2    C 1   D   M -0.034771820 0.04907157
3    C 1   D   E -0.010254559 0.03718401
4    C 1   E   D -0.039135667 0.03629236
5    C 1   E   M -0.025703760 0.03993152
6    C 1   E   E -0.017400000 0.04191624
7    C 2   D   D -0.062377480 0.13067820
8    C 2   D   M -0.013976160 0.06557163
9    C 2   D   E  0.019533267 0.08984491
10   C 2   E   D -0.025807020 0.05109326
11   C 2   E   M -0.009628567 0.07670490
12   C 2   E   E  0.018416493 0.08508384
13   C 3   D   D -0.006339133 0.09540707
14   C 3   D   M -0.002145447 0.04432093
15   C 3   D   E -0.010405133 0.11662411
16   C 3   E   D -0.035998273 0.03040345
17   C 3   E   M  0.034878133 0.19915249
18   C 3   E   E  0.001714447 0.05026008
19   U 1   D   D -0.070111067 0.11663257
20   U 1   D   M -3.779827629 9.03056125
21   U 1   D   E -0.978681800 3.62751954
22   U 1   E   D  0.229865313 0.96381763
23   U 1   E   M  0.433959507 1.61016858
24   U 1   E   E -0.027747350 0.03140506
25   U 2   D   D -0.084237427 0.08447472
26   U 2   D   M  1.066143807 2.85814688
27   U 2   D   E  1.727179893 4.49303939
28   U 2   E   D  0.031852713 0.79355794
29   U 2   E   M -1.778846807 5.70967520
30   U 2   E   E -0.074745873 0.11969098
31   U 3   D   D  0.063139713 0.75406931
32   U 3   D   M  0.658449333 2.15557793
33   U 3   D   E -0.102106967 1.99341908
34   U 3   E   D  2.431400907 8.40078510
35   U 3   E   M  0.561441667 3.33755421
36   U 3   E   E -0.082949267 0.13721069
