[1] "q4L ~(S*DID*grp)+Error(pp/(S*DID))+grp"
$ANOVA
     Effect DFn DFd         F          p p<.05         ges
2       grp   1   8 3.6406743 0.09280896       0.230025611
3         S   2  16 7.0839677 0.00626030     * 0.142226823
5       DID   2  16 3.4166073 0.05813309       0.022336330
4     grp:S   2  16 2.1941701 0.14384835       0.048848632
6   grp:DID   2  16 0.5415937 0.59211851       0.003608534
7     S:DID   4  32 0.9858756 0.42920186       0.012509359
8 grp:S:DID   4  32 0.9974909 0.42322774       0.012654875

$`Mauchly's Test for Sphericity`
     Effect         W          p p<.05
3         S 0.7507345 0.36660830      
4     grp:S 0.7507345 0.36660830      
5       DID 0.3989871 0.04011954     *
6   grp:DID 0.3989871 0.04011954     *
7     S:DID 0.3272497 0.63280849      
8 grp:S:DID 0.3272497 0.63280849      

$`Sphericity Corrections`
     Effect       GGe      p[GG] p[GG]<.05       HFe       p[HF] p[HF]<.05
3         S 0.8004704 0.01142853         * 0.9695539 0.006859151         *
4     grp:S 0.8004704 0.15702573           0.9695539 0.145811126          
5       DID 0.6246046 0.08859587           0.6845777 0.082834653          
6   grp:DID 0.6246046 0.51726328           0.6845777 0.531649109          
7     S:DID 0.6064799 0.40528056           0.8895313 0.424031588          
8 grp:S:DID 0.6064799 0.40074918           0.8895313 0.418425810          

