[1] "IPerfEf ~(S*ID*grp)+Error(pp/(S*ID))+grp"
$ANOVA
    Effect DFn DFd           F            p p<.05         ges
2      grp   1   8  0.02702412 8.735016e-01       0.001631924
3        S   2  16 41.94883071 4.330293e-07     * 0.195123040
5       ID   2  16 28.16769339 5.729984e-06     * 0.596289192
4    grp:S   2  16  0.36886450 6.972485e-01       0.002127165
6   grp:ID   2  16  0.10853259 8.978045e-01       0.005658885
7     S:ID   4  32 10.58686662 1.402939e-05     * 0.062506580
8 grp:S:ID   4  32  0.46047350 7.641134e-01       0.002891592

$`Mauchly's Test for Sphericity`
    Effect         W            p p<.05
3        S 0.5533200 0.1260135413      
4    grp:S 0.5533200 0.1260135413      
5       ID 0.1316099 0.0008270082     *
6   grp:ID 0.1316099 0.0008270082     *
7     S:ID 0.1055187 0.1191731423      
8 grp:S:ID 0.1055187 0.1191731423      

$`Sphericity Corrections`
    Effect       GGe        p[GG] p[GG]<.05       HFe        p[HF] p[HF]<.05
3        S 0.6912379 1.842192e-05         * 0.7889870 5.594509e-06         *
4    grp:S 0.6912379 6.239977e-01           0.7889870 6.502274e-01          
5       ID 0.5352201 5.112835e-04         * 0.5508259 4.389151e-04         *
6   grp:ID 0.5352201 7.667404e-01           0.5508259 7.736016e-01          
7     S:ID 0.5757619 5.960709e-04         * 0.8218179 6.703687e-05         *
8 grp:S:ID 0.5757619 6.645870e-01           0.8218179 7.289732e-01          

