[1] "Summary by group"
  grp IPerfEf.m IPerfEf.s
1   C  8.353101  4.024739
2   U  8.171239  3.849073
[1] "Summary by session\n"
  S IPerfEf.m IPerfEf.s
1 1  6.746316  2.945665
2 2  8.679413  4.033854
3 3  9.360781  4.248651
[1] "Summary by ID\n"
  ID IPerfEf.m IPerfEf.s
1  D 11.904167 4.3809135
2  M  7.563183 2.0548461
3  E  5.319160 0.7996742
[1] "Summary by group + Session\n"
  grp S IPerfEf.m IPerfEf.s
1   C 1  6.690489  3.142247
2   C 2  8.839124  3.997140
3   C 3  9.529689  4.358499
4   U 1  6.802142  2.769655
5   U 2  8.519702  4.109073
6   U 3  9.191873  4.178212
[1] "Summary by Session + ID\n"
  S ID IPerfEf.m IPerfEf.s
1 1  D  9.428543 3.4935656
2 1  M  5.992183 1.4111275
3 1  E  4.818220 0.7459567
4 2  D 12.725533 4.1750421
5 2  M  7.898587 1.8576862
6 2  E  5.414120 0.6782739
7 3  D 13.558423 4.4040848
8 3  M  8.798780 1.8075492
9 3  E  5.725140 0.7117628
[1] "Summary by group + ID\n"
  grp ID IPerfEf.m IPerfEf.s
1   C  D 11.770289 4.6902656
2   C  M  7.839164 2.4061668
3   C  E  5.449849 0.8429157
4   U  D 12.038044 4.0970409
5   U  M  7.287202 1.6109987
6   U  E  5.188471 0.7403033
[1] "Summary by group + Session + ID\n"
   grp S ID IPerfEf.m IPerfEf.s
1    C 1  D  9.233200 4.1547248
2    C 1  M  5.923873 1.4811213
3    C 1  E  4.914393 0.7997005
4    C 2  D 12.497940 4.2967520
5    C 2  M  8.389873 2.3338653
6    C 2  E  5.629560 0.8416284
7    C 3  D 13.579727 4.7373830
8    C 3  M  9.203747 2.0748401
9    C 3  E  5.805593 0.6385715
10   U 1  D  9.623887 2.8174951
11   U 1  M  6.060493 1.3860291
12   U 1  E  4.722047 0.7023592
13   U 2  D 12.953127 4.1873557
14   U 2  M  7.407300 1.0882844
15   U 2  E  5.198680 0.3810176
16   U 3  D 13.537120 4.2111261
17   U 3  M  8.393813 1.4530850
18   U 3  E  5.644687 0.7923099
