[1] "vfCircularity ~(S*ID*grp)+Error(pp/(S*ID))+grp"
$ANOVA
    Effect DFn DFd            F            p p<.05          ges
2      grp   1   8  0.592102371 4.637188e-01       2.029939e-02
3        S   2  16  3.211728424 6.719537e-02       4.996075e-02
5       ID   1   8 88.235562480 1.351616e-05     * 8.474310e-01
4    grp:S   2  16  0.489890810 6.215886e-01       7.957528e-03
6   grp:ID   1   8  0.293777605 6.025754e-01       1.815745e-02
7     S:ID   2  16  2.451658464 1.178252e-01       2.552147e-02
8 grp:S:ID   2  16  0.005208088 9.948071e-01       5.563238e-05

$`Mauchly's Test for Sphericity`
    Effect         W         p p<.05
3        S 0.9311271 0.7789892      
4    grp:S 0.9311271 0.7789892      
7     S:ID 0.6965015 0.2819857      
8 grp:S:ID 0.6965015 0.2819857      

$`Sphericity Corrections`
    Effect       GGe      p[GG] p[GG]<.05       HFe      p[HF] p[HF]<.05
3        S 0.9355650 0.07169484           1.2106774 0.06719537          
4    grp:S 0.9355650 0.61003304           1.2106774 0.62158862          
7     S:ID 0.7671662 0.13489578           0.9132074 0.12396066          
8 grp:S:ID 0.7671662 0.98459383           0.9132074 0.99223238          

