[1] "HarmonicityLrel ~S*IDR*IDL*grp + Error(pp/(S*IDR*IDL))"
$ANOVA
          Effect DFn DFd          F           p p<.05         ges
2            grp   1   8  2.3875108 0.160889655       0.090433180
3              S   2  16  0.4585863 0.640232382       0.011858973
5            IDR   2  16  5.5885036 0.014432674     * 0.060914809
7            IDL   1   8 21.8445447 0.001594609     * 0.204569109
4          grp:S   2  16  0.6208099 0.549965386       0.015986985
6        grp:IDR   2  16  0.1763666 0.839918344       0.002042916
8        grp:IDL   1   8  0.5092405 0.495756011       0.005959661
9          S:IDR   4  32  1.2788310 0.298811379       0.008868953
11         S:IDL   2  16  0.3606876 0.702722589       0.002560325
13       IDR:IDL   2  16 10.3935684 0.001280536     * 0.075657772
10     grp:S:IDR   4  32  3.5098368 0.017443850     * 0.023970550
12     grp:S:IDL   2  16  0.1578445 0.855296114       0.001122068
14   grp:IDR:IDL   2  16  3.4973354 0.054946786       0.026803643
15     S:IDR:IDL   4  32  1.2175042 0.322743919       0.014183110
16 grp:S:IDR:IDL   4  32  0.8766889 0.488740879       0.010253549

$`Mauchly's Test for Sphericity`
          Effect          W          p p<.05
3              S 0.54438431 0.11903361      
4          grp:S 0.54438431 0.11903361      
5            IDR 0.71060801 0.30248604      
6        grp:IDR 0.71060801 0.30248604      
9          S:IDR 0.39417337 0.75341657      
10     grp:S:IDR 0.39417337 0.75341657      
11         S:IDL 0.46362250 0.06785405      
12     grp:S:IDL 0.46362250 0.06785405      
13       IDR:IDL 0.72686598 0.32740869      
14   grp:IDR:IDL 0.72686598 0.32740869      
15     S:IDR:IDL 0.07516729 0.06388790      
16 grp:S:IDR:IDL 0.07516729 0.06388790      

$`Sphericity Corrections`
          Effect       GGe      p[GG] p[GG]<.05       HFe       p[HF] p[HF]<.05
3              S 0.6869945 0.57296099           0.7822128 0.596062627          
4          grp:S 0.6869945 0.49722054           0.7822128 0.515328055          
5            IDR 0.7755593 0.02410060         * 0.9272979 0.017026537         *
6        grp:IDR 0.7755593 0.78659670           0.9272979 0.824647674          
9          S:IDR 0.6486239 0.30543161           0.9874407 0.299125887          
10     grp:S:IDR 0.6486239 0.03858961         * 0.9874407 0.017937995         *
11         S:IDL 0.6508817 0.61689531           0.7252559 0.638500181          
12     grp:S:IDL 0.6508817 0.76362352           0.7252559 0.788096599          
13       IDR:IDL 0.7854633 0.00333379         * 0.9440193 0.001641878         *
14   grp:IDR:IDL 0.7854633 0.07057515           0.9440193 0.058644097          
15     S:IDR:IDL 0.5438665 0.32312042           0.7545321 0.324836048          
16 grp:S:IDR:IDL 0.5438665 0.44194400           0.7545321 0.467433776          

