[1] "Summary by group"
  grp peakVelLrel.m peakVelLrel.s
1   C     0.9897826    0.08643245
2   U     0.9699921    0.10218992
[1] "Summary by session\n"
  S peakVelLrel.m peakVelLrel.s
1 1     0.9730887    0.09385484
2 2     0.9865385    0.09042482
3 3     0.9800348    0.10069301
[1] "Summary by IDR+IDR\n"
  IDL IDR peakVelLrel.m peakVelLrel.s
1   D   D     0.9962679    0.06972577
2   D   M     0.9820465    0.06412871
3   D   E     0.9338106    0.07368260
4   E   D     1.0022521    0.10636275
5   E   M     0.9828819    0.13120207
6   E   E     0.9820651    0.09414740
[1] "Summary by group + Session\n"
  grp S peakVelLrel.m peakVelLrel.s
1   C 1     0.9790746    0.07776005
2   C 2     0.9867306    0.08696330
3   C 3     1.0035424    0.09302427
4   U 1     0.9671028    0.10769097
5   U 2     0.9863464    0.09424690
6   U 3     0.9565273    0.10305794
[1] "Summary by Session + IDR + IDL \n"
   S IDL IDR peakVelLrel.m peakVelLrel.s
1  1   D   D     1.0002305    0.07282816
2  1   D   M     0.9722727    0.08546293
3  1   D   E     0.9195474    0.07709419
4  1   E   D     1.0035437    0.09633630
5  1   E   M     0.9818733    0.10422899
6  1   E   E     0.9610648    0.10372189
7  2   D   D     0.9918806    0.08214319
8  2   D   M     0.9833832    0.04956502
9  2   D   E     0.9355069    0.08065079
10 2   E   D     1.0055201    0.11414070
11 2   E   M     1.0086933    0.10599668
12 2   E   E     0.9942469    0.08259371
13 3   D   D     0.9966925    0.05322171
14 3   D   M     0.9904836    0.05182837
15 3   D   E     0.9463776    0.06194293
16 3   E   D     0.9976927    0.11124861
17 3   E   M     0.9580791    0.17147448
18 3   E   E     0.9908836    0.09451116
[1] "Summary by group + IDR + IDL\n"
   grp IDL IDR peakVelLrel.m peakVelLrel.s
1    C   D   D     0.9972213    0.05155606
2    C   D   M     1.0038398    0.05930232
3    C   D   E     0.9553950    0.06997247
4    C   E   D     1.0063751    0.10927908
5    C   E   M     0.9983826    0.10812627
6    C   E   E     0.9774817    0.09480593
7    U   D   D     0.9953145    0.08469930
8    U   D   M     0.9602532    0.06188862
9    U   D   E     0.9122263    0.07164179
10   U   E   D     0.9981292    0.10443418
11   U   E   M     0.9673812    0.15045410
12   U   E   E     0.9866485    0.09432805
[1] "Summary by group + Session + IDR + IDL\n"
   grp S IDL IDR peakVelLrel.m peakVelLrel.s
1    C 1   D   D     0.9929075    0.05198109
2    C 1   D   M     1.0015762    0.08759949
3    C 1   D   E     0.9431032    0.06540347
4    C 1   E   D     1.0019294    0.08403739
5    C 1   E   M     0.9832804    0.09356521
6    C 1   E   E     0.9516512    0.06671567
7    C 2   D   D     1.0048395    0.04987963
8    C 2   D   M     0.9933612    0.03815605
9    C 2   D   E     0.9510651    0.08111578
10   C 2   E   D     1.0077179    0.11658214
11   C 2   E   M     0.9965072    0.11682606
12   C 2   E   E     0.9668930    0.08692497
13   C 3   D   D     0.9939168    0.05540731
14   C 3   D   M     1.0165819    0.04032422
15   C 3   D   E     0.9720167    0.06365944
16   C 3   E   D     1.0094780    0.12978690
17   C 3   E   M     1.0153603    0.11740661
18   C 3   E   E     1.0139008    0.11826028
19   U 1   D   D     1.0075536    0.09038687
20   U 1   D   M     0.9429692    0.07493867
21   U 1   D   E     0.8959916    0.08273411
22   U 1   E   D     1.0051580    0.11025609
23   U 1   E   M     0.9804662    0.11723758
24   U 1   E   E     0.9704783    0.13283085
25   U 2   D   D     0.9789218    0.10549474
26   U 2   D   M     0.9734051    0.05847760
27   U 2   D   E     0.9199488    0.07984515
28   U 2   E   D     1.0033223    0.11569369
29   U 2   E   M     1.0208794    0.09647055
30   U 2   E   E     1.0216008    0.07050813
31   U 3   D   D     0.9994681    0.05273469
32   U 3   D   M     0.9643854    0.04978597
33   U 3   D   E     0.9207385    0.04986739
34   U 3   E   D     0.9859073    0.09216429
35   U 3   E   M     0.9007979    0.20022968
36   U 3   E   E     0.9678664    0.05815481
