[1] "q2Lrel ~S*IDR*IDL*grp + Error(pp/(S*IDR*IDL))"
$ANOVA
          Effect DFn DFd           F            p p<.05          ges
2            grp   1   8  0.76639046 4.068513e-01       0.0334490255
3              S   2  16  1.19230216 3.290982e-01       0.0127499018
5            IDR   2  16 52.42287236 9.442978e-08     * 0.1534190886
7            IDL   1   8  1.55930658 2.470691e-01       0.0634686731
4          grp:S   2  16  2.72016189 9.618540e-02       0.0286204866
6        grp:IDR   2  16  1.75071115 2.053192e-01       0.0060156720
8        grp:IDL   1   8  0.01396913 9.088300e-01       0.0006067521
9          S:IDR   4  32  0.99933986 4.222831e-01       0.0069813213
11         S:IDL   2  16  0.60310152 5.590872e-01       0.0045486373
13       IDR:IDL   2  16 16.51386013 1.286549e-04     * 0.0681854857
10     grp:S:IDR   4  32  2.78714576 4.299253e-02     * 0.0192306328
12     grp:S:IDL   2  16  0.72436763 4.998598e-01       0.0054582433
14   grp:IDR:IDL   2  16  0.23680106 7.918652e-01       0.0010481949
15     S:IDR:IDL   4  32  2.42739742 6.807603e-02       0.0073536252
16 grp:S:IDR:IDL   4  32  0.78684531 5.422669e-01       0.0023955970

$`Mauchly's Test for Sphericity`
          Effect         W         p p<.05
3              S 0.8004156 0.4587799      
4          grp:S 0.8004156 0.4587799      
5            IDR 0.6099670 0.1772442      
6        grp:IDR 0.6099670 0.1772442      
9          S:IDR 0.1905118 0.3193112      
10     grp:S:IDR 0.1905118 0.3193112      
11         S:IDL 0.8369896 0.5364389      
12     grp:S:IDL 0.8369896 0.5364389      
13       IDR:IDL 0.7952497 0.4484998      
14   grp:IDR:IDL 0.7952497 0.4484998      
15     S:IDR:IDL 0.1955040 0.3316904      
16 grp:S:IDR:IDL 0.1955040 0.3316904      

$`Sphericity Corrections`
          Effect       GGe        p[GG] p[GG]<.05       HFe        p[HF]
3              S 0.8336220 3.249247e-01           1.0268197 3.290982e-01
4          grp:S 0.8336220 1.086577e-01           1.0268197 9.618540e-02
5            IDR 0.7194074 4.333459e-06         * 0.8344020 8.996639e-07
6        grp:IDR 0.7194074 2.166474e-01           0.8344020 2.122766e-01
9          S:IDR 0.6032516 3.997661e-01           0.8822749 4.171973e-01
10     grp:S:IDR 0.6032516 7.807883e-02           0.8822749 5.119746e-02
11         S:IDL 0.8598376 5.370744e-01           1.0729601 5.590872e-01
12     grp:S:IDL 0.8598376 4.823168e-01           1.0729601 4.998598e-01
13       IDR:IDL 0.8300475 3.955628e-04         * 1.0205875 1.286549e-04
14   grp:IDR:IDL 0.8300475 7.523782e-01           1.0205875 7.918652e-01
15     S:IDR:IDL 0.6253356 1.039614e-01           0.9325950 7.338890e-02
16 grp:S:IDR:IDL 0.6253356 4.947046e-01           0.9325950 5.351377e-01
   p[HF]<.05
3           
4           
5          *
6           
9           
10          
11          
12          
13         *
14          
15          
16          

