Post-hoc Tukey comparisons[1] "grp Tukey test"

	Pairwise comparisons using paired t tests 

data:  mdata$q2Lrel and mdata$grp 

  C      
U 0.00014

P value adjustment method: bonferroni 
[1] "S Tukey test"

	Pairwise comparisons using paired t tests 

data:  mdata$q2Lrel and mdata$S 

  1      2     
2 0.0032 -     
3 0.0800 1.0000

P value adjustment method: bonferroni 
[1] "IDR Tukey test"

	Pairwise comparisons using paired t tests 

data:  mdata$q2Lrel and mdata$IDR 

  D       M      
M 3.3e-11 -      
E < 2e-16 3.0e-09

P value adjustment method: bonferroni 
[1] "IDL Tukey test"
