[1] "Summary by group"
  grp  q2Lrel.m  q2Lrel.s
1   C 0.9235007 0.1163108
2   U 0.9593526 0.1277255
[1] "Summary by session\n"
  S  q2Lrel.m  q2Lrel.s
1 1 0.9264453 0.1316539
2 2 0.9523152 0.1235870
3 3 0.9455196 0.1133469
[1] "Summary by IDR+IDR\n"
  IDL IDR  q2Lrel.m   q2Lrel.s
1   D   D 0.9975376 0.09271087
2   D   M 0.9180353 0.08616952
3   D   E 0.8334508 0.08461187
4   E   D 0.9871128 0.12589041
5   E   M 0.9621320 0.14590815
6   E   E 0.9502915 0.11695515
[1] "Summary by group + Session\n"
  grp S  q2Lrel.m  q2Lrel.s
1   C 1 0.8963406 0.1122965
2   C 2 0.9231830 0.1143111
3   C 3 0.9509786 0.1170533
4   U 1 0.9565499 0.1428873
5   U 2 0.9814474 0.1262365
6   U 3 0.9400606 0.1098982
[1] "Summary by Session + IDR + IDL \n"
   S IDL IDR  q2Lrel.m   q2Lrel.s
1  1   D   D 0.9844085 0.10384623
2  1   D   M 0.8889983 0.10015163
3  1   D   E 0.8144267 0.08815249
4  1   E   D 0.9918967 0.12361586
5  1   E   M 0.9622572 0.15604759
6  1   E   E 0.9166841 0.12249031
7  2   D   D 1.0077947 0.10372655
8  2   D   M 0.9305316 0.08234279
9  2   D   E 0.8321252 0.08765372
10 2   E   D 0.9850518 0.13103794
11 2   E   M 0.9868816 0.12710050
12 2   E   E 0.9715063 0.11993047
13 3   D   D 1.0004097 0.06737782
14 3   D   M 0.9345761 0.06826535
15 3   D   E 0.8538006 0.07558172
16 3   E   D 0.9843899 0.12708507
17 3   E   M 0.9372570 0.15348165
18 3   E   E 0.9626841 0.10391734
[1] "Summary by group + IDR + IDL\n"
   grp IDL IDR  q2Lrel.m   q2Lrel.s
1    C   D   D 0.9792054 0.10489155
2    C   D   M 0.9133336 0.10029303
3    C   D   E 0.8098299 0.08970801
4    C   E   D 0.9728157 0.11236916
5    C   E   M 0.9475196 0.11506823
6    C   E   E 0.9183001 0.09017558
7    U   D   D 1.0158698 0.07547385
8    U   D   M 0.9227370 0.07010861
9    U   D   E 0.8570718 0.07274793
10   U   E   D 1.0014099 0.13788419
11   U   E   M 0.9767443 0.17141989
12   U   E   E 0.9822829 0.13207133
[1] "Summary by group + Session + IDR + IDL\n"
   grp S IDL IDR  q2Lrel.m   q2Lrel.s
1    C 1   D   D 0.9481985 0.12212777
2    C 1   D   M 0.8646568 0.12839398
3    C 1   D   E 0.7920474 0.09575824
4    C 1   E   D 0.9542729 0.07412138
5    C 1   E   M 0.9193771 0.09793115
6    C 1   E   E 0.8994909 0.06874960
7    C 2   D   D 1.0060639 0.11737246
8    C 2   D   M 0.9189900 0.08596931
9    C 2   D   E 0.7912220 0.08778679
10   C 2   E   D 0.9691146 0.10404063
11   C 2   E   M 0.9448518 0.09264405
12   C 2   E   E 0.9088557 0.07595003
13   C 3   D   D 0.9833538 0.06376148
14   C 3   D   M 0.9563540 0.05640384
15   C 3   D   E 0.8462203 0.07929330
16   C 3   E   D 0.9950597 0.14984217
17   C 3   E   M 0.9783300 0.14685673
18   C 3   E   E 0.9465537 0.11718252
19   U 1   D   D 1.0206185 0.06792303
20   U 1   D   M 0.9133397 0.05497710
21   U 1   D   E 0.8368060 0.07651100
22   U 1   E   D 1.0295206 0.15207217
23   U 1   E   M 1.0051374 0.19212091
24   U 1   E   E 0.9338774 0.16037303
25   U 2   D   D 1.0095255 0.09221819
26   U 2   D   M 0.9420732 0.07980483
27   U 2   D   E 0.8730284 0.06799614
28   U 2   E   D 1.0009890 0.15556239
29   U 2   E   M 1.0289115 0.14524006
30   U 2   E   E 1.0341568 0.12495876
31   U 3   D   D 1.0174656 0.06866526
32   U 3   D   M 0.9127983 0.07386128
33   U 3   D   E 0.8613809 0.07363884
34   U 3   E   D 0.9737201 0.10372182
35   U 3   E   M 0.8961840 0.15366835
36   U 3   E   E 0.9788145 0.08988704
