[1] "q3 ~(S*ID*grp)+Error(pp/(S*ID))+grp"
$ANOVA
    Effect DFn DFd          F          p p<.05         ges
2      grp   1   8 0.07481259 0.79138322       0.004509269
3        S   2  16 4.80091685 0.02326973     * 0.117662520
5       ID   1   8 6.96101462 0.02978844     * 0.130100149
4    grp:S   2  16 0.12813448 0.88062873       0.003546519
6   grp:ID   1   8 0.17332324 0.68812000       0.003710040
7     S:ID   2  16 1.63666107 0.22558344       0.024259580
8 grp:S:ID   2  16 2.22920235 0.13995414       0.032754899

$`Mauchly's Test for Sphericity`
    Effect         W         p p<.05
3        S 0.7372522 0.3440774      
4    grp:S 0.7372522 0.3440774      
7     S:ID 0.8448742 0.5543349      
8 grp:S:ID 0.8448742 0.5543349      

$`Sphericity Corrections`
    Effect       GGe     p[GG] p[GG]<.05       HFe      p[HF] p[HF]<.05
3        S 0.7919237 0.0343699         * 0.9549826 0.02530778         *
4    grp:S 0.7919237 0.8348592           0.9549826 0.87211914          
7     S:ID 0.8657066 0.2299905           1.0833956 0.22558344          
8 grp:S:ID 0.8657066 0.1488965           1.0833956 0.13995414          

