Post-hoc Tukey comparisons[1] "grp Tukey test"

	Pairwise comparisons using paired t tests 

data:  mdata$q4Rrel and mdata$grp 

  C    
U 0.061

P value adjustment method: bonferroni 
[1] "S Tukey test"

	Pairwise comparisons using paired t tests 

data:  mdata$q4Rrel and mdata$S 

  1      2     
2 0.0026 -     
3 0.1182 0.5029

P value adjustment method: bonferroni 
[1] "IDR Tukey test"

	Pairwise comparisons using paired t tests 

data:  mdata$q4Rrel and mdata$IDR 

  D      M      
M 0.0091 -      
E 0.0017 5.3e-10

P value adjustment method: bonferroni 
[1] "IDL Tukey test"
