[1] "vfCircularityL ~(S*DID*grp)+Error(pp/(S*DID))+grp"
$ANOVA
     Effect DFn DFd         F           p p<.05        ges
2       grp   1   8 12.205096 0.008155493     * 0.30586101
3         S   2  16  3.833059 0.043645930     * 0.13165073
5       DID   2  16  4.439474 0.029261981     * 0.07872197
4     grp:S   2  16  4.365649 0.030689127     * 0.14724960
6   grp:DID   2  16  1.815960 0.194651511       0.03377221
7     S:DID   4  32  2.841526 0.040128887     * 0.07878307
8 grp:S:DID   4  32  2.053582 0.110294387       0.05820847

$`Mauchly's Test for Sphericity`
     Effect         W          p p<.05
3         S 0.6877884 0.26983105      
4     grp:S 0.6877884 0.26983105      
5       DID 0.5234361 0.10375830      
6   grp:DID 0.5234361 0.10375830      
7     S:DID 0.0363463 0.01420886     *
8 grp:S:DID 0.0363463 0.01420886     *

$`Sphericity Corrections`
     Effect       GGe      p[GG] p[GG]<.05       HFe      p[HF] p[HF]<.05
3         S 0.7620722 0.06022127           0.9046912 0.04963209         *
4     grp:S 0.7620722 0.04537349         * 0.9046912 0.03587022         *
5       DID 0.6772480 0.05043839           0.7667187 0.04333243         *
6   grp:DID 0.6772480 0.20913310           0.7667187 0.20541725          
7     S:DID 0.3918877 0.10450439           0.4705812 0.09214220          
8 grp:S:DID 0.3918877 0.17380308           0.4705812 0.16427286          

