[1] "Summary by group"
  grp vfCircularityL.m vfCircularityL.s
1   C        0.3384600       0.04776705
2   U        0.3848349       0.05823160
[1] "Summary by session\n"
  S vfCircularityL.m vfCircularityL.s
1 1        0.3806771       0.05099839
2 2        0.3497048       0.03746314
3 3        0.3545604       0.07487551
[1] "Summary by DID\n"
  DID vfCircularityL.m vfCircularityL.s
1   1        0.3590109       0.04723685
2   2        0.3752613       0.07211407
3   3        0.3506701       0.04923227
[1] "Summary by group + Session\n"
  grp S vfCircularityL.m vfCircularityL.s
1   C 1        0.3679413       0.04743985
2   C 2        0.3365924       0.03646488
3   C 3        0.3108462       0.04118543
4   U 1        0.3934129       0.05175393
5   U 2        0.3628171       0.03402208
6   U 3        0.3982747       0.07573066
[1] "Summary by Session + DID\n"
  S DID vfCircularityL.m vfCircularityL.s
1 1   1        0.3945190       0.04494621
2 1   2        0.3882497       0.05397703
3 1   3        0.3592627       0.04812771
4 2   1        0.3409327       0.03058531
5 2   2        0.3566210       0.03892993
6 2   3        0.3515607       0.04151629
7 3   1        0.3415810       0.04399489
8 3   2        0.3809133       0.10470866
9 3   3        0.3411870       0.05681991
[1] "Summary by group + DID\n"
  grp DID vfCircularityL.m vfCircularityL.s
1   C   1        0.3431878       0.04639548
2   C   2        0.3435649       0.05246059
3   C   3        0.3286273       0.04354013
4   U   1        0.3748340       0.04299639
5   U   2        0.4069578       0.07557751
6   U   3        0.3727129       0.04486784
[1] "Summary by group + Session + DID\n"
   grp S DID vfCircularityL.m vfCircularityL.s
1    C 1   1        0.3832113       0.04788076
2    C 1   2        0.3747307       0.05038808
3    C 1   3        0.3458820       0.03769630
4    C 2   1        0.3302773       0.02165362
5    C 2   2        0.3443680       0.04212253
6    C 2   3        0.3351320       0.04273219
7    C 3   1        0.3160747       0.03634779
8    C 3   2        0.3115960       0.04690252
9    C 3   3        0.3048680       0.04173545
10   U 1   1        0.4058267       0.04022513
11   U 1   2        0.4017687       0.05571853
12   U 1   3        0.3726433       0.05471131
13   U 2   1        0.3515880       0.03500814
14   U 2   2        0.3688740       0.03230023
15   U 2   3        0.3679893       0.03414557
16   U 3   1        0.3670873       0.03597371
17   U 3   2        0.4502307       0.10106877
18   U 3   3        0.3775060       0.04603461
