[1] "q2R ~(S*DID*grp)+Error(pp/(S*DID))+grp"
$ANOVA
     Effect DFn DFd          F            p p<.05         ges
2       grp   1   8  1.9264275 0.2025799912       0.147217504
3         S   2  16  5.7339655 0.0132541620     * 0.096746860
5       DID   2  16 11.5291235 0.0007929721     * 0.068304286
4     grp:S   2  16  1.5335585 0.2458553205       0.027848800
6   grp:DID   2  16  5.4236324 0.0159132719     * 0.033338217
7     S:DID   4  32  0.6288523 0.6454444073       0.006465838
8 grp:S:DID   4  32  1.0523830 0.3959230282       0.010773650

$`Mauchly's Test for Sphericity`
     Effect         W          p p<.05
3         S 0.3966847 0.03931508     *
4     grp:S 0.3966847 0.03931508     *
5       DID 0.5677872 0.13792710      
6   grp:DID 0.5677872 0.13792710      
7     S:DID 0.1060462 0.12025198      
8 grp:S:DID 0.1060462 0.12025198      

$`Sphericity Corrections`
     Effect       GGe       p[GG] p[GG]<.05       HFe      p[HF] p[HF]<.05
3         S 0.6237077 0.032336008         * 0.6832004 0.02804272         *
4     grp:S 0.6237077 0.251772936           0.6832004 0.25152450          
5       DID 0.6982203 0.003497035         * 0.8001719 0.00211198         *
6   grp:DID 0.6982203 0.030962273         * 0.8001719 0.02469142         *
7     S:DID 0.5741044 0.565320928           0.8182471 0.61606512          
8 grp:S:DID 0.5741044 0.377874342           0.8182471 0.39035574          

