[1] "Summary by group"
  grp     q2R.m      q2R.s
1   C 0.6862292 0.07386836
2   U 0.7387574 0.08020141
[1] "Summary by session\n"
  S     q2R.m      q2R.s
1 1 0.6841188 0.06866156
2 2 0.7205042 0.08285941
3 3 0.7328569 0.08434555
[1] "Summary by DID\n"
  DID     q2R.m      q2R.s
1   1 0.6905332 0.07125322
2   2 0.7146571 0.07688495
3   3 0.7322896 0.09008686
[1] "Summary by group + Session\n"
  grp S     q2R.m      q2R.s
1   C 1 0.6628353 0.06644153
2   C 2 0.6793767 0.07511988
3   C 3 0.7164756 0.07082927
4   U 1 0.7054022 0.06476827
5   U 2 0.7616318 0.06917056
6   U 3 0.7492382 0.09393802
[1] "Summary by Session + DID\n"
  S DID     q2R.m      q2R.s
1 1   1 0.6533290 0.05652698
2 1   2 0.6939467 0.06931335
3 1   3 0.7050807 0.07023925
4 2   1 0.7045470 0.07395332
5 2   2 0.7158407 0.07970942
6 2   3 0.7411250 0.09231501
7 3   1 0.7137237 0.06874176
8 3   2 0.7341840 0.07838381
9 3   3 0.7506630 0.10126787
[1] "Summary by group + DID\n"
  grp DID     q2R.m      q2R.s
1   C   1 0.6803280 0.07222293
2   C   2 0.6840098 0.07431366
3   C   3 0.6943498 0.07596618
4   U   1 0.7007384 0.06957192
5   U   2 0.7453044 0.06718042
6   U   3 0.7702293 0.08775301
[1] "Summary by group + Session + DID\n"
   grp S DID     q2R.m      q2R.s
1    C 1   1 0.6487513 0.06491702
2    C 1   2 0.6590047 0.07079453
3    C 1   3 0.6807500 0.06384260
4    C 2   1 0.6776987 0.07260307
5    C 2   2 0.6696967 0.06429670
6    C 2   3 0.6907347 0.08993458
7    C 3   1 0.7145340 0.06766724
8    C 3   2 0.7233280 0.07526485
9    C 3   3 0.7115647 0.07377802
10   U 1   1 0.6579067 0.04857686
11   U 1   2 0.7288887 0.04820451
12   U 1   3 0.7294113 0.06982186
13   U 2   1 0.7313953 0.06717878
14   U 2   2 0.7619847 0.06681487
15   U 2   3 0.7915153 0.06421450
16   U 3   1 0.7129133 0.07216736
17   U 3   2 0.7450400 0.08252008
18   U 3   3 0.7897613 0.11191040
