[1] "q1R ~(S*DID*grp)+Error(pp/(S*DID))+grp"
$ANOVA
     Effect DFn DFd          F            p p<.05         ges
2       grp   1   8  0.8760144 3.766845e-01       0.054907106
3         S   2  16  0.7709673 4.790049e-01       0.026512981
5       DID   2  16 30.6466305 3.371528e-06     * 0.217632607
4     grp:S   2  16  0.6607114 5.300189e-01       0.022807842
6   grp:DID   2  16  0.5226999 6.027016e-01       0.004722015
7     S:DID   4  32  1.1237692 3.626698e-01       0.015791438
8 grp:S:DID   4  32  1.7590918 1.614996e-01       0.024500391

$`Mauchly's Test for Sphericity`
     Effect         W         p p<.05
3         S 0.6681677 0.2438368      
4     grp:S 0.6681677 0.2438368      
5       DID 0.6182991 0.1858639      
6   grp:DID 0.6182991 0.1858639      
7     S:DID 0.2624244 0.4922102      
8 grp:S:DID 0.2624244 0.4922102      

$`Sphericity Corrections`
     Effect       GGe        p[GG] p[GG]<.05       HFe        p[HF] p[HF]<.05
3         S 0.7508453 4.488226e-01           0.8860163 4.662851e-01          
4     grp:S 0.7508453 4.924215e-01           0.8860163 5.140806e-01          
5       DID 0.7237456 5.543387e-05         * 0.8414656 1.675164e-05         *
6   grp:DID 0.7237456 5.495426e-01           0.8414656 5.741789e-01          
7     S:DID 0.6338312 3.557862e-01           0.9523862 3.622707e-01          
8 grp:S:DID 0.6338312 1.920218e-01           0.9523862 1.651943e-01          

