[1] "Summary by group"
  grp     q1R.m      q1R.s
1   C 0.8673303 0.05116999
2   U 0.8858282 0.05369375
[1] "Summary by session\n"
  S     q1R.m      q1R.s
1 1 0.8693129 0.05675184
2 2 0.8756790 0.05237087
3 3 0.8847459 0.04957181
[1] "Summary by DID\n"
  DID     q1R.m      q1R.s
1   1 0.8979674 0.04823781
2   2 0.8823560 0.04877881
3   3 0.8494143 0.05092816
[1] "Summary by group + Session\n"
  grp S     q1R.m      q1R.s
1   C 1 0.8612173 0.05753139
2   C 2 0.8587433 0.04942860
3   C 3 0.8820302 0.04343321
4   U 1 0.8774084 0.05541503
5   U 2 0.8926147 0.05017861
6   U 3 0.8874616 0.05539900
[1] "Summary by Session + DID\n"
  S DID     q1R.m      q1R.s
1 1   1 0.8839343 0.05992563
2 1   2 0.8755697 0.05005152
3 1   3 0.8484347 0.05545821
4 2   1 0.8978713 0.04344932
5 2   2 0.8784943 0.05261295
6 2   3 0.8506713 0.05095764
7 3   1 0.9120967 0.03538307
8 3   2 0.8930040 0.04299506
9 3   3 0.8491370 0.04780068
[1] "Summary by group + DID\n"
  grp DID     q1R.m      q1R.s
1   C   1 0.8885127 0.04605732
2   C   2 0.8699778 0.04614211
3   C   3 0.8435004 0.05173899
4   U   1 0.9074222 0.04901561
5   U   2 0.8947342 0.04868594
6   U   3 0.8553282 0.04997840
[1] "Summary by group + Session + DID\n"
   grp S DID     q1R.m      q1R.s
1    C 1   1 0.8853360 0.06386279
2    C 1   2 0.8578880 0.04528276
3    C 1   3 0.8404280 0.05634920
4    C 2   1 0.8752807 0.03929138
5    C 2   2 0.8566607 0.05438989
6    C 2   3 0.8442887 0.05152658
7    C 3   1 0.9049213 0.02361615
8    C 3   2 0.8953847 0.02538534
9    C 3   3 0.8457847 0.05066158
10   U 1   1 0.8825327 0.05793103
11   U 1   2 0.8932513 0.04968676
12   U 1   3 0.8564413 0.05530197
13   U 2   1 0.9204620 0.03568107
14   U 2   2 0.9003280 0.04188303
15   U 2   3 0.8570540 0.05134739
16   U 3   1 0.9192720 0.04387824
17   U 3   2 0.8906233 0.05632611
18   U 3   3 0.8524893 0.04628541
