Post-hoc Tukey comparisons[1] "grp Tukey test"

	Pairwise comparisons using paired t tests 

data:  mdata$q2L and mdata$grp 

  C   
U 0.44

P value adjustment method: bonferroni 
[1] "S Tukey test"

	Pairwise comparisons using paired t tests 

data:  mdata$q2L and mdata$S 

  1     2   
2 8e-09 -   
3 8e-13 0.18

P value adjustment method: bonferroni 
[1] "IDR Tukey test"

	Pairwise comparisons using paired t tests 

data:  mdata$q2L and mdata$IDR 

  D       M      
M 3.6e-12 -      
E < 2e-16 7.0e-10

P value adjustment method: bonferroni 
[1] "IDL Tukey test"
