[1] "maxangleR ~S*IDR*IDL*grp + Error(pp/(S*IDR*IDL))"
$ANOVA
          Effect DFn DFd           F            p p<.05         ges
2            grp   1   8  0.02243477 8.846436e-01       0.000609322
3              S   2  16 23.66968804 1.657943e-05     * 0.171586469
5            IDR   2  16 87.65150331 2.394338e-09     * 0.531637339
7            IDL   1   8 18.39302294 2.656006e-03     * 0.210695909
4          grp:S   2  16  1.00805424 3.869652e-01       0.008744058
6        grp:IDR   2  16  2.57181578 1.075284e-01       0.032231835
8        grp:IDL   1   8  9.71179105 1.430689e-02     * 0.123535630
9          S:IDR   4  32  0.32153131 8.614383e-01       0.006190541
11         S:IDL   2  16  2.32304933 1.300936e-01       0.040357485
13       IDR:IDL   2  16  3.74170425 4.643771e-02     * 0.035565168
10     grp:S:IDR   4  32  0.79715309 5.359235e-01       0.015208564
12     grp:S:IDL   2  16  1.28089300 3.047907e-01       0.022662795
14   grp:IDR:IDL   2  16  1.60587857 2.314319e-01       0.015580289
15     S:IDR:IDL   4  32  0.23122911 9.187833e-01       0.003290576
16 grp:S:IDR:IDL   4  32  0.61485055 6.550619e-01       0.008702308

$`Mauchly's Test for Sphericity`
          Effect          W          p p<.05
3              S 0.31454916 0.01745460     *
4          grp:S 0.31454916 0.01745460     *
5            IDR 0.91066387 0.72069809      
6        grp:IDR 0.91066387 0.72069809      
9          S:IDR 0.08349512 0.07810924      
10     grp:S:IDR 0.08349512 0.07810924      
11         S:IDL 0.76317737 0.38831950      
12     grp:S:IDL 0.76317737 0.38831950      
13       IDR:IDL 0.98779290 0.95792311      
14   grp:IDR:IDL 0.98779290 0.95792311      
15     S:IDR:IDL 0.21661068 0.38388577      
16 grp:S:IDR:IDL 0.21661068 0.38388577      

$`Sphericity Corrections`
          Effect       GGe        p[GG] p[GG]<.05       HFe        p[HF]
3              S 0.5933131 5.518476e-04         * 0.6369557 3.775000e-04
4          grp:S 0.5933131 3.562204e-01           0.6369557 3.607804e-01
5            IDR 0.9179903 9.831977e-09         * 1.1781132 2.394338e-09
6        grp:IDR 0.9179903 1.134281e-01           1.1781132 1.075284e-01
9          S:IDR 0.4953833 7.277212e-01           0.6577173 7.844848e-01
10     grp:S:IDR 0.4953833 4.668004e-01           0.6577173 4.946789e-01
11         S:IDL 0.8085234 1.434648e-01           0.9833552 1.312146e-01
12     grp:S:IDL 0.8085234 3.025510e-01           0.9833552 3.046859e-01
13       IDR:IDL 0.9879401 4.716911e-02         * 1.3099774 4.643771e-02
14   grp:IDR:IDL 0.9879401 2.318132e-01           1.3099774 2.314319e-01
15     S:IDR:IDL 0.6469809 8.470835e-01           0.9835093 9.164493e-01
16 grp:S:IDR:IDL 0.6469809 5.903368e-01           0.9835093 6.525490e-01
   p[HF]<.05
3          *
4           
5          *
6           
9           
10          
11          
12          
13         *
14          
15          
16          

