Post-hoc Tukey comparisons[1] "grp Tukey test"

	Pairwise comparisons using paired t tests 

data:  mdata$maxangleR and mdata$grp 

  C   
U 0.73

P value adjustment method: bonferroni 
[1] "S Tukey test"

	Pairwise comparisons using paired t tests 

data:  mdata$maxangleR and mdata$S 

  1       2
2 1.2e-08 -
3 1.3e-09 1

P value adjustment method: bonferroni 
[1] "IDR Tukey test"

	Pairwise comparisons using paired t tests 

data:  mdata$maxangleR and mdata$IDR 

  D       M      
M < 2e-16 -      
E < 2e-16 4.1e-16

P value adjustment method: bonferroni 
[1] "IDL Tukey test"
