[1] "Summary by group"
  grp maxangleR.m maxangleR.s
1   C    1.867851   0.7153773
2   U    1.886931   0.7987648
[1] "Summary by session\n"
  S maxangleR.m maxangleR.s
1 1    2.124808   0.7872649
2 2    1.775373   0.6885205
3 3    1.731992   0.7355557
[1] "Summary by IDR+IDR\n"
  IDL IDR maxangleR.m maxangleR.s
1   D   D    1.075363   0.2211231
2   D   M    1.717114   0.7313529
3   D   E    2.240818   0.6562242
4   E   D    1.684477   0.6330897
5   E   M    2.011402   0.6841112
6   E   E    2.535172   0.5377709
[1] "Summary by group + Session\n"
  grp S maxangleR.m maxangleR.s
1   C 1    2.144474   0.7512142
2   C 2    1.787775   0.6757700
3   C 3    1.671303   0.6347259
4   U 1    2.105143   0.8254884
5   U 2    1.762970   0.7046073
6   U 3    1.792681   0.8233089
[1] "Summary by Session + IDR + IDL \n"
   S IDL IDR maxangleR.m maxangleR.s
1  1   D   D   1.2307187   0.1760785
2  1   D   M   1.8357667   0.7525845
3  1   D   E   2.3749933   0.6353284
4  1   E   D   2.1104953   0.7558923
5  1   E   M   2.2895100   0.7139350
6  1   E   E   2.9073667   0.3217812
7  2   D   D   1.0361670   0.1802924
8  2   D   M   1.6900213   0.7535013
9  2   D   E   2.2005600   0.6068700
10 2   E   D   1.4554633   0.2823555
11 2   E   M   1.9336500   0.6225699
12 2   E   E   2.3363733   0.5225292
13 3   D   D   0.9592047   0.2145564
14 3   D   M   1.6255540   0.6952526
15 3   D   E   2.1469000   0.7212702
16 3   E   D   1.4874710   0.5447898
17 3   E   M   1.8110467   0.6412590
18 3   E   E   2.3617767   0.5437513
[1] "Summary by group + IDR + IDL\n"
   grp IDL IDR maxangleR.m maxangleR.s
1    C   D   D    1.063209   0.2629815
2    C   D   M    1.483728   0.5489300
3    C   D   E    2.022564   0.5691618
4    C   E   D    1.861842   0.5583741
5    C   E   M    2.199589   0.6767408
6    C   E   E    2.576171   0.4486635
7    U   D   D    1.087518   0.1715829
8    U   D   M    1.950500   0.8180296
9    U   D   E    2.459071   0.6705729
10   U   E   D    1.507111   0.6592310
11   U   E   M    1.823216   0.6451641
12   U   E   E    2.494173   0.6166285
[1] "Summary by group + Session + IDR + IDL\n"
   grp S IDL IDR maxangleR.m maxangleR.s
1    C 1   D   D   1.2561573   0.2289633
2    C 1   D   M   1.7995333   0.7044470
3    C 1   D   E   2.2586467   0.5612139
4    C 1   E   D   2.2625667   0.7173093
5    C 1   E   M   2.4449533   0.7023520
6    C 1   E   E   2.8449867   0.3027369
7    C 2   D   D   1.0044800   0.1940302
8    C 2   D   M   1.4114560   0.5049066
9    C 2   D   E   2.0031467   0.5031976
10   C 2   E   D   1.5920067   0.2210988
11   C 2   E   M   2.2688867   0.6870507
12   C 2   E   E   2.4466733   0.4725965
13   C 3   D   D   0.9289900   0.2537726
14   C 3   D   M   1.2401947   0.1408703
15   C 3   D   E   1.8059000   0.5826902
16   C 3   E   D   1.7309533   0.3847727
17   C 3   E   M   1.8849267   0.5461583
18   C 3   E   E   2.4368533   0.4488542
19   U 1   D   D   1.2052800   0.1020340
20   U 1   D   M   1.8720000   0.8210750
21   U 1   D   E   2.4913400   0.7015327
22   U 1   E   D   1.9584240   0.7870648
23   U 1   E   M   2.1340667   0.7146597
24   U 1   E   E   2.9697467   0.3383698
25   U 2   D   D   1.0678540   0.1659313
26   U 2   D   M   1.9685867   0.8688322
27   U 2   D   E   2.3979733   0.6528166
28   U 2   E   D   1.3189200   0.2762384
29   U 2   E   M   1.5984133   0.3000184
30   U 2   E   E   2.2260733   0.5622797
31   U 3   D   D   0.9894193   0.1702946
32   U 3   D   M   2.0109133   0.8143812
33   U 3   D   E   2.4879000   0.6992275
34   U 3   E   D   1.2439887   0.5828424
35   U 3   E   M   1.7371667   0.7360797
36   U 3   E   E   2.2867000   0.6315865
