[1] "maxangleL ~S*IDR*IDL*grp + Error(pp/(S*IDR*IDL))"
$ANOVA
          Effect DFn DFd           F            p p<.05         ges
2            grp   1   8   0.6709127 4.364527e-01       0.014469751
3              S   2  16  10.5523927 1.195420e-03     * 0.201990226
5            IDR   2  16  22.4378132 2.277258e-05     * 0.275521804
7            IDL   1   8 263.0419009 2.100222e-07     * 0.728987151
4          grp:S   2  16   0.4209397 6.634916e-01       0.009996040
6        grp:IDR   2  16   7.7629271 4.401746e-03     * 0.116276520
8        grp:IDL   1   8   1.0738520 3.303822e-01       0.010861915
9          S:IDR   4  32   0.2818452 8.875564e-01       0.005465055
11         S:IDL   2  16   3.0928917 7.317483e-02       0.020664774
13       IDR:IDL   2  16  22.8482926 2.045836e-05     * 0.107667073
10     grp:S:IDR   4  32   1.2676698 3.030425e-01       0.024119412
12     grp:S:IDL   2  16   3.5625964 5.251422e-02       0.023728582
14   grp:IDR:IDL   2  16   1.3587048 2.850978e-01       0.007123975
15     S:IDR:IDL   4  32   1.0652697 3.897332e-01       0.021222458
16 grp:S:IDR:IDL   4  32   0.1425439 9.649858e-01       0.002892961

$`Mauchly's Test for Sphericity`
          Effect         W          p p<.05
3              S 0.5345080 0.11164513      
4          grp:S 0.5345080 0.11164513      
5            IDR 0.4096001 0.04398050     *
6        grp:IDR 0.4096001 0.04398050     *
9          S:IDR 0.1722912 0.27428162      
10     grp:S:IDR 0.1722912 0.27428162      
11         S:IDL 0.7000461 0.28704048      
12     grp:S:IDL 0.7000461 0.28704048      
13       IDR:IDL 0.4911981 0.08306126      
14   grp:IDR:IDL 0.4911981 0.08306126      
15     S:IDR:IDL 0.3857365 0.73994134      
16 grp:S:IDR:IDL 0.3857365 0.73994134      

$`Sphericity Corrections`
          Effect       GGe        p[GG] p[GG]<.05       HFe        p[HF]
3              S 0.6823647 0.0050528434         * 0.7748414 0.0033112788
4          grp:S 0.6823647 0.5917992985           0.7748414 0.6155207836
5            IDR 0.6287727 0.0004968747         * 0.6909878 0.0002952031
6        grp:IDR 0.6287727 0.0152727791         * 0.6909878 0.0123707991
9          S:IDR 0.5660329 0.7834329955           0.8009766 0.8499326831
10     grp:S:IDR 0.5660329 0.3089184004           0.8009766 0.3070613650
11         S:IDL 0.7692580 0.0909214805           0.9167124 0.0791360411
12     grp:S:IDL 0.7692580 0.0693197824           0.9167124 0.0580335595
13       IDR:IDL 0.6627776 0.0003476505         * 0.7438818 0.0001751682
14   grp:IDR:IDL 0.6627776 0.2830873761           0.7438818 0.2844418650
15     S:IDR:IDL 0.7178585 0.3809803987           1.1622598 0.3897331834
16 grp:S:IDR:IDL 0.7178585 0.9275378178           1.1622598 0.9649858322
   p[HF]<.05
3          *
4           
5          *
6          *
9           
10          
11          
12          
13         *
14          
15          
16          

