Post-hoc Tukey comparisons[1] "grp Tukey test"

	Pairwise comparisons using paired t tests 

data:  mdata$maxangleL and mdata$grp 

  C    
U 0.085

P value adjustment method: bonferroni 
[1] "S Tukey test"

	Pairwise comparisons using paired t tests 

data:  mdata$maxangleL and mdata$S 

  1       2
2 1.3e-09 -
3 2.3e-10 1

P value adjustment method: bonferroni 
[1] "IDR Tukey test"

	Pairwise comparisons using paired t tests 

data:  mdata$maxangleL and mdata$IDR 

  D       M      
M 0.092   -      
E 6.0e-14 1.5e-09

P value adjustment method: bonferroni 
[1] "IDL Tukey test"
