[1] "Summary by group"
  grp maxangleL.m maxangleL.s
1   C    1.991997   0.7958823
2   U    1.913272   0.7973846
[1] "Summary by session\n"
  S maxangleL.m maxangleL.s
1 1    2.183362   0.7702296
2 2    1.849127   0.7428691
3 3    1.825414   0.8284963
[1] "Summary by IDR+IDR\n"
  IDL IDR maxangleL.m maxangleL.s
1   D   D    1.069146   0.2335888
2   D   M    1.391962   0.4725290
3   D   E    1.798443   0.6882704
4   E   D    2.448994   0.6324323
5   E   M    2.348544   0.5707187
6   E   E    2.658717   0.5704127
[1] "Summary by group + Session\n"
  grp S maxangleL.m maxangleL.s
1   C 1    2.201839   0.7539694
2   C 2    1.934585   0.7847538
3   C 3    1.839566   0.8116981
4   U 1    2.164884   0.7899447
5   U 2    1.763669   0.6923154
6   U 3    1.811263   0.8492738
[1] "Summary by Session + IDR + IDL \n"
   S IDL IDR maxangleL.m maxangleL.s
1  1   D   D   1.2492447   0.1888438
2  1   D   M   1.6993833   0.5865618
3  1   D   E   2.0262227   0.6313847
4  1   E   D   2.6745333   0.5705051
5  1   E   M   2.5360767   0.5424857
6  1   E   E   2.9147100   0.4019653
7  2   D   D   1.0375300   0.1840960
8  2   D   M   1.2815267   0.3910564
9  2   D   E   1.7906340   0.6959881
10 2   E   D   2.2857767   0.5879286
11 2   E   M   2.3001533   0.5354088
12 2   E   E   2.3991400   0.6032335
13 3   D   D   0.9206647   0.2012607
14 3   D   M   1.1949747   0.1942800
15 3   D   E   1.5784710   0.6833596
16 3   E   D   2.3866733   0.6871401
17 3   E   M   2.2094033   0.5998652
18 3   E   E   2.6623000   0.5792889
[1] "Summary by group + IDR + IDL\n"
   grp IDL IDR maxangleL.m maxangleL.s
1    C   D   D    1.052352   0.2778433
2    C   D   M    1.370080   0.3685213
3    C   D   E    2.057331   0.7185009
4    C   E   D    2.329382   0.6377580
5    C   E   M    2.336264   0.5782879
6    C   E   E    2.806571   0.4277547
7    U   D   D    1.085941   0.1805372
8    U   D   M    1.413843   0.5611191
9    U   D   E    1.539554   0.5521430
10   U   E   D    2.568607   0.6107632
11   U   E   M    2.360824   0.5693128
12   U   E   E    2.510862   0.6560843
[1] "Summary by group + Session + IDR + IDL\n"
   grp S IDL IDR maxangleL.m maxangleL.s
1    C 1   D   D   1.2885027   0.2264202
2    C 1   D   M   1.6283800   0.5211699
3    C 1   D   E   2.2175400   0.6604787
4    C 1   E   D   2.6326733   0.5821511
5    C 1   E   M   2.4871133   0.5286343
6    C 1   E   E   2.9568267   0.3052940
7    C 2   D   D   1.0090560   0.2131024
8    C 2   D   M   1.2480867   0.1302189
9    C 2   D   E   2.0239667   0.7481327
10   C 2   E   D   2.2578067   0.5991207
11   C 2   E   M   2.3554533   0.5918264
12   C 2   E   E   2.7131400   0.4486024
13   C 3   D   D   0.8594967   0.2105500
14   C 3   D   M   1.2337733   0.1758220
15   C 3   D   E   1.9304867   0.7619801
16   C 3   E   D   2.0976667   0.6472197
17   C 3   E   M   2.1662267   0.6046144
18   C 3   E   E   2.7497467   0.4935696
19   U 1   D   D   1.2099867   0.1389338
20   U 1   D   M   1.7703867   0.6559448
21   U 1   D   E   1.8349053   0.5577657
22   U 1   E   D   2.7163933   0.5758000
23   U 1   E   M   2.5850400   0.5700971
24   U 1   E   E   2.8725933   0.4875324
25   U 2   D   D   1.0660040   0.1518339
26   U 2   D   M   1.3149667   0.5453624
27   U 2   D   E   1.5573013   0.5718657
28   U 2   E   D   2.3137467   0.5961444
29   U 2   E   M   2.2448533   0.4868157
30   U 2   E   E   2.0851400   0.5841679
31   U 3   D   D   0.9818327   0.1776405
32   U 3   D   M   1.1561760   0.2098722
33   U 3   D   E   1.2264553   0.3480957
34   U 3   E   D   2.6756800   0.6165823
35   U 3   E   M   2.2525800   0.6130465
36   U 3   E   E   2.5748533   0.6596391
