[1] "Summary by group"
  grp  q3Rrel.m   q3Rrel.s
1   C 1.0053910 0.07202017
2   U 0.9674507 0.07992928
[1] "Summary by session\n"
  S  q3Rrel.m   q3Rrel.s
1 1 0.9985792 0.08397706
2 2 0.9869482 0.07835774
3 3 0.9737350 0.07055859
[1] "Summary by IDR+IDR\n"
  IDL IDR  q3Rrel.m   q3Rrel.s
1   D   D 0.9819650 0.09302167
2   D   M 0.9846515 0.07797232
3   D   E 0.9907087 0.06724789
4   E   D 0.9894419 0.09553041
5   E   M 0.9926935 0.06676714
6   E   E 0.9790642 0.06469845
[1] "Summary by group + Session\n"
  grp S  q3Rrel.m   q3Rrel.s
1   C 1 1.0209095 0.07707386
2   C 2 1.0117924 0.07141955
3   C 3 0.9834709 0.06217141
4   U 1 0.9762489 0.08505681
5   U 2 0.9621040 0.07745816
6   U 3 0.9639990 0.07717496
[1] "Summary by Session + IDR + IDL \n"
   S IDL IDR  q3Rrel.m   q3Rrel.s
1  1   D   D 0.9948216 0.11296300
2  1   D   M 0.9870547 0.08024459
3  1   D   E 1.0051439 0.06759746
4  1   E   D 1.0242484 0.10279281
5  1   E   M 1.0138233 0.05051448
6  1   E   E 0.9663835 0.06671226
7  2   D   D 0.9760242 0.08856790
8  2   D   M 0.9889229 0.06046607
9  2   D   E 0.9992843 0.05780961
10 2   E   D 0.9720049 0.09668442
11 2   E   M 0.9856578 0.08972780
12 2   E   E 0.9997954 0.07048773
13 3   D   D 0.9750493 0.07545834
14 3   D   M 0.9779770 0.09215239
15 3   D   E 0.9676978 0.07160971
16 3   E   D 0.9720725 0.07882527
17 3   E   M 0.9785994 0.04857605
18 3   E   E 0.9710138 0.05243391
[1] "Summary by group + IDR + IDL\n"
   grp IDL IDR  q3Rrel.m   q3Rrel.s
1    C   D   D 0.9970670 0.08832092
2    C   D   M 1.0015447 0.07081964
3    C   D   E 1.0026063 0.05401236
4    C   E   D 1.0296755 0.09244076
5    C   E   M 1.0062345 0.06214551
6    C   E   E 0.9952177 0.05259762
7    U   D   D 0.9668631 0.09610220
8    U   D   M 0.9677583 0.08184367
9    U   D   E 0.9788110 0.07707437
10   U   E   D 0.9492083 0.08125989
11   U   E   M 0.9791524 0.06913680
12   U   E   E 0.9629107 0.07187957
[1] "Summary by group + Session + IDR + IDL\n"
   grp S IDL IDR  q3Rrel.m   q3Rrel.s
1    C 1   D   D 1.0389827 0.09481219
2    C 1   D   M 1.0214681 0.07796663
3    C 1   D   E 1.0046175 0.06272097
4    C 1   E   D 1.0731030 0.09030003
5    C 1   E   M 1.0101297 0.04961064
6    C 1   E   E 0.9771560 0.04916731
7    C 2   D   D 0.9866526 0.06684264
8    C 2   D   M 0.9949954 0.07512306
9    C 2   D   E 1.0112821 0.06120257
10   C 2   E   D 1.0246999 0.08528141
11   C 2   E   M 1.0265755 0.08291080
12   C 2   E   E 1.0265492 0.05287938
13   C 3   D   D 0.9655656 0.08942589
14   C 3   D   M 0.9881707 0.05811704
15   C 3   D   E 0.9919194 0.03580148
16   C 3   E   D 0.9912236 0.08830793
17   C 3   E   M 0.9819984 0.04139546
18   C 3   E   E 0.9819479 0.04348702
19   U 1   D   D 0.9506604 0.11517115
20   U 1   D   M 0.9526412 0.06871521
21   U 1   D   E 1.0056704 0.07436873
22   U 1   E   D 0.9753938 0.09283780
23   U 1   E   M 1.0175169 0.05287004
24   U 1   E   E 0.9556109 0.08094966
25   U 2   D   D 0.9653959 0.10741905
26   U 2   D   M 0.9828505 0.04302270
27   U 2   D   E 0.9872865 0.05355747
28   U 2   E   D 0.9193098 0.07836017
29   U 2   E   M 0.9447400 0.07883735
30   U 2   E   E 0.9730416 0.07721348
31   U 3   D   D 0.9845329 0.06004097
32   U 3   D   M 0.9677834 0.11828122
33   U 3   D   E 0.9434762 0.08990691
34   U 3   E   D 0.9529214 0.06547096
35   U 3   E   M 0.9752004 0.05612013
36   U 3   E   E 0.9600796 0.05956257
