[1] "MI ~S*IDR*IDL*grp + Error(pp/(S*IDR*IDL))"
$ANOVA
          Effect DFn DFd         F           p p<.05         ges
2            grp   1   8 7.9793472 0.022329136     * 0.290814404
3              S   2  16 5.2388404 0.017779532     * 0.097261375
5            IDR   2  16 2.1135939 0.153276588       0.019225295
7            IDL   1   8 1.7569282 0.221608517       0.002846643
4          grp:S   2  16 4.7266281 0.024378842     * 0.088594413
6        grp:IDR   2  16 2.2065575 0.142457598       0.020053937
8        grp:IDL   1   8 0.2153709 0.654956740       0.000349826
9          S:IDR   4  32 2.5392636 0.058973827       0.015191365
11         S:IDL   2  16 0.4162755 0.666438889       0.001300398
13       IDR:IDL   2  16 8.4770459 0.003088055     * 0.131867828
10     grp:S:IDR   4  32 2.0669121 0.108407205       0.012400524
12     grp:S:IDL   2  16 0.4220594 0.662786238       0.001318443
14   grp:IDR:IDL   2  16 8.7936265 0.002651942     * 0.136122156
15     S:IDR:IDL   4  32 2.5639781 0.057137073       0.037088395
16 grp:S:IDR:IDL   4  32 2.4567407 0.065557512       0.035592399

$`Mauchly's Test for Sphericity`
          Effect           W            p p<.05
3              S 0.909941465 0.7186990917      
4          grp:S 0.909941465 0.7186990917      
5            IDR 0.509745104 0.0945661526      
6        grp:IDR 0.509745104 0.0945661526      
9          S:IDR 0.012058268 0.0012192684     *
10     grp:S:IDR 0.012058268 0.0012192684     *
11         S:IDL 0.506613827 0.0925485538      
12     grp:S:IDL 0.506613827 0.0925485538      
13       IDR:IDL 0.131526336 0.0008251721     *
14   grp:IDR:IDL 0.131526336 0.0008251721     *
15     S:IDR:IDL 0.004599959 0.0001212378     *
16 grp:S:IDR:IDL 0.004599959 0.0001212378     *

$`Sphericity Corrections`
          Effect       GGe      p[GG] p[GG]<.05       HFe      p[HF] p[HF]<.05
3              S 0.9173819 0.02113974         * 1.1769926 0.01777953         *
4          grp:S 0.9173819 0.02835340         * 1.1769926 0.02437884         *
5            IDR 0.6710261 0.17404808           0.7568752 0.16862179          
6        grp:IDR 0.6710261 0.16455921           0.7568752 0.15869389          
9          S:IDR 0.3610405 0.13125247           0.4193765 0.12203864          
10     grp:S:IDR 0.3610405 0.17600406           0.4193765 0.16886962          
11         S:IDL 0.6696192 0.59083443           0.7546543 0.61324871          
12     grp:S:IDL 0.6696192 0.58768776           0.7546543 0.60994266          
13       IDR:IDL 0.5351962 0.01712489         * 0.5507910 0.01615324         *
14   grp:IDR:IDL 0.5351962 0.01569133         * 0.5507910 0.01476831         *
15     S:IDR:IDL 0.5110834 0.10662640           0.6883781 0.08479747          
16 grp:S:IDR:IDL 0.5110834 0.11584553           0.6883781 0.09402040          

