[1] "Summary by group"
  grp      MI.m       MI.s
1   C 0.7729395 0.04019731
2   U 0.5623190 0.30183148
[1] "Summary by session\n"
  S      MI.m      MI.s
1 1 0.7277694 0.1773903
2 2 0.6782792 0.2301231
3 3 0.5968393 0.2820965
[1] "Summary by IDR+IDR\n"
  IDL IDR      MI.m       MI.s
1   D   D 0.7488929 0.06801580
2   D   M 0.6113128 0.28020741
3   D   E 0.6163219 0.27733027
4   E   D 0.5949706 0.30310128
5   E   M 0.6637390 0.25292559
6   E   E 0.7705386 0.05495739
[1] "Summary by group + Session\n"
  grp S      MI.m       MI.s
1   C 1 0.7775200 0.03651965
2   C 2 0.7710177 0.04885349
3   C 3 0.7702809 0.03363532
4   U 1 0.6780188 0.23863914
5   U 2 0.5855407 0.29449537
6   U 3 0.4233977 0.31317674
[1] "Summary by Session + IDR + IDL \n"
   S IDL IDR      MI.m       MI.s
1  1   D   D 0.7605150 0.06332107
2  1   D   M 0.7084258 0.20861744
3  1   D   E 0.7031621 0.21368145
4  1   E   D 0.7047556 0.21627137
5  1   E   M 0.7042341 0.21375869
6  1   E   E 0.7855237 0.04334095
7  2   D   D 0.7436590 0.05909829
8  2   D   M 0.6473628 0.26876479
9  2   D   E 0.6272890 0.26565208
10 2   E   D 0.5848201 0.32591285
11 2   E   M 0.7087375 0.21508213
12 2   E   E 0.7578067 0.05877160
13 3   D   D 0.7425047 0.08052975
14 3   D   M 0.4781498 0.30945649
15 3   D   E 0.5185146 0.31935543
16 3   E   D 0.4953360 0.32574567
17 3   E   M 0.5782453 0.30499261
18 3   E   E 0.7682853 0.05942612
[1] "Summary by group + IDR + IDL\n"
   grp IDL IDR      MI.m       MI.s
1    C   D   D 0.7625384 0.04590324
2    C   D   M 0.7706740 0.03948584
3    C   D   E 0.7684751 0.03369228
4    C   E   D 0.7781582 0.03565792
5    C   E   M 0.7782671 0.03800025
6    C   E   E 0.7795242 0.04608843
7    U   D   D 0.7352473 0.08288223
8    U   D   M 0.4519516 0.32451714
9    U   D   E 0.4641687 0.32723614
10   U   E   D 0.4117829 0.34046506
11   U   E   M 0.5492108 0.31799840
12   U   E   E 0.7615529 0.06180595
[1] "Summary by group + Session + IDR + IDL\n"
   grp S IDL IDR      MI.m       MI.s
1    C 1   D   D 0.7593100 0.04487777
2    C 1   D   M 0.7766653 0.03387729
3    C 1   D   E 0.7739847 0.03342521
4    C 1   E   D 0.7801027 0.03051426
5    C 1   E   M 0.7807520 0.02254777
6    C 1   E   E 0.7943053 0.04550052
7    C 2   D   D 0.7649693 0.04641847
8    C 2   D   M 0.7801580 0.05322285
9    C 2   D   E 0.7581733 0.03617830
10   C 2   E   D 0.7821280 0.04336818
11   C 2   E   M 0.7772540 0.06076174
12   C 2   E   E 0.7634233 0.05255631
13   C 3   D   D 0.7633360 0.04935047
14   C 3   D   M 0.7551987 0.02298612
15   C 3   D   E 0.7732673 0.03115648
16   C 3   E   D 0.7722440 0.03355252
17   C 3   E   M 0.7767953 0.01810851
18   C 3   E   E 0.7808440 0.03646515
19   U 1   D   D 0.7617200 0.07929935
20   U 1   D   M 0.6401863 0.28111381
21   U 1   D   E 0.6323395 0.28760297
22   U 1   E   D 0.6294085 0.28946683
23   U 1   E   M 0.6277162 0.28564754
24   U 1   E   E 0.7767420 0.04068785
25   U 2   D   D 0.7223487 0.06408492
26   U 2   D   M 0.5145677 0.33016303
27   U 2   D   E 0.4964047 0.32888499
28   U 2   E   D 0.3875123 0.36704549
29   U 2   E   M 0.6402209 0.28648436
30   U 2   E   E 0.7521900 0.06576593
31   U 3   D   D 0.7216733 0.10033917
32   U 3   D   M 0.2011009 0.18265041
33   U 3   D   E 0.2637618 0.26687204
34   U 3   E   D 0.2184279 0.23316066
35   U 3   E   M 0.3796953 0.32845312
36   U 3   E   E 0.7557267 0.07514982
