[1] "Summary by group"
  grp vfTrajCircularity.m vfTrajCircularity.s
1   C           0.8241326          0.05672074
2   U           0.8307659          0.05715596
[1] "Summary by session\n"
  S vfTrajCircularity.m vfTrajCircularity.s
1 1           0.8098612          0.05940059
2 2           0.8297241          0.05838688
3 3           0.8427624          0.04799202
[1] "Summary by ID\n"
  ID vfTrajCircularity.m vfTrajCircularity.s
1  D           0.8461314          0.04732691
2  M           0.8504530          0.04142166
3  E           0.7857633          0.05652410
[1] "Summary by group + Session\n"
  grp S vfTrajCircularity.m vfTrajCircularity.s
1   C 1           0.8046571          0.06125668
2   C 2           0.8274102          0.05985000
3   C 3           0.8403304          0.04238308
4   U 1           0.8150653          0.05769987
5   U 2           0.8320380          0.05746790
6   U 3           0.8451944          0.05338904
[1] "Summary by Session + ID\n"
  S ID vfTrajCircularity.m vfTrajCircularity.s
1 1  D           0.8332303          0.05948008
2 1  M           0.8247667          0.04130034
3 1  E           0.7715867          0.05722583
4 2  D           0.8519990          0.04194026
5 2  M           0.8565937          0.04197536
6 2  E           0.7805797          0.05641513
7 3  D           0.8531650          0.03630627
8 3  M           0.8699987          0.02609955
9 3  E           0.8051237          0.05219529
[1] "Summary by group + ID\n"
  grp ID vfTrajCircularity.m vfTrajCircularity.s
1   C  D           0.8490127          0.04907844
2   C  M           0.8419360          0.04132383
3   C  E           0.7814491          0.05348902
4   U  D           0.8432502          0.04587924
5   U  M           0.8589700          0.04018043
6   U  E           0.7900776          0.05969434
[1] "Summary by group + Session + ID\n"
   grp S ID vfTrajCircularity.m vfTrajCircularity.s
1    C 1  D           0.8371800          0.06095191
2    C 1  M           0.8124540          0.04250691
3    C 1  E           0.7643373          0.05771477
4    C 2  D           0.8586867          0.04662163
5    C 2  M           0.8490427          0.04001710
6    C 2  E           0.7745013          0.05416697
7    C 3  D           0.8511713          0.03776492
8    C 3  M           0.8643113          0.02090265
9    C 3  E           0.8055087          0.04172814
10   U 1  D           0.8292807          0.05983228
11   U 1  M           0.8370793          0.03743761
12   U 1  E           0.7788360          0.05779184
13   U 2  D           0.8453113          0.03707015
14   U 2  M           0.8641447          0.04388809
15   U 2  E           0.7866580          0.05982839
16   U 3  D           0.8551587          0.03599635
17   U 3  M           0.8756860          0.03007984
18   U 3  E           0.8047387          0.06246389
