[1] "Summary by group"
  grp IPerfLrel.m IPerfLrel.s
1   C   0.7301152   0.3547387
2   U   0.6651565   0.3806776
[1] "Summary by session\n"
  S IPerfLrel.m IPerfLrel.s
1 1   0.6543628   0.3036525
2 2   0.7088352   0.3832889
3 3   0.7297095   0.4097711
[1] "Summary by IDR+IDR\n"
  IDL IDR IPerfLrel.m IPerfLrel.s
1   D   D   0.9407497   0.5170592
2   D   M   0.5823378   0.3835023
3   D   E   0.4167453   0.3661994
4   E   D   0.8205061   0.2052628
5   E   M   0.7563018   0.1970845
6   E   E   0.6691743   0.1506146
[1] "Summary by group + Session\n"
  grp S IPerfLrel.m IPerfLrel.s
1   C 1   0.6466260   0.2813670
2   C 2   0.7747692   0.3829666
3   C 3   0.7689504   0.3793750
4   U 1   0.6620996   0.3258178
5   U 2   0.6429012   0.3741867
6   U 3   0.6904686   0.4366597
[1] "Summary by Session + IDR + IDL \n"
   S IDL IDR IPerfLrel.m IPerfLrel.s
1  1   D   D   0.8647157  0.43552689
2  1   D   M   0.5474486  0.30623754
3  1   D   E   0.4092321  0.33055614
4  1   E   D   0.8106235  0.07997566
5  1   E   M   0.6999476  0.10905491
6  1   E   E   0.5942092  0.08480818
7  2   D   D   0.9119299  0.52272654
8  2   D   M   0.5923937  0.40086162
9  2   D   E   0.3939652  0.36790388
10 2   E   D   0.8427700  0.26760747
11 2   E   M   0.8042070  0.21872004
12 2   E   E   0.7077458  0.17557748
13 3   D   D   1.0456036  0.58253655
14 3   D   M   0.6071712  0.44146545
15 3   D   E   0.4470386  0.40668063
16 3   E   D   0.8081248  0.22477074
17 3   E   M   0.7647509  0.23182115
18 3   E   E   0.7055678  0.15124855
[1] "Summary by group + IDR + IDL\n"
   grp IDL IDR IPerfLrel.m IPerfLrel.s
1    C   D   D   0.9962883   0.5136863
2    C   D   M   0.5505361   0.2610350
3    C   D   E   0.3149322   0.1170862
4    C   E   D   0.9500778   0.1656029
5    C   E   M   0.8469293   0.1696080
6    C   E   E   0.7219275   0.1489364
7    U   D   D   0.8852111   0.5201862
8    U   D   M   0.6141396   0.4767417
9    U   D   E   0.5185583   0.4861477
10   U   E   D   0.6909345   0.1531604
11   U   E   M   0.6656743   0.1816604
12   U   E   E   0.6164210   0.1342042
[1] "Summary by group + Session + IDR + IDL\n"
   grp S IDL IDR IPerfLrel.m IPerfLrel.s
1    C 1   D   D   0.8474294  0.45899863
2    C 1   D   M   0.5014210  0.20613413
3    C 1   D   E   0.3337163  0.11368900
4    C 1   E   D   0.8456920  0.06340582
5    C 1   E   M   0.7390053  0.07218778
6    C 1   E   E   0.6124920  0.06634816
7    C 2   D   D   1.0513035  0.53119265
8    C 2   D   M   0.6084778  0.31344544
9    C 2   D   E   0.3102944  0.13461470
10   C 2   E   D   1.0074979  0.21733031
11   C 2   E   M   0.8939680  0.20912181
12   C 2   E   E   0.7770740  0.16399026
13   C 3   D   D   1.0901321  0.54776959
14   C 3   D   M   0.5417095  0.25912831
15   C 3   D   E   0.3007860  0.10688406
16   C 3   E   D   0.9970434  0.13178510
17   C 3   E   M   0.9078147  0.15048282
18   C 3   E   E   0.7762166  0.13846422
19   U 1   D   D   0.8820020  0.42614096
20   U 1   D   M   0.5934762  0.38370631
21   U 1   D   E   0.4847479  0.44854700
22   U 1   E   D   0.7755551  0.08120037
23   U 1   E   M   0.6608900  0.12710405
24   U 1   E   E   0.5759264  0.09889515
25   U 2   D   D   0.7725562  0.49215118
26   U 2   D   M   0.5763096  0.48379287
27   U 2   D   E   0.4776360  0.49724419
28   U 2   E   D   0.6780420  0.20727581
29   U 2   E   M   0.7144460  0.19518435
30   U 2   E   E   0.6384177  0.16329315
31   U 3   D   D   1.0010750  0.63137668
32   U 3   D   M   0.6726330  0.57216623
33   U 3   D   E   0.5932912  0.53416502
34   U 3   E   D   0.6192063  0.10395247
35   U 3   E   M   0.6216871  0.21170085
36   U 3   E   E   0.6349189  0.13235694
