[1] "vfCircularityL ~S*IDR*IDL*grp + Error(pp/(S*IDR*IDL))"
$ANOVA
          Effect DFn DFd          F            p p<.05        ges
2            grp   1   8   1.480533 2.583671e-01       0.03440929
3              S   2  16   8.101799 3.712998e-03     * 0.15136700
5            IDR   2  16  39.858218 6.096320e-07     * 0.21481198
7            IDL   1   8 165.168612 1.269196e-06     * 0.81028944
4          grp:S   2  16   1.342186 2.891558e-01       0.02870089
6        grp:IDR   2  16   5.630357 1.408192e-02     * 0.03720792
8        grp:IDL   1   8   7.548790 2.515568e-02     * 0.16332584
9          S:IDR   4  32   3.041282 3.119575e-02     * 0.04060640
11         S:IDL   2  16   1.086600 3.610012e-01       0.01379249
13       IDR:IDL   2  16  21.619759 2.831833e-05     * 0.17032143
10     grp:S:IDR   4  32   2.202037 9.102265e-02       0.02973420
12     grp:S:IDL   2  16   3.994638 3.915821e-02     * 0.04889996
14   grp:IDR:IDL   2  16   1.559854 2.404971e-01       0.01459510
15     S:IDR:IDL   4  32   1.756727 1.619944e-01       0.01710914
16 grp:S:IDR:IDL   4  32   1.389276 2.597910e-01       0.01357905

$`Mauchly's Test for Sphericity`
          Effect         W          p p<.05
3              S 0.9319578 0.78142417      
4          grp:S 0.9319578 0.78142417      
5            IDR 0.5556913 0.12791388      
6        grp:IDR 0.5556913 0.12791388      
9          S:IDR 0.1593346 0.24263704      
10     grp:S:IDR 0.1593346 0.24263704      
11         S:IDL 0.6845710 0.26543895      
12     grp:S:IDL 0.6845710 0.26543895      
13       IDR:IDL 0.8655968 0.60339911      
14   grp:IDR:IDL 0.8655968 0.60339911      
15     S:IDR:IDL 0.0713197 0.05769502      
16 grp:S:IDR:IDL 0.0713197 0.05769502      

$`Sphericity Corrections`
          Effect       GGe        p[GG] p[GG]<.05       HFe        p[HF]
3              S 0.9362926 4.631837e-03         * 1.2120337 3.712998e-03
4          grp:S 0.9362926 2.892260e-01           1.2120337 2.891558e-01
5            IDR 0.6923728 2.307225e-05         * 0.7908018 7.182702e-06
6        grp:IDR 0.6923728 2.867897e-02         * 0.7908018 2.280615e-02
9          S:IDR 0.5048733 7.528514e-02           0.6761733 5.523368e-02
10     grp:S:IDR 0.5048733 1.423373e-01           0.6761733 1.218416e-01
11         S:IDL 0.7602082 3.495309e-01           0.9015817 3.569382e-01
12     grp:S:IDL 0.7602082 5.533133e-02           0.9015817 4.510557e-02
13       IDR:IDL 0.8815207 7.347472e-05         * 1.1117096 2.831833e-05
14   grp:IDR:IDL 0.8815207 2.435380e-01           1.1117096 2.404971e-01
15     S:IDR:IDL 0.4935185 2.048747e-01           0.6541180 1.906633e-01
16 grp:S:IDR:IDL 0.4935185 2.778647e-01           0.6541180 2.736372e-01
   p[HF]<.05
3          *
4           
5          *
6          *
9           
10          
11          
12         *
13         *
14          
15          
16          

