[1] "Summary by group"
  grp vfCircularityL.m vfCircularityL.s
1   C        0.2787620       0.08022641
2   U        0.2926453       0.10997814
[1] "Summary by session\n"
  S vfCircularityL.m vfCircularityL.s
1 1        0.3075067       0.09294284
2 2        0.2770932       0.08743030
3 3        0.2725110       0.10480603
[1] "Summary by IDR+IDR\n"
  IDL IDR vfCircularityL.m vfCircularityL.s
1   D   D        0.1693772       0.03186708
2   D   M        0.2060502       0.04983026
3   D   E        0.2536936       0.06301405
4   E   D        0.3507538       0.04928790
5   E   M        0.3752578       0.07207407
6   E   E        0.3590892       0.04731629
[1] "Summary by group + Session\n"
  grp S vfCircularityL.m vfCircularityL.s
1   C 1        0.3062071       0.08294257
2   C 2        0.2733354       0.07932135
3   C 3        0.2567434       0.07071338
4   U 1        0.3088062       0.10242519
5   U 2        0.2808509       0.09515024
6   U 3        0.2882787       0.12879761
[1] "Summary by Session + IDR + IDL \n"
   S IDL IDR vfCircularityL.m vfCircularityL.s
1  1   D   D        0.1827710       0.02809230
2  1   D   M        0.2365627       0.05139464
3  1   D   E        0.2836197       0.05874268
4  1   E   D        0.3594453       0.04818490
5  1   E   M        0.3880203       0.05350642
6  1   E   E        0.3946210       0.04487760
7  2   D   D        0.1653960       0.02826110
8  2   D   M        0.1934067       0.04085281
9  2   D   E        0.2544910       0.05733241
10 2   E   D        0.3516757       0.04169444
11 2   E   M        0.3567507       0.03940488
12 2   E   E        0.3408390       0.03056888
13 3   D   D        0.1599646       0.03514360
14 3   D   M        0.1881813       0.04302625
15 3   D   E        0.2229700       0.05953865
16 3   E   D        0.3411403       0.05675019
17 3   E   M        0.3810023       0.10473598
18 3   E   E        0.3418077       0.04430456
[1] "Summary by group + IDR + IDL\n"
   grp IDL IDR vfCircularityL.m vfCircularityL.s
1    C   D   D        0.1670947       0.03428034
2    C   D   M        0.2137549       0.04725005
3    C   D   E        0.2761871       0.03036623
4    C   E   D        0.3286273       0.04354013
5    C   E   M        0.3437522       0.05277982
6    C   E   E        0.3431558       0.04639464
7    U   D   D        0.1716598       0.02946698
8    U   D   M        0.1983456       0.05165805
9    U   D   E        0.2312000       0.07794074
10   U   E   D        0.3728802       0.04490712
11   U   E   M        0.4067633       0.07544122
12   U   E   E        0.3750227       0.04309054
[1] "Summary by group + Session + IDR + IDL\n"
   grp S IDL IDR vfCircularityL.m vfCircularityL.s
1    C 1   D   D        0.1855547       0.03546367
2    C 1   D   M        0.2536487       0.05609337
3    C 1   D   E        0.2941240       0.03585267
4    C 1   E   D        0.3458820       0.03769630
5    C 1   E   M        0.3747307       0.05038808
6    C 1   E   E        0.3833027       0.04780835
7    C 2   D   D        0.1592727       0.02679610
8    C 2   D   M        0.1930140       0.02854474
9    C 2   D   E        0.2777520       0.02106295
10   C 2   E   D        0.3351320       0.04273219
11   C 2   E   M        0.3447520       0.04304731
12   C 2   E   E        0.3300900       0.02150586
13   C 3   D   D        0.1564567       0.03414209
14   C 3   D   M        0.1946020       0.02227627
15   C 3   D   E        0.2566853       0.02035118
16   C 3   E   D        0.3048680       0.04173545
17   C 3   E   M        0.3117740       0.04730881
18   C 3   E   E        0.3160747       0.03634779
19   U 1   D   D        0.1799873       0.01898546
20   U 1   D   M        0.2194767       0.04122446
21   U 1   D   E        0.2731153       0.07500684
22   U 1   E   D        0.3730087       0.05471921
23   U 1   E   M        0.4013100       0.05489034
24   U 1   E   E        0.4059393       0.04014606
25   U 2   D   D        0.1715193       0.02925836
26   U 2   D   M        0.1937993       0.05140021
27   U 2   D   E        0.2312300       0.07215057
28   U 2   E   D        0.3682193       0.03447465
29   U 2   E   M        0.3687493       0.03247808
30   U 2   E   E        0.3515880       0.03500814
31   U 3   D   D        0.1634726       0.03696368
32   U 3   D   M        0.1817607       0.05701033
33   U 3   D   E        0.1892547       0.06702909
34   U 3   E   D        0.3774127       0.04593521
35   U 3   E   M        0.4502307       0.10106877
36   U 3   E   E        0.3675407       0.03641236
