[1] "Summary by group"
  grp     q4R.m      q4R.s
1   C 0.6857902 0.08820275
2   U 0.6982798 0.07541104
[1] "Summary by session\n"
  S     q4R.m      q4R.s
1 1 0.6521920 0.05882763
2 2 0.7052348 0.08437253
3 3 0.7186782 0.08552801
[1] "Summary by DID\n"
  DID     q4R.m      q4R.s
1   1 0.6734624 0.07499046
2   2 0.7025868 0.08324137
3   3 0.7000558 0.08552560
[1] "Summary by group + Session\n"
  grp S     q4R.m      q4R.s
1   C 1 0.6371609 0.06267887
2   C 2 0.7055927 0.09129663
3   C 3 0.7146171 0.08808859
4   U 1 0.6672231 0.05108085
5   U 2 0.7048769 0.07787106
6   U 3 0.7227393 0.08368391
[1] "Summary by Session + DID\n"
  S DID     q4R.m      q4R.s
1 1   1 0.6309450 0.04914592
2 1   2 0.6704730 0.05542844
3 1   3 0.6551580 0.06566036
4 2   1 0.6893603 0.07713663
5 2   2 0.7087477 0.09289608
6 2   3 0.7175963 0.08267918
7 3   1 0.7000820 0.07764405
8 3   2 0.7285397 0.08809285
9 3   3 0.7274130 0.09012982
[1] "Summary by group + DID\n"
  grp DID     q4R.m      q4R.s
1   C   1 0.6785182 0.08739381
2   C   2 0.6933196 0.08795727
3   C   3 0.6855329 0.09058977
4   U   1 0.6684067 0.06070408
5   U   2 0.7118540 0.07812543
6   U   3 0.7145787 0.07847022
[1] "Summary by group + Session + DID\n"
   grp S DID     q4R.m      q4R.s
1    C 1   1 0.6231147 0.06227221
2    C 1   2 0.6542920 0.05832202
3    C 1   3 0.6340760 0.06731899
4    C 2   1 0.6962820 0.09166488
5    C 2   2 0.7062547 0.09742706
6    C 2   3 0.7142413 0.09015527
7    C 3   1 0.7161580 0.08111107
8    C 3   2 0.7194120 0.09423643
9    C 3   3 0.7082813 0.09411492
10   U 1   1 0.6387753 0.03152697
11   U 1   2 0.6866540 0.04900576
12   U 1   3 0.6762400 0.05870498
13   U 2   1 0.6824387 0.06180622
14   U 2   2 0.7112407 0.09149000
15   U 2   3 0.7209513 0.07751049
16   U 3   1 0.6840060 0.07317795
17   U 3   2 0.7376673 0.08376143
18   U 3   3 0.7465447 0.08476475
