[1] "maxangleLrel ~S*IDR*IDL*grp + Error(pp/(S*IDR*IDL))"
$ANOVA
          Effect DFn DFd          F            p p<.05         ges
2            grp   1   8  0.3602667 5.649691e-01       0.014614468
3              S   2  16  0.6435991 5.384718e-01       0.012044750
5            IDR   2  16 28.3647144 5.486286e-06     * 0.099904676
7            IDL   1   8  3.6513803 9.240884e-02       0.121037027
4          grp:S   2  16  1.7169315 2.110993e-01       0.031499094
6        grp:IDR   2  16  3.7418476 4.643318e-02     * 0.014430856
8        grp:IDL   1   8  0.5255384 4.891469e-01       0.019434424
9          S:IDR   4  32  0.2675186 8.966643e-01       0.001141145
11         S:IDL   2  16  0.7766300 4.765381e-01       0.009812560
13       IDR:IDL   2  16 32.4674668 2.332769e-06     * 0.065243033
10     grp:S:IDR   4  32  0.8764373 4.888851e-01       0.003728903
12     grp:S:IDL   2  16  2.9195502 8.300073e-02       0.035915491
14   grp:IDR:IDL   2  16  1.3081178 2.977316e-01       0.002804234
15     S:IDR:IDL   4  32  0.7822380 5.451188e-01       0.003184103
16 grp:S:IDR:IDL   4  32  0.5670524 6.883376e-01       0.002310213

$`Mauchly's Test for Sphericity`
          Effect         W          p p<.05
3              S 0.6260943 0.19419545      
4          grp:S 0.6260943 0.19419545      
5            IDR 0.4997734 0.08824825      
6        grp:IDR 0.4997734 0.08824825      
9          S:IDR 0.1800882 0.29350258      
10     grp:S:IDR 0.1800882 0.29350258      
11         S:IDL 0.7443812 0.35586392      
12     grp:S:IDL 0.7443812 0.35586392      
13       IDR:IDL 0.2695240 0.01016462     *
14   grp:IDR:IDL 0.2695240 0.01016462     *
15     S:IDR:IDL 0.3826459 0.73489179      
16 grp:S:IDR:IDL 0.3826459 0.73489179      

$`Sphericity Corrections`
          Effect       GGe        p[GG] p[GG]<.05       HFe        p[HF]
3              S 0.7278520 0.4955167533           0.8481688 5.161164e-01
4          grp:S 0.7278520 0.2213455567           0.8481688 2.170957e-01
5            IDR 0.6665660 0.0001380798         * 0.7498414 6.142996e-05
6        grp:IDR 0.6665660 0.0717347755           0.7498414 6.432601e-02
9          S:IDR 0.6555255 0.8229277818           1.0040595 8.966643e-01
10     grp:S:IDR 0.6555255 0.4567163074           1.0040595 4.888851e-01
11         S:IDL 0.7964201 0.4528784647           0.9626388 4.725906e-01
12     grp:S:IDL 0.7964201 0.0985609173           0.9626388 8.565923e-02
13       IDR:IDL 0.5778757 0.0001985186         * 0.6137827 1.355626e-04
14   grp:IDR:IDL 0.5778757 0.2899581184           0.6137827 2.914424e-01
15     S:IDR:IDL 0.7943934 0.5213951287           1.3788787 5.451188e-01
16 grp:S:IDR:IDL 0.7943934 0.6512441241           1.3788787 6.883376e-01
   p[HF]<.05
3           
4           
5          *
6           
9           
10          
11          
12          
13         *
14          
15          
16          

