Post-hoc Tukey comparisons[1] "grp Tukey test"

	Pairwise comparisons using paired t tests 

data:  mdata$maxangleLrel and mdata$grp 

  C    
U 0.034

P value adjustment method: bonferroni 
[1] "S Tukey test"

	Pairwise comparisons using paired t tests 

data:  mdata$maxangleLrel and mdata$S 

  1     2    
2 0.101 -    
3 1.000 0.081

P value adjustment method: bonferroni 
[1] "IDR Tukey test"

	Pairwise comparisons using paired t tests 

data:  mdata$maxangleLrel and mdata$IDR 

  D       M      
M 0.00035 -      
E 7.3e-15 1.1e-07

P value adjustment method: bonferroni 
[1] "IDL Tukey test"
