[1] "Summary by group"
  grp maxangleLrel.m maxangleLrel.s
1   C       1.327298      0.5722396
2   U       1.458196      0.8506267
[1] "Summary by session\n"
  S maxangleLrel.m maxangleLrel.s
1 1       1.339665      0.5190684
2 2       1.475577      0.9065045
3 3       1.362998      0.7004208
[1] "Summary by IDR+IDR\n"
  IDL IDR maxangleLrel.m maxangleLrel.s
1   D   D       1.210803      0.5519288
2   D   M       1.575961      0.8796426
3   D   E       1.989763      1.0225222
4   E   D       1.180114      0.4314475
5   E   M       1.131912      0.3960371
6   E   E       1.267928      0.4214404
[1] "Summary by group + Session\n"
  grp S maxangleLrel.m maxangleLrel.s
1   C 1       1.407866      0.5494384
2   C 2       1.316969      0.5233447
3   C 3       1.257059      0.6342711
4   U 1       1.271464      0.4802100
5   U 2       1.634185      1.1523740
6   U 3       1.468938      0.7494613
[1] "Summary by Session + IDR + IDL \n"
   S IDL IDR maxangleLrel.m maxangleLrel.s
1  1   D   D       1.141188      0.2389994
2  1   D   M       1.548444      0.5825607
3  1   D   E       1.861873      0.6330407
4  1   E   D       1.139852      0.3489041
5  1   E   M       1.097107      0.3800783
6  1   E   E       1.249526      0.3479883
7  2   D   D       1.334385      0.6927744
8  2   D   M       1.699115      1.2565834
9  2   D   E       2.212539      1.2737313
10 2   E   D       1.185654      0.4119648
11 2   E   M       1.194808      0.3837334
12 2   E   E       1.226962      0.4552876
13 3   D   D       1.156836      0.6115573
14 3   D   M       1.480323      0.6560203
15 3   D   E       1.894877      1.0526423
16 3   E   D       1.214836      0.5261879
17 3   E   M       1.103822      0.4283462
18 3   E   E       1.327296      0.4593146
[1] "Summary by group + IDR + IDL\n"
   grp IDL IDR maxangleLrel.m maxangleLrel.s
1    C   D   D       1.032487      0.2733195
2    C   D   M       1.356505      0.4057312
3    C   D   E       1.964211      0.7430169
4    C   E   D       1.121023      0.4677795
5    C   E   M       1.143858      0.4688215
6    C   E   E       1.345705      0.4347833
7    U   D   D       1.389119      0.6902407
8    U   D   M       1.795417      1.1410517
9    U   D   E       2.015315      1.2495823
10   U   E   D       1.239206      0.3880265
11   U   E   M       1.119967      0.3117209
12   U   E   E       1.190151      0.3973045
[1] "Summary by group + Session + IDR + IDL\n"
   grp S IDL IDR maxangleLrel.m maxangleLrel.s
1    C 1   D   D      1.1832169      0.2889301
2    C 1   D   M      1.5012033      0.5881376
3    C 1   D   E      2.0196579      0.6411186
4    C 1   E   D      1.1990519      0.3994704
5    C 1   E   M      1.1627790      0.4440769
6    C 1   E   E      1.3812866      0.3816367
7    C 2   D   D      0.9872906      0.1856053
8    C 2   D   M      1.2346279      0.1990724
9    C 2   D   E      1.8841332      0.7098835
10   C 2   E   D      1.1681875      0.4842438
11   C 2   E   M      1.2486071      0.4756622
12   C 2   E   E      1.3789698      0.4485365
13   C 3   D   D      0.9269543      0.2799805
14   C 3   D   M      1.3336827      0.3048416
15   C 3   D   E      1.9888413      0.8996155
16   C 3   E   D      0.9958284      0.5176331
17   C 3   E   M      1.0201871      0.4886659
18   C 3   E   E      1.2768574      0.4895534
19   U 1   D   D      1.0991588      0.1762261
20   U 1   D   M      1.5956856      0.5935546
21   U 1   D   E      1.7040877      0.6047506
22   U 1   E   D      1.0806524      0.2916795
23   U 1   E   M      1.0314343      0.3046170
24   U 1   E   E      1.1177652      0.2607547
25   U 2   D   D      1.6814798      0.8375825
26   U 2   D   M      2.1636030      1.6639835
27   U 2   D   E      2.5409450      1.6203781
28   U 2   E   D      1.2031212      0.3411843
29   U 2   E   M      1.1410086      0.2693768
30   U 2   E   E      1.0749538      0.4227069
31   U 3   D   D      1.3867172      0.7636031
32   U 3   D   M      1.6269625      0.8674437
33   U 3   D   E      1.8009136      1.2112104
34   U 3   E   D      1.4338429      0.4503328
35   U 3   E   M      1.1874567      0.3553638
36   U 3   E   E      1.3777352      0.4380582
