[1] "IPerfEfRrel ~S*IDR*IDL*grp + Error(pp/(S*IDR*IDL))"
$ANOVA
          Effect DFn DFd           F            p p<.05         ges
2            grp   1   8  0.36929586 5.602389e-01       0.008343288
3              S   2  16  0.35001638 7.099394e-01       0.004484103
5            IDR   2  16 58.96124954 4.150797e-08     * 0.723944058
7            IDL   1   8  1.81111306 2.152674e-01       0.018040667
4          grp:S   2  16  2.31183121 1.312301e-01       0.028891035
6        grp:IDR   2  16  0.02459675 9.757401e-01       0.001092809
8        grp:IDL   1   8  3.30403585 1.066267e-01       0.032429546
9          S:IDR   4  32  0.52247215 7.198621e-01       0.005457468
11         S:IDL   2  16  3.72700691 4.690536e-02     * 0.014451431
13       IDR:IDL   2  16 12.90779983 4.594658e-04     * 0.125367875
10     grp:S:IDR   4  32  1.03472547 4.045399e-01       0.010750671
12     grp:S:IDL   2  16  1.07800838 3.637435e-01       0.004223346
14   grp:IDR:IDL   2  16  6.27124579 9.750453e-03     * 0.065106533
15     S:IDR:IDL   4  32  1.04361366 4.001829e-01       0.009494682
16 grp:S:IDR:IDL   4  32  0.74101036 5.710836e-01       0.006760242

$`Mauchly's Test for Sphericity`
          Effect          W            p p<.05
3              S 0.66247829 0.2366468754      
4          grp:S 0.66247829 0.2366468754      
5            IDR 0.11039168 0.0004469688     *
6        grp:IDR 0.11039168 0.0004469688     *
9          S:IDR 0.03650350 0.0146313959     *
10     grp:S:IDR 0.03650350 0.0146313959     *
11         S:IDL 0.65045833 0.2219566582      
12     grp:S:IDL 0.65045833 0.2219566582      
13       IDR:IDL 0.08365908 0.0001693542     *
14   grp:IDR:IDL 0.08365908 0.0001693542     *
15     S:IDR:IDL 0.00554074 0.0001909015     *
16 grp:S:IDR:IDL 0.00554074 0.0001909015     *

$`Sphericity Corrections`
          Effect       GGe        p[GG] p[GG]<.05       HFe        p[HF]
3              S 0.7476514 6.512528e-01           0.8807270 6.843721e-01
4          grp:S 0.7476514 1.489565e-01           0.8807270 1.394122e-01
5            IDR 0.5292102 3.819098e-05         * 0.5420800 3.163552e-05
6        grp:IDR 0.5292102 8.905836e-01           0.5420800 8.952015e-01
9          S:IDR 0.3829797 5.588936e-01           0.4555937 5.874178e-01
10     grp:S:IDR 0.3829797 3.643460e-01           0.4555937 3.733995e-01
11         S:IDL 0.7409923 6.559740e-02           0.8697327 5.550008e-02
12     grp:S:IDL 0.7409923 3.506426e-01           0.8697327 3.579791e-01
13       IDR:IDL 0.5218278 6.250295e-03         * 0.5313783 5.927664e-03
14   grp:IDR:IDL 0.5218278 3.460548e-02         * 0.5313783 3.372826e-02
15     S:IDR:IDL 0.3544785 3.576413e-01           0.4087316 3.652011e-01
16 grp:S:IDR:IDL 0.3544785 4.536941e-01           0.4087316 4.696829e-01
   p[HF]<.05
3           
4           
5          *
6           
9           
10          
11          
12          
13         *
14         *
15          
16          

