[1] "Summary by group"
  grp IPerfEfRrel.m IPerfEfRrel.s
1   C    0.04085920     0.1515900
2   U    0.02707468     0.1590951
[1] "Summary by session\n"
  S IPerfEfRrel.m IPerfEfRrel.s
1 1    0.02698884     0.1657440
2 2    0.03873157     0.1413225
3 3    0.03618039     0.1587277
[1] "Summary by IDR+IDR\n"
  IDL IDR IPerfEfRrel.m IPerfEfRrel.s
1   D   D   -0.16831466    0.14142962
2   D   M    0.04288378    0.05390557
3   D   E    0.19677725    0.04877080
4   E   D   -0.07037552    0.14382700
5   E   M    0.04298923    0.04812681
6   E   E    0.15984155    0.05078517
[1] "Summary by group + Session\n"
  grp S IPerfEfRrel.m IPerfEfRrel.s
1   C 1   0.051768600     0.1299077
2   C 2   0.033217541     0.1504279
3   C 3   0.037591444     0.1725115
4   U 1   0.002209085     0.1926991
5   U 2   0.044245606     0.1322062
6   U 3   0.034769345     0.1445954
[1] "Summary by Session + IDR + IDL \n"
   S IDL IDR IPerfEfRrel.m IPerfEfRrel.s
1  1   D   D   -0.15390515    0.12613955
2  1   D   M    0.04328420    0.06932442
3  1   D   E    0.19963332    0.04067663
4  1   E   D   -0.09561127    0.21495660
5  1   E   M    0.03331157    0.06786920
6  1   E   E    0.13522038    0.06091481
7  2   D   D   -0.15720946    0.12978316
8  2   D   M    0.03447032    0.05094385
9  2   D   E    0.18950792    0.05341122
10 2   E   D   -0.05738591    0.09452468
11 2   E   M    0.05752338    0.02599099
12 2   E   E    0.16548321    0.03972724
13 3   D   D   -0.19382937    0.16618004
14 3   D   M    0.05089682    0.03710615
15 3   D   E    0.20119050    0.05205013
16 3   E   D   -0.05812938    0.08576425
17 3   E   M    0.03813274    0.03855821
18 3   E   E    0.17882105    0.03992154
[1] "Summary by group + IDR + IDL\n"
   grp IDL IDR IPerfEfRrel.m IPerfEfRrel.s
1    C   D   D   -0.20218241    0.16160657
2    C   D   M    0.05079562    0.04702434
3    C   D   E    0.20214093    0.04242096
4    C   E   D   -0.02077489    0.05042426
5    C   E   M    0.05373699    0.02525801
6    C   E   E    0.16143893    0.03376656
7    U   D   D   -0.13444691    0.10952808
8    U   D   M    0.03497194    0.05948390
9    U   D   E    0.19141356    0.05434020
10   U   E   D   -0.11997616    0.18511529
11   U   E   M    0.03224147    0.06173146
12   U   E   E    0.15824417    0.06380818
[1] "Summary by group + Session + IDR + IDL\n"
   grp S IDL IDR IPerfEfRrel.m IPerfEfRrel.s
1    C 1   D   D   -0.14107089    0.13166714
2    C 1   D   M    0.07413660    0.04106513
3    C 1   D   E    0.20977624    0.02889290
4    C 1   E   D   -0.02730160    0.05072768
5    C 1   E   M    0.04914710    0.03083424
6    C 1   E   E    0.14592415    0.02383752
7    C 2   D   D   -0.21513347    0.14233957
8    C 2   D   M    0.03405651    0.05297946
9    C 2   D   E    0.17991211    0.05584144
10   C 2   E   D   -0.02243964    0.06638633
11   C 2   E   M    0.05967532    0.02124270
12   C 2   E   E    0.16323442    0.03856286
13   C 3   D   D   -0.25034288    0.19446857
14   C 3   D   M    0.04419375    0.03906367
15   C 3   D   E    0.21673444    0.02970801
16   C 3   E   D   -0.01258342    0.02983461
17   C 3   E   M    0.05238855    0.02325368
18   C 3   E   E    0.17515822    0.03263562
19   U 1   D   D   -0.16673941    0.12357056
20   U 1   D   M    0.01243181    0.07892376
21   U 1   D   E    0.18949040    0.04870429
22   U 1   E   D   -0.16392094    0.28834148
23   U 1   E   M    0.01747604    0.08974057
24   U 1   E   E    0.12451661    0.08290076
25   U 2   D   D   -0.09928546    0.08625666
26   U 2   D   M    0.03488413    0.05068272
27   U 2   D   E    0.19910373    0.05092843
28   U 2   E   D   -0.09233218    0.10716319
29   U 2   E   M    0.05537143    0.03062906
30   U 2   E   E    0.16773199    0.04208692
31   U 3   D   D   -0.13731586    0.11199257
32   U 3   D   M    0.05759990    0.03506891
33   U 3   D   E    0.18564656    0.06489712
34   U 3   E   D   -0.10367535    0.09950420
35   U 3   E   M    0.02387693    0.04586333
36   U 3   E   E    0.18248389    0.04698366
