[1] "Summary by group"
  grp      q1.m       q1.s
1   C 0.8572946 0.05430608
2   U 0.8750849 0.06038148
[1] "Summary by session\n"
  S      q1.m       q1.s
1 1 0.8634320 0.05866612
2 2 0.8639222 0.06469741
3 3 0.8712150 0.05023726
[1] "Summary by ID\n"
  ID      q1.m       q1.s
1  D 0.8354642 0.03986010
2  E 0.8969152 0.05706964
[1] "Summary by group + Session\n"
  grp S      q1.m       q1.s
1   C 1 0.8582303 0.05729335
2   C 2 0.8479910 0.05833433
3   C 3 0.8656623 0.04693118
4   U 1 0.8686337 0.06052766
5   U 2 0.8798533 0.06773363
6   U 3 0.8767677 0.05355619
[1] "Summary by Session + ID\n"
  S ID      q1.m       q1.s
1 1  D 0.8334307 0.04370031
2 1  E 0.8934333 0.05683445
3 2  D 0.8283493 0.03434929
4 2  E 0.8994950 0.06868660
5 3  D 0.8446127 0.04053690
6 3  E 0.8978173 0.04502419
[1] "Summary by group + ID\n"
  grp ID      q1.m       q1.s
1   C  D 0.8360276 0.04023393
2   C  E 0.8785616 0.05849297
3   U  D 0.8349009 0.03992927
4   U  E 0.9152689 0.04977405
[1] "Summary by group + Session + ID\n"
   grp S ID      q1.m       q1.s
1    C 1  D 0.8466420 0.04554402
2    C 1  E 0.8698187 0.06661458
3    C 2  D 0.8224980 0.03414327
4    C 2  E 0.8734840 0.06701090
5    C 3  D 0.8389427 0.03900763
6    C 3  E 0.8923820 0.03887065
7    U 1  D 0.8202193 0.03882747
8    U 1  E 0.9170480 0.03253556
9    U 2  D 0.8342007 0.03471158
10   U 2  E 0.9255060 0.06190661
11   U 3  D 0.8502827 0.04258367
12   U 3  E 0.9032527 0.05123398
