[1] "maxangleR ~(S*DID*grp)+Error(pp/(S*DID))+grp"
$ANOVA
     Effect DFn DFd          F            p p<.05        ges
2       grp   1   8  2.4961723 1.527780e-01       0.12011008
3         S   2  16 28.3695092 5.480502e-06     * 0.32385207
5       DID   2  16 42.7396405 3.818922e-07     * 0.47712997
4     grp:S   2  16  0.9304961 4.146820e-01       0.01546672
6   grp:DID   2  16  1.5618706 2.400916e-01       0.03227089
7     S:DID   4  32  0.6296044 6.449297e-01       0.01979791
8 grp:S:DID   4  32  1.0315581 4.061022e-01       0.03203247

$`Mauchly's Test for Sphericity`
     Effect         W          p p<.05
3         S 0.8718104 0.61869569      
4     grp:S 0.8718104 0.61869569      
5       DID 0.9762932 0.91945601      
6   grp:DID 0.9762932 0.91945601      
7     S:DID 0.0860364 0.08168021      
8 grp:S:DID 0.0860364 0.08168021      

$`Sphericity Corrections`
     Effect       GGe        p[GG] p[GG]<.05       HFe        p[HF] p[HF]<.05
3         S 0.8863758 1.637379e-05         * 1.1204599 5.480502e-06         *
4     grp:S 0.8863758 4.062825e-01           1.1204599 4.146820e-01          
5       DID 0.9768422 5.067482e-07         * 1.2886492 3.818922e-07         *
6   grp:DID 0.9768422 2.407252e-01           1.2886492 2.400916e-01          
7     S:DID 0.5638327 5.623677e-01           0.7963024 6.116512e-01          
8 grp:S:DID 0.5638327 3.845580e-01           0.7963024 3.985107e-01          

