[1] "q1 ~(S*ID*grp)+Error(pp/(S*ID))+grp"
$ANOVA
    Effect DFn DFd          F            p p<.05         ges
2      grp   1   8  3.5578146 0.0959830977       0.079591183
3        S   2  16  1.3543408 0.2861635932       0.022586301
5       ID   2  16 14.2611536 0.0002781881     * 0.325397737
4    grp:S   2  16  1.1020414 0.3561307351       0.018456367
6   grp:ID   2  16  0.1506659 0.8613411218       0.005070133
7     S:ID   4  32  0.1269152 0.9716094548       0.006281857
8 grp:S:ID   4  32  0.2066530 0.9328437641       0.010188382

$`Mauchly's Test for Sphericity`
    Effect         W          p p<.05
3        S 0.4570754 0.06455911      
4    grp:S 0.4570754 0.06455911      
5       ID 0.5341687 0.11139729      
6   grp:ID 0.5341687 0.11139729      
7     S:ID 0.1094206 0.12722337      
8 grp:S:ID 0.1094206 0.12722337      

$`Sphericity Corrections`
    Effect       GGe       p[GG] p[GG]<.05       HFe      p[HF] p[HF]<.05
3        S 0.6481198 0.283592392           0.7209504 0.28502363          
4    grp:S 0.6481198 0.338042302           0.7209504 0.34302942          
5       ID 0.6822068 0.001815574         * 0.7745903 0.00104879         *
6   grp:ID 0.6822068 0.780928080           0.7745903 0.80908137          
7     S:ID 0.5536467 0.899434200           0.7748488 0.94708090          
8 grp:S:ID 0.5536467 0.835849941           0.7748488 0.89607373          

