[1] "Summary by group"
  grp  IPerf.m  IPerf.s
1   C 7.098740 3.494821
2   U 6.482971 2.799516
[1] "Summary by session\n"
  S  IPerf.m  IPerf.s
1 1 5.444335 1.903033
2 2 7.267633 3.492909
3 3 7.660598 3.445212
[1] "Summary by ID\n"
  ID  IPerf.m   IPerf.s
1  D 8.749062 3.4354673
2  E 4.832649 0.8276643
[1] "Summary by group + Session\n"
  grp S  IPerf.m  IPerf.s
1   C 1 5.356503 1.916366
2   C 2 7.665690 3.617096
3   C 3 8.274027 3.978229
4   U 1 5.532167 1.918210
5   U 2 6.869577 3.377916
6   U 3 7.047170 2.746528
[1] "Summary by Session + ID\n"
  S ID   IPerf.m   IPerf.s
1 1  D  6.517173 2.1739672
2 1  E  4.371497 0.5103635
3 2  D  9.642303 3.4968146
4 2  E  4.892963 0.9627027
5 3  D 10.087710 3.3815916
6 3  E  5.233487 0.7246320
[1] "Summary by group + ID\n"
  grp ID  IPerf.m   IPerf.s
1   C  D 9.065716 3.9865746
2   C  E 5.131764 0.9478951
3   U  D 8.432409 2.7884109
4   U  E 4.533533 0.5514646
[1] "Summary by group + Session + ID\n"
   grp S ID   IPerf.m   IPerf.s
1    C 1  D  6.280260 2.3659932
2    C 1  E  4.432747 0.4251508
3    C 2  D  9.949040 3.8457086
4    C 2  E  5.382340 1.0675338
5    C 3  D 10.967847 4.0664279
6    C 3  E  5.580207 0.8350008
7    U 1  D  6.754087 2.0178328
8    U 1  E  4.310247 0.5922454
9    U 2  D  9.335567 3.2152360
10   U 2  E  4.403587 0.5166940
11   U 3  D  9.207573 2.3433610
12   U 3  E  4.886767 0.3645001
