[1] "vfCircularityR ~S*IDR*IDL*grp + Error(pp/(S*IDR*IDL))"
$ANOVA
          Effect DFn DFd            F            p p<.05         ges
2            grp   1   8   0.05625376 8.184790e-01       0.003222723
3              S   2  16   6.93793099 6.767002e-03     * 0.071832187
5            IDR   2  16 120.80675615 2.214169e-10     * 0.510300476
7            IDL   1   8  25.38743177 1.003377e-03     * 0.288841269
4          grp:S   2  16   2.39051838 1.234873e-01       0.025973208
6        grp:IDR   2  16   4.04411040 3.788978e-02     * 0.033708260
8        grp:IDL   1   8   5.18430822 5.232327e-02       0.076587923
9          S:IDR   4  32   0.13778148 9.670611e-01       0.001269094
11         S:IDL   2  16   0.84932992 4.461047e-01       0.011687932
13       IDR:IDL   2  16  21.98717408 2.565875e-05     * 0.089432905
10     grp:S:IDR   4  32   2.54128623 5.882125e-02       0.022900596
12     grp:S:IDL   2  16   2.71500640 9.655626e-02       0.036426937
14   grp:IDR:IDL   2  16   4.85672828 2.247378e-02     * 0.021234327
15     S:IDR:IDL   4  32   2.71090175 4.736709e-02     * 0.011080000
16 grp:S:IDR:IDL   4  32   1.07153378 3.867543e-01       0.004409117

$`Mauchly's Test for Sphericity`
          Effect          W          p p<.05
3              S 0.59993455 0.16724901      
4          grp:S 0.59993455 0.16724901      
5            IDR 0.61148062 0.17878844      
6        grp:IDR 0.61148062 0.17878844      
9          S:IDR 0.06755615 0.05188336      
10     grp:S:IDR 0.06755615 0.05188336      
11         S:IDL 0.50578024 0.09201667      
12     grp:S:IDL 0.50578024 0.09201667      
13       IDR:IDL 0.96023350 0.86759888      
14   grp:IDR:IDL 0.96023350 0.86759888      
15     S:IDR:IDL 0.66402817 0.97841889      
16 grp:S:IDR:IDL 0.66402817 0.97841889      

$`Sphericity Corrections`
          Effect       GGe        p[GG] p[GG]<.05       HFe        p[HF]
3              S 0.7142523 1.574729e-02         * 0.8260328 1.129498e-02
4          grp:S 0.7142523 1.442765e-01           0.8260328 1.358627e-01
5            IDR 0.7201916 5.372507e-08         * 0.8356775 5.546218e-09
6        grp:IDR 0.7201916 5.717089e-02           0.8356775 4.821154e-02
9          S:IDR 0.4520124 8.529146e-01           0.5762500 8.974151e-01
10     grp:S:IDR 0.4520124 1.169520e-01           0.5762500 9.988366e-02
11         S:IDL 0.6692456 4.105425e-01           0.7540650 4.212809e-01
12     grp:S:IDL 0.6692456 1.227583e-01           0.7540650 1.155032e-01
13       IDR:IDL 0.9617544 3.501607e-05         * 1.2599030 2.565875e-05
14   grp:IDR:IDL 0.9617544 2.416204e-02         * 1.2599030 2.247378e-02
15     S:IDR:IDL 0.8410948 5.924551e-02           1.5251147 4.736709e-02
16 grp:S:IDR:IDL 0.8410948 3.828350e-01           1.5251147 3.867543e-01
   p[HF]<.05
3          *
4           
5          *
6          *
9           
10          
11          
12          
13         *
14         *
15         *
16          

