[1] "Summary by group"
  grp vfCircularityR.m vfCircularityR.s
1   C        0.2886155       0.08946324
2   U        0.2825334       0.09812261
[1] "Summary by session\n"
  S vfCircularityR.m vfCircularityR.s
1 1        0.3058304       0.08447090
2 2        0.2803790       0.09897234
3 3        0.2705139       0.09447775
[1] "Summary by IDR+IDR\n"
  IDL IDR vfCircularityR.m vfCircularityR.s
1   D   D        0.1632103       0.03438625
2   D   M        0.2533070       0.07827715
3   D   E        0.3379516       0.06198751
4   E   D        0.2722153       0.07802684
5   E   M        0.3219156       0.06814827
6   E   E        0.3648469       0.06799951
[1] "Summary by group + Session\n"
  grp S vfCircularityR.m vfCircularityR.s
1   C 1        0.3200331       0.08323754
2   C 2        0.2824192       0.09575635
3   C 3        0.2633942       0.08008034
4   U 1        0.2916277       0.08375190
5   U 2        0.2783388       0.10258368
6   U 3        0.2776337       0.10694393
[1] "Summary by Session + IDR + IDL \n"
   S IDL IDR vfCircularityR.m vfCircularityR.s
1  1   D   D        0.1842483       0.03590120
2  1   D   M        0.2726493       0.05179510
3  1   D   E        0.3365157       0.05066660
4  1   E   D        0.2975473       0.05835243
5  1   E   M        0.3442223       0.05585857
6  1   E   E        0.3997993       0.05331964
7  2   D   D        0.1565383       0.02650100
8  2   D   M        0.2440040       0.09677025
9  2   D   E        0.3392780       0.07297199
10 2   E   D        0.2649543       0.07964495
11 2   E   M        0.3197133       0.06882834
12 2   E   E        0.3577860       0.07156611
13 3   D   D        0.1488443       0.03033448
14 3   D   M        0.2432677       0.07859055
15 3   D   E        0.3380610       0.06242090
16 3   E   D        0.2541443       0.08876889
17 3   E   M        0.3018110       0.07387444
18 3   E   E        0.3369553       0.06407697
[1] "Summary by group + IDR + IDL\n"
   grp IDL IDR vfCircularityR.m vfCircularityR.s
1    C   D   D        0.1625324       0.03820250
2    C   D   M        0.2283064       0.06111286
3    C   D   E        0.3265451       0.04381843
4    C   E   D        0.3065438       0.05027414
5    C   E   M        0.3445700       0.05732009
6    C   E   E        0.3631953       0.07304381
7    U   D   D        0.1638882       0.03051771
8    U   D   M        0.2783076       0.08591062
9    U   D   E        0.3493580       0.07473987
10   U   E   D        0.2378869       0.08588832
11   U   E   M        0.2992611       0.07112352
12   U   E   E        0.3664984       0.06334017
[1] "Summary by group + Session + IDR + IDL\n"
   grp S IDL IDR vfCircularityR.m vfCircularityR.s
1    C 1   D   D        0.1926607       0.04406109
2    C 1   D   M        0.2891140       0.05533975
3    C 1   D   E        0.3517913       0.05336021
4    C 1   E   D        0.3161033       0.03717042
5    C 1   E   M        0.3656480       0.04360296
6    C 1   E   E        0.4048813       0.05886027
7    C 2   D   D        0.1482427       0.02028430
8    C 2   D   M        0.1998753       0.03663498
9    C 2   D   E        0.3248287       0.02621363
10   C 2   E   D        0.3094673       0.05152631
11   C 2   E   M        0.3486213       0.06634842
12   C 2   E   E        0.3634800       0.08806978
13   C 3   D   D        0.1466940       0.02781811
14   C 3   D   M        0.1959300       0.03718104
15   C 3   D   E        0.3030153       0.03493908
16   C 3   E   D        0.2940607       0.06027362
17   C 3   E   M        0.3194407       0.05340998
18   C 3   E   E        0.3212247       0.04240619
19   U 1   D   D        0.1758360       0.02401734
20   U 1   D   M        0.2561847       0.04374590
21   U 1   D   E        0.3212400       0.04438733
22   U 1   E   D        0.2789913       0.07024063
23   U 1   E   M        0.3227967       0.05981900
24   U 1   E   E        0.3947173       0.04867405
25   U 2   D   D        0.1648340       0.02993076
26   U 2   D   M        0.2881327       0.11782556
27   U 2   D   E        0.3537273       0.09947677
28   U 2   E   D        0.2204413       0.07898669
29   U 2   E   M        0.2908053       0.06016827
30   U 2   E   E        0.3520920       0.05275882
31   U 3   D   D        0.1509947       0.03350125
32   U 3   D   M        0.2906053       0.08130107
33   U 3   D   E        0.3731067       0.06494964
34   U 3   E   D        0.2142280       0.09630954
35   U 3   E   M        0.2841813       0.08823857
36   U 3   E   E        0.3526860       0.07859038
