[1] "Summary by group"
  grp  q2Rrel.m  q2Rrel.s
1   C 0.8963464 0.1189181
2   U 0.9579418 0.1326536
[1] "Summary by session\n"
  S  q2Rrel.m  q2Rrel.s
1 1 0.9153878 0.1341502
2 2 0.9386044 0.1309127
3 3 0.9274402 0.1230944
[1] "Summary by IDR+IDR\n"
  IDL IDR  q2Rrel.m   q2Rrel.s
1   D   D 0.9672881 0.09524628
2   D   M 0.9492094 0.11581201
3   D   E 0.9953520 0.12827073
4   E   D 0.8394953 0.12203126
5   E   M 0.8601617 0.11236316
6   E   E 0.9513582 0.12451394
[1] "Summary by group + Session\n"
  grp S  q2Rrel.m   q2Rrel.s
1   C 1 0.8562380 0.09577332
2   C 2 0.9039929 0.12527458
3   C 3 0.9288085 0.12298201
4   U 1 0.9745376 0.14123109
5   U 2 0.9732159 0.12787603
6   U 3 0.9260719 0.12388041
[1] "Summary by Session + IDR + IDL \n"
   S IDL IDR  q2Rrel.m   q2Rrel.s
1  1   D   D 0.9406400 0.12692263
2  1   D   M 0.9377818 0.12059373
3  1   D   E 0.9928199 0.13617887
4  1   E   D 0.8322990 0.13858655
5  1   E   M 0.8782822 0.12318296
6  1   E   E 0.9105039 0.10738552
7  2   D   D 0.9703997 0.08304464
8  2   D   M 0.9666856 0.11467847
9  2   D   E 1.0172999 0.12779145
10 2   E   D 0.8371837 0.11006592
11 2   E   M 0.8502814 0.10831229
12 2   E   E 0.9897761 0.12598276
13 3   D   D 0.9908246 0.05931054
14 3   D   M 0.9431607 0.11392704
15 3   D   E 0.9759361 0.12134492
16 3   E   D 0.8490033 0.11928342
17 3   E   M 0.8519215 0.10644558
18 3   E   E 0.9537948 0.13006725
[1] "Summary by group + IDR + IDL\n"
   grp IDL IDR  q2Rrel.m   q2Rrel.s
1    C   D   D 0.9578587 0.07618674
2    C   D   M 0.9494493 0.10528586
3    C   D   E 0.9510654 0.10136887
4    C   E   D 0.7979834 0.10185541
5    C   E   M 0.8111039 0.07718961
6    C   E   E 0.9106178 0.12492907
7    U   D   D 0.9767175 0.11119170
8    U   D   M 0.9489694 0.12666665
9    U   D   E 1.0396385 0.13781621
10   U   E   D 0.8810072 0.12736710
11   U   E   M 0.9092195 0.12106583
12   U   E   E 0.9920987 0.11116439
[1] "Summary by group + Session + IDR + IDL\n"
   grp S IDL IDR  q2Rrel.m   q2Rrel.s
1    C 1   D   D 0.9282765 0.09517365
2    C 1   D   M 0.8642853 0.08655300
3    C 1   D   E 0.8974682 0.08784566
4    C 1   E   D 0.8104894 0.09433669
5    C 1   E   M 0.7902190 0.06330670
6    C 1   E   E 0.8466893 0.08171115
7    C 2   D   D 0.9719447 0.05826353
8    C 2   D   M 0.9875974 0.09408609
9    C 2   D   E 0.9625585 0.08522568
10   C 2   E   D 0.7785687 0.11330912
11   C 2   E   M 0.7919278 0.05373887
12   C 2   E   E 0.9313603 0.13155234
13   C 3   D   D 0.9733548 0.06619906
14   C 3   D   M 0.9964653 0.08244220
15   C 3   D   E 0.9931696 0.11043478
16   C 3   E   D 0.8048922 0.10121616
17   C 3   E   M 0.8511649 0.09617401
18   C 3   E   E 0.9538039 0.13502108
19   U 1   D   D 0.9530034 0.15486706
20   U 1   D   M 1.0112783 0.10515653
21   U 1   D   E 1.0881717 0.10589788
22   U 1   E   D 0.8541085 0.17281686
23   U 1   E   M 0.9663454 0.10395225
24   U 1   E   E 0.9743185 0.09210817
25   U 2   D   D 0.9688547 0.10433442
26   U 2   D   M 0.9457737 0.13210753
27   U 2   D   E 1.0720413 0.14192616
28   U 2   E   D 0.8957987 0.06995090
29   U 2   E   M 0.9086350 0.11881281
30   U 2   E   E 1.0481919 0.09087731
31   U 3   D   D 1.0082945 0.04743881
32   U 3   D   M 0.8898561 0.11832346
33   U 3   D   E 0.9587026 0.13292358
34   U 3   E   D 0.8931144 0.12271563
35   U 3   E   M 0.8526782 0.11924759
36   U 3   E   E 0.9537856 0.12966370
