[1] "peakVel ~(S*ID*grp)+Error(pp/(S*ID))+grp"
$ANOVA
    Effect DFn DFd            F           p p<.05          ges
2      grp   1   8  0.001572984 0.969335408       8.609591e-05
3        S   2  16  3.182909798 0.068593241       7.634865e-02
5       ID   1   8 14.606778994 0.005076129     * 3.000400e-01
4    grp:S   2  16  0.163507184 0.850561384       4.228298e-03
6   grp:ID   1   8  0.563490382 0.474355336       1.626729e-02
7     S:ID   2  16  0.389019411 0.683959367       5.780354e-03
8 grp:S:ID   2  16  4.031759890 0.038202048     * 5.683097e-02

$`Mauchly's Test for Sphericity`
    Effect         W         p p<.05
3        S 0.8671567 0.6072136      
4    grp:S 0.8671567 0.6072136      
7     S:ID 0.8656746 0.6035891      
8 grp:S:ID 0.8656746 0.6035891      

$`Sphericity Corrections`
    Effect       GGe      p[GG] p[GG]<.05      HFe      p[HF] p[HF]<.05
3        S 0.8827346 0.07704312           1.113895 0.06859324          
4    grp:S 0.8827346 0.82541149           1.113895 0.85056138          
7     S:ID 0.8815813 0.65942836           1.111819 0.68395937          
8 grp:S:ID 0.8815813 0.04539945         * 1.111819 0.03820205         *

