[1] "Summary by group"
  grp accTimeLrel.m accTimeLrel.s
1   C      1.631308     0.7844929
2   U      1.830283     0.8782137
[1] "Summary by session\n"
  S accTimeLrel.m accTimeLrel.s
1 1      1.653381     0.6562618
2 2      1.824442     1.0024301
3 3      1.714563     0.8143151
[1] "Summary by IDR+IDR\n"
  IDL IDR accTimeLrel.m accTimeLrel.s
1   D   D      1.390972     0.6928904
2   D   M      1.941334     0.8291216
3   D   E      2.526347     1.1165112
4   E   D      1.356935     0.4800666
5   E   M      1.496125     0.5886175
6   E   E      1.673060     0.5081251
[1] "Summary by group + Session\n"
  grp S accTimeLrel.m accTimeLrel.s
1   C 1      1.626023     0.6536489
2   C 2      1.591609     0.8011743
3   C 3      1.676292     0.8873059
4   U 1      1.680739     0.6613832
5   U 2      2.057274     1.1267220
6   U 3      1.752835     0.7371532
[1] "Summary by Session + IDR + IDL \n"
   S IDL IDR accTimeLrel.m accTimeLrel.s
1  1   D   D      1.371345     0.5909119
2  1   D   M      1.748558     0.7008164
3  1   D   E      2.257719     0.8511191
4  1   E   D      1.247223     0.2521007
5  1   E   M      1.493725     0.4450368
6  1   E   E      1.801716     0.3778040
7  2   D   D      1.485365     0.7891848
8  2   D   M      2.087883     0.9816040
9  2   D   E      2.808762     1.3730148
10 2   E   D      1.443355     0.6597140
11 2   E   M      1.451177     0.6061447
12 2   E   E      1.670109     0.6451766
13 3   D   D      1.316206     0.6971465
14 3   D   M      1.987561     0.7695296
15 3   D   E      2.512559     1.0289977
16 3   E   D      1.380226     0.4333239
17 3   E   M      1.543473     0.7024401
18 3   E   E      1.547354     0.4471151
[1] "Summary by group + IDR + IDL\n"
   grp IDL IDR accTimeLrel.m accTimeLrel.s
1    C   D   D      1.330466     0.6853160
2    C   D   M      1.903719     0.7158265
3    C   D   E      2.602959     0.9631408
4    C   E   D      1.126311     0.2961774
5    C   E   M      1.289417     0.3686863
6    C   E   E      1.534977     0.3244656
7    U   D   D      1.451478     0.7028221
8    U   D   M      1.978950     0.9355251
9    U   D   E      2.449734     1.2577283
10   U   E   D      1.587558     0.5192806
11   U   E   M      1.702832     0.6910047
12   U   E   E      1.811143     0.6147941
[1] "Summary by group + Session + IDR + IDL\n"
   grp S IDL IDR accTimeLrel.m accTimeLrel.s
1    C 1   D   D      1.429398     0.6861838
2    C 1   D   M      1.740461     0.6701558
3    C 1   D   E      2.305050     0.8005816
4    C 1   E   D      1.182917     0.2513777
5    C 1   E   M      1.404307     0.4343974
6    C 1   E   E      1.694005     0.2930856
7    C 2   D   D      1.268468     0.6429565
8    C 2   D   M      1.867126     0.7240932
9    C 2   D   E      2.603426     1.0568558
10   C 2   E   D      1.079103     0.3395441
11   C 2   E   M      1.246175     0.3162292
12   C 2   E   E      1.485355     0.3148113
13   C 3   D   D      1.293530     0.7587887
14   C 3   D   M      2.103569     0.7511457
15   C 3   D   E      2.900401     0.9837098
16   C 3   E   D      1.116912     0.3021558
17   C 3   E   M      1.217768     0.3418463
18   C 3   E   E      1.425570     0.3214167
19   U 1   D   D      1.313291     0.4952018
20   U 1   D   M      1.756655     0.7537372
21   U 1   D   E      2.210387     0.9245643
22   U 1   E   D      1.311529     0.2441254
23   U 1   E   M      1.583142     0.4521374
24   U 1   E   E      1.909428     0.4300083
25   U 2   D   D      1.702261     0.8808577
26   U 2   D   M      2.308640     1.1692635
27   U 2   D   E      3.014097     1.6424681
28   U 2   E   D      1.807607     0.7084700
29   U 2   E   M      1.656178     0.7556526
30   U 2   E   E      1.854863     0.8306550
31   U 3   D   D      1.338882     0.6556521
32   U 3   D   M      1.871554     0.7959850
33   U 3   D   E      2.124718     0.9504144
34   U 3   E   D      1.643540     0.3861086
35   U 3   E   M      1.869178     0.8233514
36   U 3   E   E      1.669139     0.5282168
