Post-hoc Tukey comparisons[1] "grp Tukey test"

	Pairwise comparisons using paired t tests 

data:  mdata$q4Lrel and mdata$grp 

  C      
U 2.1e-11

P value adjustment method: bonferroni 
[1] "S Tukey test"

	Pairwise comparisons using paired t tests 

data:  mdata$q4Lrel and mdata$S 

  1       2     
2 3.4e-05 -     
3 0.0085  0.8380

P value adjustment method: bonferroni 
[1] "IDR Tukey test"

	Pairwise comparisons using paired t tests 

data:  mdata$q4Lrel and mdata$IDR 

  D       M      
M 0.0068  -      
E < 2e-16 5.2e-14

P value adjustment method: bonferroni 
[1] "IDL Tukey test"
