[1] "q2Rrel ~S*IDR*IDL*grp + Error(pp/(S*IDR*IDL))"
$ANOVA
          Effect DFn DFd          F            p p<.05          ges
2            grp   1   8  2.2422670 0.1726585182       0.0951357873
3              S   2  16  0.4039282 0.6743125557       0.0098645192
5            IDR   2  16  7.7083270 0.0045256445     * 0.1058539327
7            IDL   1   8 27.0143155 0.0008248864     * 0.1732011126
4          grp:S   2  16  2.7759430 0.0922736291       0.0640805443
6        grp:IDR   2  16  0.4966921 0.6176192702       0.0075705135
8        grp:IDL   1   8  2.4054973 0.1595078553       0.0183119754
9          S:IDR   4  32  0.8206160 0.5216774748       0.0155314559
11         S:IDL   2  16  0.1023057 0.9033392379       0.0004224182
13       IDR:IDL   2  16  7.7746585 0.0043756257     * 0.0314719029
10     grp:S:IDR   4  32  2.8921020 0.0376423438     * 0.0526725191
12     grp:S:IDL   2  16  2.9690722 0.0800498890       0.0121158217
14   grp:IDR:IDL   2  16  3.2107308 0.0672432218       0.0132417117
15     S:IDR:IDL   4  32  4.7443198 0.0040434506     * 0.0131000062
16 grp:S:IDR:IDL   4  32  0.8157811 0.5245909795       0.0022772354

$`Mauchly's Test for Sphericity`
          Effect          W           p p<.05
3              S 0.65597188 0.228611608      
4          grp:S 0.65597188 0.228611608      
5            IDR 0.79000368 0.438229785      
6        grp:IDR 0.79000368 0.438229785      
9          S:IDR 0.01507307 0.002045518     *
10     grp:S:IDR 0.01507307 0.002045518     *
11         S:IDL 0.47563225 0.074207797      
12     grp:S:IDL 0.47563225 0.074207797      
13       IDR:IDL 0.95194289 0.841662808      
14   grp:IDR:IDL 0.95194289 0.841662808      
15     S:IDR:IDL 0.22167098 0.396313880      
16 grp:S:IDR:IDL 0.22167098 0.396313880      

$`Sphericity Corrections`
          Effect       GGe       p[GG] p[GG]<.05       HFe       p[HF]
3              S 0.7440321 0.617692091           0.8747458 0.648648075
4          grp:S 0.7440321 0.112163975           0.8747458 0.101543476
5            IDR 0.8264488 0.008030083         * 1.0143273 0.004525644
6        grp:IDR 0.8264488 0.584964141           1.0143273 0.617619270
9          S:IDR 0.5500302 0.466719406           0.7673041 0.497365923
10     grp:S:IDR 0.5500302 0.077960324           0.7673041 0.054632526
11         S:IDL 0.6560097 0.820703667           0.7332687 0.844706266
12     grp:S:IDL 0.6560097 0.107965192           0.7332687 0.100990876
13       IDR:IDL 0.9541465 0.005095458         * 1.2455160 0.004375626
14   grp:IDR:IDL 0.9541465 0.070414567           1.2455160 0.067243222
15     S:IDR:IDL 0.6464166 0.014161941         * 0.9821615 0.004303742
16 grp:S:IDR:IDL 0.6464166 0.483944722           0.9821615 0.522907597
   p[HF]<.05
3           
4           
5          *
6           
9           
10          
11          
12          
13         *
14          
15         *
16          

