Post-hoc Tukey comparisons[1] "grp Tukey test"

	Pairwise comparisons using paired t tests 

data:  mdata$q2Rrel and mdata$grp 

  C      
U 9.4e-09

P value adjustment method: bonferroni 
[1] "S Tukey test"

	Pairwise comparisons using paired t tests 

data:  mdata$q2Rrel and mdata$S 

  1     2    
2 0.052 -    
3 0.938 0.583

P value adjustment method: bonferroni 
[1] "IDR Tukey test"

	Pairwise comparisons using paired t tests 

data:  mdata$q2Rrel and mdata$IDR 

  D       M      
M 1       -      
E 2.0e-09 1.4e-13

P value adjustment method: bonferroni 
[1] "IDL Tukey test"
