[1] "maxangleRrel ~S*IDR*IDL*grp + Error(pp/(S*IDR*IDL))"
$ANOVA
          Effect DFn DFd           F            p p<.05         ges
2            grp   1   8  0.06674094 0.8026646081       0.003049986
3              S   2  16  0.52195555 0.6031228446       0.007838672
5            IDR   2  16  6.10440633 0.0107122675     * 0.120670003
7            IDL   1   8 24.98608964 0.0010546573     * 0.119111673
4          grp:S   2  16  1.15094020 0.3411883227       0.017122953
6        grp:IDR   2  16  0.06084293 0.9411876671       0.001365905
8        grp:IDL   1   8  7.63811281 0.0245336641     * 0.039694529
9          S:IDR   4  32  1.29382522 0.2932125522       0.027185333
11         S:IDL   2  16  2.11829811 0.1527074171       0.012147492
13       IDR:IDL   2  16 14.54378802 0.0002514808     * 0.060426267
10     grp:S:IDR   4  32  1.23636226 0.3152051846       0.026009348
12     grp:S:IDL   2  16  2.47003431 0.1161809856       0.014136029
14   grp:IDR:IDL   2  16  1.65826355 0.2215784291       0.007279439
15     S:IDR:IDL   4  32  0.25208894 0.9062473489       0.001084528
16 grp:S:IDR:IDL   4  32  1.02329032 0.4102042753       0.004387806

$`Mauchly's Test for Sphericity`
          Effect          W          p p<.05
3              S 0.35478853 0.02660073     *
4          grp:S 0.35478853 0.02660073     *
5            IDR 0.58244597 0.15079771      
6        grp:IDR 0.58244597 0.15079771      
9          S:IDR 0.05380575 0.03289177     *
10     grp:S:IDR 0.05380575 0.03289177     *
11         S:IDL 0.97990561 0.93141848      
12     grp:S:IDL 0.97990561 0.93141848      
13       IDR:IDL 0.89319944 0.67347200      
14   grp:IDR:IDL 0.89319944 0.67347200      
15     S:IDR:IDL 0.24870334 0.46164410      
16 grp:S:IDR:IDL 0.24870334 0.46164410      

$`Sphericity Corrections`
          Effect       GGe        p[GG] p[GG]<.05       HFe        p[HF]
3              S 0.6078246 0.5216805998           0.6589313 0.5346877585
4          grp:S 0.6078246 0.3237450303           0.6589313 0.3271511217
5            IDR 0.7054405 0.0227044001         * 0.8117875 0.0172819393
6        grp:IDR 0.7054405 0.8851733760           0.8117875 0.9102236673
9          S:IDR 0.5246945 0.3015560807           0.7154874 0.2999385580
10     grp:S:IDR 0.5246945 0.3173004802           0.7154874 0.3185152120
11         S:IDL 0.9803014 0.1539288038           1.2952804 0.1527074171
12     grp:S:IDL 0.9803014 0.1175527351           1.2952804 0.1161809856
13       IDR:IDL 0.9035051 0.0004471128         * 1.1515515 0.0002514808
14   grp:IDR:IDL 0.9035051 0.2249801033           1.1515515 0.2215784291
15     S:IDR:IDL 0.6105955 0.8205309477           0.8988310 0.8897798432
16 grp:S:IDR:IDL 0.6105955 0.3911723683           0.8988310 0.4065731170
   p[HF]<.05
3           
4           
5          *
6           
9           
10          
11          
12          
13         *
14          
15          
16          

