Post-hoc Tukey comparisons[1] "grp Tukey test"

	Pairwise comparisons using paired t tests 

data:  mdata$maxangleRrel and mdata$grp 

  C   
U 0.36

P value adjustment method: bonferroni 
[1] "S Tukey test"

	Pairwise comparisons using paired t tests 

data:  mdata$maxangleRrel and mdata$S 

  1    2   
2 1.00 -   
3 0.47 0.11

P value adjustment method: bonferroni 
[1] "IDR Tukey test"

	Pairwise comparisons using paired t tests 

data:  mdata$maxangleRrel and mdata$IDR 

  D       M    
M 7.7e-07 -    
E 2.3e-11 0.046

P value adjustment method: bonferroni 
[1] "IDL Tukey test"
