[1] "Summary by group"
  grp maxangleRrel.m maxangleRrel.s
1   C       1.306622      0.5565779
2   U       1.356079      0.6621655
[1] "Summary by session\n"
  S maxangleRrel.m maxangleRrel.s
1 1       1.307395      0.6292487
2 2       1.299301      0.5633093
3 3       1.387356      0.6389542
[1] "Summary by IDR+IDR\n"
  IDL IDR maxangleRrel.m maxangleRrel.s
1   D   D       1.231052      0.4512922
2   D   M       1.185045      0.6836151
3   D   E       1.084750      0.4018370
4   E   D       1.879904      0.7434835
5   E   M       1.371348      0.5778787
6   E   E       1.236005      0.3710196
[1] "Summary by group + Session\n"
  grp S maxangleRrel.m maxangleRrel.s
1   C 1       1.344618      0.6362408
2   C 2       1.292019      0.5023759
3   C 3       1.283228      0.5261987
4   U 1       1.270172      0.6235000
5   U 2       1.306582      0.6210567
6   U 3       1.491484      0.7227020
[1] "Summary by Session + IDR + IDL \n"
   S IDL IDR maxangleRrel.m maxangleRrel.s
1  1   D   D      1.1571378      0.2643272
2  1   D   M      0.9746225      0.5625190
3  1   D   E      1.0992195      0.4437266
4  1   E   D      1.9947488      0.8516041
5  1   E   M      1.2662338      0.5936845
6  1   E   E      1.3524074      0.3282874
7  2   D   D      1.2491093      0.4260735
8  2   D   M      1.2233384      0.7824664
9  2   D   E      1.0927269      0.3523655
10 2   E   D      1.7551673      0.5896534
11 2   E   M      1.3098447      0.5221126
12 2   E   E      1.1656180      0.3661498
13 3   D   D      1.2869077      0.6036687
14 3   D   M      1.3571736      0.6538851
15 3   D   E      1.0623021      0.4167694
16 3   E   D      1.8897956      0.7704955
17 3   E   M      1.5379663      0.5964370
18 3   E   E      1.1899887      0.3991108
[1] "Summary by group + IDR + IDL\n"
   grp IDL IDR maxangleRrel.m maxangleRrel.s
1    C   D   D       1.113819      0.3245984
2    C   D   M       1.019836      0.5067185
3    C   D   E       1.020313      0.4229291
4    C   E   D       1.903743      0.5702374
5    C   E   M       1.495189      0.5354234
6    C   E   E       1.286830      0.3655651
7    U   D   D       1.348284      0.5277143
8    U   D   M       1.350254      0.7954169
9    U   D   E       1.149186      0.3731674
10   U   E   D       1.856065      0.8898120
11   U   E   M       1.247507      0.5978535
12   U   E   E       1.185179      0.3735210
[1] "Summary by group + Session + IDR + IDL\n"
   grp S IDL IDR maxangleRrel.m maxangleRrel.s
1    C 1   D   D      1.1890526      0.2722313
2    C 1   D   M      1.1021084      0.6975209
3    C 1   D   E      0.9992262      0.4713976
4    C 1   E   D      2.0566567      0.7454674
5    C 1   E   M      1.4286473      0.5614598
6    C 1   E   E      1.2920191      0.3860910
7    C 2   D   D      1.1058487      0.3170933
8    C 2   D   M      0.9658160      0.5372263
9    C 2   D   E      1.1362001      0.3671106
10   C 2   E   D      1.7472789      0.3987564
11   C 2   E   M      1.4755893      0.5866291
12   C 2   E   E      1.3213824      0.3756358
13   C 3   D   D      1.0465567      0.3814532
14   C 3   D   M      0.9915836      0.1434923
15   C 3   D   E      0.9255120      0.4250636
16   C 3   E   D      1.9072927      0.5059059
17   C 3   E   M      1.5813310      0.4780289
18   C 3   E   E      1.2470893      0.3561403
19   U 1   D   D      1.1252230      0.2616025
20   U 1   D   M      0.8471367      0.3661893
21   U 1   D   E      1.1992129      0.4052269
22   U 1   E   D      1.9328409      0.9686728
23   U 1   E   M      1.1038203      0.5986123
24   U 1   E   E      1.4127957      0.2576092
25   U 2   D   D      1.3923699      0.4811620
26   U 2   D   M      1.4808609      0.9151602
27   U 2   D   E      1.0492536      0.3440516
28   U 2   E   D      1.7630557      0.7490510
29   U 2   E   M      1.1441001      0.4020870
30   U 2   E   E      1.0098536      0.2908850
31   U 3   D   D      1.5272587      0.6968250
32   U 3   D   M      1.7227635      0.7607077
33   U 3   D   E      1.1990922      0.3728607
34   U 3   E   D      1.8722985      0.9864758
35   U 3   E   M      1.4946015      0.7101709
36   U 3   E   E      1.1328882      0.4428703
