[1] "q2L ~S*IDR*IDL*grp + Error(pp/(S*IDR*IDL))"
$ANOVA
          Effect DFn DFd          F            p p<.05         ges
2            grp   1   8  0.0462803 8.350501e-01       0.001690552
3              S   2  16  7.2575914 5.712577e-03     * 0.148808457
5            IDR   2  16 62.4097059 2.777536e-08     * 0.311635211
7            IDL   1   8 59.3975702 5.706638e-05     * 0.500104660
4          grp:S   2  16  1.0249057 3.812225e-01       0.024093501
6        grp:IDR   2  16  2.0343509 1.632321e-01       0.014542514
8        grp:IDL   1   8  0.6082666 4.578921e-01       0.010140991
9          S:IDR   4  32  0.8298588 5.161399e-01       0.012365714
11         S:IDL   2  16  5.2992889 1.714323e-02     * 0.036675363
13       IDR:IDL   2  16 20.7865609 3.557965e-05     * 0.178218585
10     grp:S:IDR   4  32  2.8867529 3.789762e-02     * 0.041736256
12     grp:S:IDL   2  16  2.2306555 1.397952e-01       0.015772915
14   grp:IDR:IDL   2  16  0.2165150 8.076416e-01       0.002253835
15     S:IDR:IDL   4  32  2.1796297 9.369721e-02       0.016125488
16 grp:S:IDR:IDL   4  32  0.5903199 6.720596e-01       0.004419308

$`Mauchly's Test for Sphericity`
          Effect         W          p p<.05
3              S 0.5637833 0.13455283      
4          grp:S 0.5637833 0.13455283      
5            IDR 0.7209004 0.31809985      
6        grp:IDR 0.7209004 0.31809985      
9          S:IDR 0.1638770 0.25367835      
10     grp:S:IDR 0.1638770 0.25367835      
11         S:IDL 0.4848842 0.07938403      
12     grp:S:IDL 0.4848842 0.07938403      
13       IDR:IDL 0.8501726 0.56659768      
14   grp:IDR:IDL 0.8501726 0.56659768      
15     S:IDR:IDL 0.2961988 0.56973306      
16 grp:S:IDR:IDL 0.2961988 0.56973306      

$`Sphericity Corrections`
          Effect       GGe        p[GG] p[GG]<.05       HFe        p[HF]
3              S 0.6962738 1.468698e-02         * 0.7970491 1.071366e-02
4          grp:S 0.6962738 3.617005e-01           0.7970491 3.693821e-01
5            IDR 0.7818000 7.060652e-07         * 0.9378223 6.970534e-08
6        grp:IDR 0.7818000 1.762015e-01           0.9378223 1.669052e-01
9          S:IDR 0.5921969 4.693554e-01           0.8576789 5.024579e-01
10     grp:S:IDR 0.5921969 7.304760e-02           0.8576789 4.750925e-02
11         S:IDL 0.6600156 3.553380e-02         * 0.7395454 2.992194e-02
12     grp:S:IDL 0.6600156 1.629679e-01           0.7395454 1.574402e-01
13       IDR:IDL 0.8696957 9.869655e-05         * 1.0905108 3.557965e-05
14   grp:IDR:IDL 0.8696957 7.783076e-01           1.0905108 8.076416e-01
15     S:IDR:IDL 0.6747674 1.246745e-01           1.0513073 9.369721e-02
16 grp:S:IDR:IDL 0.6747674 6.111040e-01           1.0513073 6.720596e-01
   p[HF]<.05
3          *
4           
5          *
6           
9           
10         *
11         *
12          
13         *
14          
15          
16          

