[1] "Summary by group"
  grp     q2L.m      q2L.s
1   C 0.7347670 0.09506935
2   U 0.7389252 0.09194758
[1] "Summary by session\n"
  S     q2L.m      q2L.s
1 1 0.7074947 0.08328227
2 2 0.7467005 0.09355818
3 3 0.7563431 0.09625702
[1] "Summary by IDR+IDR\n"
  IDL IDR     q2L.m      q2L.s
1   D   D 0.8567948 0.06971886
2   D   M 0.7892144 0.07278738
3   D   E 0.7161296 0.06854431
4   E   D 0.7011836 0.06065909
5   E   M 0.6824027 0.07142527
6   E   E 0.6753517 0.05826355
[1] "Summary by group + Session\n"
  grp S     q2L.m      q2L.s
1   C 1 0.7007460 0.08392463
2   C 2 0.7381147 0.09977975
3   C 3 0.7654404 0.09047158
4   U 1 0.7142434 0.08254906
5   U 2 0.7552863 0.08659983
6   U 3 0.7472458 0.10140238
[1] "Summary by Session + IDR + IDL \n"
   S IDL IDR     q2L.m      q2L.s
1  1   D   D 0.8177627 0.06804807
2  1   D   M 0.7391170 0.07448738
3  1   D   E 0.6767807 0.06088964
4  1   E   D 0.6957083 0.04930230
5  1   E   M 0.6732707 0.06429966
6  1   E   E 0.6423290 0.04497592
7  2   D   D 0.8736630 0.06764535
8  2   D   M 0.8078653 0.06486379
9  2   D   E 0.7210937 0.05663692
10 2   E   D 0.6950970 0.06355162
11 2   E   M 0.6964450 0.06329548
12 2   E   E 0.6860390 0.05994958
13 3   D   D 0.8789587 0.05772676
14 3   D   M 0.8206610 0.05024513
15 3   D   E 0.7505143 0.06821585
16 3   E   D 0.7127453 0.06793519
17 3   E   M 0.6774923 0.08485621
18 3   E   E 0.6976870 0.05512645
[1] "Summary by group + IDR + IDL\n"
   grp IDL IDR     q2L.m      q2L.s
1    C   D   D 0.8474318 0.07066647
2    C   D   M 0.7914882 0.08099374
3    C   D   E 0.7016402 0.07157448
4    C   E   D 0.7084987 0.07080872
5    C   E   M 0.6898378 0.07104700
6    C   E   E 0.6697056 0.06343469
7    U   D   D 0.8661578 0.06825572
8    U   D   M 0.7869407 0.06438830
9    U   D   E 0.7306189 0.06285775
10   U   E   D 0.6938684 0.04815959
11   U   E   M 0.6749676 0.07182152
12   U   E   E 0.6809978 0.05269979
[1] "Summary by group + Session + IDR + IDL\n"
   grp S IDL IDR     q2L.m      q2L.s
1    C 1   D   D 0.7962313 0.07983879
2    C 1   D   M 0.7264433 0.09277262
3    C 1   D   E 0.6661647 0.07095285
4    C 1   E   D 0.6935727 0.04982223
5    C 1   E   M 0.6679727 0.06698532
6    C 1   E   E 0.6540913 0.04995372
7    C 2   D   D 0.8834927 0.04901865
8    C 2   D   M 0.8093067 0.05759292
9    C 2   D   E 0.6954380 0.04420201
10   C 2   E   D 0.7002373 0.07425159
11   C 2   E   M 0.6827473 0.06599615
12   C 2   E   E 0.6574660 0.06271160
13   C 3   D   D 0.8625713 0.04969905
14   C 3   D   M 0.8387147 0.03782239
15   C 3   D   E 0.7433180 0.07656174
16   C 3   E   D 0.7316860 0.08291237
17   C 3   E   M 0.7187933 0.07454658
18   C 3   E   E 0.6975593 0.07046728
19   U 1   D   D 0.8392940 0.04716116
20   U 1   D   M 0.7517907 0.05041927
21   U 1   D   E 0.6873967 0.04903178
22   U 1   E   D 0.6978440 0.05042845
23   U 1   E   M 0.6785687 0.06338005
24   U 1   E   E 0.6305667 0.03739400
25   U 2   D   D 0.8638333 0.08287799
26   U 2   D   M 0.8064240 0.07344214
27   U 2   D   E 0.7467493 0.05727417
28   U 2   E   D 0.6899567 0.05287895
29   U 2   E   M 0.7101427 0.05950843
30   U 2   E   E 0.7146120 0.04198102
31   U 3   D   D 0.8953460 0.06210746
32   U 3   D   M 0.8026073 0.05568221
33   U 3   D   E 0.7577107 0.06055178
34   U 3   E   D 0.6938047 0.04378159
35   U 3   E   M 0.6361913 0.07551860
36   U 3   E   E 0.6978147 0.03645882
