[1] "Full vs no Session"
Data: mdata
Models:
noS.mod: get(vname) ~ (1 | pp) + (1 | pp/IDR) + (1 | pp/IDL) + (1 | pp/IDR:IDL) + 
noS.mod:     IDR * IDL * grp
full.mod: get(vname) ~ (1 | pp) + (1 | pp/S) + (1 | pp/IDR) + (1 | pp/IDL) + 
full.mod:     (1 | pp/IDR:IDL) + (1 | pp/S:IDR:IDL) + S * IDR * IDL * grp
         Df     AIC     BIC logLik  Chisq Chi Df Pr(>Chisq)    
noS.mod  20 -1558.4 -1472.6 799.22                             
full.mod 48 -1771.1 -1565.1 933.55 268.66     28  < 2.2e-16 ***
---
Signif. codes:  0 ‘***’ 0.001 ‘**’ 0.01 ‘*’ 0.05 ‘.’ 0.1 ‘ ’ 1 
[1] "Full vs no Group"
Data: mdata
Models:
nogrp.mod: get(vname) ~ (1 | pp) + (1 | pp/S) + (1 | pp/IDR) + (1 | pp/IDL) + 
nogrp.mod:     (1 | pp/IDR:IDL) + (1 | pp/S:IDR:IDL) + S * IDR * IDL
full.mod: get(vname) ~ (1 | pp) + (1 | pp/S) + (1 | pp/IDR) + (1 | pp/IDL) + 
full.mod:     (1 | pp/IDR:IDL) + (1 | pp/S:IDR:IDL) + S * IDR * IDL * grp
          Df     AIC     BIC logLik  Chisq Chi Df Pr(>Chisq)  
nogrp.mod 30 -1780.6 -1651.9 920.31                           
full.mod  48 -1771.1 -1565.1 933.55 26.474     18    0.08941 .
---
Signif. codes:  0 ‘***’ 0.001 ‘**’ 0.01 ‘*’ 0.05 ‘.’ 0.1 ‘ ’ 1 
[1] "Full vs no Session and no Group"
Data: mdata
Models:
noSgrp.mod: get(vname) ~ (1 | pp) + (1 | pp/IDR) + (1 | pp/IDL) + (1 | pp/IDR:IDL) + 
noSgrp.mod:     IDR * IDL
full.mod: get(vname) ~ (1 | pp) + (1 | pp/S) + (1 | pp/IDR) + (1 | pp/IDL) + 
full.mod:     (1 | pp/IDR:IDL) + (1 | pp/S:IDR:IDL) + S * IDR * IDL * grp
           Df     AIC     BIC logLik  Chisq Chi Df Pr(>Chisq)    
noSgrp.mod 14 -1556.4 -1496.3 792.19                             
full.mod   48 -1771.1 -1565.1 933.55 282.72     34  < 2.2e-16 ***
---
Signif. codes:  0 ‘***’ 0.001 ‘**’ 0.01 ‘*’ 0.05 ‘.’ 0.1 ‘ ’ 1 
[1] "No Group vs no Session and no Group"
Data: mdata
Models:
noSgrp.mod: get(vname) ~ (1 | pp) + (1 | pp/IDR) + (1 | pp/IDL) + (1 | pp/IDR:IDL) + 
noSgrp.mod:     IDR * IDL
nogrp.mod: get(vname) ~ (1 | pp) + (1 | pp/S) + (1 | pp/IDR) + (1 | pp/IDL) + 
nogrp.mod:     (1 | pp/IDR:IDL) + (1 | pp/S:IDR:IDL) + S * IDR * IDL
           Df     AIC     BIC logLik  Chisq Chi Df Pr(>Chisq)    
noSgrp.mod 14 -1556.4 -1496.3 792.19                             
nogrp.mod  30 -1780.6 -1651.9 920.31 256.24     16  < 2.2e-16 ***
---
Signif. codes:  0 ‘***’ 0.001 ‘**’ 0.01 ‘*’ 0.05 ‘.’ 0.1 ‘ ’ 1 
[1] "No Session vs no Session and no Group"
Data: mdata
Models:
noSgrp.mod: get(vname) ~ (1 | pp) + (1 | pp/IDR) + (1 | pp/IDL) + (1 | pp/IDR:IDL) + 
noSgrp.mod:     IDR * IDL
noS.mod: get(vname) ~ (1 | pp) + (1 | pp/IDR) + (1 | pp/IDL) + (1 | pp/IDR:IDL) + 
noS.mod:     IDR * IDL * grp
           Df     AIC     BIC logLik  Chisq Chi Df Pr(>Chisq)  
noSgrp.mod 14 -1556.4 -1496.3 792.19                           
noS.mod    20 -1558.4 -1472.6 799.22 14.054      6    0.02904 *
---
Signif. codes:  0 ‘***’ 0.001 ‘**’ 0.01 ‘*’ 0.05 ‘.’ 0.1 ‘ ’ 1 
