[1] "phDiffMean ~(S*DID*grp)+Error(pp/(S*DID))+grp"
$ANOVA
     Effect DFn DFd           F         p p<.05          ges
2       grp   1   8 0.001509729 0.9699579       3.879364e-05
3         S   2  16 1.062744426 0.3686736       5.168463e-02
5       DID   2  16 0.404467143 0.6739667       7.238852e-03
4     grp:S   2  16 1.369047793 0.2825897       6.560386e-02
6   grp:DID   2  16 0.465460427 0.6360851       8.321381e-03
7     S:DID   4  32 1.151923039 0.3502405       3.339445e-02
8 grp:S:DID   4  32 1.035109373 0.4043509       3.010997e-02

$`Mauchly's Test for Sphericity`
     Effect          W          p p<.05
3         S 0.99530763 0.98367279      
4     grp:S 0.99530763 0.98367279      
5       DID 0.61272513 0.18006526      
6   grp:DID 0.61272513 0.18006526      
7     S:DID 0.06225837 0.04348356     *
8 grp:S:DID 0.06225837 0.04348356     *

$`Sphericity Corrections`
     Effect       GGe     p[GG] p[GG]<.05       HFe     p[HF] p[HF]<.05
3         S 0.9953295 0.3684765           1.3242660 0.3686736          
4     grp:S 0.9953295 0.2826178           1.3242660 0.2825897          
5       DID 0.7208377 0.6113468           0.8367288 0.6398087          
6   grp:DID 0.7208377 0.5778643           0.8367288 0.6042539          
7     S:DID 0.5889212 0.3446829           0.8504647 0.3496282          
8 grp:S:DID 0.5889212 0.3851785           0.8504647 0.3992282          

