[1] "Summary by group"
  grp phDiffMean.m phDiffMean.s
1   C  -0.03025740   0.08069976
2   U  -0.02450581   1.02049105
[1] "Summary by session\n"
  S phDiffMean.m phDiffMean.s
1 1   0.05679136    0.5136065
2 2  -0.17953082    0.6338105
3 3   0.04059464    0.9364986
[1] "Summary by DID\n"
  DID phDiffMean.m phDiffMean.s
1   1  -0.03865764    0.1164763
2   2   0.02554531    0.8203726
3   3  -0.06903250    0.9415361
[1] "Summary by group + Session\n"
  grp S phDiffMean.m phDiffMean.s
1   C 1  -0.04643317   0.05847576
2   C 2  -0.01017409   0.10206464
3   C 3  -0.03416495   0.07280826
4   U 1   0.16001589   0.71299657
5   U 2  -0.34888756   0.86225120
6   U 3   0.11535423   1.32561634
[1] "Summary by Session + DID\n"
  S DID phDiffMean.m phDiffMean.s
1 1   1  -0.03339478   0.05724092
2 1   2   0.17393833   0.69601208
3 1   3   0.02983054   0.54634732
4 2   1  -0.03183692   0.14301398
5 2   2  -0.17493426   0.59143148
6 2   3  -0.33182129   0.90334268
7 3   1  -0.05074121   0.13296036
8 3   2   0.07763187   1.07891611
9 3   3   0.09489326   1.22341176
[1] "Summary by group + DID\n"
  grp DID phDiffMean.m phDiffMean.s
1   C   1  -0.00314012   0.09019213
2   C   2  -0.03624704   0.08717267
3   C   3  -0.05138504   0.05342664
4   U   1  -0.07417515   0.12933225
5   U   2   0.08733767   1.16013319
6   U   3  -0.08667996   1.33777303
[1] "Summary by group + Session + DID\n"
   grp S DID phDiffMean.m phDiffMean.s
1    C 1   1  -0.03004660   0.06683302
2    C 1   2  -0.04860033   0.05866338
3    C 1   3  -0.06065257   0.04826304
4    C 2   1   0.02490046   0.12429211
5    C 2   2  -0.01460780   0.10162855
6    C 2   3  -0.04081492   0.06795417
7    C 3   1  -0.00427422   0.06349239
8    C 3   2  -0.04553300   0.09672359
9    C 3   3  -0.05268764   0.04254823
10   U 1   1  -0.03674296   0.04792085
11   U 1   2   0.39647699   0.94546544
12   U 1   3   0.12031364   0.77358812
13   U 2   1  -0.08857431   0.14149296
14   U 2   2  -0.33526072   0.81188540
15   U 2   3  -0.62282766   1.22648225
16   U 3   1  -0.09720819   0.16721711
17   U 3   2   0.20079673   1.53928729
18   U 3   3   0.24247415   1.74696890
