[1] "IPerfEfR ~(S*DID*grp)+Error(pp/(S*DID))+grp"
$ANOVA
     Effect DFn DFd          F            p p<.05         ges
2       grp   1   8  5.5263206 4.662207e-02     * 0.163318324
3         S   2  16  1.1457168 3.427503e-01       0.027402786
5       DID   2  16 53.9043696 7.779460e-08     * 0.707295030
4     grp:S   2  16  0.2890474 7.528057e-01       0.007057931
6   grp:DID   2  16  4.6139062 2.617720e-02     * 0.171383456
7     S:DID   4  32  2.8244518 4.100614e-02     * 0.054124525
8 grp:S:DID   4  32  1.0280591 4.078340e-01       0.020402883

$`Mauchly's Test for Sphericity`
     Effect         W            p p<.05
3         S 0.9518820 0.8414743852      
4     grp:S 0.9518820 0.8414743852      
5       DID 0.1117029 0.0004658276     *
6   grp:DID 0.1117029 0.0004658276     *
7     S:DID 0.1417249 0.1990597289      
8 grp:S:DID 0.1417249 0.1990597289      

$`Sphericity Corrections`
     Effect       GGe        p[GG] p[GG]<.05       HFe        p[HF] p[HF]<.05
3         S 0.9540910 3.414346e-01           1.2454114 3.427503e-01          
4     grp:S 0.9540910 7.430542e-01           1.2454114 7.528057e-01          
5       DID 0.5295777 5.319963e-05         * 0.5426139 4.431823e-05         *
6   grp:DID 0.5295777 6.066125e-02           0.5426139 5.925506e-02          
7     S:DID 0.6251446 7.307690e-02           0.9321527 4.545606e-02         *
8 grp:S:DID 0.6251446 3.903851e-01           0.9321527 4.055597e-01          

