[1] "Summary by group"
  grp IPerfEfR.m IPerfEfR.s
1   C 0.37398502  0.5009399
2   U 0.04570881  0.9366252
[1] "Summary by session\n"
  S IPerfEfR.m IPerfEfR.s
1 1  0.1228062  0.7069752
2 2  0.2656558  0.7396249
3 3  0.2410787  0.8495444
[1] "Summary by DID\n"
  DID IPerfEfR.m IPerfEfR.s
1   1  0.8460320  0.2742396
2   2  0.3352891  0.2860507
3   3 -0.5517804  0.7820255
[1] "Summary by group + Session\n"
  grp S  IPerfEfR.m IPerfEfR.s
1   C 1  0.27481343  0.4384833
2   C 2  0.39896456  0.5399007
3   C 3  0.44817707  0.5139477
4   U 1 -0.02920096  0.8783262
5   U 2  0.13234709  0.8824283
6   U 3  0.03398031  1.0526077
[1] "Summary by Session + DID\n"
  S DID IPerfEfR.m IPerfEfR.s
1 1   1  0.6419783  0.3044647
2 1   2  0.2192084  0.2854507
3 1   3 -0.4927680  0.8241872
4 2   1  0.8854897  0.1838773
5 2   2  0.4322239  0.1844236
6 2   3 -0.5207461  0.7383375
7 3   1  1.0106280  0.1777326
8 3   2  0.3544351  0.3340435
9 3   3 -0.6418271  0.7996592
[1] "Summary by group + DID\n"
  grp DID IPerfEfR.m IPerfEfR.s
1   C   1  0.8703789  0.2025505
2   C   2  0.4015009  0.2051417
3   C   3 -0.1499247  0.3842109
4   U   1  0.8216851  0.3314888
5   U   2  0.2690774  0.3383184
6   U   3 -0.9536361  0.8712592
[1] "Summary by group + Session + DID\n"
   grp S DID IPerfEfR.m IPerfEfR.s
1    C 1   1  0.7185353  0.1821378
2    C 1   2  0.2938403  0.1782274
3    C 1   3 -0.1879353  0.3139396
4    C 2   1  0.8909613  0.1860570
5    C 2   2  0.4596504  0.1835747
6    C 2   3 -0.1537181  0.5071784
7    C 3   1  1.0016400  0.1324095
8    C 3   2  0.4510120  0.2193819
9    C 3   3 -0.1081208  0.3236025
10   U 1   1  0.5654213  0.3824729
11   U 1   2  0.1445765  0.3536719
12   U 1   3 -0.7976007  1.0532857
13   U 2   1  0.8800180  0.1880304
14   U 2   2  0.4047975  0.1874621
15   U 2   3 -0.8877742  0.7637603
16   U 3   1  1.0196160  0.2184691
17   U 3   2  0.2578583  0.4037640
18   U 3   3 -1.1755333  0.7806982
