[1] "Summary by group"
  grp     q4R.m      q4R.s
1   C 0.7427174 0.10314160
2   U 0.7301150 0.08141536
[1] "Summary by session\n"
  S     q4R.m      q4R.s
1 1 0.6986546 0.08219886
2 2 0.7493736 0.09307448
3 3 0.7612204 0.09179898
[1] "Summary by IDR+IDR\n"
  IDL IDR     q4R.m      q4R.s
1   D   D 0.8383124 0.05608649
2   D   M 0.7843909 0.07640493
3   D   E 0.7196889 0.06297878
4   E   D 0.7000558 0.08552560
5   E   M 0.7025868 0.08324137
6   E   E 0.6734624 0.07499046
[1] "Summary by group + Session\n"
  grp S     q4R.m      q4R.s
1   C 1 0.6901114 0.09121965
2   C 2 0.7625732 0.09964153
3   C 3 0.7754676 0.09809373
4   U 1 0.7071978 0.07155828
5   U 2 0.7361740 0.08451179
6   U 3 0.7469732 0.08316182
[1] "Summary by Session + IDR + IDL \n"
   S IDL IDR     q4R.m      q4R.s
1  1   D   D 0.8079290 0.06294557
2  1   D   M 0.7326547 0.06401071
3  1   D   E 0.6947680 0.05254351
4  1   E   D 0.6551580 0.06566036
5  1   E   M 0.6704730 0.05542844
6  1   E   E 0.6309450 0.04914592
7  2   D   D 0.8528923 0.04174101
8  2   D   M 0.8069810 0.07313425
9  2   D   E 0.7206640 0.05581296
10 2   E   D 0.7175963 0.08267918
11 2   E   M 0.7087477 0.09289608
12 2   E   E 0.6893603 0.07713663
13 3   D   D 0.8541160 0.05016289
14 3   D   M 0.8135370 0.06552952
15 3   D   E 0.7436347 0.07113360
16 3   E   D 0.7274130 0.09012982
17 3   E   M 0.7285397 0.08809285
18 3   E   E 0.7000820 0.07764405
[1] "Summary by group + IDR + IDL\n"
   grp IDL IDR     q4R.m      q4R.s
1    C   D   D 0.8457598 0.06648370
2    C   D   M 0.8186822 0.07191765
3    C   D   E 0.7344918 0.07056821
4    C   E   D 0.6855329 0.09058977
5    C   E   M 0.6933196 0.08795727
6    C   E   E 0.6785182 0.08739381
7    U   D   D 0.8308651 0.04277092
8    U   D   M 0.7500996 0.06504393
9    U   D   E 0.7048860 0.05093832
10   U   E   D 0.7145787 0.07847022
11   U   E   M 0.7118540 0.07812543
12   U   E   E 0.6684067 0.06070408
[1] "Summary by group + Session + IDR + IDL\n"
   grp S IDL IDR     q4R.m      q4R.s
1    C 1   D   D 0.7996560 0.07706887
2    C 1   D   M 0.7447233 0.07663605
3    C 1   D   E 0.6848067 0.06035898
4    C 1   E   D 0.6340760 0.06731899
5    C 1   E   M 0.6542920 0.05832202
6    C 1   E   E 0.6231147 0.06227221
7    C 2   D   D 0.8733060 0.03098548
8    C 2   D   M 0.8489307 0.02436037
9    C 2   D   E 0.7364247 0.05541154
10   C 2   E   D 0.7142413 0.09015527
11   C 2   E   M 0.7062547 0.09742706
12   C 2   E   E 0.6962820 0.09166488
13   C 3   D   D 0.8643173 0.05943584
14   C 3   D   M 0.8623927 0.03001317
15   C 3   D   E 0.7822440 0.06201040
16   C 3   E   D 0.7082813 0.09411492
17   C 3   E   M 0.7194120 0.09423643
18   C 3   E   E 0.7161580 0.08111107
19   U 1   D   D 0.8162020 0.04605460
20   U 1   D   M 0.7205860 0.04798139
21   U 1   D   E 0.7047293 0.04316253
22   U 1   E   D 0.6762400 0.05870498
23   U 1   E   M 0.6866540 0.04900576
24   U 1   E   E 0.6387753 0.03152697
25   U 2   D   D 0.8324787 0.04190474
26   U 2   D   M 0.7650313 0.08194455
27   U 2   D   E 0.7049033 0.05338500
28   U 2   E   D 0.7209513 0.07751049
29   U 2   E   M 0.7112407 0.09149000
30   U 2   E   E 0.6824387 0.06180622
31   U 3   D   D 0.8439147 0.03816737
32   U 3   D   M 0.7646813 0.05366037
33   U 3   D   E 0.7050253 0.05866686
34   U 3   E   D 0.7465447 0.08476475
35   U 3   E   M 0.7376673 0.08376143
36   U 3   E   E 0.6840060 0.07317795
