[1] "IPerfEfL ~S*IDR*IDL*grp + Error(pp/(S*IDR*IDL))"
$ANOVA
          Effect DFn DFd          F            p p<.05         ges
2            grp   1   8  0.4821784 5.070979e-01       0.019034807
3              S   2  16 45.0231450 2.685320e-07     * 0.338088369
5            IDR   2  16 86.8269909 2.566044e-09     * 0.474114772
7            IDL   1   8 34.1825927 3.842612e-04     * 0.504575423
4          grp:S   2  16  0.5275954 5.999392e-01       0.005949818
6        grp:IDR   2  16  3.6250706 5.029851e-02       0.036274995
8        grp:IDL   1   8  1.3014170 2.869524e-01       0.037328302
9          S:IDR   4  32  7.5697456 2.071939e-04     * 0.042825368
11         S:IDL   2  16 17.6943830 8.831091e-05     * 0.119410816
13       IDR:IDL   2  16 41.4795114 4.669998e-07     * 0.340327499
10     grp:S:IDR   4  32  3.3716695 2.067585e-02     * 0.019539072
12     grp:S:IDL   2  16  1.7522083 2.050672e-01       0.013250358
14   grp:IDR:IDL   2  16  0.6784950 5.213922e-01       0.008368201
15     S:IDR:IDL   4  32 10.1737933 1.978947e-05     * 0.068449941
16 grp:S:IDR:IDL   4  32  0.7934684 5.381852e-01       0.005698124

$`Mauchly's Test for Sphericity`
          Effect          W           p p<.05
3              S 0.65651957 0.229280371      
4          grp:S 0.65651957 0.229280371      
5            IDR 0.26701888 0.009837776     *
6        grp:IDR 0.26701888 0.009837776     *
9          S:IDR 0.29285013 0.562462863      
10     grp:S:IDR 0.29285013 0.562462863      
11         S:IDL 0.75075200 0.366638223      
12     grp:S:IDL 0.75075200 0.366638223      
13       IDR:IDL 0.39874454 0.040034243     *
14   grp:IDR:IDL 0.39874454 0.040034243     *
15     S:IDR:IDL 0.03070561 0.010078573     *
16 grp:S:IDR:IDL 0.03070561 0.010078573     *

$`Sphericity Corrections`
          Effect       GGe        p[GG] p[GG]<.05       HFe        p[HF]
3              S 0.7443354 6.736648e-06         * 0.8752465 1.289624e-06
4          grp:S 0.7443354 5.516926e-01           0.8752465 5.780490e-01
5            IDR 0.5770403 3.757674e-06         * 0.6125347 2.030374e-06
6        grp:IDR 0.5770403 8.496076e-02           0.6125347 8.131057e-02
9          S:IDR 0.6171830 2.293053e-03         * 0.9138315 3.541573e-04
10     grp:S:IDR 0.6171830 4.650873e-02         * 0.9138315 2.474990e-02
11         S:IDL 0.8004816 3.549006e-04         * 0.9695731 1.090935e-04
12     grp:S:IDL 0.8004816 2.133922e-01           0.9695731 2.063832e-01
13       IDR:IDL 0.6245100 4.371814e-05         * 0.6844324 2.109127e-05
14   grp:IDR:IDL 0.6245100 4.618102e-01           0.6844324 4.733354e-01
15     S:IDR:IDL 0.4068250 3.181464e-03         * 0.4960888 1.458546e-03
16 grp:S:IDR:IDL 0.4068250 4.486548e-01           0.4960888 4.685043e-01
   p[HF]<.05
3          *
4           
5          *
6           
9          *
10         *
11         *
12          
13         *
14          
15         *
16          

