[1] "Summary by group"
  grp IPerfEfL.m IPerfEfL.s
1   C   5.004022   2.476930
2   U   4.682363   2.445838
[1] "Summary by session\n"
  S IPerfEfL.m IPerfEfL.s
1 1   3.738667   1.415378
2 2   5.069378   2.390710
3 3   5.721534   2.918050
[1] "Summary by IDR+IDR\n"
  IDL IDR IPerfEfL.m IPerfEfL.s
1   D   D   8.550770  3.1191662
2   D   M   5.576294  1.7241421
3   D   E   3.898049  1.5492419
4   E   D   3.991208  0.9173927
5   E   M   3.728688  0.8099196
6   E   E   3.314148  0.6926824
[1] "Summary by group + Session\n"
  grp S IPerfEfL.m IPerfEfL.s
1   C 1   3.788631   1.279189
2   C 2   5.338078   2.590614
3   C 3   5.885358   2.793512
4   U 1   3.688702   1.545227
5   U 2   4.800678   2.153580
6   U 3   5.557710   3.044292
[1] "Summary by Session + IDR + IDL \n"
   S IDL IDR IPerfEfL.m IPerfEfL.s
1  1   D   D   5.997613  1.6434156
2  1   D   M   4.132753  0.7372141
3  1   D   E   2.910083  0.8122038
4  1   E   D   3.610623  0.4404618
5  1   E   M   3.150613  0.5104018
6  1   E   E   2.630313  0.4598879
7  2   D   D   8.857867  2.4886709
8  2   D   M   6.233470  1.6796096
9  2   D   E   3.859750  1.4823761
10 2   E   D   4.047843  0.8977352
11 2   E   M   3.912320  0.5678659
12 2   E   E   3.505017  0.4229005
13 3   D   D  10.796830  2.9840546
14 3   D   M   6.362660  1.5862862
15 3   D   E   4.924313  1.5517981
16 3   E   D   4.315157  1.1494416
17 3   E   M   4.123130  0.9426772
18 3   E   E   3.807113  0.5561820
[1] "Summary by group + IDR + IDL\n"
   grp IDL IDR IPerfEfL.m IPerfEfL.s
1    C   D   D   8.710449  3.4806529
2    C   D   M   5.734898  1.6754035
3    C   D   E   3.380200  0.8240318
4    C   E   D   4.561604  0.6954497
5    C   E   M   4.106998  0.6726893
6    C   E   E   3.529984  0.6580302
7    U   D   D   8.391091  2.7408785
8    U   D   M   5.417691  1.7760806
9    U   D   E   4.415898  1.9045464
10   U   E   D   3.420811  0.7437758
11   U   E   M   3.350378  0.7626236
12   U   E   E   3.098311  0.6650039
[1] "Summary by group + Session + IDR + IDL\n"
   grp S IDL IDR IPerfEfL.m IPerfEfL.s
1    C 1   D   D   5.668773  1.8341064
2    C 1   D   M   4.171787  0.5578808
3    C 1   D   E   2.729087  0.2835062
4    C 1   E   D   3.886767  0.2805859
5    C 1   E   M   3.423507  0.3555858
6    C 1   E   E   2.851867  0.4480103
7    C 2   D   D   9.526480  2.9126787
8    C 2   D   M   6.708440  1.6637372
9    C 2   D   E   3.298233  0.7089211
10   C 2   E   D   4.646980  0.6288999
11   C 2   E   M   4.189480  0.4027403
12   C 2   E   E   3.658853  0.3743493
13   C 3   D   D  10.936093  3.2085009
14   C 3   D   M   6.324467  1.3179274
15   C 3   D   E   4.113280  0.7168840
16   C 3   E   D   5.151067  0.4216287
17   C 3   E   M   4.708007  0.4885749
18   C 3   E   E   4.079233  0.4316394
19   U 1   D   D   6.326453  1.4138172
20   U 1   D   M   4.093720  0.9007184
21   U 1   D   E   3.091080  1.1026760
22   U 1   E   D   3.334480  0.3996730
23   U 1   E   M   2.877720  0.5035935
24   U 1   E   E   2.408760  0.3635977
25   U 2   D   D   8.189253  1.8405730
26   U 2   D   M   5.758500  1.6100435
27   U 2   D   E   4.421267  1.8367427
28   U 2   E   D   3.448707  0.7104211
29   U 2   E   M   3.635160  0.5840958
30   U 2   E   E   3.351180  0.4238097
31   U 3   D   D  10.657567  2.8476600
32   U 3   D   M   6.400853  1.8634070
33   U 3   D   E   5.735347  1.7506340
34   U 3   E   D   3.479247  1.0303989
35   U 3   E   M   3.538253  0.9322122
36   U 3   E   E   3.534993  0.5438591
