[1] "maxangleL ~S*IDR*IDL*grp + Error(pp/(S*IDR*IDL))"
$ANOVA
          Effect DFn DFd           F            p p<.05         ges
2            grp   1   8   0.5112174 4.949457e-01       0.010677309
3              S   2  16  10.9453442 1.010881e-03     * 0.203213294
5            IDR   2  16  18.7846125 6.333401e-05     * 0.248929651
7            IDL   1   8 342.6344108 7.478291e-08     * 0.739718424
4          grp:S   2  16   0.2579611 7.757776e-01       0.005974921
6        grp:IDR   2  16   7.1533521 6.034624e-03     * 0.112068335
8        grp:IDL   1   8   0.8687836 3.785635e-01       0.007154599
9          S:IDR   4  32   0.4906153 7.425715e-01       0.009592796
11         S:IDL   2  16   2.2863739 1.338509e-01       0.016690946
13       IDR:IDL   2  16  14.4204187 2.627666e-04     * 0.104108361
10     grp:S:IDR   4  32   0.9776235 4.334881e-01       0.018934762
12     grp:S:IDL   2  16   2.8536821 8.711704e-02       0.020746478
14   grp:IDR:IDL   2  16   0.9338610 4.134342e-01       0.007469275
15     S:IDR:IDL   4  32   1.3414417 2.760690e-01       0.025394850
16 grp:S:IDR:IDL   4  32   0.1892776 9.422568e-01       0.003663116

$`Mauchly's Test for Sphericity`
          Effect         W          p p<.05
3              S 0.6398004 0.20948640      
4          grp:S 0.6398004 0.20948640      
5            IDR 0.4446764 0.05863465      
6        grp:IDR 0.4446764 0.05863465      
9          S:IDR 0.0940673 0.09762813      
10     grp:S:IDR 0.0940673 0.09762813      
11         S:IDL 0.6974075 0.28327162      
12     grp:S:IDL 0.6974075 0.28327162      
13       IDR:IDL 0.4379371 0.05558289      
14   grp:IDR:IDL 0.4379371 0.05558289      
15     S:IDR:IDL 0.3012142 0.58051072      
16 grp:S:IDR:IDL 0.3012142 0.58051072      

$`Sphericity Corrections`
          Effect       GGe        p[GG] p[GG]<.05       HFe        p[HF]
3              S 0.7351862 0.0034962703         * 0.8601832 0.0019417654
4          grp:S 0.7351862 0.7100837720           0.8601832 0.7440175247
5            IDR 0.6429530 0.0008638076         * 0.7129148 0.0005156678
6        grp:IDR 0.6429530 0.0180304824         * 0.7129148 0.0145191839
9          S:IDR 0.5287666 0.6308896873           0.7236955 0.6858202571
10     grp:S:IDR 0.5287666 0.4008365750           0.7236955 0.4178854625
11         S:IDL 0.7676998 0.1499480713           0.9141010 0.1396530384
12     grp:S:IDL 0.7676998 0.1050738256           0.9141010 0.0933748163
13       IDR:IDL 0.6401791 0.0022468565         * 0.7086110 0.0014886796
14   grp:IDR:IDL 0.6401791 0.3814013740           0.7086110 0.3890058377
15     S:IDR:IDL 0.7330250 0.2848827929           1.2031068 0.2760690178
16 grp:S:IDR:IDL 0.7330250 0.8990254692           1.2031068 0.9422567805
   p[HF]<.05
3          *
4           
5          *
6          *
9           
10          
11          
12          
13         *
14          
15          
16          

