Post-hoc Tukey comparisons[1] "grp Tukey test"

	Pairwise comparisons using paired t tests 

data:  mdata$maxangleL and mdata$grp 

  C   
U 0.14

P value adjustment method: bonferroni 
[1] "S Tukey test"

	Pairwise comparisons using paired t tests 

data:  mdata$maxangleL and mdata$S 

  1       2
2 5.8e-09 -
3 2.2e-10 1

P value adjustment method: bonferroni 
[1] "IDR Tukey test"

	Pairwise comparisons using paired t tests 

data:  mdata$maxangleL and mdata$IDR 

  D       M      
M 0.096   -      
E 1.9e-12 3.7e-08

P value adjustment method: bonferroni 
[1] "IDL Tukey test"
