[1] "Summary by group"
  grp maxangleL.m maxangleL.s
1   C    1.986298   0.7964087
2   U    1.919102   0.8030571
[1] "Summary by session\n"
  S maxangleL.m maxangleL.s
1 1    2.182532   0.7700341
2 2    1.857662   0.7565170
3 3    1.817905   0.8246136
[1] "Summary by IDR+IDR\n"
  IDL IDR maxangleL.m maxangleL.s
1   D   D    1.069146   0.2335888
2   D   M    1.391962   0.4725290
3   D   E    1.761384   0.6590625
4   E   D    2.467187   0.6387840
5   E   M    2.372654   0.5840451
6   E   E    2.653867   0.5693398
[1] "Summary by group + Session\n"
  grp S maxangleL.m maxangleL.s
1   C 1    2.209656   0.7600683
2   C 2    1.924689   0.7825245
3   C 3    1.824547   0.8039032
4   U 1    2.155409   0.7831829
5   U 2    1.790635   0.7277606
6   U 3    1.811263   0.8492738
[1] "Summary by Session + IDR + IDL \n"
   S IDL IDR maxangleL.m maxangleL.s
1  1   D   D   1.2492447   0.1888438
2  1   D   M   1.6993833   0.5865618
3  1   D   E   2.0262227   0.6313847
4  1   E   D   2.6745333   0.5705051
5  1   E   M   2.5360767   0.5424857
6  1   E   E   2.9097333   0.4089334
7  2   D   D   1.0375300   0.1840960
8  2   D   M   1.2815267   0.3910564
9  2   D   E   1.7318173   0.6509861
10 2   E   D   2.3403533   0.6219454
11 2   E   M   2.3651800   0.5722782
12 2   E   E   2.3895667   0.5932405
13 3   D   D   0.9206647   0.2012607
14 3   D   M   1.1949747   0.1942800
15 3   D   E   1.5261110   0.6163538
16 3   E   D   2.3866733   0.6871401
17 3   E   M   2.2167067   0.6100931
18 3   E   E   2.6623000   0.5792889
[1] "Summary by group + IDR + IDL\n"
   grp IDL IDR maxangleL.m maxangleL.s
1    C   D   D    1.052352   0.2778433
2    C   D   M    1.370080   0.3685213
3    C   D   E    1.983213   0.6878105
4    C   E   D    2.329382   0.6377580
5    C   E   M    2.366936   0.5935047
6    C   E   E    2.815822   0.4240906
7    U   D   D    1.085941   0.1805372
8    U   D   M    1.413843   0.5611191
9    U   D   E    1.539554   0.5521430
10   U   E   D    2.604991   0.6162671
11   U   E   M    2.378373   0.5810809
12   U   E   E    2.491911   0.6497372
[1] "Summary by group + Session + IDR + IDL\n"
   grp S IDL IDR maxangleL.m maxangleL.s
1    C 1   D   D   1.2885027   0.2264202
2    C 1   D   M   1.6283800   0.5211699
3    C 1   D   E   2.2175400   0.6604787
4    C 1   E   D   2.6326733   0.5821511
5    C 1   E   M   2.4871133   0.5286343
6    C 1   E   E   3.0037267   0.2721517
7    C 2   D   D   1.0090560   0.2131024
8    C 2   D   M   1.2480867   0.1302189
9    C 2   D   E   1.9063333   0.6968092
10   C 2   E   D   2.2578067   0.5991207
11   C 2   E   M   2.4328600   0.6147693
12   C 2   E   E   2.6939933   0.4349298
13   C 3   D   D   0.8594967   0.2105500
14   C 3   D   M   1.2337733   0.1758220
15   C 3   D   E   1.8257667   0.6879927
16   C 3   E   D   2.0976667   0.6472197
17   C 3   E   M   2.1808333   0.6264425
18   C 3   E   E   2.7497467   0.4935696
19   U 1   D   D   1.2099867   0.1389338
20   U 1   D   M   1.7703867   0.6559448
21   U 1   D   E   1.8349053   0.5577657
22   U 1   E   D   2.7163933   0.5758000
23   U 1   E   M   2.5850400   0.5700971
24   U 1   E   E   2.8157400   0.5033882
25   U 2   D   D   1.0660040   0.1518339
26   U 2   D   M   1.3149667   0.5453624
27   U 2   D   E   1.5573013   0.5718657
28   U 2   E   D   2.4229000   0.6539992
29   U 2   E   M   2.2975000   0.5391113
30   U 2   E   E   2.0851400   0.5841679
31   U 3   D   D   0.9818327   0.1776405
32   U 3   D   M   1.1561760   0.2098722
33   U 3   D   E   1.2264553   0.3480957
34   U 3   E   D   2.6756800   0.6165823
35   U 3   E   M   2.2525800   0.6130465
36   U 3   E   E   2.5748533   0.6596391
