[1] "maxangle ~(S*ID*grp)+Error(pp/(S*ID))+grp"
$ANOVA
    Effect DFn DFd           F            p p<.05         ges
2      grp   1   8  0.03624636 8.537501e-01       0.001739588
3        S   2  16  5.44091827 1.575028e-02     * 0.104556238
5       ID   1   8 70.94318196 3.008642e-05     * 0.731909675
4    grp:S   2  16  0.39275206 6.815296e-01       0.008358199
6   grp:ID   1   8  0.40817619 5.407526e-01       0.015464810
7     S:ID   2  16  0.39041000 6.830530e-01       0.006585391
8 grp:S:ID   2  16  0.31035363 7.375031e-01       0.005242088

$`Mauchly's Test for Sphericity`
    Effect         W         p p<.05
3        S 0.9396418 0.8042076      
4    grp:S 0.9396418 0.8042076      
7     S:ID 0.9728230 0.9080680      
8 grp:S:ID 0.9728230 0.9080680      

$`Sphericity Corrections`
    Effect       GGe      p[GG] p[GG]<.05      HFe      p[HF] p[HF]<.05
3        S 0.9430775 0.01784864         * 1.224712 0.01575028         *
4    grp:S 0.9430775 0.67016594           1.224712 0.68152964          
7     S:ID 0.9735420 0.67784360           1.282337 0.68305304          
8 grp:S:ID 0.9735420 0.73199280           1.282337 0.73750312          

