[1] "Summary by group"
  grp maxangle.m maxangle.s
1   C   1.613692  0.8758563
2   U   1.582121  0.7649347
[1] "Summary by session\n"
  S maxangle.m maxangle.s
1 1   1.779580  0.8425838
2 2   1.490007  0.7955854
3 3   1.524131  0.8042084
[1] "Summary by ID\n"
  ID maxangle.m maxangle.s
1  D  0.9730959  0.2822192
2  E  2.2227167  0.6953825
[1] "Summary by group + Session\n"
  grp S maxangle.m maxangle.s
1   C 1   1.840414  0.8611053
2   C 2   1.500176  0.8768886
3   C 3   1.500485  0.8741161
4   U 1   1.718746  0.8337966
5   U 2   1.479839  0.7201326
6   U 3   1.547777  0.7420029
[1] "Summary by Session + ID\n"
  S ID maxangle.m maxangle.s
1 1  D  1.1175000  0.2361137
2 1  E  2.4416600  0.6940426
3 2  D  0.9033283  0.2999343
4 2  E  2.0766867  0.6968899
5 3  D  0.8984593  0.2575965
6 3  E  2.1498033  0.6629628
[1] "Summary by group + ID\n"
  grp ID maxangle.m maxangle.s
1   C  D  0.9414882  0.3344537
2   C  E  2.2858956  0.7180316
3   U  D  1.0047036  0.2172618
4   U  E  2.1595378  0.6740694
[1] "Summary by group + Session + ID\n"
   grp S ID maxangle.m maxangle.s
1    C 1  D  1.1588480  0.2688583
2    C 1  E  2.5219800  0.6842938
3    C 2  D  0.8287793  0.3240308
4    C 2  E  2.1715733  0.7223925
5    C 3  D  0.8368373  0.3135478
6    C 3  E  2.1641333  0.7352871
7    U 1  D  1.0761520  0.1988294
8    U 1  E  2.3613400  0.7181329
9    U 2  D  0.9778773  0.2635184
10   U 2  E  1.9818000  0.6818040
11   U 3  D  0.9600813  0.1760749
12   U 3  E  2.1354733  0.6077388
