[1] "HarmonicityRrel ~S*IDR*IDL*grp + Error(pp/(S*IDR*IDL))"
$ANOVA
          Effect DFn DFd         F          p p<.05         ges
2            grp   1   8 1.3999630 0.27069587       0.029956224
3              S   2  16 0.1689360 0.84604983       0.001751185
5            IDR   2  16 1.1548792 0.34001567       0.030477807
7            IDL   1   8 7.2099523 0.02770465     * 0.046140331
4          grp:S   2  16 3.7453445 0.04632269     * 0.037436241
6        grp:IDR   2  16 1.0969947 0.35771436       0.028994498
8        grp:IDL   1   8 1.2963947 0.28781824       0.008622636
9          S:IDR   4  32 0.6292483 0.64517341       0.021689238
11         S:IDL   2  16 1.3332137 0.29138703       0.003721431
13       IDR:IDL   2  16 0.7235562 0.50023189       0.008576350
10     grp:S:IDR   4  32 0.2886300 0.88317860       0.010066831
12     grp:S:IDL   2  16 4.7626349 0.02383401     * 0.013168004
14   grp:IDR:IDL   2  16 2.1273222 0.15162223       0.024802574
15     S:IDR:IDL   4  32 0.9126213 0.46847234       0.007821579
16 grp:S:IDR:IDL   4  32 3.6140691 0.01535711     * 0.030273304

$`Mauchly's Test for Sphericity`
          Effect           W            p p<.05
3              S 0.465365622 6.875116e-02      
4          grp:S 0.465365622 6.875116e-02      
5            IDR 0.973619561 9.106731e-01      
6        grp:IDR 0.973619561 9.106731e-01      
9          S:IDR 0.003233793 5.083239e-05     *
10     grp:S:IDR 0.003233793 5.083239e-05     *
11         S:IDL 0.569556203 1.394370e-01      
12     grp:S:IDL 0.569556203 1.394370e-01      
13       IDR:IDL 0.475939736 7.437584e-02      
14   grp:IDR:IDL 0.475939736 7.437584e-02      
15     S:IDR:IDL 0.044011137 2.172527e-02     *
16 grp:S:IDR:IDL 0.044011137 2.172527e-02     *

$`Sphericity Corrections`
          Effect       GGe      p[GG] p[GG]<.05       HFe      p[HF] p[HF]<.05
3              S 0.6516210 0.75396065           0.7264096 0.77856506          
4          grp:S 0.6516210 0.07302703           0.7264096 0.06620663          
5            IDR 0.9742976 0.33933671           1.2837810 0.34001567          
6        grp:IDR 0.9742976 0.35677337           1.2837810 0.35771436          
9          S:IDR 0.3605056 0.50032581           0.4185057 0.52090717          
10     grp:S:IDR 0.3605056 0.68410711           0.4185057 0.71585778          
11         S:IDL 0.6990837 0.28894177           0.8015583 0.29056502          
12     grp:S:IDL 0.6990837 0.04170392         * 0.8015583 0.03443090         *
13       IDR:IDL 0.6561420 0.45125529           0.7334759 0.46419326          
14   grp:IDR:IDL 0.6561420 0.17354512           0.7334759 0.16861551          
15     S:IDR:IDL 0.4636435 0.41586806           0.5976463 0.43407618          
16 grp:S:IDR:IDL 0.4636435 0.05541410           0.5976463 0.03994154         *

