[1] "IPerfEfL ~(S*DID*grp)+Error(pp/(S*DID))+grp"
$ANOVA
     Effect DFn DFd         F            p p<.05        ges
2       grp   1   8 19.609349 2.202153e-03     * 0.39612285
3         S   2  16 14.632168 2.437309e-04     * 0.41229162
5       DID   2  16 18.996803 5.945949e-05     * 0.25271860
4     grp:S   2  16  1.521490 2.483594e-01       0.06798688
6   grp:DID   2  16  5.135431 1.893064e-02     * 0.08376389
7     S:DID   4  32  1.372160 2.655095e-01       0.03419409
8 grp:S:DID   4  32  1.465121 2.358218e-01       0.03642629

$`Mauchly's Test for Sphericity`
     Effect          W          p p<.05
3         S 0.65751554 0.23050008      
4     grp:S 0.65751554 0.23050008      
5       DID 0.54079131 0.11630650      
6   grp:DID 0.54079131 0.11630650      
7     S:DID 0.07216242 0.05823815      
8 grp:S:DID 0.07216242 0.05823815      

$`Sphericity Corrections`
     Effect       GGe        p[GG] p[GG]<.05       HFe        p[HF] p[HF]<.05
3         S 0.7448876 0.0011312757         * 0.8761584 0.0005122068         *
4     grp:S 0.7448876 0.2530531784           0.8761584 0.2510267179          
5       DID 0.6853029 0.0006046761         * 0.7795172 0.0003008193         *
6   grp:DID 0.6853029 0.0361633986         * 0.7795172 0.0297533366         *
7     S:DID 0.5589576 0.2808106339           0.7859967 0.2738730652          
8 grp:S:DID 0.5589576 0.2581564121           0.7859967 0.2471749950          

