[1] "Summary by group"
  grp IPerfEfL.m IPerfEfL.s
1   C   4.066196  0.7931659
2   U   3.289833  0.7328984
[1] "Summary by session\n"
  S IPerfEfL.m IPerfEfL.s
1 1   3.130517  0.6157820
2 2   3.821727  0.6926528
3 3   4.081800  0.9301754
[1] "Summary by DID\n"
  DID IPerfEfL.m IPerfEfL.s
1   1   3.314148  0.6926824
2   2   3.728688  0.8099196
3   3   3.991208  0.9173927
[1] "Summary by group + Session\n"
  grp S IPerfEfL.m IPerfEfL.s
1   C 1   3.387380  0.5589024
2   C 2   4.165104  0.6235211
3   C 3   4.646102  0.6241625
4   U 1   2.873653  0.5653886
5   U 2   3.478349  0.5835108
6   U 3   3.517498  0.8421339
[1] "Summary by Session + DID\n"
  S DID IPerfEfL.m IPerfEfL.s
1 1   1   2.630313  0.4598879
2 1   2   3.150613  0.5104018
3 1   3   3.610623  0.4404618
4 2   1   3.505017  0.4229005
5 2   2   3.912320  0.5678659
6 2   3   4.047843  0.8977352
7 3   1   3.807113  0.5561820
8 3   2   4.123130  0.9426772
9 3   3   4.315157  1.1494416
[1] "Summary by group + DID\n"
  grp DID IPerfEfL.m IPerfEfL.s
1   C   1   3.529984  0.6580302
2   C   2   4.106998  0.6726893
3   C   3   4.561604  0.6954497
4   U   1   3.098311  0.6650039
5   U   2   3.350378  0.7626236
6   U   3   3.420811  0.7437758
[1] "Summary by group + Session + DID\n"
   grp S DID IPerfEfL.m IPerfEfL.s
1    C 1   1   2.851867  0.4480103
2    C 1   2   3.423507  0.3555858
3    C 1   3   3.886767  0.2805859
4    C 2   1   3.658853  0.3743493
5    C 2   2   4.189480  0.4027403
6    C 2   3   4.646980  0.6288999
7    C 3   1   4.079233  0.4316394
8    C 3   2   4.708007  0.4885749
9    C 3   3   5.151067  0.4216287
10   U 1   1   2.408760  0.3635977
11   U 1   2   2.877720  0.5035935
12   U 1   3   3.334480  0.3996730
13   U 2   1   3.351180  0.4238097
14   U 2   2   3.635160  0.5840958
15   U 2   3   3.448707  0.7104211
16   U 3   1   3.534993  0.5438591
17   U 3   2   3.538253  0.9322122
18   U 3   3   3.479247  1.0303989
