[1] "phDiffMean ~S*IDR*IDL*grp + Error(pp/(S*IDR*IDL))"
$ANOVA
          Effect DFn DFd          F            p p<.05         ges
2            grp   1   8  0.3261897 0.5835950585       0.003818654
3              S   2  16  2.1412366 0.1499659169       0.035095991
5            IDR   2  16  2.4978135 0.1137441525       0.050767294
7            IDL   1   8  0.7975350 0.3978988558       0.006794407
4          grp:S   2  16  1.8121240 0.1952610810       0.029862752
6        grp:IDR   2  16  3.1078163 0.0723919709       0.062391872
8        grp:IDL   1   8  0.3539747 0.5683141926       0.003027041
9          S:IDR   4  32  1.6674946 0.1817926374       0.052110657
11         S:IDL   2  16  1.5686948 0.2387252018       0.032562675
13       IDR:IDL   2  16 12.3199482 0.0005772170     * 0.021935707
10     grp:S:IDR   4  32  1.7599783 0.1613145010       0.054842348
12     grp:S:IDL   2  16  1.5140320 0.2499211607       0.031463696
14   grp:IDR:IDL   2  16 13.9123149 0.0003156558     * 0.024700889
15     S:IDR:IDL   4  32  2.8407123 0.0401702361     * 0.027693641
16 grp:S:IDR:IDL   4  32  3.1459217 0.0273657021     * 0.030578094

$`Mauchly's Test for Sphericity`
          Effect           W            p p<.05
3              S 0.611353053 1.786579e-01      
4          grp:S 0.611353053 1.786579e-01      
5            IDR 0.351037418 2.562931e-02     *
6        grp:IDR 0.351037418 2.562931e-02     *
9          S:IDR 0.012567793 1.342797e-03     *
10     grp:S:IDR 0.012567793 1.342797e-03     *
11         S:IDL 0.745444647 3.576464e-01      
12     grp:S:IDL 0.745444647 3.576464e-01      
13       IDR:IDL 0.347385791 2.470826e-02     *
14   grp:IDR:IDL 0.347385791 2.470826e-02     *
15     S:IDR:IDL 0.001749588 1.087898e-05     *
16 grp:S:IDR:IDL 0.001749588 1.087898e-05     *

$`Sphericity Corrections`
          Effect       GGe       p[GG] p[GG]<.05       HFe       p[HF]
3              S 0.7201254 0.167984657           0.8355699 0.160471386
4          grp:S 0.7201254 0.207928391           0.8355699 0.202915013
5            IDR 0.6064419 0.143966409           0.6568293 0.139846026
6        grp:IDR 0.6064419 0.105090625           0.6568293 0.100237275
9          S:IDR 0.4562979 0.223051286           0.5840961 0.213487483
10     grp:S:IDR 0.4562979 0.207560845           0.5840961 0.196291265
11         S:IDL 0.7970952 0.243776662           0.9637902 0.239733359
12     grp:S:IDL 0.7970952 0.253764803           0.9637902 0.250729478
13       IDR:IDL 0.6051019 0.004551530         * 0.6547939 0.003499788
14   grp:IDR:IDL 0.6051019 0.003115007         * 0.6547939 0.002328088
15     S:IDR:IDL 0.4205531 0.099879565           0.5199569 0.085191113
16 grp:S:IDR:IDL 0.4205531 0.082179470           0.5199569 0.067766747
   p[HF]<.05
3           
4           
5           
6           
9           
10          
11          
12          
13         *
14         *
15          
16          

