Post-hoc Tukey comparisons[1] "grp Tukey test"

	Pairwise comparisons using paired t tests 

data:  mdata$phDiffMean and mdata$grp 

  C   
U 0.43

P value adjustment method: bonferroni 
[1] "S Tukey test"

	Pairwise comparisons using paired t tests 

data:  mdata$phDiffMean and mdata$S 

  1     2    
2 0.971 -    
3 0.369 0.082

P value adjustment method: bonferroni 
[1] "IDR Tukey test"

	Pairwise comparisons using paired t tests 

data:  mdata$phDiffMean and mdata$IDR 

  D      M     
M 0.0095 -     
E 1.0000 0.0479

P value adjustment method: bonferroni 
[1] "IDL Tukey test"
