[1] "Summary by group"
  grp phDiffMean.m phDiffMean.s
1   C  -0.01860167    0.1148642
2   U   0.03367722    1.0745165
[1] "Summary by session\n"
  S phDiffMean.m phDiffMean.s
1 1  -0.01668060    0.5760909
2 2  -0.07671179    0.5964102
3 3   0.11600572    1.0246210
[1] "Summary by IDR+IDR\n"
  IDL IDR phDiffMean.m phDiffMean.s
1   D   D  -0.03429626    0.3514230
2   D   M   0.26479638    0.8952179
3   D   E  -0.10312863    0.9727538
4   E   D  -0.06903250    0.9415361
5   E   M   0.02554531    0.8203726
6   E   E  -0.03865764    0.1164763
[1] "Summary by group + Session\n"
  grp S phDiffMean.m phDiffMean.s
1   C 1 -0.041821850   0.06039004
2   C 2 -0.012634177   0.10818136
3   C 3 -0.001348973   0.15377082
4   U 1  0.008460660   0.81398097
5   U 2 -0.140789407   0.83390626
6   U 3  0.233360404   1.43526759
[1] "Summary by Session + IDR + IDL \n"
   S IDL IDR phDiffMean.m phDiffMean.s
1  1   D   D  -0.06262823   0.09842814
2  1   D   M   0.03957840   0.72871767
3  1   D   E  -0.24740783   0.78799634
4  1   E   D   0.02983054   0.54634732
5  1   E   M   0.17393833   0.69601208
6  1   E   E  -0.03339478   0.05724092
7  2   D   D  -0.07625376   0.11483267
8  2   D   M   0.07533302   0.60180123
9  2   D   E   0.07924247   0.71096554
10 2   E   D  -0.33182129   0.90334268
11 2   E   M  -0.17493426   0.59143148
12 2   E   E  -0.03183692   0.14301398
13 3   D   D   0.03599320   0.59023249
14 3   D   M   0.67947771   1.13965974
15 3   D   E  -0.14122053   1.31154759
16 3   E   D   0.09489326   1.22341176
17 3   E   M   0.07763187   1.07891611
18 3   E   E  -0.05074121   0.13296036
[1] "Summary by group + IDR + IDL\n"
   grp IDL IDR phDiffMean.m phDiffMean.s
1    C   D   D  -0.03669839   0.10920081
2    C   D   M  -0.01973550   0.05755153
3    C   D   E   0.03559609   0.20453475
4    C   E   D  -0.05138504   0.05342664
5    C   E   M  -0.03624704   0.08717267
6    C   E   E  -0.00314012   0.09019213
7    U   D   D  -0.03189414   0.48771552
8    U   D   M   0.54932825   1.20504572
9    U   D   E  -0.24185336   1.35381219
10   U   E   D  -0.08667996   1.33777303
11   U   E   M   0.08733767   1.16013319
12   U   E   E  -0.07417515   0.12933225
[1] "Summary by group + Session + IDR + IDL\n"
   grp S IDL IDR phDiffMean.m phDiffMean.s
1    C 1   D   D -0.048519320   0.07616244
2    C 1   D   M -0.044355547   0.05351768
3    C 1   D   E -0.018756733   0.05549189
4    C 1   E   D -0.060652567   0.04826304
5    C 1   E   M -0.048600333   0.05866338
6    C 1   E   E -0.030046600   0.06683302
7    C 2   D   D -0.059382103   0.13910879
8    C 2   D   M -0.011152364   0.06886444
9    C 2   D   E  0.025251667   0.11689532
10   C 2   E   D -0.040814920   0.06795417
11   C 2   E   M -0.014607800   0.10162855
12   C 2   E   E  0.024900460   0.12429211
13   C 3   D   D -0.002193733   0.10173193
14   C 3   D   M -0.003698580   0.04241842
15   C 3   D   E  0.100293333   0.32706463
16   C 3   E   D -0.052687640   0.04254823
17   C 3   E   M -0.045533000   0.09672359
18   C 3   E   E -0.004274220   0.06349239
19   U 1   D   D -0.076737133   0.11764747
20   U 1   D   M  0.123512353   1.04020631
21   U 1   D   E -0.476058933   1.08218225
22   U 1   E   D  0.120313640   0.77358812
23   U 1   E   M  0.396476993   0.94546544
24   U 1   E   E -0.036742960   0.04792085
25   U 2   D   D -0.093125420   0.08575402
26   U 2   D   M  0.161818400   0.85406560
27   U 2   D   E  0.133233267   1.01347826
28   U 2   E   D -0.622827660   1.22648225
29   U 2   E   M -0.335260720   0.81188540
30   U 2   E   E -0.088574307   0.14149296
31   U 3   D   D  0.074180133   0.84152153
32   U 3   D   M  1.362654000   1.29941799
33   U 3   D   E -0.382734400   1.82516318
34   U 3   E   D  0.242474153   1.74696890
35   U 3   E   M  0.200796733   1.53928729
36   U 3   E   E -0.097208193   0.16721711
