[1] "Summary by group"
  grp      f.m       f.s
1   C 1.111599 0.8392611
2   U 1.022509 0.7184652
[1] "Summary by session\n"
  S      f.m       f.s
1 1 0.820849 0.5071040
2 2 1.162409 0.8606812
3 3 1.217904 0.8690600
[1] "Summary by ID\n"
  ID       f.m        f.s
1  D 1.6838311 0.66992130
2  E 0.4502769 0.07995753
[1] "Summary by group + Session\n"
  grp S       f.m       f.s
1   C 1 0.8096597 0.5138041
2   C 2 1.2059813 0.8823555
3   C 3 1.3191547 0.9854020
4   U 1 0.8320383 0.5088444
5   U 2 1.1188373 0.8512396
6   U 3 1.1166527 0.7377986
[1] "Summary by Session + ID\n"
  S ID       f.m        f.s
1 1  D 1.2357763 0.40523524
2 1  E 0.4059217 0.05251623
3 2  D 1.8687437 0.68257043
4 2  E 0.4560750 0.09466658
5 3  D 1.9469733 0.65767632
6 3  E 0.4888340 0.06552021
[1] "Summary by group + ID\n"
  grp ID       f.m        f.s
1   C  D 1.7452056 0.77156899
2   C  E 0.4779916 0.09079679
3   U  D 1.6224567 0.55205562
4   U  E 0.4225622 0.05582597
[1] "Summary by group + Session + ID\n"
   grp S ID       f.m        f.s
1    C 1  D 1.2068473 0.45452845
2    C 1  E 0.4124720 0.04687238
3    C 2  D 1.9094407 0.73576299
4    C 2  E 0.5025220 0.10470132
5    C 3  D 2.1193287 0.79602827
6    C 3  E 0.5189807 0.07553957
7    U 1  D 1.2647053 0.36300336
8    U 1  E 0.3993713 0.05851447
9    U 2  D 1.8280467 0.64821853
10   U 2  E 0.4096280 0.05457515
11   U 3  D 1.7746180 0.44570659
12   U 3  E 0.4586873 0.03519559
