[1] "IPerf ~(S*ID*grp)+Error(pp/(S*ID))+grp"
$ANOVA
    Effect DFn DFd            F            p p<.05          ges
2      grp   1   8  0.356311955 5.670668e-01       0.0216085704
3        S   2  16 18.540930725 6.813821e-05     * 0.1784530515
5       ID   1   8 19.767051414 2.150665e-03     * 0.4718547492
4    grp:S   2  16  1.710841685 2.121607e-01       0.0196494891
6   grp:ID   1   8  0.000396382 9.846033e-01       0.0000179151
7     S:ID   2  16 14.981081461 2.156533e-04     * 0.0837663699
8 grp:S:ID   2  16  1.291286538 3.020738e-01       0.0078186895

$`Mauchly's Test for Sphericity`
    Effect         W         p p<.05
3        S 0.7053298 0.2946951      
4    grp:S 0.7053298 0.2946951      
7     S:ID 0.7553533 0.3745635      
8 grp:S:ID 0.7553533 0.3745635      

$`Sphericity Corrections`
    Effect       GGe        p[GG] p[GG]<.05       HFe        p[HF] p[HF]<.05
3        S 0.7723975 0.0003527408         * 0.9219812 0.0001194945         *
4    grp:S 0.7723975 0.2207897686           0.9219812 0.2152651556          
7     S:ID 0.8034408 0.0007185829         * 0.9746367 0.0002517299         *
8 grp:S:ID 0.8034408 0.3000507094           0.9746367 0.3019463311          

