[1] "q1L ~(S*DID*grp)+Error(pp/(S*DID))+grp"
$ANOVA
     Effect DFn DFd          F         p p<.05         ges
2       grp   1   8 0.84400950 0.3851144       0.036653814
3         S   2  16 0.07146958 0.9313201       0.003103097
5       DID   2  16 0.71090201 0.5060750       0.007875354
4     grp:S   2  16 0.65236925 0.5341209       0.027628026
6   grp:DID   2  16 2.27545351 0.1349932       0.024777962
7     S:DID   4  32 1.10423049 0.3715217       0.027073174
8 grp:S:DID   4  32 1.22701152 0.3189231       0.029993192

$`Mauchly's Test for Sphericity`
     Effect          W          p p<.05
3         S 0.48548890 0.07973107      
4     grp:S 0.48548890 0.07973107      
5       DID 0.37412313 0.03202956     *
6   grp:DID 0.37412313 0.03202956     *
7     S:DID 0.05343824 0.03191008     *
8 grp:S:DID 0.05343824 0.03191008     *

$`Sphericity Corrections`
     Effect       GGe     p[GG] p[GG]<.05       HFe     p[HF] p[HF]<.05
3         S 0.6602791 0.8583892           0.7399588 0.8810987          
4     grp:S 0.6602791 0.4789866           0.7399588 0.4940161          
5       DID 0.6150527 0.4481945           0.6699476 0.4583490          
6   grp:DID 0.6150527 0.1619366           0.6699476 0.1580147          
7     S:DID 0.4096118 0.3479410           0.5009008 0.3555082          
8 grp:S:DID 0.4096118 0.3157347           0.5009008 0.3193489          

