[1] "Summary by group"
  grp     q1L.m      q1L.s
1   C 0.8725473 0.05488194
2   U 0.8924493 0.06890958
[1] "Summary by session\n"
  S     q1L.m      q1L.s
1 1 0.8864824 0.06571520
2 2 0.8810030 0.05972545
3 3 0.8800096 0.06383297
[1] "Summary by DID\n"
  DID     q1L.m      q1L.s
1   1 0.8822124 0.05673822
2   2 0.8770801 0.07567586
3   3 0.8882024 0.05455370
[1] "Summary by group + Session\n"
  grp S     q1L.m      q1L.s
1   C 1 0.8845058 0.06391308
2   C 2 0.8591133 0.05525839
3   C 3 0.8740229 0.04125005
4   U 1 0.8884591 0.06813404
5   U 2 0.9028927 0.05640696
6   U 3 0.8859962 0.08041782
[1] "Summary by Session + DID\n"
  S DID     q1L.m      q1L.s
1 1   1 0.8726893 0.06648103
2 1   2 0.8881113 0.06920605
3 1   3 0.8986467 0.06075737
4 2   1 0.8824883 0.05828159
5 2   2 0.8810050 0.06908344
6 2   3 0.8795157 0.05266459
7 3   1 0.8914597 0.04336894
8 3   2 0.8621240 0.08740850
9 3   3 0.8864450 0.04974385
[1] "Summary by group + DID\n"
  grp DID     q1L.m      q1L.s
1   C   1 0.8630180 0.05907541
2   C   2 0.8776758 0.05755196
3   C   3 0.8769482 0.04723646
4   U   1 0.9014069 0.04762469
5   U   2 0.8764844 0.09094435
6   U   3 0.8994567 0.05940957
[1] "Summary by group + Session + DID\n"
   grp S DID     q1L.m      q1L.s
1    C 1   1 0.8701607 0.07791119
2    C 1   2 0.8914020 0.05888547
3    C 1   3 0.8919547 0.05449462
4    C 2   1 0.8436533 0.05038248
5    C 2   2 0.8626013 0.06832801
6    C 2   3 0.8710853 0.04434956
7    C 3   1 0.8752400 0.04175210
8    C 3   2 0.8790240 0.04273592
9    C 3   3 0.8678047 0.04133246
10   U 1   1 0.8752180 0.05541926
11   U 1   2 0.8848207 0.08018950
12   U 1   3 0.9053387 0.06768282
13   U 2   1 0.9213233 0.03558022
14   U 2   2 0.8994087 0.06701826
15   U 2   3 0.8879460 0.06021671
16   U 3   1 0.9076793 0.03986354
17   U 3   2 0.8452240 0.11570585
18   U 3   3 0.9050853 0.05169829
