Post-hoc Tukey comparisons[1] "grp Tukey test"

	Pairwise comparisons using paired t tests 

data:  mdata$vfTrajCircularityL and mdata$grp 

  C      
U 0.00012

P value adjustment method: bonferroni 
[1] "S Tukey test"

	Pairwise comparisons using paired t tests 

data:  mdata$vfTrajCircularityL and mdata$S 

  1       2   
2 1.0e-09 -   
3 3.9e-13 0.15

P value adjustment method: bonferroni 
[1] "IDR Tukey test"

	Pairwise comparisons using paired t tests 

data:  mdata$vfTrajCircularityL and mdata$IDR 

  D       M      
M 9e-04   -      
E < 2e-16 3.2e-11

P value adjustment method: bonferroni 
[1] "IDL Tukey test"
