[1] "Summary by group"
  grp vfTrajCircularityL.m vfTrajCircularityL.s
1   C            0.7890667           0.06104802
2   U            0.7723845           0.06150184
[1] "Summary by session\n"
  S vfTrajCircularityL.m vfTrajCircularityL.s
1 1            0.7581734           0.05699450
2 2            0.7879026           0.05875962
3 3            0.7961008           0.06318899
[1] "Summary by IDR+IDR\n"
  IDL IDR vfTrajCircularityL.m vfTrajCircularityL.s
1   D   D            0.8353132           0.04770815
2   D   M            0.8150189           0.05148801
3   D   E            0.7592272           0.04840354
4   E   D            0.7702627           0.05243154
5   E   M            0.7571820           0.06144762
6   E   E            0.7473496           0.05344544
[1] "Summary by group + Session\n"
  grp S vfTrajCircularityL.m vfTrajCircularityL.s
1   C 1            0.7645898           0.05638147
2   C 2            0.7924134           0.06225667
3   C 3            0.8101968           0.05604369
4   U 1            0.7517571           0.05719361
5   U 2            0.7833917           0.05501939
6   U 3            0.7820048           0.06699109
[1] "Summary by Session + IDR + IDL \n"
   S IDL IDR vfTrajCircularityL.m vfTrajCircularityL.s
1  1   D   D            0.8183353           0.04424249
2  1   D   M            0.7823347           0.06023278
3  1   D   E            0.7307053           0.03680330
4  1   E   D            0.7589107           0.04410795
5  1   E   M            0.7436550           0.04874045
6  1   E   E            0.7150997           0.03902145
7  2   D   D            0.8408637           0.05335295
8  2   D   M            0.8289033           0.03542541
9  2   D   E            0.7601797           0.04020818
10 2   E   D            0.7679980           0.05761515
11 2   E   M            0.7721513           0.05300096
12 2   E   E            0.7573193           0.04893730
13 3   D   D            0.8467407           0.04142571
14 3   D   M            0.8338187           0.03978427
15 3   D   E            0.7867967           0.05089534
16 3   E   D            0.7838793           0.05330429
17 3   E   M            0.7557397           0.07732949
18 3   E   E            0.7696297           0.05618222
[1] "Summary by group + IDR + IDL\n"
   grp IDL IDR vfTrajCircularityL.m vfTrajCircularityL.s
1    C   D   D            0.8288151           0.04159618
2    C   D   M            0.8290544           0.05273995
3    C   D   E            0.7665131           0.04989574
4    C   E   D            0.7839533           0.05960022
5    C   E   M            0.7715847           0.05869231
6    C   E   E            0.7544793           0.05875508
7    U   D   D            0.8418113           0.05279443
8    U   D   M            0.8009833           0.04666723
9    U   D   E            0.7519413           0.04626973
10   U   E   D            0.7565720           0.04031174
11   U   E   M            0.7427793           0.06138684
12   U   E   E            0.7402198           0.04713396
[1] "Summary by group + Session + IDR + IDL\n"
   grp S IDL IDR vfTrajCircularityL.m vfTrajCircularityL.s
1    C 1   D   D            0.8037473           0.04670989
2    C 1   D   M            0.7942607           0.07424532
3    C 1   D   E            0.7407700           0.03806170
4    C 1   E   D            0.7706700           0.04351749
5    C 1   E   M            0.7526300           0.04928525
6    C 1   E   E            0.7254607           0.04141916
7    C 2   D   D            0.8499073           0.02183867
8    C 2   D   M            0.8406407           0.01977322
9    C 2   D   E            0.7578020           0.04641504
10   C 2   E   D            0.7824327           0.06876761
11   C 2   E   M            0.7707313           0.06071905
12   C 2   E   E            0.7529667           0.06005631
13   C 3   D   D            0.8327907           0.04015333
14   C 3   D   M            0.8522620           0.02864517
15   C 3   D   E            0.8009673           0.04645565
16   C 3   E   D            0.7987573           0.06414762
17   C 3   E   M            0.7913927           0.06248626
18   C 3   E   E            0.7850107           0.06019892
19   U 1   D   D            0.8329233           0.03764009
20   U 1   D   M            0.7704087           0.04120645
21   U 1   D   E            0.7206407           0.03376324
22   U 1   E   D            0.7471513           0.04289403
23   U 1   E   M            0.7346800           0.04815917
24   U 1   E   E            0.7047387           0.03476387
25   U 2   D   D            0.8318200           0.07241693
26   U 2   D   M            0.8171660           0.04374206
27   U 2   D   E            0.7625573           0.03438609
28   U 2   E   D            0.7535633           0.04123893
29   U 2   E   M            0.7735713           0.04612732
30   U 2   E   E            0.7616720           0.03624116
31   U 3   D   D            0.8606907           0.03905716
32   U 3   D   M            0.8153753           0.04158341
33   U 3   D   E            0.7726260           0.05269977
34   U 3   E   D            0.7690013           0.03600555
35   U 3   E   M            0.7200867           0.07588437
36   U 3   E   E            0.7542487           0.04906615
