[1] "q3Rrel ~S*IDR*IDL*grp + Error(pp/(S*IDR*IDL))"
$ANOVA
          Effect DFn DFd           F          p p<.05          ges
2            grp   1   8 2.807608888 0.13234649       0.0869481030
3              S   2  16 2.191942856 0.14410002       0.0265357289
5            IDR   2  16 0.023662358 0.97664951       0.0006997839
7            IDL   1   8 0.008406082 0.92920281       0.0001103252
4          grp:S   2  16 0.929623491 0.41500632       0.0114287008
6        grp:IDR   2  16 0.340323579 0.71656682       0.0099712536
8        grp:IDL   1   8 0.379593239 0.55494204       0.0049578001
9          S:IDR   4  32 0.898162639 0.47654877       0.0181806670
11         S:IDL   2  16 0.206441543 0.81560683       0.0007485861
13       IDR:IDL   2  16 1.823831190 0.19340726       0.0055081558
10     grp:S:IDR   4  32 1.082501375 0.38158579       0.0218306051
12     grp:S:IDL   2  16 4.680253170 0.02510132     * 0.0167003325
14   grp:IDR:IDL   2  16 3.158736754 0.06979103       0.0095014011
15     S:IDR:IDL   4  32 1.923496804 0.13053525       0.0163533585
16 grp:S:IDR:IDL   4  32 1.320430032 0.28351600       0.0112840065

$`Mauchly's Test for Sphericity`
          Effect          W          p p<.05
3              S 0.60090911 0.16820185      
4          grp:S 0.60090911 0.16820185      
5            IDR 0.96424068 0.88033725      
6        grp:IDR 0.96424068 0.88033725      
9          S:IDR 0.24625866 0.45582647      
10     grp:S:IDR 0.24625866 0.45582647      
11         S:IDL 0.68050296 0.25995912      
12     grp:S:IDL 0.68050296 0.25995912      
13       IDR:IDL 0.85864148 0.58659929      
14   grp:IDR:IDL 0.85864148 0.58659929      
15     S:IDR:IDL 0.08764386 0.08558392      
16 grp:S:IDR:IDL 0.08764386 0.08558392      

$`Sphericity Corrections`
          Effect       GGe      p[GG] p[GG]<.05       HFe      p[HF] p[HF]<.05
3              S 0.7147498 0.16305802           0.8268394 0.15548756          
4          grp:S 0.7147498 0.39093336           0.8268394 0.40161647          
5            IDR 0.9654753 0.97398352           1.2669657 0.97664951          
6        grp:IDR 0.9654753 0.70946394           1.2669657 0.71656682          
9          S:IDR 0.6478654 0.44604860           0.9856247 0.47555522          
10     grp:S:IDR 0.6478654 0.37121700           0.9856247 0.38133035          
11         S:IDL 0.7578645 0.75640157           0.8976770 0.79312540          
12     grp:S:IDL 0.7578645 0.03892911         * 0.8976770 0.03019207         *
13       IDR:IDL 0.8761489 0.19930703           1.1020596 0.19340726          
14   grp:IDR:IDL 0.8761489 0.07877118           1.1020596 0.06979103          
15     S:IDR:IDL 0.5326876 0.17490024           0.7316417 0.15450205          
16 grp:S:IDR:IDL 0.5326876 0.29452681           0.7316417 0.29133008          

