[1] "maxangleRrel ~S*IDR*IDL*grp + Error(pp/(S*IDR*IDL))"
$ANOVA
          Effect DFn DFd           F            p p<.05          ges
2            grp   1   8  0.05867959 0.8146896615       0.0027241599
3              S   2  16  0.49767730 0.6170466765       0.0063053586
5            IDR   2  16  7.93713433 0.0040312342     * 0.1495973123
7            IDL   1   8 25.21632994 0.0010248486     * 0.1179601044
4          grp:S   2  16  1.03185892 0.3788809195       0.0129853285
6        grp:IDR   2  16  0.04491371 0.9562000800       0.0009944484
8        grp:IDL   1   8  8.62221020 0.0188141278     * 0.0437285269
9          S:IDR   4  32  0.97738282 0.4336136310       0.0214320954
11         S:IDL   2  16  1.85740536 0.1881997180       0.0112830556
13       IDR:IDL   2  16 17.12256603 0.0001057324     * 0.0699014350
10     grp:S:IDR   4  32  2.00408005 0.1175963975       0.0429779762
12     grp:S:IDL   2  16  1.86018393 0.1877758620       0.0112997437
14   grp:IDR:IDL   2  16  1.71377733 0.2116482815       0.0074660011
15     S:IDR:IDL   4  32  0.58890000 0.6730488143       0.0031059199
16 grp:S:IDR:IDL   4  32  0.66231593 0.6227354085       0.0034917712

$`Mauchly's Test for Sphericity`
          Effect          W          p p<.05
3              S 0.26636785 0.00975408     *
4          grp:S 0.26636785 0.00975408     *
5            IDR 0.63862311 0.20814032      
6        grp:IDR 0.63862311 0.20814032      
9          S:IDR 0.09130245 0.09237616      
10     grp:S:IDR 0.09130245 0.09237616      
11         S:IDL 0.96168807 0.87220747      
12     grp:S:IDL 0.96168807 0.87220747      
13       IDR:IDL 0.92414518 0.75873602      
14   grp:IDR:IDL 0.92414518 0.75873602      
15     S:IDR:IDL 0.11709038 0.14482720      
16 grp:S:IDR:IDL 0.11709038 0.14482720      

$`Sphericity Corrections`
          Effect       GGe        p[GG] p[GG]<.05       HFe        p[HF]
3              S 0.5768236 0.5240484181           0.6122110 0.5339299272
4          grp:S 0.5768236 0.3485653319           0.6122110 0.3522175885
5            IDR 0.7345504 0.0099889851         * 0.8591396 0.0065120984
6        grp:IDR 0.7345504 0.9136871195           0.8591396 0.9374625685
9          S:IDR 0.4985927 0.3975033925           0.6639329 0.4135005453
10     grp:S:IDR 0.4985927 0.1673874188           0.6639329 0.1490802387
11         S:IDL 0.9631017 0.1900477535           1.2624584 0.1881997180
12     grp:S:IDL 0.9631017 0.1896299581           1.2624584 0.1877758620
13       IDR:IDL 0.9294934 0.0001705391         * 1.1993853 0.0001057324
14   grp:IDR:IDL 0.9294934 0.2144748381           1.1993853 0.2116482815
15     S:IDR:IDL 0.5095072 0.5693529525           0.6852709 0.6143259634
16 grp:S:IDR:IDL 0.5095072 0.5317159820           0.6852709 0.5711403838
   p[HF]<.05
3           
4           
5          *
6           
9           
10          
11          
12          
13         *
14          
15          
16          

