Post-hoc Tukey comparisons[1] "grp Tukey test"

	Pairwise comparisons using paired t tests 

data:  mdata$maxangleRrel and mdata$grp 

  C  
U 0.4

P value adjustment method: bonferroni 
[1] "S Tukey test"

	Pairwise comparisons using paired t tests 

data:  mdata$maxangleRrel and mdata$S 

  1    2   
2 1.00 -   
3 0.84 0.11

P value adjustment method: bonferroni 
[1] "IDR Tukey test"

	Pairwise comparisons using paired t tests 

data:  mdata$maxangleRrel and mdata$IDR 

  D       M     
M 9.4e-07 -     
E 3.0e-14 0.0018

P value adjustment method: bonferroni 
[1] "IDL Tukey test"
