[1] "Summary by group"
  grp maxangleRrel.m maxangleRrel.s
1   C       1.298259      0.5564642
2   U       1.344546      0.6665641
[1] "Summary by session\n"
  S maxangleRrel.m maxangleRrel.s
1 1       1.308458      0.6416700
2 2       1.286153      0.5633733
3 3       1.369596      0.6338602
[1] "Summary by IDR+IDR\n"
  IDL IDR maxangleRrel.m maxangleRrel.s
1   D   D       1.231052      0.4512922
2   D   M       1.204311      0.6962315
3   D   E       1.043037      0.3581173
4   E   D       1.898054      0.7572120
5   E   M       1.367379      0.5649275
6   E   E       1.184583      0.3392659
[1] "Summary by group + Session\n"
  grp S maxangleRrel.m maxangleRrel.s
1   C 1       1.329589      0.6473014
2   C 2       1.289856      0.4962647
3   C 3       1.275332      0.5186931
4   U 1       1.287327      0.6389091
5   U 2       1.282451      0.6261299
6   U 3       1.463860      0.7218436
[1] "Summary by Session + IDR + IDL \n"
   S IDL IDR maxangleRrel.m maxangleRrel.s
1  1   D   D       1.157138      0.2643272
2  1   D   M       1.025158      0.6330589
3  1   D   E       1.061395      0.3787287
4  1   E   D       2.049198      0.8794741
5  1   E   M       1.274942      0.5875833
6  1   E   E       1.282919      0.2632921
7  2   D   D       1.249109      0.4260735
8  2   D   M       1.230601      0.7753873
9  2   D   E       1.028732      0.2880379
10 2   E   D       1.755167      0.5896534
11 2   E   M       1.328530      0.5201593
12 2   E   E       1.124781      0.3815145
13 3   D   D       1.286908      0.6036687
14 3   D   M       1.357174      0.6538851
15 3   D   E       1.038985      0.4081789
16 3   E   D       1.889796      0.7704955
17 3   E   M       1.498665      0.5791274
18 3   E   E       1.146049      0.3508946
[1] "Summary by group + IDR + IDL\n"
   grp IDL IDR maxangleRrel.m maxangleRrel.s
1    C   D   D       1.113819      0.3245984
2    C   D   M       1.029344      0.4984035
3    C   D   E       0.981731      0.3738008
4    C   E   D       1.940043      0.6036552
5    C   E   M       1.487251      0.5086443
6    C   E   E       1.237367      0.3220263
7    U   D   D       1.348284      0.5277143
8    U   D   M       1.379278      0.8182107
9    U   D   E       1.104343      0.3346579
10   U   E   D       1.856065      0.8898120
11   U   E   M       1.247507      0.5978535
12   U   E   E       1.131799      0.3513101
[1] "Summary by group + Session + IDR + IDL\n"
   grp S IDL IDR maxangleRrel.m maxangleRrel.s
1    C 1   D   D      1.1890526      0.2722313
2    C 1   D   M      1.1161070      0.6886787
3    C 1   D   E      0.9171264      0.3046203
4    C 1   E   D      2.1655558      0.7967800
5    C 1   E   M      1.4460642      0.5422950
6    C 1   E   E      1.1436301      0.2022395
7    C 2   D   D      1.1058487      0.3170933
8    C 2   D   M      0.9803413      0.5231351
9    C 2   D   E      1.0713265      0.3110358
10   C 2   E   D      1.7472789      0.3987564
11   C 2   E   M      1.5129596      0.5708728
12   C 2   E   E      1.3213824      0.3756358
13   C 3   D   D      1.0465567      0.3814532
14   C 3   D   M      0.9915836      0.1434923
15   C 3   D   E      0.9567402      0.4856578
16   C 3   E   D      1.9072927      0.5059059
17   C 3   E   M      1.5027281      0.4362971
18   C 3   E   E      1.2470893      0.3561403
19   U 1   D   D      1.1252230      0.2616025
20   U 1   D   M      0.9342094      0.5815064
21   U 1   D   E      1.2056632      0.3996532
22   U 1   E   D      1.9328409      0.9686728
23   U 1   E   M      1.1038203      0.5986123
24   U 1   E   E      1.4222082      0.2472282
25   U 2   D   D      1.3923699      0.4811620
26   U 2   D   M      1.4808609      0.9151602
27   U 2   D   E      0.9861368      0.2668832
28   U 2   E   D      1.7630557      0.7490510
29   U 2   E   M      1.1441001      0.4020870
30   U 2   E   E      0.9281802      0.2785236
31   U 3   D   D      1.5272587      0.6968250
32   U 3   D   M      1.7227635      0.7607077
33   U 3   D   E      1.1212304      0.3078351
34   U 3   E   D      1.8722985      0.9864758
35   U 3   E   M      1.4946015      0.7101709
36   U 3   E   E      1.0450082      0.3260920
