[1] "q1L ~S*IDR*IDL*grp + Error(pp/(S*IDR*IDL))"
$ANOVA
          Effect DFn DFd          F           p p<.05         ges
2            grp   1   8  0.3768419 0.556347339       0.013472791
3              S   2  16  0.4673430 0.634954594       0.014183404
5            IDR   2  16  0.2345751 0.793579342       0.001862882
7            IDL   1   8 24.8307229 0.001075387     * 0.180875359
4          grp:S   2  16  0.3585455 0.704164657       0.010917554
6        grp:IDR   2  16  1.9234480 0.178409965       0.015072934
8        grp:IDL   1   8  0.9975637 0.347148702       0.008793160
9          S:IDR   4  32  0.9460680 0.450200406       0.013268737
11         S:IDL   2  16  0.4653606 0.636145089       0.003932291
13       IDR:IDL   2  16  2.0942024 0.155648097       0.017677110
10     grp:S:IDR   4  32  1.0204433 0.411624839       0.014296947
12     grp:S:IDL   2  16  1.0735570 0.365173548       0.009025159
14   grp:IDR:IDL   2  16  2.7454424 0.094389895       0.023047515
15     S:IDR:IDL   4  32  0.5547986 0.696963491       0.005426893
16 grp:S:IDR:IDL   4  32  1.3262050 0.281450842       0.012875432

$`Mauchly's Test for Sphericity`
          Effect         W         p p<.05
3              S 0.6736777 0.2509473      
4          grp:S 0.6736777 0.2509473      
5            IDR 0.7082278 0.2989547      
6        grp:IDR 0.7082278 0.2989547      
9          S:IDR 0.2164548 0.3835023      
10     grp:S:IDR 0.2164548 0.3835023      
11         S:IDL 0.9694820 0.8971997      
12     grp:S:IDL 0.9694820 0.8971997      
13       IDR:IDL 0.8475628 0.5605334      
14   grp:IDR:IDL 0.8475628 0.5605334      
15     S:IDR:IDL 0.3368250 0.6529669      
16 grp:S:IDR:IDL 0.3368250 0.6529669      

$`Sphericity Corrections`
          Effect       GGe     p[GG] p[GG]<.05       HFe      p[HF] p[HF]<.05
3              S 0.7539645 0.5847830           0.8911919 0.61440214          
4          grp:S 0.7539645 0.6476005           0.8911919 0.68113570          
5            IDR 0.7741303 0.7389067           0.9248936 0.77724492          
6        grp:IDR 0.7741303 0.1904617           0.9248936 0.18244872          
9          S:IDR 0.6169805 0.4222746           0.9133684 0.44521332          
10     grp:S:IDR 0.6169805 0.3927225           0.9133684 0.40848819          
11         S:IDL 0.9703858 0.6307587           1.2763130 0.63614509          
12     grp:S:IDL 0.9703858 0.3639571           1.2763130 0.36517355          
13       IDR:IDL 0.8677262 0.1638336           1.0869956 0.15564810          
14   grp:IDR:IDL 0.8677262 0.1041962           1.0869956 0.09438989          
15     S:IDR:IDL 0.6969364 0.6380131           1.1074723 0.69696349          
16 grp:S:IDR:IDL 0.6969364 0.2903954           1.1074723 0.28145084          

