[1] "peakVelRrel ~S*IDR*IDL*grp + Error(pp/(S*IDR*IDL))"
$ANOVA
          Effect DFn DFd          F          p p<.05          ges
2            grp   1   8 0.06762825 0.80138972       0.0021188962
3              S   2  16 0.18296352 0.83451659       0.0033313287
5            IDR   2  16 1.76374213 0.20313721       0.0356666074
7            IDL   1   8 8.70160938 0.01842994     * 0.0841457549
4          grp:S   2  16 0.92042729 0.41844139       0.0165367369
6        grp:IDR   2  16 0.09214501 0.91245330       0.0019285590
8        grp:IDL   1   8 0.61498125 0.45550883       0.0064514485
9          S:IDR   4  32 0.54872147 0.70125348       0.0164412985
11         S:IDL   2  16 0.33957072 0.71708449       0.0013182816
13       IDR:IDL   2  16 2.80281065 0.09045358       0.0100836067
10     grp:S:IDR   4  32 0.90053528 0.47521611       0.0267012009
12     grp:S:IDL   2  16 0.13888353 0.87136723       0.0005395941
14   grp:IDR:IDL   2  16 1.33444368 0.29108001       0.0048263934
15     S:IDR:IDL   4  32 2.44161236 0.06684384       0.0140096321
16 grp:S:IDR:IDL   4  32 0.81974339 0.52220246       0.0047477564

$`Mauchly's Test for Sphericity`
          Effect         W         p p<.05
3              S 0.9139785 0.7299210      
4          grp:S 0.9139785 0.7299210      
5            IDR 0.9810685 0.9352928      
6        grp:IDR 0.9810685 0.9352928      
9          S:IDR 0.1453100 0.2090368      
10     grp:S:IDR 0.1453100 0.2090368      
11         S:IDL 0.5866805 0.1546699      
12     grp:S:IDL 0.5866805 0.1546699      
13       IDR:IDL 0.7577230 0.3786924      
14   grp:IDR:IDL 0.7577230 0.3786924      
15     S:IDR:IDL 0.2859495 0.5472989      
16 grp:S:IDR:IDL 0.2859495 0.5472989      

$`Sphericity Corrections`
          Effect       GGe      p[GG] p[GG]<.05       HFe      p[HF] p[HF]<.05
3              S 0.9207920 0.81768674           1.1832797 0.83451659          
4          grp:S 0.9207920 0.41254631           1.1832797 0.41844139          
5            IDR 0.9814202 0.20395713           1.2974283 0.20313721          
6        grp:IDR 0.9814202 0.90943263           1.2974283 0.91245330          
9          S:IDR 0.7120718 0.64533866           1.1469286 0.70125348          
10     grp:S:IDR 0.7120718 0.45172791           1.1469286 0.47521611          
11         S:IDL 0.7075541 0.64662244           0.8151974 0.67555481          
12     grp:S:IDL 0.7075541 0.80019586           0.8151974 0.83081060          
13       IDR:IDL 0.8049734 0.10528844           0.9772627 0.09207048          
14   grp:IDR:IDL 0.8049734 0.29032954           0.9772627 0.29110402          
15     S:IDR:IDL 0.7547539 0.08837092           1.2633617 0.06684384          
16 grp:S:IDR:IDL 0.7547539 0.49630759           1.2633617 0.52220246          

