Post-hoc Tukey comparisons[1] "grp Tukey test"

	Pairwise comparisons using paired t tests 

data:  mdata$peakVelRrel and mdata$grp 

  C  
U 0.4

P value adjustment method: bonferroni 
[1] "S Tukey test"

	Pairwise comparisons using paired t tests 

data:  mdata$peakVelRrel and mdata$S 

  1    2   
2 0.73 -   
3 1.00 1.00

P value adjustment method: bonferroni 
[1] "IDR Tukey test"

	Pairwise comparisons using paired t tests 

data:  mdata$peakVelRrel and mdata$IDR 

  D       M      
M 0.28546 -      
E 0.09646 0.00028

P value adjustment method: bonferroni 
[1] "IDL Tukey test"
