[1] "Summary by group"
  grp peakVelRrel.m peakVelRrel.s
1   C     0.9755553    0.08418114
2   U     0.9695192    0.08423922
[1] "Summary by session\n"
  S peakVelRrel.m peakVelRrel.s
1 1     0.9680019    0.08810207
2 2     0.9772707    0.08812535
3 3     0.9723393    0.07595956
[1] "Summary by IDR+IDR\n"
  IDL IDR peakVelRrel.m peakVelRrel.s
1   D   D     0.9996458    0.07637268
2   D   M     0.9755786    0.06804354
3   D   E     1.0019448    0.08405254
4   E   D     0.9419277    0.09035019
5   E   M     0.9405424    0.07634107
6   E   E     0.9755844    0.08822930
[1] "Summary by group + Session\n"
  grp S peakVelRrel.m peakVelRrel.s
1   C 1     0.9592174    0.07751660
2   C 2     0.9842612    0.09290394
3   C 3     0.9831873    0.07983234
4   U 1     0.9767864    0.09719192
5   U 2     0.9702801    0.08300264
6   U 3     0.9614912    0.07066350
[1] "Summary by Session + IDR + IDL \n"
   S IDL IDR peakVelRrel.m peakVelRrel.s
1  1   D   D     0.9946126    0.09523751
2  1   D   M     0.9711665    0.07053610
3  1   D   E     0.9995232    0.07681513
4  1   E   D     0.9504242    0.10414236
5  1   E   M     0.9502090    0.08009448
6  1   E   E     0.9420758    0.08712079
7  2   D   D     0.9998938    0.07451815
8  2   D   M     0.9812915    0.06517099
9  2   D   E     1.0179269    0.08574874
10 2   E   D     0.9368161    0.08143629
11 2   E   M     0.9273743    0.08784950
12 2   E   E     1.0003215    0.09674042
13 3   D   D     1.0044310    0.05681131
14 3   D   M     0.9742777    0.07021983
15 3   D   E     0.9883844    0.08926242
16 3   E   D     0.9385427    0.08637928
17 3   E   M     0.9440438    0.05885933
18 3   E   E     0.9843560    0.07118412
[1] "Summary by group + IDR + IDL\n"
   grp IDL IDR peakVelRrel.m peakVelRrel.s
1    C   D   D     1.0106104    0.06488203
2    C   D   M     0.9886756    0.05626723
3    C   D   E     1.0027706    0.07889944
4    C   E   D     0.9449944    0.10275512
5    C   E   M     0.9308223    0.07109079
6    C   E   E     0.9754588    0.09443880
7    U   D   D     0.9886813    0.08568869
8    U   D   M     0.9624815    0.07647360
9    U   D   E     1.0011191    0.08979814
10   U   E   D     0.9388610    0.07703238
11   U   E   M     0.9502624    0.08087781
12   U   E   E     0.9757101    0.08262576
[1] "Summary by group + Session + IDR + IDL\n"
   grp S IDL IDR peakVelRrel.m peakVelRrel.s
1    C 1   D   D     1.0102375    0.07551890
2    C 1   D   M     0.9687711    0.06985683
3    C 1   D   E     0.9743367    0.06042408
4    C 1   E   D     0.9602687    0.09370241
5    C 1   E   M     0.9130939    0.05924153
6    C 1   E   E     0.9285966    0.07251401
7    C 2   D   D     1.0182259    0.05009658
8    C 2   D   M     0.9953720    0.04579560
9    C 2   D   E     1.0175862    0.10336777
10   C 2   E   D     0.9450305    0.10605935
11   C 2   E   M     0.9233369    0.07786199
12   C 2   E   E     1.0060160    0.11651361
13   C 3   D   D     1.0033677    0.06999395
14   C 3   D   M     1.0018836    0.04810021
15   C 3   D   E     1.0163887    0.06267845
16   C 3   E   D     0.9296839    0.11249162
17   C 3   E   M     0.9560362    0.07234437
18   C 3   E   E     0.9917637    0.07455370
19   U 1   D   D     0.9789878    0.11208027
20   U 1   D   M     0.9735618    0.07357848
21   U 1   D   E     1.0247096    0.08492463
22   U 1   E   D     0.9405798    0.11609539
23   U 1   E   M     0.9873240    0.08262610
24   U 1   E   E     0.9555550    0.10037228
25   U 2   D   D     0.9815618    0.09095463
26   U 2   D   M     0.9672111    0.07922003
27   U 2   D   E     1.0182675    0.06742219
28   U 2   E   D     0.9286016    0.04841759
29   U 2   E   M     0.9314117    0.09944296
30   U 2   E   E     0.9946270    0.07576932
31   U 3   D   D     1.0054942    0.04223755
32   U 3   D   M     0.9466718    0.07916550
33   U 3   D   E     0.9603801    0.10438190
34   U 3   E   D     0.9474014    0.05131458
35   U 3   E   M     0.9320514    0.04042784
36   U 3   E   E     0.9769483    0.06942952
