[1] "MT ~(S*ID*grp)+Error(pp/(S*ID))+grp"
$ANOVA
    Effect DFn DFd           F            p p<.05         ges
2      grp   1   8   0.7843870 4.016391e-01       0.045093177
3        S   2  16  12.6095791 5.154267e-04     * 0.237280740
5       ID   1   8 440.2882946 2.793266e-08     * 0.894500912
4    grp:S   2  16   1.1506674 3.412697e-01       0.027605120
6   grp:ID   1   8   3.3466788 1.047345e-01       0.060545874
7     S:ID   2  16   0.6136480 5.536342e-01       0.012643665
8 grp:S:ID   2  16   0.3784713 6.908784e-01       0.007836031

$`Mauchly's Test for Sphericity`
    Effect         W          p p<.05
3        S 0.6943586 0.27896096      
4    grp:S 0.6943586 0.27896096      
7     S:ID 0.4952526 0.08548576      
8 grp:S:ID 0.4952526 0.08548576      

$`Sphericity Corrections`
    Effect       GGe       p[GG] p[GG]<.05       HFe        p[HF] p[HF]<.05
3        S 0.7659071 0.001786202         * 0.9111000 0.0008248203         *
4    grp:S 0.7659071 0.332983524           0.9111000 0.3386640170          
7     S:ID 0.6645634 0.495578530           0.7466894 0.5119904318          
8 grp:S:ID 0.6645634 0.610620973           0.7466894 0.6334524461          

