[1] "vfCircularityLrel ~S*IDR*IDL*grp + Error(pp/(S*IDR*IDL))"
$ANOVA
          Effect DFn DFd           F            p p<.05          ges
2            grp   1   8  0.30757514 5.943329e-01       0.0080579432
3              S   2  16  0.09346440 9.112640e-01       0.0016008510
5            IDR   2  16 49.58889864 1.386787e-07     * 0.1205189370
7            IDL   1   8  3.80236673 8.699678e-02       0.1638394026
4          grp:S   2  16  1.00486769 3.880621e-01       0.0169467504
6        grp:IDR   2  16  3.32458582 6.202136e-02       0.0091035370
8        grp:IDL   1   8  0.01006292 9.225634e-01       0.0005182907
9          S:IDR   4  32  1.65777609 1.840871e-01       0.0082005340
11         S:IDL   2  16  1.25708430 3.111187e-01       0.0176562022
13       IDR:IDL   2  16 31.34933388 2.918911e-06     * 0.1102575648
10     grp:S:IDR   4  32  1.81640223 1.499558e-01       0.0089781662
12     grp:S:IDL   2  16  1.49317158 2.543485e-01       0.0209028208
14   grp:IDR:IDL   2  16  1.13977584 3.445367e-01       0.0044852116
15     S:IDR:IDL   4  32  1.58587179 2.019629e-01       0.0061469803
16 grp:S:IDR:IDL   4  32  1.20180544 3.291436e-01       0.0046652500

$`Mauchly's Test for Sphericity`
          Effect         W          p p<.05
3              S 0.5314666 0.10943743      
4          grp:S 0.5314666 0.10943743      
5            IDR 0.2833034 0.01210267     *
6        grp:IDR 0.2833034 0.01210267     *
9          S:IDR 0.2115763 0.37147875      
10     grp:S:IDR 0.2115763 0.37147875      
11         S:IDL 0.6093735 0.17664139      
12     grp:S:IDL 0.6093735 0.17664139      
13       IDR:IDL 0.9695774 0.89750890      
14   grp:IDR:IDL 0.9695774 0.89750890      
15     S:IDR:IDL 0.2572734 0.48186752      
16 grp:S:IDR:IDL 0.2572734 0.48186752      

$`Sphericity Corrections`
          Effect       GGe        p[GG] p[GG]<.05       HFe        p[HF]
3              S 0.6809515 8.386812e-01           0.7725954 8.647839e-01
4          grp:S 0.6809515 3.658384e-01           0.7725954 3.735298e-01
5            IDR 0.5825141 3.564733e-05         * 0.6207234 2.136952e-05
6        grp:IDR 0.5825141 9.693433e-02           0.6207234 9.307979e-02
9          S:IDR 0.6237006 2.123505e-01           0.9288140 1.892123e-01
10     grp:S:IDR 0.6237006 1.827806e-01           0.9288140 1.556875e-01
11         S:IDL 0.7191003 3.057308e-01           0.8339028 3.087143e-01
12     grp:S:IDL 0.7191003 2.583595e-01           0.8339028 2.572492e-01
13       IDR:IDL 0.9704757 3.948215e-06         * 1.2764844 2.918911e-06
14   grp:IDR:IDL 0.9704757 3.436765e-01           1.2764844 3.445367e-01
15     S:IDR:IDL 0.7183729 2.209776e-01           1.1636295 2.019629e-01
16 grp:S:IDR:IDL 0.7183729 3.302507e-01           1.1636295 3.291436e-01
   p[HF]<.05
3           
4           
5          *
6           
9           
10          
11          
12          
13         *
14          
15          
16          

