Post-hoc Tukey comparisons[1] "grp Tukey test"

	Pairwise comparisons using paired t tests 

data:  mdata$vfCircularityLrel and mdata$grp 

  C   
U 0.11

P value adjustment method: bonferroni 
[1] "S Tukey test"

	Pairwise comparisons using paired t tests 

data:  mdata$vfCircularityLrel and mdata$S 

  1    2   
2 1.00 -   
3 0.66 1.00

P value adjustment method: bonferroni 
[1] "IDR Tukey test"

	Pairwise comparisons using paired t tests 

data:  mdata$vfCircularityLrel and mdata$IDR 

  D       M      
M 6.6e-15 -      
E < 2e-16 5.2e-07

P value adjustment method: bonferroni 
[1] "IDL Tukey test"
