[1] "Summary by group"
  grp vfCircularityLrel.m vfCircularityLrel.s
1   C            1.202651           0.3644776
2   U            1.259336           0.4448546
[1] "Summary by session\n"
  S vfCircularityLrel.m vfCircularityLrel.s
1 1            1.244504           0.3446197
2 2            1.234285           0.4622121
3 3            1.214191           0.4081366
[1] "Summary by IDR+IDR\n"
  IDL IDR vfCircularityLrel.m vfCircularityLrel.s
1   D   D            1.108398           0.3104847
2   D   M            1.344480           0.4189159
3   D   E            1.657704           0.5325093
4   E   D            1.060203           0.2312510
5   E   M            1.134773           0.2873242
6   E   E            1.080403           0.1972144
[1] "Summary by group + Session\n"
  grp S vfCircularityLrel.m vfCircularityLrel.s
1   C 1            1.247748           0.3222338
2   C 2            1.147618           0.3526437
3   C 3            1.212585           0.4100071
4   U 1            1.241260           0.3674288
5   U 2            1.320952           0.5386388
6   U 3            1.215797           0.4085482
[1] "Summary by Session + IDR + IDL \n"
   S IDL IDR vfCircularityLrel.m vfCircularityLrel.s
1  1   D   D            1.057468           0.1964769
2  1   D   M            1.372240           0.3305110
3  1   D   E            1.654793           0.4144180
4  1   E   D            1.066209           0.2186868
5  1   E   M            1.149045           0.2254348
6  1   E   E            1.167269           0.1978187
7  2   D   D            1.155953           0.3470283
8  2   D   M            1.361657           0.4823000
9  2   D   E            1.779913           0.6015438
10 2   E   D            1.043730           0.2421847
11 2   E   M            1.059015           0.2401418
12 2   E   E            1.005443           0.1811981
13 3   D   D            1.111772           0.3630210
14 3   D   M            1.299544           0.4399230
15 3   D   E            1.538405           0.5536024
16 3   E   D            1.070669           0.2391872
17 3   E   M            1.196259           0.3671663
18 3   E   E            1.068498           0.1833916
[1] "Summary by group + IDR + IDL\n"
   grp IDL IDR vfCircularityLrel.m vfCircularityLrel.s
1    C   D   D            1.032759           0.2594285
2    C   D   M            1.314095           0.3169624
3    C   D   E            1.700182           0.2958232
4    C   E   D            1.027719           0.2576273
5    C   E   M            1.075310           0.2806534
6    C   E   E            1.065838           0.2221120
7    U   D   D            1.184036           0.3405685
8    U   D   M            1.374866           0.5026090
9    U   D   E            1.615226           0.6945321
10   U   E   D            1.092686           0.1990963
11   U   E   M            1.194236           0.2845836
12   U   E   E            1.094969           0.1700097
[1] "Summary by group + Session + IDR + IDL\n"
   grp S IDL IDR vfCircularityLrel.m vfCircularityLrel.s
1    C 1   D   D           1.0467521           0.2349493
2    C 1   D   M           1.4243518           0.3248421
3    C 1   D   E           1.6533058           0.2472582
4    C 1   E   D           1.0545231           0.1911673
5    C 1   E   M           1.1399607           0.2135383
6    C 1   E   E           1.1675946           0.2093474
7    C 2   D   D           0.9791236           0.1891868
8    C 2   D   M           1.1972900           0.2747512
9    C 2   D   E           1.7095900           0.2345126
10   C 2   E   D           0.9971233           0.2655425
11   C 2   E   M           1.0280783           0.2785960
12   C 2   E   E           0.9745044           0.1817592
13   C 3   D   D           1.0724022           0.3399344
14   C 3   D   M           1.3206439           0.3271823
15   C 3   D   E           1.7376489           0.3936366
16   C 3   E   D           1.0315120           0.3158343
17   C 3   E   M           1.0578909           0.3422622
18   C 3   E   E           1.0554137           0.2409110
19   U 1   D   D           1.0681836           0.1565773
20   U 1   D   M           1.3201280           0.3390222
21   U 1   D   E           1.6562808           0.5427803
22   U 1   E   D           1.0778953           0.2494518
23   U 1   E   M           1.1581292           0.2439187
24   U 1   E   E           1.1669443           0.1929587
25   U 2   D   D           1.3327831           0.3829664
26   U 2   D   M           1.5260242           0.5903060
27   U 2   D   E           1.8502360           0.8270207
28   U 2   E   D           1.0903366           0.2152414
29   U 2   E   M           1.0899508           0.1994713
30   U 2   E   E           1.0363808           0.1814476
31   U 3   D   D           1.1511426           0.3925617
32   U 3   D   M           1.2784446           0.5411895
33   U 3   D   E           1.3391604           0.6283509
34   U 3   E   D           1.1098265           0.1243808
35   U 3   E   M           1.3346280           0.3479674
36   U 3   E   E           1.0815815           0.1061243
