[1] "q1R ~S*IDR*IDL*grp + Error(pp/(S*IDR*IDL))"
$ANOVA
          Effect DFn DFd            F            p p<.05          ges
2            grp   1   8  0.802569769 3.964814e-01       3.619928e-02
3              S   2  16  0.684854674 5.183456e-01       1.914463e-02
5            IDR   2  16 32.407866820 2.360437e-06     * 2.258284e-01
7            IDL   1   8  0.008178243 9.301659e-01       5.989599e-05
4          grp:S   2  16  0.442267812 6.501999e-01       1.244770e-02
6        grp:IDR   2  16  0.124556550 8.837360e-01       1.119879e-03
8        grp:IDL   1   8  0.609168345 4.575708e-01       4.441889e-03
9          S:IDR   4  32  0.406261760 8.027209e-01       4.326551e-03
11         S:IDL   2  16  0.300018308 7.448820e-01       1.544379e-03
13       IDR:IDL   2  16  0.515942983 6.065379e-01       2.593356e-03
10     grp:S:IDR   4  32  0.962264462 4.415587e-01       1.018747e-02
12     grp:S:IDL   2  16  1.870861520 1.861570e-01       9.553230e-03
14   grp:IDR:IDL   2  16  0.541917512 5.919389e-01       2.723560e-03
15     S:IDR:IDL   4  32  1.372859472 2.652734e-01       1.685199e-02
16 grp:S:IDR:IDL   4  32  1.017785094 4.129549e-01       1.254811e-02

$`Mauchly's Test for Sphericity`
          Effect         W          p p<.05
3              S 0.3919268 0.03768925     *
4          grp:S 0.3919268 0.03768925     *
5            IDR 0.6475144 0.21846056      
6        grp:IDR 0.6475144 0.21846056      
9          S:IDR 0.1231159 0.15804762      
10     grp:S:IDR 0.1231159 0.15804762      
11         S:IDL 0.7797911 0.41872032      
12     grp:S:IDL 0.7797911 0.41872032      
13       IDR:IDL 0.4253514 0.05019006      
14   grp:IDR:IDL 0.4253514 0.05019006      
15     S:IDR:IDL 0.3529651 0.68332047      
16 grp:S:IDR:IDL 0.3529651 0.68332047      

$`Sphericity Corrections`
          Effect       GGe        p[GG] p[GG]<.05       HFe        p[HF]
3              S 0.6218623 0.4589298339           0.6803690 4.701145e-01
4          grp:S 0.6218623 0.5635673935           0.6803690 5.797840e-01
5            IDR 0.7393794 0.0000362288         * 0.8670765 9.473516e-06
6        grp:IDR 0.7393794 0.8237406330           0.8670765 8.567437e-01
9          S:IDR 0.6136380 0.7119295141           0.9057413 7.848104e-01
10     grp:S:IDR 0.6136380 0.4153365965           0.9057413 4.365558e-01
11         S:IDL 0.8195318 0.7033914395           1.0023346 7.448820e-01
12     grp:S:IDL 0.8195318 0.1952457331           1.0023346 1.861570e-01
13       IDR:IDL 0.6350623 0.5314969535           0.7006907 5.475470e-01
14   grp:IDR:IDL 0.6350623 0.5197167973           0.7006907 5.351634e-01
15     S:IDR:IDL 0.6554478 0.2780902246           1.0038714 2.652734e-01
16 grp:S:IDR:IDL 0.6554478 0.3964469584           1.0038714 4.129549e-01
   p[HF]<.05
3           
4           
5          *
6           
9           
10          
11          
12          
13          
14          
15          
16          

