[1] "Summary by group"
  grp accQRrel.m accQRrel.s
1   C  0.9143907  0.1830434
2   U  0.9260980  0.1829561
[1] "Summary by session\n"
  S accQRrel.m accQRrel.s
1 1  0.8982964  0.1752239
2 2  0.9359630  0.1810561
3 3  0.9264737  0.1910512
[1] "Summary by IDR+IDR\n"
  IDL IDR accQRrel.m accQRrel.s
1   D   D  0.9774778  0.1128402
2   D   M  0.9496326  0.1476115
3   D   E  1.0293897  0.1840098
4   E   D  0.7577019  0.1681904
5   E   M  0.7993156  0.1193236
6   E   E  1.0079487  0.1619348
[1] "Summary by group + Session\n"
  grp S accQRrel.m accQRrel.s
1   C 1  0.8482801  0.1377838
2   C 2  0.9260531  0.1816787
3   C 3  0.9688391  0.2042568
4   U 1  0.9483127  0.1941854
5   U 2  0.9458730  0.1809011
6   U 3  0.8841083  0.1675126
[1] "Summary by Session + IDR + IDL \n"
   S IDL IDR accQRrel.m accQRrel.s
1  1   D   D  0.9548203 0.13538581
2  1   D   M  0.9102064 0.12144722
3  1   D   E  1.0094559 0.17109197
4  1   E   D  0.7253943 0.18448482
5  1   E   M  0.7963455 0.10237354
6  1   E   E  0.9935560 0.12388660
7  2   D   D  0.9900452 0.09332236
8  2   D   M  0.9936141 0.15064956
9  2   D   E  1.0390840 0.17558759
10 2   E   D  0.7560902 0.15890872
11 2   E   M  0.8048855 0.11141900
12 2   E   E  1.0320593 0.15549012
13 3   D   D  0.9875680 0.10601277
14 3   D   M  0.9450772 0.16060775
15 3   D   E  1.0396292 0.20783107
16 3   E   D  0.7916213 0.15892025
17 3   E   M  0.7967158 0.14406097
18 3   E   E  0.9982307 0.20009659
[1] "Summary by group + IDR + IDL\n"
   grp IDL IDR accQRrel.m accQRrel.s
1    C   D   D  0.9976626 0.11713321
2    C   D   M  0.9860879 0.13705620
3    C   D   E  0.9995484 0.20456833
4    C   E   D  0.7120417 0.10936456
5    C   E   M  0.7951981 0.08354417
6    C   E   E  0.9958058 0.16909570
7    U   D   D  0.9572931 0.10583785
8    U   D   M  0.9131773 0.15023552
9    U   D   E  1.0592309 0.15754067
10   U   E   D  0.8033621 0.20246939
11   U   E   M  0.8034331 0.14759923
12   U   E   E  1.0200916 0.15539224
[1] "Summary by group + Session + IDR + IDL\n"
   grp S IDL IDR accQRrel.m accQRrel.s
1    C 1   D   D  0.9071146 0.12290215
2    C 1   D   M  0.8482018 0.05908617
3    C 1   D   E  0.9299539 0.16250117
4    C 1   E   D  0.6820281 0.03968648
5    C 1   E   M  0.7902479 0.07302950
6    C 1   E   E  0.9321341 0.13100909
7    C 2   D   D  1.0389629 0.07874270
8    C 2   D   M  1.0583634 0.12486720
9    C 2   D   E  0.9698971 0.18593617
10   C 2   E   D  0.7002734 0.11721572
11   C 2   E   M  0.7990342 0.08441901
12   C 2   E   E  0.9897875 0.14788267
13   C 3   D   D  1.0469102 0.09276071
14   C 3   D   M  1.0516984 0.09681932
15   C 3   D   E  1.0987943 0.23207622
16   C 3   E   D  0.7538237 0.13889551
17   C 3   E   M  0.7963122 0.09712233
18   C 3   E   E  1.0654956 0.20309143
19   U 1   D   D  1.0025259 0.13411251
20   U 1   D   M  0.9722110 0.13719636
21   U 1   D   E  1.0889579 0.14382317
22   U 1   E   D  0.7687605 0.25474578
23   U 1   E   M  0.8024430 0.12765697
24   U 1   E   E  1.0549779 0.08089764
25   U 2   D   D  0.9411275 0.08192714
26   U 2   D   M  0.9288647 0.14978643
27   U 2   D   E  1.1082709 0.13796546
28   U 2   E   D  0.8119070 0.17858345
29   U 2   E   M  0.8107368 0.13607048
30   U 2   E   E  1.0743311 0.15615035
31   U 3   D   D  0.9282258 0.08443676
32   U 3   D   M  0.8384561 0.14034978
33   U 3   D   E  0.9804640 0.16766722
34   U 3   E   D  0.8294189 0.17309504
35   U 3   E   M  0.7971195 0.18318413
36   U 3   E   E  0.9309657 0.17887302
