[1] "q3L ~(S*DID*grp)+Error(pp/(S*DID))+grp"
$ANOVA
     Effect DFn DFd         F         p p<.05         ges
2       grp   1   8 1.2252275 0.3005069       0.077820479
3         S   2  16 2.5527225 0.1090947       0.052410672
5       DID   2  16 1.5754454 0.2373821       0.010278353
4     grp:S   2  16 2.2277651 0.1401115       0.046046090
6   grp:DID   2  16 0.4657647 0.6359022       0.003060852
7     S:DID   4  32 0.4006354 0.8067000       0.011040956
8 grp:S:DID   4  32 0.4280658 0.7872391       0.011787988

$`Mauchly's Test for Sphericity`
     Effect         W         p p<.05
3         S 0.8833763 0.6479031      
4     grp:S 0.8833763 0.6479031      
5       DID 0.5977970 0.1651726      
6   grp:DID 0.5977970 0.1651726      
7     S:DID 0.3995028 0.7606761      
8 grp:S:DID 0.3995028 0.7606761      

$`Sphericity Corrections`
     Effect       GGe     p[GG] p[GG]<.05       HFe     p[HF] p[HF]<.05
3         S 0.8955568 0.1166420           1.1370818 0.1090947          
4     grp:S 0.8955568 0.1470287           1.1370818 0.1401115          
5       DID 0.7131635 0.2441275           0.8242685 0.2419809          
6   grp:DID 0.7131635 0.5758202           0.8242685 0.6014179          
7     S:DID 0.6613946 0.7300217           1.0183268 0.8067000          
8 grp:S:DID 0.6613946 0.7113410           1.0183268 0.7872391          

