[1] "Summary by group"
  grp      q3.m       q3.s
1   C 0.8628167 0.05824195
2   U 0.8681827 0.05659359
[1] "Summary by session\n"
  S      q3.m       q3.s
1 1 0.8473170 0.05546535
2 2 0.8662288 0.06456557
3 3 0.8829532 0.04559200
[1] "Summary by ID\n"
  ID      q3.m       q3.s
1  D 0.8500830 0.05065580
2  E 0.8809163 0.05968935
[1] "Summary by group + Session\n"
  grp S      q3.m       q3.s
1   C 1 0.8460040 0.05611639
2   C 2 0.8655210 0.07129764
3   C 3 0.8769250 0.04089039
4   U 1 0.8486300 0.05573398
5   U 2 0.8669367 0.05828193
6   U 3 0.8889813 0.04981697
[1] "Summary by Session + ID\n"
  S ID      q3.m       q3.s
1 1  D 0.8240530 0.05189682
2 1  E 0.8705810 0.04945563
3 2  D 0.8583527 0.05195429
4 2  E 0.8741050 0.07519029
5 3  D 0.8678433 0.03720878
6 3  E 0.8980630 0.04870406
[1] "Summary by group + ID\n"
  grp ID      q3.m       q3.s
1   C  D 0.8498327 0.05349316
2   C  E 0.8758007 0.06045654
3   U  D 0.8503333 0.04825653
4   U  E 0.8860320 0.05914463
[1] "Summary by group + Session + ID\n"
   grp S ID      q3.m       q3.s
1    C 1  D 0.8345207 0.05619420
2    C 1  E 0.8574873 0.05552179
3    C 2  D 0.8515067 0.06402904
4    C 2  E 0.8795353 0.07751919
5    C 3  D 0.8634707 0.03580990
6    C 3  E 0.8903793 0.04234657
7    U 1  D 0.8135853 0.04675844
8    U 1  E 0.8836747 0.04020415
9    U 2  D 0.8651987 0.03729812
10   U 2  E 0.8686747 0.07509042
11   U 3  D 0.8722160 0.03930086
12   U 3  E 0.9057467 0.05471620
