Post-hoc Tukey comparisons[1] "grp Tukey test"

	Pairwise comparisons using paired t tests 

data:  mdata$HarmonicityRrel and mdata$grp 

  C     
U 0.0011

P value adjustment method: bonferroni 
[1] "S Tukey test"

	Pairwise comparisons using paired t tests 

data:  mdata$HarmonicityRrel and mdata$S 

  1    2   
2 1.00 -   
3 1.00 0.14

P value adjustment method: bonferroni 
[1] "IDR Tukey test"

	Pairwise comparisons using paired t tests 

data:  mdata$HarmonicityRrel and mdata$IDR 

  D      M     
M 1.0000 -     
E 0.0004 0.0208

P value adjustment method: bonferroni 
[1] "IDL Tukey test"
