[1] "Summary by group"
  grp HarmonicityRrel.m HarmonicityRrel.s
1   C         0.8224155          1.279166
2   U         1.2481808          1.514999
[1] "Summary by session\n"
  S HarmonicityRrel.m HarmonicityRrel.s
1 1         1.0531224          1.604871
2 2         1.0865802          1.445644
3 3         0.9661918          1.171182
[1] "Summary by IDR+IDR\n"
  IDL IDR HarmonicityRrel.m HarmonicityRrel.s
1   D   D         1.1254867         1.3366529
2   D   M         1.3262360         2.0770096
3   D   E         1.4534752         1.1575385
4   E   D         0.5517716         1.4730187
5   E   M         0.5400788         1.0642983
6   E   E         1.2147405         0.7919079
[1] "Summary by group + Session\n"
  grp S HarmonicityRrel.m HarmonicityRrel.s
1   C 1         0.5037858         0.4955960
2   C 2         1.0152439         1.6173394
3   C 3         0.9482168         1.3884864
4   U 1         1.6024590         2.0794766
5   U 2         1.1579164         1.2558557
6   U 3         0.9841669         0.9111527
[1] "Summary by Session + IDR + IDL \n"
   S IDL IDR HarmonicityRrel.m HarmonicityRrel.s
1  1   D   D         1.4786014         2.2881097
2  1   D   M         1.0262973         1.4276054
3  1   D   E         1.1576411         0.7078615
4  1   E   D         0.8738435         2.4664655
5  1   E   M         0.3339768         0.3612191
6  1   E   E         1.4483743         0.9899745
7  2   D   D         0.9542483         0.1474310
8  2   D   M         1.6432667         2.5963994
9  2   D   E         1.5188609         1.2629944
10 2   E   D         0.3433812         0.4376002
11 2   E   M         0.7552951         1.5881626
12 2   E   E         1.3044289         0.7494463
13 3   D   D         0.9436103         0.1800410
14 3   D   M         1.3091441         2.0646388
15 3   D   E         1.6839237         1.3660065
16 3   E   D         0.4380901         0.4673827
17 3   E   M         0.5309645         0.8553528
18 3   E   E         0.8914183         0.4582077
[1] "Summary by group + IDR + IDL\n"
   grp IDL IDR HarmonicityRrel.m HarmonicityRrel.s
1    C   D   D        0.83881112        0.30876345
2    C   D   M        1.76460110        2.62479554
3    C   D   E        1.00207102        0.84561715
4    C   E   D        0.06849779        0.02711196
5    C   E   M        0.26526558        0.37652331
6    C   E   E        0.99524639        0.53904429
7    U   D   D        1.41216223        1.83042381
8    U   D   M        0.88787096        1.20140271
9    U   D   E        1.90487938        1.25633638
10   U   E   D        1.03504536        1.97747904
11   U   E   M        0.81489201        1.41242995
12   U   E   E        1.43423463        0.93774994
[1] "Summary by group + Session + IDR + IDL\n"
   grp S IDL IDR HarmonicityRrel.m HarmonicityRrel.s
1    C 1   D   D        0.59261670        0.41383187
2    C 1   D   M        0.45416412        0.52836653
3    C 1   D   E        0.71389291        0.24715290
4    C 1   E   D        0.06440791        0.02772188
5    C 1   E   M        0.23247265        0.19687668
6    C 1   E   E        0.96516052        0.66196455
7    C 2   D   D        0.94752200        0.14860272
8    C 2   D   M        2.67615548        3.38562366
9    C 2   D   E        0.94248001        0.43944431
10   C 2   E   D        0.07058247        0.01995431
11   C 2   E   M        0.38440228        0.58921918
12   C 2   E   E        1.07032128        0.50168511
13   C 3   D   D        0.97629467        0.09181036
14   C 3   D   M        2.16348370        2.64775311
15   C 3   D   E        1.34984015        1.33071275
16   C 3   E   D        0.07050300        0.03341586
17   C 3   E   M        0.17892182        0.18781701
18   C 3   E   E        0.95025736        0.46276758
19   U 1   D   D        2.36458602        2.99858627
20   U 1   D   M        1.59843050        1.80030099
21   U 1   D   E        1.60138926        0.74490708
22   U 1   E   D        1.68327902        3.34614669
23   U 1   E   M        0.43548092        0.45764605
24   U 1   E   E        1.93158802        1.04477647
25   U 2   D   D        0.96097467        0.15114447
26   U 2   D   M        0.61037790        0.46424716
27   U 2   D   E        2.09524171        1.54895097
28   U 2   E   D        0.61617993        0.48661924
29   U 2   E   M        1.12618786        2.14073078
30   U 2   E   E        1.53853658        0.89125119
31   U 3   D   D        0.91092600        0.23754276
32   U 3   D   M        0.45480447        0.50526001
33   U 3   D   E        2.01800717        1.36208188
34   U 3   E   D        0.80567713        0.40228908
35   U 3   E   M        0.88300723        1.10211973
36   U 3   E   E        0.83257929        0.46187963
