[1] "vfTrajCircularityRrel ~S*IDR*IDL*grp + Error(pp/(S*IDR*IDL))"
$ANOVA
          Effect DFn DFd           F           p p<.05          ges
2            grp   1   8  0.14662619 0.711754377       5.059695e-03
3              S   2  16  0.98881355 0.393641536       1.956624e-02
5            IDR   2  16  5.17461538 0.018484867     * 9.052249e-02
7            IDL   1   8 22.66969270 0.001424478     * 1.698133e-01
4          grp:S   2  16  2.86390051 0.086463669       5.464227e-02
6        grp:IDR   2  16  0.24323937 0.786930912       4.656860e-03
8        grp:IDL   1   8  1.02891474 0.340106038       9.198486e-03
9          S:IDR   4  32  0.27071622 0.894648187       7.773539e-03
11         S:IDL   2  16  0.02802453 0.972412137       8.164055e-05
13       IDR:IDL   2  16  6.37566824 0.009198046     * 3.398493e-02
10     grp:S:IDR   4  32  2.70947132 0.047453409     * 7.270995e-02
12     grp:S:IDL   2  16  0.26081937 0.773632822       7.592994e-04
14   grp:IDR:IDL   2  16  1.64927774 0.223234564       9.018537e-03
15     S:IDR:IDL   4  32  2.97754684 0.033797370     * 1.323867e-02
16 grp:S:IDR:IDL   4  32  0.30772456 0.870657541       1.384631e-03

$`Mauchly's Test for Sphericity`
          Effect         W         p p<.05
3              S 0.7391742 0.3472272      
4          grp:S 0.7391742 0.3472272      
5            IDR 0.9269244 0.7667524      
6        grp:IDR 0.9269244 0.7667524      
9          S:IDR 0.1703793 0.2695852      
10     grp:S:IDR 0.1703793 0.2695852      
11         S:IDL 0.5884526 0.1563112      
12     grp:S:IDL 0.5884526 0.1563112      
13       IDR:IDL 0.6604275 0.2340928      
14   grp:IDR:IDL 0.6604275 0.2340928      
15     S:IDR:IDL 0.4166404 0.7871008      
16 grp:S:IDR:IDL 0.4166404 0.7871008      

$`Sphericity Corrections`
          Effect       GGe      p[GG] p[GG]<.05       HFe      p[HF] p[HF]<.05
3              S 0.7931310 0.37995029           0.9570361 0.39114043          
4          grp:S 0.7931310 0.10229569           0.9570361 0.08953755          
5            IDR 0.9319008 0.02127038         * 1.2038573 0.01848487         *
6        grp:IDR 0.9319008 0.77217434           1.2038573 0.78693091          
9          S:IDR 0.6315956 0.81338425           0.9471544 0.88606271          
10     grp:S:IDR 0.6315956 0.08009756           0.9471544 0.05109624          
11         S:IDL 0.7084424 0.93345210           0.8166318 0.95222128          
12     grp:S:IDL 0.7084424 0.69991999           0.8166318 0.73074834          
13       IDR:IDL 0.7465068 0.01814715         * 0.8788341 0.01270992         *
14   grp:IDR:IDL 0.7465068 0.23130860           0.8788341 0.22737143          
15     S:IDR:IDL 0.7514842 0.05145088           1.2541607 0.03379737         *
16 grp:S:IDR:IDL 0.7514842 0.81991833           1.2541607 0.87065754          

