[1] "Summary by group"
  grp vfTrajCircularityRrel.m vfTrajCircularityRrel.s
1   C               0.9566180              0.08707768
2   U               0.9659101              0.08860113
[1] "Summary by session\n"
  S vfTrajCircularityRrel.m vfTrajCircularityRrel.s
1 1               0.9502201              0.09014434
2 2               0.9727515              0.08352174
3 3               0.9608204              0.08888094
[1] "Summary by IDR+IDR\n"
  IDL IDR vfTrajCircularityRrel.m vfTrajCircularityRrel.s
1   D   D               1.0002593              0.07154554
2   D   M               0.9686243              0.07068729
3   D   E               1.0033056              0.08769261
4   E   D               0.9112551              0.08241714
5   E   M               0.9099748              0.08129528
6   E   E               0.9741649              0.08265335
[1] "Summary by group + Session\n"
  grp S vfTrajCircularityRrel.m vfTrajCircularityRrel.s
1   C 1               0.9250612              0.07836082
2   C 2               0.9711211              0.08027492
3   C 3               0.9736716              0.09391307
4   U 1               0.9753791              0.09446018
5   U 2               0.9743818              0.08706724
6   U 3               0.9479693              0.08206537
[1] "Summary by Session + IDR + IDL \n"
   S IDL IDR vfTrajCircularityRrel.m vfTrajCircularityRrel.s
1  1   D   D               0.9836449              0.08769655
2  1   D   M               0.9555249              0.08016697
3  1   D   E               1.0023559              0.09600140
4  1   E   D               0.8989632              0.08782795
5  1   E   M               0.9175554              0.08072962
6  1   E   E               0.9432766              0.06873215
7  2   D   D               1.0084494              0.07108909
8  2   D   M               0.9820826              0.07032519
9  2   D   E               1.0152179              0.06775449
10 2   E   D               0.9188215              0.07425301
11 2   E   M               0.9088696              0.08327286
12 2   E   E               1.0030679              0.06756566
13 3   D   D               1.0086836              0.05036467
14 3   D   M               0.9682655              0.05997739
15 3   D   E               0.9923431              0.09757734
16 3   E   D               0.9159807              0.08590881
17 3   E   M               0.9034995              0.08201726
18 3   E   E               0.9761502              0.09910296
[1] "Summary by group + IDR + IDL\n"
   grp IDL IDR vfTrajCircularityRrel.m vfTrajCircularityRrel.s
1    C   D   D               1.0037778              0.06045238
2    C   D   M               0.9813377              0.06248209
3    C   D   E               0.9919680              0.08418809
4    C   E   D               0.9054340              0.09072002
5    C   E   M               0.8935584              0.07133664
6    C   E   E               0.9636319              0.08612495
7    U   D   D               0.9967408              0.08169487
8    U   D   M               0.9559109              0.07663112
9    U   D   E               1.0146432              0.09057704
10   U   E   D               0.9170763              0.07375712
11   U   E   M               0.9263913              0.08790840
12   U   E   E               0.9846979              0.07857468
[1] "Summary by group + Session + IDR + IDL\n"
   grp S IDL IDR vfTrajCircularityRrel.m vfTrajCircularityRrel.s
1    C 1   D   D               0.9991717              0.07276302
2    C 1   D   M               0.9326670              0.07386798
3    C 1   D   E               0.9462079              0.07588975
4    C 1   E   D               0.9041971              0.08218002
5    C 1   E   M               0.8684836              0.05804570
6    C 1   E   E               0.8996401              0.03725884
7    C 2   D   D               1.0120611              0.04959347
8    C 2   D   M               1.0059476              0.04357244
9    C 2   D   E               1.0021828              0.06677039
10   C 2   E   D               0.9119445              0.09624288
11   C 2   E   M               0.9024357              0.05869444
12   C 2   E   E               0.9921550              0.07766578
13   C 3   D   D               1.0001005              0.06017339
14   C 3   D   M               1.0053985              0.03327902
15   C 3   D   E               1.0275133              0.09137184
16   C 3   E   D               0.9001605              0.09885849
17   C 3   E   M               0.9097561              0.09022305
18   C 3   E   E               0.9991006              0.09635849
19   U 1   D   D               0.9681180              0.10059644
20   U 1   D   M               0.9783827              0.08207593
21   U 1   D   E               1.0585038              0.08109276
22   U 1   E   D               0.8937294              0.09574039
23   U 1   E   M               0.9666273              0.07050289
24   U 1   E   E               0.9869132              0.06570481
25   U 2   D   D               1.0048378              0.08933548
26   U 2   D   M               0.9582176              0.08441285
27   U 2   D   E               1.0282529              0.06846067
28   U 2   E   D               0.9256984              0.04535204
29   U 2   E   M               0.9153036              0.10406876
30   U 2   E   E               1.0139808              0.05629518
31   U 3   D   D               1.0172667              0.03841467
32   U 3   D   M               0.9311324              0.05821784
33   U 3   D   E               0.9571730              0.09339899
34   U 3   E   D               0.9318010              0.07055848
35   U 3   E   M               0.8972429              0.07556499
36   U 3   E   E               0.9531997              0.09965276
