[1] "q3L ~S*IDR*IDL*grp + Error(pp/(S*IDR*IDL))"
$ANOVA
          Effect DFn DFd           F            p p<.05          ges
2            grp   1   8  1.97541771 0.1974994316       0.1084306768
3              S   2  16  8.48965230 0.0030692192     * 0.0872101461
5            IDR   2  16  3.13948182 0.0707619811       0.0174105046
7            IDL   1   8 38.82203470 0.0002508988     * 0.2005965636
4          grp:S   2  16  5.40704243 0.0160714857     * 0.0573603493
6        grp:IDR   2  16  4.97144320 0.0209321342     * 0.0272926649
8        grp:IDL   1   8  0.15779676 0.7015808285       0.0010189070
9          S:IDR   4  32  0.86130003 0.4976224937       0.0105302485
11         S:IDL   2  16  0.81258490 0.4612043368       0.0060616462
13       IDR:IDL   2  16  0.53262437 0.5971162309       0.0028528673
10     grp:S:IDR   4  32  0.70877552 0.5919238713       0.0086816741
12     grp:S:IDL   2  16  0.09535681 0.9095612140       0.0007151603
14   grp:IDR:IDL   2  16  2.19891536 0.1433137948       0.0116737430
15     S:IDR:IDL   4  32  0.16135225 0.9563322597       0.0023887384
16 grp:S:IDR:IDL   4  32  0.42912851 0.7864824589       0.0063279445

$`Mauchly's Test for Sphericity`
          Effect         W         p p<.05
3              S 0.9956961 0.9850173      
4          grp:S 0.9956961 0.9850173      
5            IDR 0.9112142 0.7222236      
6        grp:IDR 0.9112142 0.7222236      
9          S:IDR 0.1875918 0.3120736      
10     grp:S:IDR 0.1875918 0.3120736      
11         S:IDL 0.6410345 0.2109040      
12     grp:S:IDL 0.6410345 0.2109040      
13       IDR:IDL 0.9092577 0.7168108      
14   grp:IDR:IDL 0.9092577 0.7168108      
15     S:IDR:IDL 0.3618360 0.6993155      
16 grp:S:IDR:IDL 0.3618360 0.6993155      

$`Sphericity Corrections`
          Effect       GGe       p[GG] p[GG]<.05       HFe       p[HF]
3              S 0.9957146 0.003117425         * 1.3250124 0.003069219
4          grp:S 0.9957146 0.016222075         * 1.3250124 0.016071486
5            IDR 0.9184543 0.076562364           1.1789682 0.070761981
6        grp:IDR 0.9184543 0.024552849         * 1.1789682 0.020932134
9          S:IDR 0.6489239 0.462855742           0.9881596 0.496673332
10     grp:S:IDR 0.6489239 0.538549811           0.9881596 0.590426752
11         S:IDL 0.7358538 0.431743114           0.8612795 0.446937293
12     grp:S:IDL 0.7358538 0.852889061           0.8612795 0.883658064
13       IDR:IDL 0.9168069 0.582930924           1.1759338 0.597116231
14   grp:IDR:IDL 0.9168069 0.148734681           1.1759338 0.143313795
15     S:IDR:IDL 0.6660025 0.903325381           1.0296162 0.956332260
16 grp:S:IDR:IDL 0.6660025 0.711917481           1.0296162 0.786482459
   p[HF]<.05
3          *
4          *
5           
6          *
9           
10          
11          
12          
13          
14          
15          
16          

