[1] "q4R ~(S*DID*grp)+Error(pp/(S*DID))+grp"
$ANOVA
     Effect DFn DFd           F            p p<.05         ges
2       grp   1   8  0.08181024 0.7821257885       0.008028404
3         S   2  16  8.37590491 0.0032439745     * 0.146014626
5       DID   2  16 13.09966366 0.0004270863     * 0.034763482
4     grp:S   2  16  0.42552311 0.6606096332       0.008611547
6   grp:DID   2  16  5.16739297 0.0185661357     * 0.014007940
7     S:DID   4  32  1.34063344 0.2763520710       0.003884233
8 grp:S:DID   4  32  1.56169993 0.2083421431       0.004521835

$`Mauchly's Test for Sphericity`
     Effect         W           p p<.05
3         S 0.2640858 0.009464716     *
4     grp:S 0.2640858 0.009464716     *
5       DID 0.7095374 0.300893949      
6   grp:DID 0.7095374 0.300893949      
7     S:DID 0.4386462 0.816208691      
8 grp:S:DID 0.4386462 0.816208691      

$`Sphericity Corrections`
     Effect       GGe       p[GG] p[GG]<.05       HFe        p[HF] p[HF]<.05
3         S 0.5760653 0.015146969         * 0.6110788 0.0133132635         *
4     grp:S 0.5760653 0.558175647           0.6110788 0.5689755179          
5       DID 0.7749159 0.001467579         * 0.9262151 0.0006390914         *
6   grp:DID 0.7749159 0.029569621         * 0.9262151 0.0216103720         *
7     S:DID 0.7109052 0.285739513           1.1438544 0.2763520710          
8 grp:S:DID 0.7109052 0.227101973           1.1438544 0.2083421431          

