[1] "maxangleL ~(S*DID*grp)+Error(pp/(S*DID))+grp"
$ANOVA
     Effect DFn DFd          F          p p<.05          ges
2       grp   1   8 0.01000023 0.92280404       0.0002621808
3         S   2  16 4.89312094 0.02197128     * 0.1344199097
5       DID   2  16 3.49693650 0.05496204       0.0866244914
4     grp:S   2  16 1.12859818 0.34792623       0.0345800799
6   grp:DID   2  16 3.85416347 0.04302814     * 0.0946361117
7     S:DID   4  32 0.98333928 0.43051554       0.0377698290
8 grp:S:DID   4  32 0.52892708 0.71527549       0.0206768552

$`Mauchly's Test for Sphericity`
     Effect          W          p p<.05
3         S 0.64355512 0.21382089      
4     grp:S 0.64355512 0.21382089      
5       DID 0.43226935 0.05310563      
6   grp:DID 0.43226935 0.05310563      
7     S:DID 0.08970574 0.08836442      
8 grp:S:DID 0.08970574 0.08836442      

$`Sphericity Corrections`
     Effect       GGe      p[GG] p[GG]<.05       HFe      p[HF] p[HF]<.05
3         S 0.7372213 0.03644954         * 0.8635264 0.02854850         *
4     grp:S 0.7372213 0.33716591           0.8635264 0.34313942          
5       DID 0.6378647 0.08389074           0.7050255 0.07755886          
6   grp:DID 0.6378647 0.07059765           0.7050255 0.06438019          
7     S:DID 0.5776468 0.40364965           0.8258886 0.42180633          
8 grp:S:DID 0.5776468 0.62306075           0.8258886 0.68294155          

