[1] "Summary by group"
  grp maxangleL.m maxangleL.s
1   C    2.504047   0.5978929
2   U    2.491759   0.6187243
[1] "Summary by session\n"
  S maxangleL.m maxangleL.s
1 1    2.706781   0.5296161
2 2    2.365033   0.5897787
3 3    2.421893   0.6469695
[1] "Summary by DID\n"
  DID maxangleL.m maxangleL.s
1   1    2.653867   0.5693398
2   2    2.372654   0.5840451
3   3    2.467187   0.6387840
[1] "Summary by group + Session\n"
  grp S maxangleL.m maxangleL.s
1   C 1    2.707838   0.5183601
2   C 2    2.461553   0.5722797
3   C 3    2.342749   0.6492657
4   U 1    2.705724   0.5464995
5   U 2    2.268513   0.5975144
6   U 3    2.501038   0.6421011
[1] "Summary by Session + DID\n"
  S DID maxangleL.m maxangleL.s
1 1   1    2.909733   0.4089334
2 1   2    2.536077   0.5424857
3 1   3    2.674533   0.5705051
4 2   1    2.389567   0.5932405
5 2   2    2.365180   0.5722782
6 2   3    2.340353   0.6219454
7 3   1    2.662300   0.5792889
8 3   2    2.216707   0.6100931
9 3   3    2.386673   0.6871401
[1] "Summary by group + DID\n"
  grp DID maxangleL.m maxangleL.s
1   C   1    2.815822   0.4240906
2   C   2    2.366936   0.5935047
3   C   3    2.329382   0.6377580
4   U   1    2.491911   0.6497372
5   U   2    2.378373   0.5810809
6   U   3    2.604991   0.6162671
[1] "Summary by group + Session + DID\n"
   grp S DID maxangleL.m maxangleL.s
1    C 1   1    3.003727   0.2721517
2    C 1   2    2.487113   0.5286343
3    C 1   3    2.632673   0.5821511
4    C 2   1    2.693993   0.4349298
5    C 2   2    2.432860   0.6147693
6    C 2   3    2.257807   0.5991207
7    C 3   1    2.749747   0.4935696
8    C 3   2    2.180833   0.6264425
9    C 3   3    2.097667   0.6472197
10   U 1   1    2.815740   0.5033882
11   U 1   2    2.585040   0.5700971
12   U 1   3    2.716393   0.5758000
13   U 2   1    2.085140   0.5841679
14   U 2   2    2.297500   0.5391113
15   U 2   3    2.422900   0.6539992
16   U 3   1    2.574853   0.6596391
17   U 3   2    2.252580   0.6130465
18   U 3   3    2.675680   0.6165823
