[1] "q3R ~S*IDR*IDL*grp + Error(pp/(S*IDR*IDL))"
$ANOVA
          Effect DFn DFd            F            p p<.05          ges
2            grp   1   8  5.250080362 5.116050e-02       0.1382627210
3              S   2  16  1.571965252 2.380735e-01       0.0389845314
5            IDR   2  16 23.212994584 1.862243e-05     * 0.1387164411
7            IDL   1   8  0.009520709 9.246708e-01       0.0002406691
4          grp:S   2  16  0.216016121 8.080340e-01       0.0055435876
6        grp:IDR   2  16  0.085417474 9.185447e-01       0.0005922977
8        grp:IDL   1   8  0.356943960 5.667305e-01       0.0089444486
9          S:IDR   4  32  0.381061857 8.204765e-01       0.0026130387
11         S:IDL   2  16  0.192670356 8.266393e-01       0.0013253981
13       IDR:IDL   2  16  1.721088230 2.103782e-01       0.0100996599
10     grp:S:IDR   4  32  2.513340401 6.096559e-02       0.0169862530
12     grp:S:IDL   2  16  4.769790362 2.372738e-02     * 0.0318102591
14   grp:IDR:IDL   2  16  2.775449713 9.230743e-02       0.0161866954
15     S:IDR:IDL   4  32  1.873195972 1.393235e-01       0.0303669364
16 grp:S:IDR:IDL   4  32  1.319597938 2.838147e-01       0.0215861197

$`Mauchly's Test for Sphericity`
          Effect          W          p p<.05
3              S 0.96986249 0.89843276      
4          grp:S 0.96986249 0.89843276      
5            IDR 0.79828898 0.45452781      
6        grp:IDR 0.79828898 0.45452781      
9          S:IDR 0.11029864 0.13031929      
10     grp:S:IDR 0.11029864 0.13031929      
11         S:IDL 0.70076089 0.28806766      
12     grp:S:IDL 0.70076089 0.28806766      
13       IDR:IDL 0.86016124 0.59024123      
14   grp:IDR:IDL 0.86016124 0.59024123      
15     S:IDR:IDL 0.08108613 0.07388504      
16 grp:S:IDR:IDL 0.08108613 0.07388504      

$`Sphericity Corrections`
          Effect       GGe        p[GG] p[GG]<.05       HFe        p[HF]
3              S 0.9707442 2.389000e-01           1.2769964 2.380735e-01
4          grp:S 0.9707442 8.019019e-01           1.2769964 8.080340e-01
5            IDR 0.8321468 7.703183e-05         * 1.0242459 1.862243e-05
6        grp:IDR 0.8321468 8.875043e-01           1.0242459 9.185447e-01
9          S:IDR 0.5071663 6.919581e-01           0.6806679 7.490587e-01
10     grp:S:IDR 0.5071663 1.114129e-01           0.6806679 8.987573e-02
11         S:IDL 0.7696813 7.711238e-01           0.9174221 8.089074e-01
12     grp:S:IDL 0.7696813 3.641001e-02         * 0.9174221 2.764559e-02
13       IDR:IDL 0.8773171 2.153049e-01           1.1041553 2.103782e-01
14   grp:IDR:IDL 0.8773171 1.013780e-01           1.1041553 9.230743e-02
15     S:IDR:IDL 0.5336328 1.823740e-01           0.7335637 1.626323e-01
16 grp:S:IDR:IDL 0.5336328 2.947401e-01           0.7335637 2.915409e-01
   p[HF]<.05
3           
4           
5          *
6           
9           
10          
11          
12         *
13          
14          
15          
16          

