[1] "Summary by group"
  grp     q3R.m      q3R.s
1   C 0.8751646 0.04571193
2   U 0.8441433 0.06392424
[1] "Summary by session\n"
  S     q3R.m      q3R.s
1 1 0.8489430 0.05893028
2 2 0.8672889 0.05835411
3 3 0.8627299 0.05427134
[1] "Summary by IDR+IDR\n"
  IDL IDR     q3R.m      q3R.s
1   D   D 0.8347723 0.05996832
2   D   M 0.8639616 0.05712408
3   D   E 0.8784256 0.05105789
4   E   D 0.8411283 0.06146575
5   E   M 0.8710632 0.04661460
6   E   E 0.8685727 0.05611283
[1] "Summary by group + Session\n"
  grp S     q3R.m      q3R.s
1   C 1 0.8650251 0.04220425
2   C 2 0.8860200 0.04340087
3   C 3 0.8744487 0.04926680
4   U 1 0.8328609 0.06841269
5   U 2 0.8485579 0.06523374
6   U 3 0.8510111 0.05673524
[1] "Summary by Session + IDR + IDL \n"
   S IDL IDR     q3R.m      q3R.s
1  1   D   D 0.8161903 0.06175076
2  1   D   M 0.8471823 0.06747174
3  1   D   E 0.8761150 0.04819512
4  1   E   D 0.8413417 0.05959585
5  1   E   M 0.8701813 0.04343677
6  1   E   E 0.8426473 0.05352133
7  2   D   D 0.8449600 0.05877141
8  2   D   M 0.8756523 0.03575705
9  2   D   E 0.8841850 0.04362513
10 2   E   D 0.8419270 0.07264936
11 2   E   M 0.8722850 0.06248737
12 2   E   E 0.8847243 0.05753921
13 3   D   D 0.8431667 0.05684995
14 3   D   M 0.8690500 0.06102541
15 3   D   E 0.8749767 0.06101185
16 3   E   D 0.8401163 0.05256716
17 3   E   M 0.8707233 0.02957578
18 3   E   E 0.8783463 0.04923225
[1] "Summary by group + IDR + IDL\n"
   grp IDL IDR     q3R.m      q3R.s
1    C   D   D 0.8386409 0.04724337
2    C   D   M 0.8807680 0.03813303
3    C   D   E 0.8932464 0.03639100
4    C   E   D 0.8659413 0.04925398
5    C   E   M 0.8853407 0.03673586
6    C   E   E 0.8870502 0.04382817
7    U   D   D 0.8309038 0.07079253
8    U   D   M 0.8471551 0.06759144
9    U   D   E 0.8636047 0.05915621
10   U   E   D 0.8163153 0.06290175
11   U   E   M 0.8567858 0.05127131
12   U   E   E 0.8500951 0.06123392
[1] "Summary by group + Session + IDR + IDL\n"
   grp S IDL IDR     q3R.m      q3R.s
1    C 1   D   D 0.8331733 0.03924186
2    C 1   D   M 0.8815720 0.04208793
3    C 1   D   E 0.8826473 0.04417938
4    C 1   E   D 0.8606467 0.02987563
5    C 1   E   M 0.8728993 0.03452823
6    C 1   E   E 0.8592120 0.04625133
7    C 2   D   D 0.8504233 0.03777297
8    C 2   D   M 0.8734567 0.03037495
9    C 2   D   E 0.8971833 0.03581108
10   C 2   E   D 0.8829293 0.05521692
11   C 2   E   M 0.9012747 0.04378351
12   C 2   E   E 0.9108527 0.02821766
13   C 3   D   D 0.8323260 0.06184204
14   C 3   D   M 0.8872753 0.04210401
15   C 3   D   E 0.8999087 0.02726394
16   C 3   E   D 0.8542480 0.05654401
17   C 3   E   M 0.8818480 0.02610026
18   C 3   E   E 0.8910860 0.04058227
19   U 1   D   D 0.7992073 0.07576747
20   U 1   D   M 0.8127927 0.07158493
21   U 1   D   E 0.8695827 0.05261364
22   U 1   E   D 0.8220367 0.07527191
23   U 1   E   M 0.8674633 0.05196388
24   U 1   E   E 0.8260827 0.05662610
25   U 2   D   D 0.8394967 0.07526034
26   U 2   D   M 0.8778480 0.04141849
27   U 2   D   E 0.8711867 0.04793496
28   U 2   E   D 0.8009247 0.06543236
29   U 2   E   M 0.8432953 0.06610896
30   U 2   E   E 0.8585960 0.06781491
31   U 3   D   D 0.8540073 0.05117048
32   U 3   D   M 0.8508247 0.07231656
33   U 3   D   E 0.8500447 0.07506963
34   U 3   E   D 0.8259847 0.04581299
35   U 3   E   M 0.8595987 0.02941963
36   U 3   E   E 0.8656067 0.05500957
