[1] "MTRrel ~S*IDR*IDL*grp + Error(pp/(S*IDR*IDL))"
$ANOVA
          Effect DFn DFd           F            p p<.05         ges
2            grp   1   8  0.19571580 6.699179e-01       0.010430059
3              S   2  16  0.42337422 6.619591e-01       0.003731241
5            IDR   2  16  8.34335167 3.296028e-03     * 0.207771858
7            IDL   1   8 37.08984440 2.926339e-04     * 0.275065104
4          grp:S   2  16  0.11448382 8.925503e-01       0.001011712
6        grp:IDR   2  16  0.08517982 9.187607e-01       0.002670369
8        grp:IDL   1   8  0.85215490 3.829409e-01       0.008642321
9          S:IDR   4  32  0.93547936 4.559229e-01       0.007297188
11         S:IDL   2  16  2.00229769 1.674641e-01       0.007922089
13       IDR:IDL   2  16 28.09713269 5.820205e-06     * 0.141797850
10     grp:S:IDR   4  32  1.12874537 3.604452e-01       0.008791502
12     grp:S:IDL   2  16  3.01726439 7.729114e-02       0.011890057
14   grp:IDR:IDL   2  16  0.46951017 6.336560e-01       0.002753377
15     S:IDR:IDL   4  32  0.36270068 8.332838e-01       0.001054347
16 grp:S:IDR:IDL   4  32  1.54723090 2.122534e-01       0.004482265

$`Mauchly's Test for Sphericity`
          Effect          W            p p<.05
3              S 0.68103421 0.2606701193      
4          grp:S 0.68103421 0.2606701193      
5            IDR 0.11732165 0.0005531254     *
6        grp:IDR 0.11732165 0.0005531254     *
9          S:IDR 0.02576846 0.0068632766     *
10     grp:S:IDR 0.02576846 0.0068632766     *
11         S:IDL 0.58903255 0.1568510868      
12     grp:S:IDL 0.58903255 0.1568510868      
13       IDR:IDL 0.28733867 0.0127168417     *
14   grp:IDR:IDL 0.28733867 0.0127168417     *
15     S:IDR:IDL 0.17590015 0.2831658685      
16 grp:S:IDR:IDL 0.17590015 0.2831658685      

$`Sphericity Corrections`
          Effect       GGe        p[GG] p[GG]<.05       HFe        p[HF]
3              S 0.7581698 0.6100615378           0.8981852 0.6417809928
4          grp:S 0.7581698 0.8391254548           0.8981852 0.8730083313
5            IDR 0.5311582 0.0180457514         * 0.5449115 0.0171536488
6        grp:IDR 0.5311582 0.7923195470           0.5449115 0.7983567550
9          S:IDR 0.5840020 0.4231202835           0.8396935 0.4456935158
10     grp:S:IDR 0.5840020 0.3521387239           0.8396935 0.3588408771
11         S:IDL 0.7087336 0.1842296379           0.8171022 0.1780453235
12     grp:S:IDL 0.7087336 0.1003986621           0.8171022 0.0911006461
13       IDR:IDL 0.5838866 0.0003208038         * 0.6227808 0.0002197665
14   grp:IDR:IDL 0.5838866 0.5391125398           0.6227808 0.5502576197
15     S:IDR:IDL 0.5460053 0.7188202718           0.7589519 0.7827355367
16 grp:S:IDR:IDL 0.5460053 0.2405369434           0.7589519 0.2274879163
   p[HF]<.05
3           
4           
5          *
6           
9           
10          
11          
12          
13         *
14          
15          
16          

