[1] "Summary by group"
  grp MTRrel.m MTRrel.s
1   C 1.909138 1.160929
2   U 2.108045 1.488418
[1] "Summary by session\n"
  S MTRrel.m MTRrel.s
1 1 2.074948 1.301984
2 2 2.019794 1.442922
3 3 1.931034 1.263614
[1] "Summary by IDR+IDR\n"
  IDL IDR MTRrel.m  MTRrel.s
1   D   D 1.518139 0.8887909
2   D   M 1.479215 0.7246163
3   D   E 1.238267 0.3628753
4   E   D 3.794063 1.9675004
5   E   M 2.358313 0.8684365
6   E   E 1.663553 0.4038410
[1] "Summary by group + Session\n"
  grp S MTRrel.m MTRrel.s
1   C 1 2.019031 1.061818
2   C 2 1.896573 1.260906
3   C 3 1.811811 1.155102
4   U 1 2.130865 1.508506
5   U 2 2.143014 1.602139
6   U 3 2.050257 1.359548
[1] "Summary by Session + IDR + IDL \n"
   S IDL IDR MTRrel.m  MTRrel.s
1  1   D   D 1.594715 0.8242544
2  1   D   M 1.361492 0.3230219
3  1   D   E 1.211711 0.2022427
4  1   E   D 4.012248 1.8436690
5  1   E   M 2.415964 0.7278241
6  1   E   E 1.853558 0.3466826
7  2   D   D 1.566381 0.9183670
8  2   D   M 1.427732 0.8131669
9  2   D   E 1.189891 0.3206877
10 2   E   D 3.907445 2.1642635
11 2   E   M 2.458014 1.0329286
12 2   E   E 1.569297 0.3319217
13 3   D   D 1.393319 0.9364524
14 3   D   M 1.648422 0.8939448
15 3   D   E 1.313199 0.5014131
16 3   E   D 3.462495 1.9028184
17 3   E   M 2.200961 0.8237440
18 3   E   E 1.567805 0.4627402
[1] "Summary by group + IDR + IDL\n"
   grp IDL IDR MTRrel.m  MTRrel.s
1    C   D   D 1.381033 0.8342064
2    C   D   M 1.178874 0.3468035
3    C   D   E 1.106008 0.1949427
4    C   E   D 3.863962 1.1686424
5    C   E   M 2.348431 0.4874420
6    C   E   E 1.576521 0.2705081
7    U   D   D 1.655245 0.9292477
8    U   D   M 1.779557 0.8702231
9    U   D   E 1.370527 0.4388244
10   U   E   D 3.724163 2.5405463
11   U   E   M 2.368196 1.1347709
12   U   E   E 1.750586 0.4911348
[1] "Summary by group + Session + IDR + IDL\n"
   grp S IDL IDR MTRrel.m  MTRrel.s
1    C 1   D   D 1.615527 0.8876534
2    C 1   D   M 1.314085 0.1945950
3    C 1   D   E 1.213468 0.1327058
4    C 1   E   D 3.729994 1.1521070
5    C 1   E   M 2.421385 0.4405434
6    C 1   E   E 1.819726 0.2188475
7    C 2   D   D 1.303177 0.8049026
8    C 2   D   M 1.096078 0.4558871
9    C 2   D   E 1.090685 0.2555944
10   C 2   E   D 4.010258 1.3200944
11   C 2   E   M 2.378493 0.6459633
12   C 2   E   E 1.500745 0.2510132
13   C 3   D   D 1.224395 0.8121706
14   C 3   D   M 1.126460 0.3200365
15   C 3   D   E 1.013871 0.1215642
16   C 3   E   D 3.851633 1.0862577
17   C 3   E   M 2.245414 0.3425692
18   C 3   E   E 1.409091 0.1396951
19   U 1   D   D 1.573904 0.7864238
20   U 1   D   M 1.408899 0.4164808
21   U 1   D   E 1.209954 0.2590529
22   U 1   E   D 4.294501 2.3543491
23   U 1   E   M 2.410543 0.9503432
24   U 1   E   E 1.887389 0.4456631
25   U 2   D   D 1.829586 0.9750491
26   U 2   D   M 1.759385 0.9623811
27   U 2   D   E 1.289098 0.3558209
28   U 2   E   D 3.804632 2.8173297
29   U 2   E   M 2.537536 1.3338942
30   U 2   E   E 1.637849 0.3938727
31   U 3   D   D 1.562244 1.0467837
32   U 3   D   M 2.170385 0.9844398
33   U 3   D   E 1.612528 0.5603713
34   U 3   E   D 3.073357 2.4485942
35   U 3   E   M 2.156508 1.1331322
36   U 3   E   E 1.726519 0.6083240
