[1] "q2R ~S*IDR*IDL*grp + Error(pp/(S*IDR*IDL))"
$ANOVA
          Effect DFn DFd          F            p p<.05         ges
2            grp   1   8  1.2674876 2.928764e-01       0.060854375
3              S   2  16  7.6178241 4.739753e-03     * 0.133051959
5            IDR   2  16 55.6950472 6.192622e-08     * 0.256203078
7            IDL   1   8 28.5173736 6.939964e-04     * 0.283803006
4          grp:S   2  16  1.1235187 3.494789e-01       0.022133851
6        grp:IDR   2  16  2.0741058 1.581495e-01       0.012665105
8        grp:IDL   1   8  2.9067777 1.266049e-01       0.038823092
9          S:IDR   4  32  0.3588882 8.359263e-01       0.004754016
11         S:IDL   2  16  0.2193881 8.053858e-01       0.001627872
13       IDR:IDL   2  16 10.4076619 1.272714e-03     * 0.077752997
10     grp:S:IDR   4  32  1.7283664 1.680453e-01       0.022486890
12     grp:S:IDL   2  16  3.0091101 7.775032e-02       0.021874950
14   grp:IDR:IDL   2  16  2.7240777 9.590478e-02       0.021590216
15     S:IDR:IDL   4  32  4.6031596 4.754088e-03     * 0.021653081
16 grp:S:IDR:IDL   4  32  0.7815119 5.455691e-01       0.003743497

$`Mauchly's Test for Sphericity`
          Effect          W          p p<.05
3              S 0.60012702 0.16743689      
4          grp:S 0.60012702 0.16743689      
5            IDR 0.51640294 0.09896018      
6        grp:IDR 0.51640294 0.09896018      
9          S:IDR 0.07011694 0.05581075      
10     grp:S:IDR 0.07011694 0.05581075      
11         S:IDL 0.50205005 0.08966326      
12     grp:S:IDL 0.50205005 0.08966326      
13       IDR:IDL 0.90573502 0.70713782      
14   grp:IDR:IDL 0.90573502 0.70713782      
15     S:IDR:IDL 0.22877984 0.41368462      
16 grp:S:IDR:IDL 0.22877984 0.41368462      

$`Sphericity Corrections`
          Effect       GGe        p[GG] p[GG]<.05       HFe        p[HF]
3              S 0.7143505 1.207818e-02         * 0.8261920 8.356675e-03
4          grp:S 0.7143505 3.371514e-01           0.8261920 3.429443e-01
5            IDR 0.6740375 6.061702e-06         * 0.7616347 1.760180e-06
6        grp:IDR 0.6740375 1.781029e-01           0.7616347 1.727709e-01
9          S:IDR 0.5266377 7.142637e-01           0.7193987 7.752459e-01
10     grp:S:IDR 0.5266377 2.068851e-01           0.7193987 1.904741e-01
11         S:IDL 0.6675790 7.177689e-01           0.7514374 7.441754e-01
12     grp:S:IDL 0.6675790 1.046105e-01           0.7514374 9.709624e-02
13       IDR:IDL 0.9138554 1.867199e-03         * 1.1705056 1.272714e-03
14   grp:IDR:IDL 0.9138554 1.021791e-01           1.1705056 9.590478e-02
15     S:IDR:IDL 0.6314244 1.666210e-02         * 0.9467543 5.684812e-03
16 grp:S:IDR:IDL 0.6314244 4.982908e-01           0.9467543 5.398886e-01
   p[HF]<.05
3          *
4           
5          *
6           
9           
10          
11          
12          
13         *
14          
15         *
16          

