[1] "accQLrel ~S*IDR*IDL*grp + Error(pp/(S*IDR*IDL))"
$ANOVA
          Effect DFn DFd            F            p p<.05          ges
2            grp   1   8  0.004660064 9.472503e-01       0.0001469073
3              S   2  16  1.428648089 2.686114e-01       0.0286269364
5            IDR   2  16 34.300293087 1.636714e-06     * 0.0838606207
7            IDL   1   8  5.826479014 4.225624e-02     * 0.2292251416
4          grp:S   2  16  0.802891280 4.652830e-01       0.0162924463
6        grp:IDR   2  16  2.336328678 1.287625e-01       0.0061963114
8        grp:IDL   1   8  0.008813004 9.275150e-01       0.0004496319
9          S:IDR   4  32  1.660259863 1.834980e-01       0.0042567480
11         S:IDL   2  16  2.288464290 1.336335e-01       0.0151373066
13       IDR:IDL   2  16 20.737927651 3.606420e-05     * 0.1162718137
10     grp:S:IDR   4  32  0.479581771 7.504550e-01       0.0012333354
12     grp:S:IDL   2  16  0.164866589 8.494291e-01       0.0011060654
14   grp:IDR:IDL   2  16  1.502054800 2.524525e-01       0.0094396761
15     S:IDR:IDL   4  32  1.598826871 1.986221e-01       0.0055584065
16 grp:S:IDR:IDL   4  32  2.358787497 7.435799e-02       0.0081788411

$`Mauchly's Test for Sphericity`
          Effect          W            p p<.05
3              S 0.60407896 0.1713278534      
4          grp:S 0.60407896 0.1713278534      
5            IDR 0.89400757 0.6756070800      
6        grp:IDR 0.89400757 0.6756070800      
9          S:IDR 0.59459968 0.9519756907      
10     grp:S:IDR 0.59459968 0.9519756907      
11         S:IDL 0.77204973 0.4043509375      
12     grp:S:IDL 0.77204973 0.4043509375      
13       IDR:IDL 0.08885011 0.0002090754     *
14   grp:IDR:IDL 0.08885011 0.0002090754     *
15     S:IDR:IDL 0.19000911 0.3180649874      
16 grp:S:IDR:IDL 0.19000911 0.3180649874      

$`Sphericity Corrections`
          Effect       GGe        p[GG] p[GG]<.05       HFe        p[HF]
3              S 0.7163729 2.703217e-01           0.8294724 2.702479e-01
4          grp:S 0.7163729 4.325028e-01           0.8294724 4.469882e-01
5            IDR 0.9041653 4.609734e-06         * 1.1527566 1.636714e-06
6        grp:IDR 0.9041653 1.353570e-01           1.1527566 1.287625e-01
9          S:IDR 0.8178053 1.969030e-01           1.4507440 1.834980e-01
10     grp:S:IDR 0.8178053 7.148845e-01           1.4507440 7.504550e-01
11         S:IDL 0.8143652 1.464135e-01           0.9934106 1.340717e-01
12     grp:S:IDL 0.8143652 8.071959e-01           0.9934106 8.481329e-01
13       IDR:IDL 0.5232452 1.548046e-03         * 0.5334294 1.426949e-03
14   grp:IDR:IDL 0.5232452 2.557464e-01           0.5334294 2.559458e-01
15     S:IDR:IDL 0.7015392 2.191944e-01           1.1193740 1.986221e-01
16 grp:S:IDR:IDL 0.7015392 1.019386e-01           1.1193740 7.435799e-02
   p[HF]<.05
3           
4           
5          *
6           
9           
10          
11          
12          
13         *
14          
15          
16          

