Post-hoc Tukey comparisons[1] "grp Tukey test"

	Pairwise comparisons using paired t tests 

data:  mdata$accQLrel and mdata$grp 

  C   
U 0.81

P value adjustment method: bonferroni 
[1] "S Tukey test"

	Pairwise comparisons using paired t tests 

data:  mdata$accQLrel and mdata$S 

  1       2      
2 5.3e-06 -      
3 0.00018 1.00000

P value adjustment method: bonferroni 
[1] "IDR Tukey test"

	Pairwise comparisons using paired t tests 

data:  mdata$accQLrel and mdata$IDR 

  D       M      
M 7.3e-11 -      
E 9.8e-13 2.1e-06

P value adjustment method: bonferroni 
[1] "IDL Tukey test"
