[1] "accTimeLrel ~S*IDR*IDL*grp + Error(pp/(S*IDR*IDL))"
$ANOVA
          Effect DFn DFd          F            p p<.05          ges
2            grp   1   8  0.3096928 5.930898e-01       0.0209356836
3              S   2  16  0.7032989 5.096226e-01       0.0107051275
5            IDR   2  16 46.3282099 2.210633e-07     * 0.1595310263
7            IDL   1   8  4.6507249 6.312743e-02       0.0962984384
4          grp:S   2  16  1.2511489 3.127192e-01       0.0188866236
6        grp:IDR   2  16  1.2943825 3.012698e-01       0.0052752558
8        grp:IDL   1   8  0.8035935 3.961941e-01       0.0180794958
9          S:IDR   4  32  0.9204141 4.641638e-01       0.0027578143
11         S:IDL   2  16  2.5108461 1.126208e-01       0.0095657311
13       IDR:IDL   2  16 15.2245290 1.982187e-04     * 0.0569753168
10     grp:S:IDR   4  32  2.3060858 7.958291e-02       0.0068810993
12     grp:S:IDL   2  16  3.3354952 6.154544e-02       0.0126676514
14   grp:IDR:IDL   2  16  0.0615169 9.405584e-01       0.0002440665
15     S:IDR:IDL   4  32  3.9799733 9.875386e-03     * 0.0107787422
16 grp:S:IDR:IDL   4  32  1.2290805 3.180971e-01       0.0033536357

$`Mauchly's Test for Sphericity`
          Effect         W           p p<.05
3              S 0.9650544 0.882940035      
4          grp:S 0.9650544 0.882940035      
5            IDR 0.2523120 0.008068308     *
6        grp:IDR 0.2523120 0.008068308     *
9          S:IDR 0.2362011 0.431686592      
10     grp:S:IDR 0.2362011 0.431686592      
11         S:IDL 0.9617137 0.872288845      
12     grp:S:IDL 0.9617137 0.872288845      
13       IDR:IDL 0.6729864 0.250047258      
14   grp:IDR:IDL 0.6729864 0.250047258      
15     S:IDR:IDL 0.6359013 0.969556451      
16 grp:S:IDR:IDL 0.6359013 0.969556451      

$`Sphericity Corrections`
          Effect       GGe        p[GG] p[GG]<.05       HFe        p[HF]
3              S 0.9662343 5.054511e-01           1.2684086 5.096226e-01
4          grp:S 0.9662343 3.123419e-01           1.2684086 3.127192e-01
5            IDR 0.5721845 5.364188e-05         * 0.6052923 3.494792e-05
6        grp:IDR 0.5721845 2.922673e-01           0.6052923 2.937680e-01
9          S:IDR 0.6240658 4.337572e-01           0.9296579 4.596199e-01
10     grp:S:IDR 0.6240658 1.161882e-01           0.9296579 8.534774e-02
11         S:IDL 0.9631255 1.152172e-01           1.2625035 1.126208e-01
12     grp:S:IDL 0.9631255 6.403107e-02           1.2625035 6.154544e-02
13       IDR:IDL 0.7535718 9.159658e-04         * 0.8905397 3.903061e-04
14   grp:IDR:IDL 0.7535718 8.965223e-01           0.8905397 9.241991e-01
15     S:IDR:IDL 0.8483598 1.493452e-02         * 1.5489296 9.875386e-03
16 grp:S:IDR:IDL 0.8483598 3.200952e-01           1.5489296 3.180971e-01
   p[HF]<.05
3           
4           
5          *
6           
9           
10          
11          
12          
13         *
14          
15         *
16          

