Post-hoc Tukey comparisons[1] "grp Tukey test"

	Pairwise comparisons using paired t tests 

data:  mdata$q3R and mdata$grp 

  C      
U 1.8e-10

P value adjustment method: bonferroni 
[1] "S Tukey test"

	Pairwise comparisons using paired t tests 

data:  mdata$q3R and mdata$S 

  1     2    
2 0.001 -    
3 0.029 0.973

P value adjustment method: bonferroni 
[1] "IDR Tukey test"

	Pairwise comparisons using paired t tests 

data:  mdata$q3R and mdata$IDR 

  D       M   
M 9.7e-09 -   
E 4.5e-10 0.45

P value adjustment method: bonferroni 
[1] "IDL Tukey test"
