Post-hoc Tukey comparisons[1] "grp Tukey test"

	Pairwise comparisons using paired t tests 

data:  mdata$decTimeRrel and mdata$grp 

  C    
U 0.071

P value adjustment method: bonferroni 
[1] "S Tukey test"

	Pairwise comparisons using paired t tests 

data:  mdata$decTimeRrel and mdata$S 

  1    2   
2 1.00 -   
3 0.25 0.19

P value adjustment method: bonferroni 
[1] "IDR Tukey test"

	Pairwise comparisons using paired t tests 

data:  mdata$decTimeRrel and mdata$IDR 

  D       M      
M 9.4e-12 -      
E < 2e-16 < 2e-16

P value adjustment method: bonferroni 
[1] "IDL Tukey test"
