[1] "Summary by group"
  grp decTimeRrel.m decTimeRrel.s
1   C      2.166364      1.551468
2   U      2.441158      2.173693
[1] "Summary by session\n"
  S decTimeRrel.m decTimeRrel.s
1 1      2.387010      1.807054
2 2      2.325249      2.066905
3 3      2.199023      1.794117
[1] "Summary by IDR+IDR\n"
  IDL IDR decTimeRrel.m decTimeRrel.s
1   D   D      1.607734     1.0573630
2   D   M      1.609028     0.9487316
3   D   E      1.233715     0.3781836
4   E   D      4.876434     2.8489183
5   E   M      2.817220     1.2991960
6   E   E      1.678434     0.4631810
[1] "Summary by group + Session\n"
  grp S decTimeRrel.m decTimeRrel.s
1   C 1      2.333734      1.445322
2   C 2      2.160469      1.700341
3   C 3      2.004888      1.496797
4   U 1      2.440285      2.114919
5   U 2      2.490030      2.376157
6   U 3      2.393159      2.038935
[1] "Summary by Session + IDR + IDL \n"
   S IDL IDR decTimeRrel.m decTimeRrel.s
1  1   D   D      1.718951     0.9990069
2  1   D   M      1.452849     0.3736452
3  1   D   E      1.222568     0.2222241
4  1   E   D      5.266927     2.5212882
5  1   E   M      2.781514     0.8548579
6  1   E   E      1.879249     0.3259264
7  2   D   D      1.646988     1.1067168
8  2   D   M      1.543182     1.0493060
9  2   D   E      1.175758     0.2972085
10 2   E   D      5.079977     3.1842263
11 2   E   M      2.962325     1.5329788
12 2   E   E      1.543265     0.2957668
13 3   D   D      1.457264     1.0818989
14 3   D   M      1.831053     1.2004095
15 3   D   E      1.302818     0.5409920
16 3   E   D      4.282397     2.8012341
17 3   E   M      2.707821     1.4366109
18 3   E   E      1.612787     0.6321579
[1] "Summary by group + IDR + IDL\n"
   grp IDL IDR decTimeRrel.m decTimeRrel.s
1    C   D   D      1.447407     0.9944865
2    C   D   M      1.221831     0.4501056
3    C   D   E      1.124980     0.2261548
4    C   E   D      4.882366     1.5082657
5    C   E   M      2.722231     0.6050338
6    C   E   E      1.599367     0.3047190
7    U   D   D      1.768061     1.1044732
8    U   D   M      1.996225     1.1451581
9    U   D   E      1.342450     0.4625646
10   U   E   D      4.870502     3.7606111
11   U   E   M      2.912210     1.7405918
12   U   E   E      1.757500     0.5729820
[1] "Summary by group + Session + IDR + IDL\n"
   grp S IDL IDR decTimeRrel.m decTimeRrel.s
1    C 1   D   D     1.8085440     1.1515944
2    C 1   D   M     1.4589145     0.2422596
3    C 1   D   E     1.2788652     0.1959917
4    C 1   E   D     4.7841880     1.5800165
5    C 1   E   M     2.7681767     0.4210993
6    C 1   E   E     1.9037153     0.2025692
7    C 2   D   D     1.3083404     0.9103535
8    C 2   D   M     1.1016296     0.5665909
9    C 2   D   E     1.1184288     0.2373967
10   C 2   E   D     5.1479142     1.6730903
11   C 2   E   M     2.7771849     0.8666123
12   C 2   E   E     1.5093151     0.2375245
13   C 3   D   D     1.2253366     0.8602843
14   C 3   D   M     1.1049494     0.4082538
15   C 3   D   E     0.9776451     0.1315236
16   C 3   E   D     4.7149956     1.3183321
17   C 3   E   M     2.6213302     0.4535921
18   C 3   E   E     1.3850714     0.1929718
19   U 1   D   D     1.6293574     0.8508502
20   U 1   D   M     1.4467828     0.4800262
21   U 1   D   E     1.1662710     0.2389357
22   U 1   E   D     5.7496669     3.1893627
23   U 1   E   M     2.7948520     1.1558792
24   U 1   E   E     1.8547828     0.4215765
25   U 2   D   D     1.9856348     1.2093970
26   U 2   D   M     1.9847354     1.2417391
27   U 2   D   E     1.2330877     0.3457966
28   U 2   E   D     5.0120404     4.2654084
29   U 2   E   M     3.1474649     2.0108307
30   U 2   E   E     1.5772149     0.3497380
31   U 3   D   D     1.6891905     1.2527029
32   U 3   D   M     2.5571576     1.2994035
33   U 3   D   E     1.6279917     0.6019722
34   U 3   E   D     3.8497979     3.7570335
35   U 3   E   M     2.7943125     2.0132917
36   U 3   E   E     1.8405033     0.8242796
