[1] "fRrel ~S*IDR*IDL*grp + Error(pp/(S*IDR*IDL))"
$ANOVA
          Effect DFn DFd           F            p p<.05         ges
2            grp   1   8  0.01707107 0.8992729616       0.001147202
3              S   2  16  0.62844261 0.5460854126       0.004246554
5            IDR   2  16  0.54959134 0.5877018308       0.015368310
7            IDL   1   8 50.47244287 0.0001015512     * 0.215277912
4          grp:S   2  16  2.72763453 0.0956506972       0.018173563
6        grp:IDR   2  16  0.59621054 0.5626826760       0.016650225
8        grp:IDL   1   8  8.63589355 0.0187472033     * 0.044834781
9          S:IDR   4  32  1.27488878 0.3002996105       0.007044411
11         S:IDL   2  16  0.21340704 0.8100897314       0.001111914
13       IDR:IDL   2  16  7.27537690 0.0056595828     * 0.029362040
10     grp:S:IDR   4  32  0.54680442 0.7026083267       0.003033578
12     grp:S:IDL   2  16  1.51906233 0.2488665533       0.007861283
14   grp:IDR:IDL   2  16  2.10529497 0.1542865037       0.008677634
15     S:IDR:IDL   4  32  5.34459750 0.0020618599     * 0.011420748
16 grp:S:IDR:IDL   4  32  1.09496956 0.3757825150       0.002361258

$`Mauchly's Test for Sphericity`
          Effect          W            p p<.05
3              S 0.46653767 0.0693591067      
4          grp:S 0.46653767 0.0693591067      
5            IDR 0.09881508 0.0003033062     *
6        grp:IDR 0.09881508 0.0003033062     *
9          S:IDR 0.09819213 0.1056447965      
10     grp:S:IDR 0.09819213 0.1056447965      
11         S:IDL 0.67750852 0.2559774188      
12     grp:S:IDL 0.67750852 0.2559774188      
13       IDR:IDL 0.81288980 0.4842959733      
14   grp:IDR:IDL 0.81288980 0.4842959733      
15     S:IDR:IDL 0.34158398 0.6620829319      
16 grp:S:IDR:IDL 0.34158398 0.6620829319      

$`Sphericity Corrections`
          Effect       GGe       p[GG] p[GG]<.05       HFe       p[HF]
3              S 0.6521190 0.486887429           0.7271871 0.501843851
4          grp:S 0.6521190 0.123405248           0.7271871 0.116887532
5            IDR 0.5259878 0.487380742           0.5374031 0.490654695
6        grp:IDR 0.5259878 0.469413324           0.5374031 0.472466977
9          S:IDR 0.5033017 0.306416256           0.6731008 0.306417745
10     grp:S:IDR 0.5033017 0.590292231           0.6731008 0.637351277
11         S:IDL 0.7561485 0.750302129           0.8948216 0.786863223
12     grp:S:IDL 0.7561485 0.253362444           0.8948216 0.251142764
13       IDR:IDL 0.8423818 0.009228814         * 1.0421520 0.005659583
14   grp:IDR:IDL 0.8423818 0.164130687           1.0421520 0.154286504
15     S:IDR:IDL 0.6588806 0.008494031         * 1.0122002 0.002061860
16 grp:S:IDR:IDL 0.6588806 0.367103226           1.0122002 0.375782515
   p[HF]<.05
3           
4           
5           
6           
9           
10          
11          
12          
13         *
14          
15         *
16          

