[1] "Summary by group"
  grp   fRrel.m   fRrel.s
1   C 0.7009859 0.3720350
2   U 0.6787783 0.4277511
[1] "Summary by session\n"
  S   fRrel.m   fRrel.s
1 1 0.6596973 0.4057675
2 2 0.7068124 0.4006287
3 3 0.7031366 0.3959918
[1] "Summary by IDR+IDR\n"
  IDL IDR   fRrel.m   fRrel.s
1   D   D 0.9244748 0.5507884
2   D   M 0.8029736 0.3297376
3   D   E 0.8570291 0.2119881
4   E   D 0.4280620 0.4726597
5   E   M 0.4929502 0.2426549
6   E   E 0.6338027 0.1556771
[1] "Summary by group + Session\n"
  grp S   fRrel.m   fRrel.s
1   C 1 0.6077773 0.2671465
2   C 2 0.7481690 0.4259484
3   C 3 0.7470113 0.3903362
4   U 1 0.7116172 0.5043067
5   U 2 0.6654558 0.3713745
6   U 3 0.6592619 0.3989051
[1] "Summary by Session + IDR + IDL \n"
   S IDL IDR   fRrel.m   fRrel.s
1  1   D   D 0.8571648 0.5269822
2  1   D   M 0.7676580 0.1792177
3  1   D   E 0.8370474 0.1300041
4  1   E   D 0.4702072 0.6602745
5  1   E   M 0.4706507 0.2518348
6  1   E   E 0.5554556 0.1409528
7  2   D   D 0.8902692 0.5114092
8  2   D   M 0.9052783 0.4432922
9  2   D   E 0.8847762 0.2278603
10 2   E   D 0.3993377 0.3690809
11 2   E   M 0.4965349 0.2712224
12 2   E   E 0.6646780 0.1312923
13 3   D   D 1.0259906 0.6125503
14 3   D   M 0.7359846 0.2971405
15 3   D   E 0.8492636 0.2604281
16 3   E   D 0.4146412 0.3325183
17 3   E   M 0.5116651 0.2069605
18 3   E   E 0.6812745 0.1661468
[1] "Summary by group + IDR + IDL\n"
   grp IDL IDR   fRrel.m    fRrel.s
1    C   D   D 0.9713137 0.49222410
2    C   D   M 0.9293496 0.32879152
3    C   D   E 0.9300824 0.17273888
4    C   E   D 0.2832151 0.09990006
5    C   E   M 0.4406936 0.09687976
6    C   E   E 0.6512609 0.12051929
7    U   D   D 0.8776360 0.60568842
8    U   D   M 0.6765977 0.28134189
9    U   D   E 0.7839758 0.22392933
10   U   E   D 0.5729090 0.63166190
11   U   E   M 0.5452068 0.32269139
12   U   E   E 0.6163445 0.18404677
[1] "Summary by group + Session + IDR + IDL\n"
   grp S IDL IDR   fRrel.m    fRrel.s
1    C 1   D   D 0.7918938 0.37003696
2    C 1   D   M 0.7737839 0.14243102
3    C 1   D   E 0.8303787 0.09106622
4    C 1   E   D 0.2923410 0.09147897
5    C 1   E   M 0.4167154 0.06195943
6    C 1   E   E 0.5415513 0.08137230
7    C 2   D   D 1.0312205 0.50612236
8    C 2   D   M 1.0877670 0.46452729
9    C 2   D   E 0.9482773 0.22472878
10   C 2   E   D 0.2765475 0.11309245
11   C 2   E   M 0.4569791 0.14148784
12   C 2   E   E 0.6882226 0.11318341
13   C 3   D   D 1.0908268 0.56101594
14   C 3   D   M 0.9264978 0.22551302
15   C 3   D   E 1.0115912 0.12984199
16   C 3   E   D 0.2807567 0.10032017
17   C 3   E   M 0.4483864 0.06838497
18   C 3   E   E 0.7240088 0.07866258
19   U 1   D   D 0.9224357 0.65513389
20   U 1   D   M 0.7615321 0.21486078
21   U 1   D   E 0.8437161 0.16315937
22   U 1   E   D 0.6480734 0.90934286
23   U 1   E   M 0.5245860 0.34828009
24   U 1   E   E 0.5693599 0.18471276
25   U 2   D   D 0.7493178 0.49297831
26   U 2   D   M 0.7227895 0.34627288
27   U 2   D   E 0.8212752 0.22001220
28   U 2   E   D 0.5221279 0.48690115
29   U 2   E   M 0.5360907 0.35917400
30   U 2   E   E 0.6411335 0.14733718
31   U 3   D   D 0.9611544 0.67341675
32   U 3   D   M 0.5454715 0.23293748
33   U 3   D   E 0.6869360 0.25916476
34   U 3   E   D 0.5485258 0.42492294
35   U 3   E   M 0.5749438 0.27471408
36   U 3   E   E 0.6385402 0.21697962
