[1] "IPerfEfLrel ~S*IDR*IDL*grp + Error(pp/(S*IDR*IDL))"
$ANOVA
          Effect DFn DFd          F            p p<.05         ges
2            grp   1   8  0.5090272 4.958436e-01       0.027654461
3              S   2  16  0.6408893 5.398242e-01       0.005869926
5            IDR   2  16 52.5662754 9.265587e-08     * 0.206037492
7            IDL   1   8  1.3699247 2.755077e-01       0.053079273
4          grp:S   2  16  0.9645939 4.022304e-01       0.008808630
6        grp:IDR   2  16  3.8821085 4.222521e-02     * 0.018804521
8        grp:IDL   1   8  1.1476789 3.152877e-01       0.044854357
9          S:IDR   4  32  1.1734256 3.410028e-01       0.002977387
11         S:IDL   2  16  0.2896617 7.523596e-01       0.001176443
13       IDR:IDL   2  16 16.2730823 1.392260e-04     * 0.073584803
10     grp:S:IDR   4  32  3.1071494 2.872452e-02     * 0.007845421
12     grp:S:IDL   2  16  2.3791333 1.245751e-01       0.009581389
14   grp:IDR:IDL   2  16  0.3440359 7.140204e-01       0.001676439
15     S:IDR:IDL   4  32  3.3881843 2.025870e-02     * 0.008621623
16 grp:S:IDR:IDL   4  32  0.6727954 6.157097e-01       0.001723916

$`Mauchly's Test for Sphericity`
          Effect          W           p p<.05
3              S 0.94192503 0.811067846      
4          grp:S 0.94192503 0.811067846      
5            IDR 0.57776072 0.146594627      
6        grp:IDR 0.57776072 0.146594627      
9          S:IDR 0.31908117 0.617779902      
10     grp:S:IDR 0.31908117 0.617779902      
11         S:IDL 0.60119788 0.168484918      
12     grp:S:IDL 0.60119788 0.168484918      
13       IDR:IDL 0.52358022 0.103858323      
14   grp:IDR:IDL 0.52358022 0.103858323      
15     S:IDR:IDL 0.02726459 0.007772292     *
16 grp:S:IDR:IDL 0.02726459 0.007772292     *

$`Sphericity Corrections`
          Effect       GGe        p[GG] p[GG]<.05       HFe        p[HF]
3              S 0.9451126 5.321000e-01           1.2285254 5.398242e-01
4          grp:S 0.9451126 3.987307e-01           1.2285254 4.022304e-01
5            IDR 0.7031166 5.345163e-06         * 0.8080433 1.269582e-06
6        grp:IDR 0.7031166 6.363544e-02           0.8080433 5.501731e-02
9          S:IDR 0.6641146 3.394164e-01           1.0249816 3.410028e-01
10     grp:S:IDR 0.6641146 5.319147e-02           1.0249816 2.872452e-02
11         S:IDL 0.7148974 6.815771e-01           0.8270787 7.125992e-01
12     grp:S:IDL 0.7148974 1.452325e-01           0.8270787 1.368320e-01
13       IDR:IDL 0.6773141 1.156127e-03         * 0.7668235 6.403461e-04
14   grp:IDR:IDL 0.6773141 6.349430e-01           0.7668235 6.601897e-01
15     S:IDR:IDL 0.4222989 7.041618e-02           0.5230220 5.637334e-02
16 grp:S:IDR:IDL 0.4222989 5.024194e-01           0.5230220 5.299572e-01
   p[HF]<.05
3           
4           
5          *
6           
9           
10         *
11          
12          
13         *
14          
15          
16          

