[1] "Summary by group"
  grp IPerfEfLrel.m IPerfEfLrel.s
1   C     0.7271597     0.2972533
2   U     0.6442142     0.3208345
[1] "Summary by session\n"
  S IPerfEfLrel.m IPerfEfLrel.s
1 1     0.6590164     0.2621538
2 2     0.6975612     0.3361211
3 3     0.7004833     0.3314896
[1] "Summary by IDR+IDR\n"
  IDL IDR IPerfEfLrel.m IPerfEfLrel.s
1   D   D     0.8829814     0.4328627
2   D   M     0.5853528     0.3037109
3   D   E     0.4140571     0.2757430
4   E   D     0.8092033     0.1969066
5   E   M     0.7558952     0.1781936
6   E   E     0.6666318     0.1323402
[1] "Summary by group + Session\n"
  grp S IPerfEfLrel.m IPerfEfLrel.s
1   C 1     0.6722805     0.2464329
2   C 2     0.7676079     0.3259380
3   C 3     0.7415906     0.3085270
4   U 1     0.6457522     0.2777343
5   U 2     0.6275146     0.3332646
6   U 3     0.6593759     0.3498556
[1] "Summary by Session + IDR + IDL \n"
   S IDL IDR IPerfEfLrel.m IPerfEfLrel.s
1  1   D   D     0.8284295    0.37331073
2  1   D   M     0.5719513    0.24114310
3  1   D   E     0.4130546    0.24131422
4  1   E   D     0.8237083    0.10076329
5  1   E   M     0.7195817    0.12147384
6  1   E   E     0.5973727    0.08743112
7  2   D   D     0.8710355    0.45870217
8  2   D   M     0.6197120    0.35553936
9  2   D   E     0.3922442    0.30608213
10 2   E   D     0.8131823    0.23479936
11 2   E   M     0.7872385    0.18993545
12 2   E   E     0.7019549    0.14011712
13 3   D   D     0.9494793    0.46632958
14 3   D   M     0.5643951    0.31090613
15 3   D   E     0.4368725    0.28354153
16 3   E   D     0.7907193    0.23047588
17 3   E   M     0.7608655    0.21026506
18 3   E   E     0.7005678    0.13794313
[1] "Summary by group + IDR + IDL\n"
   grp IDL IDR IPerfEfLrel.m IPerfEfLrel.s
1    C   D   D     0.9033484    0.40933589
2    C   D   M     0.5982148    0.23260502
3    C   D   E     0.3453719    0.09371852
4    C   E   D     0.9417030    0.13209809
5    C   E   M     0.8483532    0.13506266
6    C   E   E     0.7259667    0.11889813
7    U   D   D     0.8626145    0.45890557
8    U   D   M     0.5724908    0.36350169
9    U   D   E     0.4827423    0.36791785
10   U   E   D     0.6767036    0.15832043
11   U   E   M     0.6634372    0.16881981
12   U   E   E     0.6072970    0.11869232
[1] "Summary by group + Session + IDR + IDL\n"
   grp S IDL IDR IPerfEfLrel.m IPerfEfLrel.s
1    C 1   D   D     0.7835866    0.36775168
2    C 1   D   M     0.5697975    0.20141755
3    C 1   D   E     0.3675947    0.10031307
4    C 1   E   D     0.8866292    0.06134384
5    C 1   E   M     0.7811873    0.07936307
6    C 1   E   E     0.6448878    0.05830283
7    C 2   D   D     0.9821427    0.43889807
8    C 2   D   M     0.6919542    0.29564284
9    C 2   D   E     0.3309382    0.11345642
10   C 2   E   D     0.9654792    0.17047224
11   C 2   E   M     0.8741752    0.15873151
12   C 2   E   E     0.7609578    0.11949616
13   C 3   D   D     0.9443158    0.41822692
14   C 3   D   M     0.5328928    0.16498228
15   C 3   D   E     0.3375827    0.06206290
16   C 3   E   D     0.9730006    0.13081949
17   C 3   E   M     0.8896973    0.13586111
18   C 3   E   E     0.7720545    0.12696574
19   U 1   D   D     0.8732724    0.38616812
20   U 1   D   M     0.5741052    0.28262093
21   U 1   D   E     0.4585144    0.32578128
22   U 1   E   D     0.7607874    0.09372824
23   U 1   E   M     0.6579761    0.12702207
24   U 1   E   E     0.5498577    0.08716258
25   U 2   D   D     0.7599282    0.46557466
26   U 2   D   M     0.5474698    0.40405136
27   U 2   D   E     0.4535503    0.41609886
28   U 2   E   D     0.6608855    0.18824575
29   U 2   E   M     0.7003018    0.18258259
30   U 2   E   E     0.6429520    0.13758131
31   U 3   D   D     0.9546429    0.52487023
32   U 3   D   M     0.5958975    0.41338117
33   U 3   D   E     0.5361622    0.37624073
34   U 3   E   D     0.6084380    0.14737422
35   U 3   E   M     0.6320338    0.19379417
36   U 3   E   E     0.6290811    0.11110694
