[1] "maxangleR ~(S*DID*grp)+Error(pp/(S*DID))+grp"
$ANOVA
     Effect DFn DFd          F            p p<.05        ges
2       grp   1   8  2.4195212 1.584415e-01       0.11928095
3         S   2  16 29.6477385 4.157275e-06     * 0.31168328
5       DID   2  16 62.1763024 2.852306e-08     * 0.51434906
4     grp:S   2  16  1.2056942 3.252876e-01       0.01808198
6   grp:DID   2  16  2.7975834 9.080450e-02       0.04548564
7     S:DID   4  32  0.3948686 8.107702e-01       0.01429107
8 grp:S:DID   4  32  0.6672590 6.194161e-01       0.02391366

$`Mauchly's Test for Sphericity`
     Effect         W         p p<.05
3         S 0.8584739 0.5861987      
4     grp:S 0.8584739 0.5861987      
5       DID 0.9798757 0.9313191      
6   grp:DID 0.9798757 0.9313191      
7     S:DID 0.1468193 0.2110433      
8 grp:S:DID 0.1468193 0.2110433      

$`Sphericity Corrections`
     Effect       GGe        p[GG] p[GG]<.05       HFe        p[HF] p[HF]<.05
3         S 0.8760203 1.419044e-05         * 1.1018289 4.157275e-06         *
4     grp:S 0.8760203 3.226543e-01           1.1018289 3.252876e-01          
5       DID 0.9802727 3.816748e-08         * 1.2952253 2.852306e-08         *
6   grp:DID 0.9802727 9.220586e-02           1.2952253 9.080450e-02          
7     S:DID 0.6092618 7.182727e-01           0.8958112 7.908575e-01          
8 grp:S:DID 0.6092618 5.527513e-01           0.8958112 6.043643e-01          

