[1] "Summary by group"
  grp maxangleR.m maxangleR.s
1   C    2.212534   0.6360963
2   U    1.952713   0.7663009
[1] "Summary by session\n"
  S maxangleR.m maxangleR.s
1 1    2.418337   0.7115781
2 2    1.925316   0.6260722
3 3    1.904218   0.6892275
[1] "Summary by DID\n"
  DID maxangleR.m maxangleR.s
1   1    2.551992   0.5361900
2   2    2.028856   0.6927273
3   3    1.667023   0.6138269
[1] "Summary by group + Session\n"
  grp S maxangleR.m maxangleR.s
1   C 1    2.482596   0.6485502
2   C 2    2.102522   0.6127609
3   C 3    2.052484   0.5683197
4   U 1    2.354079   0.7714475
5   U 2    1.748109   0.5942503
6   U 3    1.755952   0.7700085
[1] "Summary by Session + DID\n"
  S DID maxangleR.m maxangleR.s
1 1   1    2.907367   0.3217812
2 1   2    2.289510   0.7139350
3 1   3    2.058135   0.7361519
4 2   1    2.386833   0.5355600
5 2   2    1.933650   0.6225699
6 2   3    1.455463   0.2823555
7 3   1    2.361777   0.5437513
8 3   2    1.863407   0.6836915
9 3   3    1.487471   0.5447898
[1] "Summary by group + DID\n"
  grp DID maxangleR.m maxangleR.s
1   C   1    2.576171   0.4486635
2   C   2    2.234496   0.6840424
3   C   3    1.826936   0.5246316
4   U   1    2.527813   0.6156612
5   U   2    1.823216   0.6451641
6   U   3    1.507111   0.6592310
[1] "Summary by group + Session + DID\n"
   grp S DID maxangleR.m maxangleR.s
1    C 1   1    2.844987   0.3027369
2    C 1   2    2.444953   0.7023520
3    C 1   3    2.157847   0.6940977
4    C 2   1    2.446673   0.4725965
5    C 2   2    2.268887   0.6870507
6    C 2   3    1.592007   0.2210988
7    C 3   1    2.436853   0.4488542
8    C 3   2    1.989647   0.6263330
9    C 3   3    1.730953   0.3847727
10   U 1   1    2.969747   0.3383698
11   U 1   2    2.134067   0.7146597
12   U 1   3    1.958424   0.7870648
13   U 2   1    2.326993   0.6025910
14   U 2   2    1.598413   0.3000184
15   U 2   3    1.318920   0.2762384
16   U 3   1    2.286700   0.6315865
17   U 3   2    1.737167   0.7360797
18   U 3   3    1.243989   0.5828424
