[1] "Summary by group"
  grp IPerfEf.m IPerfEf.s
1   C  8.169656  4.289298
2   U  7.698722  3.839239
[1] "Summary by session\n"
  S IPerfEf.m IPerfEf.s
1 1  6.169225  2.376595
2 2  8.509757  4.500568
3 3  9.123585  4.394313
[1] "Summary by ID\n"
  ID IPerfEf.m IPerfEf.s
1  D 10.858652 3.9087768
2  E  5.009726 0.8211383
[1] "Summary by group + Session\n"
  grp S IPerfEf.m IPerfEf.s
1   C 1  6.191603  2.439842
2   C 2  8.758697  4.536627
3   C 3  9.558667  4.850445
4   U 1  6.146847  2.353148
5   U 2  8.260817  4.527634
6   U 3  8.688503  3.920124
[1] "Summary by Session + ID\n"
  S ID IPerfEf.m IPerfEf.s
1 1  D  7.937437 2.1915720
2 1  E  4.401013 0.4684142
3 2  D 11.903723 4.0856816
4 2  E  5.115790 0.8267067
5 3  D 12.734797 3.4343312
6 3  E  5.512373 0.7142393
[1] "Summary by group + ID\n"
  grp ID IPerfEf.m IPerfEf.s
1   C  D 11.072822 4.3755639
2   C  E  5.266489 0.9104234
3   U  D 10.644482 3.4153960
4   U  E  4.752962 0.6325648
[1] "Summary by group + Session + ID\n"
   grp S ID IPerfEf.m IPerfEf.s
1    C 1  D  7.862387 2.4920627
2    C 1  E  4.520820 0.3723724
3    C 2  D 11.986973 4.4098602
4    C 2  E  5.530420 0.9234795
5    C 3  D 13.369107 4.1141814
6    C 3  E  5.748227 0.8333822
7    U 1  D  8.012487 1.9304405
8    U 1  E  4.281207 0.5339261
9    U 2  D 11.820473 3.8879573
10   U 2  E  4.701160 0.4410160
11   U 3  D 12.100487 2.5774153
12   U 3  E  5.276520 0.4929379
