[1] "Summary by group"
  grp  q1Lrel.m   q1Lrel.s
1   C 0.9874262 0.07016251
2   U 1.0027020 0.08459488
[1] "Summary by session\n"
  S  q1Lrel.m   q1Lrel.s
1 1 1.0069169 0.07713689
2 2 0.9967727 0.08070187
3 3 0.9815027 0.07440631
[1] "Summary by IDR+IDR\n"
  IDL IDR  q1Lrel.m   q1Lrel.s
1   D   D 0.9937839 0.06310485
2   D   M 1.0178426 0.07261417
3   D   E 1.0014141 0.08188667
4   E   D 0.9919153 0.06999637
5   E   M 0.9797165 0.09422098
6   E   E 0.9857121 0.07887504
[1] "Summary by group + Session\n"
  grp S  q1Lrel.m   q1Lrel.s
1   C 1 0.9997651 0.06825576
2   C 2 0.9732344 0.07282732
3   C 3 0.9892791 0.06749214
4   U 1 1.0140687 0.08488085
5   U 2 1.0203109 0.08169695
6   U 3 0.9737263 0.08035740
[1] "Summary by Session + IDR + IDL \n"
   S IDL IDR  q1Lrel.m   q1Lrel.s
1  1   D   D 1.0064392 0.06098020
2  1   D   M 1.0411244 0.07429291
3  1   D   E 1.0116572 0.07305512
4  1   E   D 1.0075963 0.07461921
5  1   E   M 0.9957124 0.08307846
6  1   E   E 0.9789719 0.08665542
7  2   D   D 1.0000966 0.05363222
8  2   D   M 1.0224888 0.06867694
9  2   D   E 1.0113976 0.08620418
10 2   E   D 0.9800759 0.07588897
11 2   E   M 0.9822013 0.09617498
12 2   E   E 0.9843759 0.09264419
13 3   D   D 0.9748160 0.07104372
14 3   D   M 0.9899147 0.06749966
15 3   D   E 0.9811876 0.08470919
16 3   E   D 0.9880737 0.05739833
17 3   E   M 0.9612358 0.10231802
18 3   E   E 0.9937884 0.05370702
[1] "Summary by group + IDR + IDL\n"
   grp IDL IDR  q1Lrel.m   q1Lrel.s
1    C   D   D 0.9803768 0.06555781
2    C   D   M 1.0242903 0.06256140
3    C   D   E 1.0174964 0.05937490
4    C   E   D 0.9724014 0.06346206
5    C   E   M 0.9732261 0.07332138
6    C   E   E 0.9567662 0.07205234
7    U   D   D 1.0071910 0.05821899
8    U   D   M 1.0113950 0.08164868
9    U   D   E 0.9853318 0.09751324
10   U   E   D 1.0114292 0.07144234
11   U   E   M 0.9862069 0.11177996
12   U   E   E 1.0146579 0.07535640
[1] "Summary by group + Session + IDR + IDL\n"
   grp S IDL IDR  q1Lrel.m   q1Lrel.s
1    C 1   D   D 1.0004314 0.07343084
2    C 1   D   M 1.0580871 0.05014333
3    C 1   D   E 1.0213494 0.04110385
4    C 1   E   D 0.9814331 0.06031740
5    C 1   E   M 0.9804237 0.05749006
6    C 1   E   E 0.9568661 0.07874640
7    C 2   D   D 0.9829117 0.04081453
8    C 2   D   M 1.0175924 0.05191697
9    C 2   D   E 1.0139835 0.07668802
10   C 2   E   D 0.9550722 0.06727063
11   C 2   E   M 0.9451326 0.08166059
12   C 2   E   E 0.9247142 0.06761336
13   C 3   D   D 0.9577873 0.07392571
14   C 3   D   M 0.9971913 0.07094015
15   C 3   D   E 1.0171565 0.05899095
16   C 3   E   D 0.9806989 0.06333409
17   C 3   E   M 0.9941220 0.07452227
18   C 3   E   E 0.9887184 0.05787156
19   U 1   D   D 1.0124469 0.04725835
20   U 1   D   M 1.0241617 0.09111638
21   U 1   D   E 1.0019650 0.09573138
22   U 1   E   D 1.0337595 0.08017956
23   U 1   E   M 1.0110012 0.10242594
24   U 1   E   E 1.0010778 0.09114027
25   U 2   D   D 1.0172816 0.06049487
26   U 2   D   M 1.0273851 0.08380450
27   U 2   D   E 1.0088117 0.09745633
28   U 2   E   D 1.0050796 0.07787566
29   U 2   E   M 1.0192700 0.09770882
30   U 2   E   E 1.0440375 0.07469844
31   U 3   D   D 0.9918446 0.06609502
32   U 3   D   M 0.9826381 0.06551248
33   U 3   D   E 0.9452187 0.09279848
34   U 3   E   D 0.9954486 0.05192984
35   U 3   E   M 0.9283496 0.11753582
36   U 3   E   E 0.9988585 0.05070226
