[1] "q2L ~(S*DID*grp)+Error(pp/(S*DID))+grp"
$ANOVA
     Effect DFn DFd          F          p p<.05         ges
2       grp   1   8 0.06111605 0.81096684       0.003512606
3         S   2  16 1.61894111 0.22892950       0.046710108
5       DID   2  16 2.65733423 0.10081641       0.043514401
4     grp:S   2  16 2.23067187 0.13979339       0.063243682
6   grp:DID   2  16 0.84243276 0.44889603       0.014217549
7     S:DID   4  32 2.25441508 0.08506885       0.043012755
8 grp:S:DID   4  32 2.68031715 0.04924856     * 0.050726486

$`Mauchly's Test for Sphericity`
     Effect          W          p p<.05
3         S 0.51847660 0.10035801      
4     grp:S 0.51847660 0.10035801      
5       DID 0.39672934 0.03933056     *
6   grp:DID 0.39672934 0.03933056     *
7     S:DID 0.05637813 0.03559461     *
8 grp:S:DID 0.05637813 0.03559461     *

$`Sphericity Corrections`
     Effect       GGe      p[GG] p[GG]<.05       HFe      p[HF] p[HF]<.05
3         S 0.6749809 0.23771735           0.7631277 0.23586078          
4     grp:S 0.6749809 0.16192870           0.7631277 0.15580002          
5       DID 0.6237250 0.13074771           0.6832271 0.12559498          
6   grp:DID 0.6237250 0.40624921           0.6832271 0.41464952          
7     S:DID 0.5251552 0.13395544           0.7164137 0.11141979          
8 grp:S:DID 0.5251552 0.09560934           0.7164137 0.07294272          

