[1] "maxangle ~(S*ID*grp)+Error(pp/(S*ID))+grp"
$ANOVA
    Effect DFn DFd          F            p p<.05         ges
2      grp   1   8  0.1406787 7.173558e-01       0.006274131
3        S   2  16  5.6279452 1.410188e-02     * 0.104391868
5       ID   1   8 67.8206075 3.542217e-05     * 0.731750136
4    grp:S   2  16  0.3868667 6.853651e-01       0.007948666
6   grp:ID   1   8  0.6459051 4.448022e-01       0.025321629
7     S:ID   2  16  0.5124750 6.085176e-01       0.009736958
8 grp:S:ID   2  16  0.1265230 8.820267e-01       0.002421679

$`Mauchly's Test for Sphericity`
    Effect         W         p p<.05
3        S 0.9801790 0.9323284      
4    grp:S 0.9801790 0.9323284      
7     S:ID 0.9755178 0.9169024      
8 grp:S:ID 0.9755178 0.9169024      

$`Sphericity Corrections`
    Effect       GGe      p[GG] p[GG]<.05      HFe      p[HF] p[HF]<.05
3        S 0.9805642 0.01474356         * 1.295785 0.01410188         *
4    grp:S 0.9805642 0.68153996           1.295785 0.68536508          
7     S:ID 0.9761028 0.60444360           1.287234 0.60851756          
8 grp:S:ID 0.9761028 0.87761153           1.287234 0.88202673          

