[1] "Summary by group"
  grp maxangle.m maxangle.s
1   C   1.642625  0.9033095
2   U   1.581161  0.7633366
[1] "Summary by session\n"
  S maxangle.m maxangle.s
1 1   1.795360  0.8580208
2 2   1.490007  0.7955854
3 3   1.550311  0.8308789
[1] "Summary by ID\n"
  ID maxangle.m maxangle.s
1  D  0.9730959  0.2822192
2  E  2.2506900  0.7040029
[1] "Summary by group + Session\n"
  grp S maxangle.m maxangle.s
1   C 1   1.874854  0.8922898
2   C 2   1.500176  0.8768886
3   C 3   1.552845  0.9240905
4   U 1   1.715866  0.8297771
5   U 2   1.479839  0.7201326
6   U 3   1.547777  0.7420029
[1] "Summary by Session + ID\n"
  S ID maxangle.m maxangle.s
1 1  D  1.1175000  0.2361137
2 1  E  2.4732200  0.7009695
3 2  D  0.9033283  0.2999343
4 2  E  2.0766867  0.6968899
5 3  D  0.8984593  0.2575965
6 3  E  2.2021633  0.6775269
[1] "Summary by group + ID\n"
  grp ID maxangle.m maxangle.s
1   C  D  0.9414882  0.3344537
2   C  E  2.3437622  0.7301302
3   U  D  1.0047036  0.2172618
4   U  E  2.1576178  0.6720829
[1] "Summary by group + Session + ID\n"
   grp S ID maxangle.m maxangle.s
1    C 1  D  1.1588480  0.2688583
2    C 1  E  2.5908600  0.6916505
3    C 2  D  0.8287793  0.3240308
4    C 2  E  2.1715733  0.7223925
5    C 3  D  0.8368373  0.3135478
6    C 3  E  2.2688533  0.7563050
7    U 1  D  1.0761520  0.1988294
8    U 1  E  2.3555800  0.7139871
9    U 2  D  0.9778773  0.2635184
10   U 2  E  1.9818000  0.6818040
11   U 3  D  0.9600813  0.1760749
12   U 3  E  2.1354733  0.6077388
