[1] "maxangleLrel ~S*IDR*IDL*grp + Error(pp/(S*IDR*IDL))"
$ANOVA
          Effect DFn DFd          F            p p<.05         ges
2            grp   1   8  0.2784601 6.120304e-01       0.010783047
3              S   2  16  0.7719188 4.785894e-01       0.013493367
5            IDR   2  16 32.0674503 2.525726e-06     * 0.108645320
7            IDL   1   8  3.8968989 8.381603e-02       0.135869126
4          grp:S   2  16  1.5526922 2.419433e-01       0.026776073
6        grp:IDR   2  16  4.6391010 2.576264e-02     * 0.017327609
8        grp:IDL   1   8  0.4662347 5.140076e-01       0.018464297
9          S:IDR   4  32  0.4370234 7.808569e-01       0.001843673
11         S:IDL   2  16  0.7440682 4.909210e-01       0.010140740
13       IDR:IDL   2  16 40.0940999 5.861186e-07     * 0.069331703
10     grp:S:IDR   4  32  1.0817166 3.819536e-01       0.004551067
12     grp:S:IDL   2  16  2.5310146 1.109068e-01       0.033674528
14   grp:IDR:IDL   2  16  2.0500457 1.612039e-01       0.003794625
15     S:IDR:IDL   4  32  0.7996173 5.344147e-01       0.003293703
16 grp:S:IDR:IDL   4  32  0.4364386 7.812739e-01       0.001800427

$`Mauchly's Test for Sphericity`
          Effect         W          p p<.05
3              S 0.6506269 0.22215807      
4          grp:S 0.6506269 0.22215807      
5            IDR 0.5381358 0.11431985      
6        grp:IDR 0.5381358 0.11431985      
9          S:IDR 0.2598698 0.48793870      
10     grp:S:IDR 0.2598698 0.48793870      
11         S:IDL 0.7309295 0.33385987      
12     grp:S:IDL 0.7309295 0.33385987      
13       IDR:IDL 0.4587607 0.06539607      
14   grp:IDR:IDL 0.4587607 0.06539607      
15     S:IDR:IDL 0.3996376 0.76190281      
16 grp:S:IDR:IDL 0.3996376 0.76190281      

$`Sphericity Corrections`
          Effect       GGe        p[GG] p[GG]<.05       HFe        p[HF]
3              S 0.7410849 4.470877e-01           0.8698852 4.639665e-01
4          grp:S 0.7410849 2.475883e-01           0.8698852 2.451594e-01
5            IDR 0.6840581 6.804173e-05         * 0.7775351 2.556790e-05
6        grp:IDR 0.6840581 4.541058e-02         * 0.7775351 3.835906e-02
9          S:IDR 0.6703214 7.077938e-01           1.0402689 7.808569e-01
10     grp:S:IDR 0.6703214 3.725319e-01           1.0402689 3.819536e-01
11         S:IDL 0.7879783 4.643550e-01           0.9482820 4.850009e-01
12     grp:S:IDL 0.7879783 1.266533e-01           0.9482820 1.145745e-01
13       IDR:IDL 0.6488285 3.773931e-05         * 0.7220544 1.576185e-05
14   grp:IDR:IDL 0.6488285 1.822102e-01           0.7220544 1.779208e-01
15     S:IDR:IDL 0.7795685 5.100280e-01           1.3347976 5.344147e-01
16 grp:S:IDR:IDL 0.7795685 7.360476e-01           1.3347976 7.812739e-01
   p[HF]<.05
3           
4           
5          *
6          *
9           
10          
11          
12          
13         *
14          
15          
16          

