[1] "Summary by group"
  grp maxangleLrel.m maxangleLrel.s
1   C       1.333239      0.5883477
2   U       1.445744      0.8547766
[1] "Summary by session\n"
  S maxangleLrel.m maxangleLrel.s
1 1       1.332137      0.5196850
2 2       1.477234      0.9167033
3 3       1.359102      0.7108813
[1] "Summary by IDR+IDR\n"
  IDL IDR maxangleLrel.m maxangleLrel.s
1   D   D       1.210803      0.5519288
2   D   M       1.575961      0.8796426
3   D   E       2.022637      1.0238974
4   E   D       1.162350      0.4364981
5   E   M       1.107984      0.3912021
6   E   E       1.257211      0.4249961
[1] "Summary by group + Session\n"
  grp S maxangleLrel.m maxangleLrel.s
1   C 1       1.397832      0.5548417
2   C 2       1.331254      0.5548900
3   C 3       1.270630      0.6498449
4   U 1       1.266443      0.4760270
5   U 2       1.623214      1.1572078
6   U 3       1.447574      0.7604300
[1] "Summary by Session + IDR + IDL \n"
   S IDL IDR maxangleLrel.m maxangleLrel.s
1  1   D   D       1.141188      0.2389994
2  1   D   M       1.548444      0.5825607
3  1   D   E       1.861873      0.6330407
4  1   E   D       1.125405      0.3451889
5  1   E   M       1.080824      0.3725350
6  1   E   E       1.235090      0.3407564
7  2   D   D       1.334385      0.6927744
8  2   D   M       1.699115      1.2565834
9  2   D   E       2.268117      1.2689647
10 2   E   D       1.164201      0.4166241
11 2   E   M       1.164282      0.3789823
12 2   E   E       1.233303      0.4660495
13 3   D   D       1.156836      0.6115573
14 3   D   M       1.480323      0.6560203
15 3   D   E       1.937921      1.0535123
16 3   E   D       1.197444      0.5378766
17 3   E   M       1.078847      0.4270148
18 3   E   E       1.303240      0.4665999
[1] "Summary by group + IDR + IDL\n"
   grp IDL IDR maxangleLrel.m maxangleLrel.s
1    C   D   D       1.032487      0.2733195
2    C   D   M       1.356505      0.4057312
3    C   D   E       2.029958      0.7476581
4    C   E   D       1.116864      0.4688149
5    C   E   M       1.124221      0.4658919
6    C   E   E       1.339396      0.4460750
7    U   D   D       1.389119      0.6902407
8    U   D   M       1.795417      1.1410517
9    U   D   E       2.015315      1.2495823
10   U   E   D       1.207837      0.4017113
11   U   E   M       1.091748      0.3032521
12   U   E   E       1.175026      0.3905759
[1] "Summary by group + Session + IDR + IDL\n"
   grp S IDL IDR maxangleLrel.m maxangleLrel.s
1    C 1   D   D      1.1832169      0.2889301
2    C 1   D   M      1.5012033      0.5881376
3    C 1   D   E      2.0196579      0.6411186
4    C 1   E   D      1.1865754      0.4057084
5    C 1   E   M      1.1466583      0.4450458
6    C 1   E   E      1.3496794      0.4012187
7    C 2   D   D      0.9872906      0.1856053
8    C 2   D   M      1.2346279      0.1990724
9    C 2   D   E      1.9952884      0.7419117
10   C 2   E   D      1.1681875      0.4842438
11   C 2   E   M      1.2104782      0.4729080
12   C 2   E   E      1.3916525      0.4663759
13   C 3   D   D      0.9269543      0.2799805
14   C 3   D   M      1.3336827      0.3048416
15   C 3   D   E      2.0749290      0.8898312
16   C 3   E   D      0.9958284      0.5176331
17   C 3   E   M      1.0155256      0.4891789
18   C 3   E   E      1.2768574      0.4895534
19   U 1   D   D      1.0991588      0.1762261
20   U 1   D   M      1.5956856      0.5935546
21   U 1   D   E      1.7040877      0.6047506
22   U 1   E   D      1.0642342      0.2724047
23   U 1   E   M      1.0149906      0.2830628
24   U 1   E   E      1.1205014      0.2267381
25   U 2   D   D      1.6814798      0.8375825
26   U 2   D   M      2.1636030      1.6639835
27   U 2   D   E      2.5409450      1.6203781
28   U 2   E   D      1.1602155      0.3535865
29   U 2   E   M      1.1180849      0.2632474
30   U 2   E   E      1.0749538      0.4227069
31   U 3   D   D      1.3867172      0.7636031
32   U 3   D   M      1.6269625      0.8674437
33   U 3   D   E      1.8009136      1.2112104
34   U 3   E   D      1.3990603      0.4942050
35   U 3   E   M      1.1421685      0.3603050
36   U 3   E   E      1.3296222      0.4580699
