[1] "vfCircularityRrel ~S*IDR*IDL*grp + Error(pp/(S*IDR*IDL))"
$ANOVA
          Effect DFn DFd           F            p p<.05         ges
2            grp   1   8  0.03395999 8.583776e-01       0.001861158
3              S   2  16  0.24540558 7.852785e-01       0.002885854
5            IDR   2  16  7.14790834 6.051995e-03     * 0.129926188
7            IDL   1   8 25.76640986 9.577884e-04     * 0.211421480
4          grp:S   2  16  3.34217915 6.125589e-02       0.037921481
6        grp:IDR   2  16  0.88532802 4.318493e-01       0.018159619
8        grp:IDL   1   8  4.87978944 5.816944e-02       0.048321626
9          S:IDR   4  32  0.81799529 5.232553e-01       0.010465473
11         S:IDL   2  16  0.30045075 7.445716e-01       0.002298803
13       IDR:IDL   2  16 33.11399336 2.054956e-06     * 0.114664659
10     grp:S:IDR   4  32  1.24675042 3.111210e-01       0.015863966
12     grp:S:IDL   2  16  2.63179711 1.027700e-01       0.019783466
14   grp:IDR:IDL   2  16  3.39768007 5.890989e-02       0.013114731
15     S:IDR:IDL   4  32  1.18194410 3.374036e-01       0.002939262
16 grp:S:IDR:IDL   4  32  1.56002602 2.087911e-01       0.003875833

$`Mauchly's Test for Sphericity`
          Effect           W            p p<.05
3              S 0.669998500 0.2461831964      
4          grp:S 0.669998500 0.2461831964      
5            IDR 0.528764134 0.1075021037      
6        grp:IDR 0.528764134 0.1075021037      
9          S:IDR 0.004641127 0.0001239123     *
10     grp:S:IDR 0.004641127 0.0001239123     *
11         S:IDL 0.519189458 0.1008417861      
12     grp:S:IDL 0.519189458 0.1008417861      
13       IDR:IDL 0.833728783 0.5291597259      
14   grp:IDR:IDL 0.833728783 0.5291597259      
15     S:IDR:IDL 0.672448492 0.9806490125      
16 grp:S:IDR:IDL 0.672448492 0.9806490125      

$`Sphericity Corrections`
          Effect       GGe        p[GG] p[GG]<.05       HFe        p[HF]
3              S 0.7518789 7.242925e-01           0.8877301 7.602194e-01
4          grp:S 0.7518789 8.009430e-02           0.8877301 6.914389e-02
5            IDR 0.6797007 1.612244e-02         * 0.7706091 1.218196e-02
6        grp:IDR 0.6797007 4.005752e-01           0.7706091 4.109626e-01
9          S:IDR 0.3327939 4.201771e-01           0.3741507 4.314581e-01
10     grp:S:IDR 0.3327939 3.060284e-01           0.3741507 3.089895e-01
11         S:IDL 0.6753058 6.621623e-01           0.7636420 6.881958e-01
12     grp:S:IDL 0.6753058 1.281168e-01           0.7636420 1.207462e-01
13       IDR:IDL 0.8574335 9.301825e-06         * 1.0686968 2.054956e-06
14   grp:IDR:IDL 0.8574335 6.901250e-02           1.0686968 5.890989e-02
15     S:IDR:IDL 0.8487867 3.378354e-01           1.5503384 3.374036e-01
16 grp:S:IDR:IDL 0.8487867 2.185094e-01           1.5503384 2.087911e-01
   p[HF]<.05
3           
4           
5          *
6           
9           
10          
11          
12          
13         *
14          
15          
16          

