[1] "Summary by group"
  grp vfCircularityRrel.m vfCircularityRrel.s
1   C            1.353859           0.4782880
2   U            1.322454           0.5050459
[1] "Summary by session\n"
  S vfCircularityRrel.m vfCircularityRrel.s
1 1            1.360012           0.4247439
2 2            1.312538           0.5252512
3 3            1.341919           0.5199911
[1] "Summary by IDR+IDR\n"
  IDL IDR vfCircularityRrel.m vfCircularityRrel.s
1   D   D            1.078259           0.2939233
2   D   M            1.272378           0.4841109
3   D   E            1.098966           0.3183322
4   E   D            1.795540           0.5736468
5   E   M            1.603899           0.4194150
6   E   E            1.179895           0.3129937
[1] "Summary by group + Session\n"
  grp S vfCircularityRrel.m vfCircularityRrel.s
1   C 1            1.474486           0.4016024
2   C 2            1.301249           0.5210789
3   C 3            1.285842           0.4862301
4   U 1            1.245539           0.4183952
5   U 2            1.323827           0.5320681
6   U 3            1.397996           0.5486712
[1] "Summary by Session + IDR + IDL \n"
   S IDL IDR vfCircularityRrel.m vfCircularityRrel.s
1  1   D   D            1.133672           0.3333956
2  1   D   M            1.263366           0.2709722
3  1   D   E            1.062873           0.2423821
4  1   E   D            1.841475           0.4940277
5  1   E   M            1.599568           0.3115278
6  1   E   E            1.259119           0.2557679
7  2   D   D            1.077787           0.2640713
8  2   D   M            1.212595           0.5701390
9  2   D   E            1.067300           0.3304636
10 2   E   D            1.830614           0.6385418
11 2   E   M            1.567501           0.4260940
12 2   E   E            1.119430           0.3107594
13 3   D   D            1.023319           0.2791869
14 3   D   M            1.341174           0.5586513
15 3   D   E            1.166724           0.3686531
16 3   E   D            1.714531           0.5897995
17 3   E   M            1.644629           0.5080816
18 3   E   E            1.161136           0.3578044
[1] "Summary by group + IDR + IDL\n"
   grp IDL IDR vfCircularityRrel.m vfCircularityRrel.s
1    C   D   D            1.051309           0.2941501
2    C   D   M            1.113646           0.3165618
3    C   D   E            1.085936           0.2449711
4    C   E   D            1.980357           0.4118024
5    C   E   M            1.679038           0.3272285
6    C   E   E            1.212868           0.3452611
7    U   D   D            1.105210           0.2945085
8    U   D   M            1.431111           0.5677186
9    U   D   E            1.111996           0.3802837
10   U   E   D            1.610722           0.6528181
11   U   E   M            1.528761           0.4870207
12   U   E   E            1.146923           0.2769976
[1] "Summary by group + Session + IDR + IDL\n"
   grp S IDL IDR vfCircularityRrel.m vfCircularityRrel.s
1    C 1   D   D           1.2110033           0.3907249
2    C 1   D   M           1.3645594           0.2550185
3    C 1   D   E           1.2002755           0.2349837
4    C 1   E   D           1.9666700           0.3794375
5    C 1   E   M           1.7248706           0.2005985
6    C 1   E   E           1.3795343           0.2528014
7    C 2   D   D           0.9803011           0.1634931
8    C 2   D   M           0.9330574           0.2575923
9    C 2   D   E           1.0387636           0.1697814
10   C 2   E   D           2.0597828           0.4651456
11   C 2   E   M           1.6201950           0.4031135
12   C 2   E   E           1.1753917           0.3917554
13   C 3   D   D           0.9626216           0.2266808
14   C 3   D   M           1.0433206           0.2754389
15   C 3   D   E           1.0187678           0.2886817
16   C 3   E   D           1.9146186           0.4013057
17   C 3   E   M           1.6920478           0.3572818
18   C 3   E   E           1.0836768           0.3288085
19   U 1   D   D           1.0563399           0.2544878
20   U 1   D   M           1.1621734           0.2551846
21   U 1   D   E           0.9254706           0.1613109
22   U 1   E   D           1.7162792           0.5727130
23   U 1   E   M           1.4742659           0.3565771
24   U 1   E   E           1.1387037           0.2013143
25   U 2   D   D           1.1752730           0.3120154
26   U 2   D   M           1.4921326           0.6629751
27   U 2   D   E           1.0958371           0.4423145
28   U 2   E   D           1.6014447           0.7181193
29   U 2   E   M           1.5148067           0.4556643
30   U 2   E   E           1.0634692           0.1996440
31   U 3   D   D           1.0840167           0.3196550
32   U 3   D   M           1.6390272           0.6168478
33   U 3   D   E           1.3146804           0.3889360
34   U 3   E   D           1.5144429           0.6882866
35   U 3   E   M           1.5972102           0.6342430
36   U 3   E   E           1.2385962           0.3797634
