[1] "Summary by group"
  grp vfTrajCircularityR.m vfTrajCircularityR.s
1   C            0.7635326           0.05802603
2   U            0.7732564           0.05550807
[1] "Summary by session\n"
  S vfTrajCircularityR.m vfTrajCircularityR.s
1 1            0.7418854           0.04235551
2 2            0.7802119           0.05284548
3 3            0.7830861           0.06421400
[1] "Summary by DID\n"
  DID vfTrajCircularityR.m vfTrajCircularityR.s
1   1            0.7631193           0.04969859
2   2            0.7725586           0.06066088
3   3            0.7695056           0.05986294
[1] "Summary by group + Session\n"
  grp S vfTrajCircularityR.m vfTrajCircularityR.s
1   C 1            0.7317362           0.03984737
2   C 2            0.7756471           0.05393486
3   C 3            0.7832144           0.06463020
4   U 1            0.7520347           0.04278134
5   U 2            0.7847767           0.05193427
6   U 3            0.7829578           0.06452514
[1] "Summary by Session + DID\n"
  S DID vfTrajCircularityR.m vfTrajCircularityR.s
1 1   1            0.7254247           0.03016711
2 1   2            0.7547280           0.04759104
3 1   3            0.7455037           0.04320033
4 2   1            0.7811987           0.03602635
5 2   2            0.7771377           0.06015976
6 2   3            0.7822993           0.06031703
7 3   1            0.7827347           0.05626894
8 3   2            0.7858100           0.06983307
9 3   3            0.7807137           0.06781012
[1] "Summary by group + DID\n"
  grp DID vfTrajCircularityR.m vfTrajCircularityR.s
1   C   1            0.7661411           0.04882548
2   C   2            0.7630113           0.06292680
3   C   3            0.7614453           0.06243962
4   U   1            0.7600976           0.05092574
5   U   2            0.7821058           0.05741855
6   U   3            0.7775658           0.05671856
[1] "Summary by group + Session + DID\n"
   grp S DID vfTrajCircularityR.m vfTrajCircularityR.s
1    C 1   1            0.7227300           0.02686445
2    C 1   2            0.7349073           0.05189746
3    C 1   3            0.7375713           0.03796135
4    C 2   1            0.7809427           0.03372802
5    C 2   2            0.7682707           0.05263326
6    C 2   3            0.7777280           0.07170530
7    C 3   1            0.7947507           0.05002224
8    C 3   2            0.7858560           0.07447401
9    C 3   3            0.7690367           0.06865768
10   U 1   1            0.7281193           0.03387999
11   U 1   2            0.7745487           0.03400598
12   U 1   3            0.7534360           0.04785337
13   U 2   1            0.7814547           0.03937998
14   U 2   2            0.7860047           0.06751420
15   U 2   3            0.7868707           0.04847397
16   U 3   1            0.7707187           0.06121212
17   U 3   2            0.7857640           0.06749272
18   U 3   3            0.7923907           0.06722208
