[1] "vfCircularityR ~S*IDR*IDL*grp + Error(pp/(S*IDR*IDL))"
$ANOVA
          Effect DFn DFd            F            p p<.05         ges
2            grp   1   8   0.05629609 8.184121e-01       0.003221343
3              S   2  16   6.98069616 6.613996e-03     * 0.072015683
5            IDR   2  16 120.89340721 2.202289e-10     * 0.509908047
7            IDL   1   8  25.16536001 1.031356e-03     * 0.287813811
4          grp:S   2  16   2.38713345 1.238096e-01       0.025851722
6        grp:IDR   2  16   4.05471700 3.762389e-02     * 0.033719073
8        grp:IDL   1   8   5.19358930 5.215716e-02       0.076982576
9          S:IDR   4  32   0.13636514 9.676688e-01       0.001256363
11         S:IDL   2  16   0.83857063 4.504676e-01       0.011608063
13       IDR:IDL   2  16  22.27486273 2.377182e-05     * 0.089815661
10     grp:S:IDR   4  32   2.53138179 5.957225e-02       0.022818675
12     grp:S:IDL   2  16   2.70271690 9.744680e-02       0.036471696
14   grp:IDR:IDL   2  16   4.89949116 2.188463e-02     * 0.021243847
15     S:IDR:IDL   4  32   2.70615054 4.765444e-02     * 0.011109643
16 grp:S:IDR:IDL   4  32   1.00725344 4.182598e-01       0.004164151

$`Mauchly's Test for Sphericity`
          Effect          W          p p<.05
3              S 0.59637826 0.16380469      
4          grp:S 0.59637826 0.16380469      
5            IDR 0.61348119 0.18084411      
6        grp:IDR 0.61348119 0.18084411      
9          S:IDR 0.06856517 0.05341700      
10     grp:S:IDR 0.06856517 0.05341700      
11         S:IDL 0.50090546 0.08894984      
12     grp:S:IDL 0.50090546 0.08894984      
13       IDR:IDL 0.95831628 0.86155109      
14   grp:IDR:IDL 0.95831628 0.86155109      
15     S:IDR:IDL 0.65857455 0.97687518      
16 grp:S:IDR:IDL 0.65857455 0.97687518      

$`Sphericity Corrections`
          Effect       GGe        p[GG] p[GG]<.05       HFe        p[HF]
3              S 0.7124427 1.556559e-02         * 0.8231011 1.117596e-02
4          grp:S 0.7124427 1.447126e-01           0.8231011 1.363891e-01
5            IDR 0.7212307 5.243243e-08         * 0.8373686 5.340947e-09
6        grp:IDR 0.7212307 5.677442e-02           0.8373686 4.779903e-02
9          S:IDR 0.4519103 8.541413e-01           0.5760637 8.984796e-01
10     grp:S:IDR 0.4519103 1.177879e-01           0.5760637 1.007438e-01
11         S:IDL 0.6670693 4.136921e-01           0.7506343 4.245694e-01
12     grp:S:IDL 0.6670693 1.237949e-01           0.7506343 1.166565e-01
13       IDR:IDL 0.9599843 3.300841e-05         * 1.2565492 2.377182e-05
14   grp:IDR:IDL 0.9599843 2.362889e-02         * 1.2565492 2.188463e-02
15     S:IDR:IDL 0.8378134 5.983577e-02           1.5144558 4.765444e-02
16 grp:S:IDR:IDL 0.8378134 4.113530e-01           1.5144558 4.182598e-01
   p[HF]<.05
3          *
4           
5          *
6          *
9           
10          
11          
12          
13         *
14         *
15         *
16          

