[1] "Summary by group"
  grp vfCircularityR.m vfCircularityR.s
1   C        0.2886239       0.08945867
2   U        0.2825397       0.09814441
[1] "Summary by session\n"
  S vfCircularityR.m vfCircularityR.s
1 1        0.3058991       0.08449127
2 2        0.2802958       0.09892528
3 3        0.2705505       0.09452281
[1] "Summary by IDR+IDR\n"
  IDL IDR vfCircularityR.m vfCircularityR.s
1   D   D        0.1632103       0.03438625
2   D   M        0.2534423       0.07843375
3   D   E        0.3380379       0.06208055
4   E   D        0.2722284       0.07806673
5   E   M        0.3218643       0.06816136
6   E   E        0.3647074       0.06794447
[1] "Summary by group + Session\n"
  grp S vfCircularityR.m vfCircularityR.s
1   C 1        0.3200578       0.08317756
2   C 2        0.2823953       0.09579339
3   C 3        0.2634186       0.08007903
4   U 1        0.2917404       0.08386782
5   U 2        0.2781962       0.10245531
6   U 3        0.2776824       0.10702332
[1] "Summary by Session + IDR + IDL \n"
   S IDL IDR vfCircularityR.m vfCircularityR.s
1  1   D   D        0.1842483       0.03590120
2  1   D   M        0.2730183       0.05243788
3  1   D   E        0.3366480       0.05074900
4  1   E   D        0.2976377       0.05840586
5  1   E   M        0.3441577       0.05587288
6  1   E   E        0.3996847       0.05316752
7  2   D   D        0.1565383       0.02650100
8  2   D   M        0.2440133       0.09677079
9  2   D   E        0.3391477       0.07310087
10 2   E   D        0.2649543       0.07964495
11 2   E   M        0.3197133       0.06882834
12 2   E   E        0.3574077       0.07157058
13 3   D   D        0.1488443       0.03033448
14 3   D   M        0.2432953       0.07855310
15 3   D   E        0.3383180       0.06249178
16 3   E   D        0.2540933       0.08880389
17 3   E   M        0.3017220       0.07389577
18 3   E   E        0.3370300       0.06407358
[1] "Summary by group + IDR + IDL\n"
   grp IDL IDR vfCircularityR.m vfCircularityR.s
1    C   D   D        0.1625324       0.03820250
2    C   D   M        0.2283064       0.06111286
3    C   D   E        0.3266156       0.04379487
4    C   E   D        0.3066040       0.05030402
5    C   E   M        0.3445387       0.05736058
6    C   E   E        0.3631462       0.07299460
7    U   D   D        0.1638882       0.03051771
8    U   D   M        0.2785782       0.08611850
9    U   D   E        0.3494602       0.07490473
10   U   E   D        0.2378529       0.08590560
11   U   E   M        0.2991900       0.07110327
12   U   E   E        0.3662687       0.06328211
[1] "Summary by group + Session + IDR + IDL\n"
   grp S IDL IDR vfCircularityR.m vfCircularityR.s
1    C 1   D   D        0.1926607       0.04406109
2    C 1   D   M        0.2891140       0.05533975
3    C 1   D   E        0.3520347       0.05342311
4    C 1   E   D        0.3162840       0.03724729
5    C 1   E   M        0.3656480       0.04360296
6    C 1   E   E        0.4046053       0.05851159
7    C 2   D   D        0.1482427       0.02028430
8    C 2   D   M        0.1998753       0.03663498
9    C 2   D   E        0.3245567       0.02630045
10   C 2   E   D        0.3094673       0.05152631
11   C 2   E   M        0.3486213       0.06634842
12   C 2   E   E        0.3636087       0.08831255
13   C 3   D   D        0.1466940       0.02781811
14   C 3   D   M        0.1959300       0.03718104
15   C 3   D   E        0.3032553       0.03465149
16   C 3   E   D        0.2940607       0.06027362
17   C 3   E   M        0.3193467       0.05349907
18   C 3   E   E        0.3212247       0.04240619
19   U 1   D   D        0.1758360       0.02401734
20   U 1   D   M        0.2569227       0.04558764
21   U 1   D   E        0.3212613       0.04442449
22   U 1   E   D        0.2789913       0.07024063
23   U 1   E   M        0.3226673       0.05979697
24   U 1   E   E        0.3947640       0.04878518
25   U 2   D   D        0.1648340       0.02993076
26   U 2   D   M        0.2881513       0.11781899
27   U 2   D   E        0.3537387       0.09960546
28   U 2   E   D        0.2204413       0.07898669
29   U 2   E   M        0.2908053       0.06016827
30   U 2   E   E        0.3512067       0.05224053
31   U 3   D   D        0.1509947       0.03350125
32   U 3   D   M        0.2906607       0.08119149
33   U 3   D   E        0.3733807       0.06522465
34   U 3   E   D        0.2141260       0.09633107
35   U 3   E   M        0.2840973       0.08822374
36   U 3   E   E        0.3528353       0.07855254
