[1] "q4Rrel ~S*IDR*IDL*grp + Error(pp/(S*IDR*IDL))"
$ANOVA
          Effect DFn DFd          F            p p<.05          ges
2            grp   1   8  0.2618854 6.226510e-01       0.0108908078
3              S   2  16  1.3055029 2.984016e-01       0.0220084604
5            IDR   2  16  3.6063565 5.095099e-02       0.0734204646
7            IDL   1   8 31.4079802 5.077046e-04     * 0.2704562941
4          grp:S   2  16  5.3067213 1.706677e-02     * 0.0838087125
6        grp:IDR   2  16  0.4389921 6.522217e-01       0.0095533036
8        grp:IDL   1   8  2.4641378 1.551115e-01       0.0282630782
9          S:IDR   4  32  0.2524305 9.060379e-01       0.0054405091
11         S:IDL   2  16  0.3148824 7.342958e-01       0.0011966745
13       IDR:IDL   2  16 20.6384627 3.707851e-05     * 0.0518836690
10     grp:S:IDR   4  32  2.2696183 8.341591e-02       0.0468779083
12     grp:S:IDL   2  16  1.1990131 3.271825e-01       0.0045414529
14   grp:IDR:IDL   2  16  3.7744816 4.541356e-02     * 0.0099088712
15     S:IDR:IDL   4  32  2.0944370 1.046127e-01       0.0079297206
16 grp:S:IDR:IDL   4  32  0.1665643 9.538115e-01       0.0006352639

$`Mauchly's Test for Sphericity`
          Effect         W          p p<.05
3              S 0.6725043 0.24942078      
4          grp:S 0.6725043 0.24942078      
5            IDR 0.7137276 0.30715929      
6        grp:IDR 0.7137276 0.30715929      
9          S:IDR 0.2062672 0.35835842      
10     grp:S:IDR 0.2062672 0.35835842      
11         S:IDL 0.4609819 0.06651099      
12     grp:S:IDL 0.4609819 0.06651099      
13       IDR:IDL 0.9224085 0.75375726      
14   grp:IDR:IDL 0.9224085 0.75375726      
15     S:IDR:IDL 0.3622398 0.70003191      
16 grp:S:IDR:IDL 0.3622398 0.70003191      

$`Sphericity Corrections`
          Effect       GGe        p[GG] p[GG]<.05       HFe        p[HF]
3              S 0.7532981 2.959227e-01           0.8900852 2.978170e-01
4          grp:S 0.7532981 2.894591e-02         * 0.8900852 2.157378e-02
5            IDR 0.7774403 6.695577e-02           0.9304657 5.547566e-02
6        grp:IDR 0.7774403 6.058592e-01           0.9304657 6.389073e-01
9          S:IDR 0.6977785 8.456863e-01           1.1096436 9.060379e-01
10     grp:S:IDR 0.6977785 1.117438e-01           1.1096436 8.341591e-02
11         S:IDL 0.6497649 6.446470e-01           0.7235140 6.671410e-01
12     grp:S:IDL 0.6497649 3.156914e-01           0.7235140 3.192148e-01
13       IDR:IDL 0.9279954 6.493085e-05         * 1.1966061 3.707851e-05
14   grp:IDR:IDL 0.9279954 4.992642e-02         * 1.1966061 4.541356e-02
15     S:IDR:IDL 0.7540289 1.271264e-01           1.2613173 1.046127e-01
16 grp:S:IDR:IDL 0.7540289 9.186426e-01           1.2613173 9.538115e-01
   p[HF]<.05
3           
4          *
5           
6           
9           
10          
11          
12          
13         *
14         *
15          
16          

