[1] "Summary by group"
  grp  q4Rrel.m  q4Rrel.s
1   C 0.9503734 0.1360213
2   U 0.9311592 0.1154291
[1] "Summary by session\n"
  S  q4Rrel.m  q4Rrel.s
1 1 0.9222108 0.1200133
2 2 0.9550163 0.1315227
3 3 0.9450718 0.1258387
[1] "Summary by IDR+IDR\n"
  IDL IDR  q4Rrel.m   q4Rrel.s
1   D   D 1.0209208 0.07468442
2   D   M 0.9618522 0.10427309
3   D   E 1.0067612 0.12511891
4   E   D 0.8524560 0.10663617
5   E   M 0.8610261 0.10530823
6   E   E 0.9415816 0.12852234
[1] "Summary by group + Session\n"
  grp S  q4Rrel.m  q4Rrel.s
1   C 1 0.8936673 0.1145930
2   C 2 0.9760457 0.1392130
3   C 3 0.9814072 0.1360782
4   U 1 0.9507543 0.1191171
5   U 2 0.9339869 0.1204830
6   U 3 0.9087365 0.1032532
[1] "Summary by Session + IDR + IDL \n"
   S IDL IDR  q4Rrel.m   q4Rrel.s
1  1   D   D 1.0056039 0.08199116
2  1   D   M 0.9415087 0.09595527
3  1   D   E 0.9996062 0.12040711
4  1   E   D 0.8174687 0.10416268
5  1   E   M 0.8624080 0.09341036
6  1   E   E 0.9066695 0.09911822
7  2   D   D 1.0283609 0.06954284
8  2   D   M 0.9822396 0.12183285
9  2   D   E 1.0186811 0.11671946
10 2   E   D 0.8649411 0.10530119
11 2   E   M 0.8611650 0.12398218
12 2   E   E 0.9747099 0.13630145
13 3   D   D 1.0287975 0.07207678
14 3   D   M 0.9618082 0.09197673
15 3   D   E 1.0019963 0.14035358
16 3   E   D 0.8749582 0.10492119
17 3   E   M 0.8595052 0.09966354
18 3   E   E 0.9433654 0.14103595
[1] "Summary by group + IDR + IDL\n"
   grp IDL IDR  q4Rrel.m   q4Rrel.s
1    C   D   D 1.0412157 0.07222842
2    C   D   M 1.0112986 0.08541761
3    C   D   E 1.0126836 0.13141695
4    C   E   D 0.8447386 0.11286982
5    C   E   M 0.8553743 0.09857311
6    C   E   E 0.9369295 0.15440030
7    U   D   D 1.0006259 0.07226936
8    U   D   M 0.9124058 0.09846659
9    U   D   E 1.0008387 0.11967921
10   U   E   D 0.8601734 0.10069540
11   U   E   M 0.8666779 0.11247086
12   U   E   E 0.9462336 0.09760981
[1] "Summary by group + Session + IDR + IDL\n"
   grp S IDL IDR  q4Rrel.m   q4Rrel.s
1    C 1   D   D 1.0077099 0.07815946
2    C 1   D   M 0.9390465 0.10595602
3    C 1   D   E 0.9381119 0.10309504
4    C 1   E   D 0.8000488 0.08240256
5    C 1   E   M 0.8246085 0.07746825
6    C 1   E   E 0.8524783 0.09026648
7    C 2   D   D 1.0650066 0.05502652
8    C 2   D   M 1.0571241 0.04543690
9    C 2   D   E 1.0177797 0.12915734
10   C 2   E   D 0.8727720 0.12762674
11   C 2   E   M 0.8770412 0.10968611
12   C 2   E   E 0.9665504 0.18356111
13   C 3   D   D 1.0509305 0.07313625
14   C 3   D   M 1.0377251 0.03237535
15   C 3   D   E 1.0821593 0.12574027
16   C 3   E   D 0.8613949 0.11696528
17   C 3   E   M 0.8644731 0.10440238
18   C 3   E   E 0.9917600 0.14587205
19   U 1   D   D 1.0034979 0.08835654
20   U 1   D   M 0.9439709 0.08850327
21   U 1   D   E 1.0611005 0.10629866
22   U 1   E   D 0.8348886 0.12261435
23   U 1   E   M 0.9002075 0.09492729
24   U 1   E   E 0.9608606 0.07687431
25   U 2   D   D 0.9917152 0.06412705
26   U 2   D   M 0.9073551 0.12909584
27   U 2   D   E 1.0195825 0.10740861
28   U 2   E   D 0.8571102 0.08092413
29   U 2   E   M 0.8452888 0.13881634
30   U 2   E   E 0.9828694 0.06816034
31   U 3   D   D 1.0066645 0.06604975
32   U 3   D   M 0.8858913 0.06422966
33   U 3   D   E 0.9218332 0.10594559
34   U 3   E   D 0.8885215 0.09342456
35   U 3   E   M 0.8545373 0.09809376
36   U 3   E   E 0.8949709 0.12208922
