[1] "Summary by group"
  grp     q2L.m      q2L.s
1   C 0.6893473 0.06984199
2   U 0.6832779 0.05856534
[1] "Summary by session\n"
  S     q2L.m      q2L.s
1 1 0.6704360 0.05729421
2 2 0.6925270 0.06175839
3 3 0.6959749 0.07107201
[1] "Summary by DID\n"
  DID     q2L.m      q2L.s
1   1 0.6753517 0.05826355
2   2 0.6824027 0.07142527
3   3 0.7011836 0.06065909
[1] "Summary by group + Session\n"
  grp S     q2L.m      q2L.s
1   C 1 0.6718789 0.05731480
2   C 2 0.6801502 0.06860521
3   C 3 0.7160129 0.07574940
4   U 1 0.6689931 0.05788449
5   U 2 0.7049038 0.05191218
6   U 3 0.6759369 0.06048138
[1] "Summary by Session + DID\n"
  S DID     q2L.m      q2L.s
1 1   1 0.6423290 0.04497592
2 1   2 0.6732707 0.06429966
3 1   3 0.6957083 0.04930230
4 2   1 0.6860390 0.05994958
5 2   2 0.6964450 0.06329548
6 2   3 0.6950970 0.06355162
7 3   1 0.6976870 0.05512645
8 3   2 0.6774923 0.08485621
9 3   3 0.7127453 0.06793519
[1] "Summary by group + DID\n"
  grp DID     q2L.m      q2L.s
1   C   1 0.6697056 0.06343469
2   C   2 0.6898378 0.07104700
3   C   3 0.7084987 0.07080872
4   U   1 0.6809978 0.05269979
5   U   2 0.6749676 0.07182152
6   U   3 0.6938684 0.04815959
[1] "Summary by group + Session + DID\n"
   grp S DID     q2L.m      q2L.s
1    C 1   1 0.6540913 0.04995372
2    C 1   2 0.6679727 0.06698532
3    C 1   3 0.6935727 0.04982223
4    C 2   1 0.6574660 0.06271160
5    C 2   2 0.6827473 0.06599615
6    C 2   3 0.7002373 0.07425159
7    C 3   1 0.6975593 0.07046728
8    C 3   2 0.7187933 0.07454658
9    C 3   3 0.7316860 0.08291237
10   U 1   1 0.6305667 0.03739400
11   U 1   2 0.6785687 0.06338005
12   U 1   3 0.6978440 0.05042845
13   U 2   1 0.7146120 0.04198102
14   U 2   2 0.7101427 0.05950843
15   U 2   3 0.6899567 0.05287895
16   U 3   1 0.6978147 0.03645882
17   U 3   2 0.6361913 0.07551860
18   U 3   3 0.6938047 0.04378159
