[1] "Summary by group"
  grp      q2.m       q2.s
1   C 0.7831713 0.10578980
2   U 0.7938086 0.08790654
[1] "Summary by session\n"
  S      q2.m       q2.s
1 1 0.7705300 0.09025418
2 2 0.7903943 0.10384835
3 3 0.8045455 0.09539934
[1] "Summary by ID\n"
  ID      q2.m       q2.s
1  D 0.8610551 0.05907464
2  E 0.7159248 0.06954641
[1] "Summary by group + Session\n"
  grp S      q2.m       q2.s
1   C 1 0.7649317 0.10404491
2   C 2 0.7826307 0.11478769
3   C 3 0.8019517 0.09816003
4   U 1 0.7761283 0.07538128
5   U 2 0.7981580 0.09295116
6   U 3 0.8071393 0.09416255
[1] "Summary by Session + ID\n"
  S ID      q2.m       q2.s
1 1  D 0.8334997 0.05932870
2 1  E 0.7075603 0.06963341
3 2  D 0.8703643 0.06668764
4 2  E 0.7104243 0.06528511
5 3  D 0.8793013 0.03903125
6 3  E 0.7297897 0.07368976
[1] "Summary by group + ID\n"
  grp ID      q2.m       q2.s
1   C  D 0.8620813 0.05870480
2   C  E 0.7042613 0.08033960
3   U  D 0.8600289 0.06008770
4   U  E 0.7275882 0.05523247
[1] "Summary by group + Session + ID\n"
   grp S ID      q2.m       q2.s
1    C 1  D 0.8350320 0.06261163
2    C 1  E 0.6948313 0.08929495
3    C 2  D 0.8749293 0.06424280
4    C 2  E 0.6903320 0.07008105
5    C 3  D 0.8762827 0.04008558
6    C 3  E 0.7276207 0.08070117
7    U 1  D 0.8319673 0.05801691
8    U 1  E 0.7202893 0.04151117
9    U 2  D 0.8657993 0.07099543
10   U 2  E 0.7305167 0.05524762
11   U 3  D 0.8823200 0.03910645
12   U 3  E 0.7319587 0.06874206
