[1] "q1 ~(S*ID*grp)+Error(pp/(S*ID))+grp"
$ANOVA
    Effect DFn DFd          F            p p<.05        ges
2      grp   1   8  3.4080778 0.1020860490       0.08208046
3        S   2  16  0.4444791 0.6488390332       0.01411300
5       ID   1   8 39.9103735 0.0002284512     * 0.51618435
4    grp:S   2  16  0.8692964 0.4381335974       0.02723435
6   grp:ID   1   8  3.7820948 0.0876991147       0.09182119
7     S:ID   2  16  0.3880415 0.6845975049       0.01521802
8 grp:S:ID   2  16  1.6295395 0.2269215589       0.06093940

$`Mauchly's Test for Sphericity`
    Effect         W         p p<.05
3        S 0.9486319 0.8314612      
4    grp:S 0.9486319 0.8314612      
7     S:ID 0.8106197 0.4795788      
8 grp:S:ID 0.8106197 0.4795788      

$`Sphericity Corrections`
    Effect       GGe     p[GG] p[GG]<.05      HFe     p[HF] p[HF]<.05
3        S 0.9511416 0.6396402           1.239853 0.6488390          
4    grp:S 0.9511416 0.4340093           1.239853 0.4381336          
7     S:ID 0.8407739 0.6508090           1.039331 0.6845975          
8 grp:S:ID 0.8407739 0.2319793           1.039331 0.2269216          

