[1] "Summary by group"
  grp     q3R.m      q3R.s
1   C 0.8794441 0.04430337
2   U 0.8410654 0.06090696
[1] "Summary by session\n"
  S     q3R.m      q3R.s
1 1 0.8513901 0.05370551
2 2 0.8663121 0.06631446
3 3 0.8630620 0.04744694
[1] "Summary by DID\n"
  DID     q3R.m      q3R.s
1   1 0.8685727 0.05611283
2   2 0.8710632 0.04661460
3   3 0.8411283 0.06146575
[1] "Summary by group + Session\n"
  grp S     q3R.m      q3R.s
1   C 1 0.8642527 0.03718283
2   C 2 0.8983522 0.04439236
3   C 3 0.8757273 0.04481676
4   U 1 0.8385276 0.06413378
5   U 2 0.8342720 0.06945992
6   U 3 0.8503967 0.04708432
[1] "Summary by Session + DID\n"
  S DID     q3R.m      q3R.s
1 1   1 0.8426473 0.05352133
2 1   2 0.8701813 0.04343677
3 1   3 0.8413417 0.05959585
4 2   1 0.8847243 0.05753921
5 2   2 0.8722850 0.06248737
6 2   3 0.8419270 0.07264936
7 3   1 0.8783463 0.04923225
8 3   2 0.8707233 0.02957578
9 3   3 0.8401163 0.05256716
[1] "Summary by group + DID\n"
  grp DID     q3R.m      q3R.s
1   C   1 0.8870502 0.04382817
2   C   2 0.8853407 0.03673586
3   C   3 0.8659413 0.04925398
4   U   1 0.8500951 0.06123392
5   U   2 0.8567858 0.05127131
6   U   3 0.8163153 0.06290175
[1] "Summary by group + Session + DID\n"
   grp S DID     q3R.m      q3R.s
1    C 1   1 0.8592120 0.04625133
2    C 1   2 0.8728993 0.03452823
3    C 1   3 0.8606467 0.02987563
4    C 2   1 0.9108527 0.02821766
5    C 2   2 0.9012747 0.04378351
6    C 2   3 0.8829293 0.05521692
7    C 3   1 0.8910860 0.04058227
8    C 3   2 0.8818480 0.02610026
9    C 3   3 0.8542480 0.05654401
10   U 1   1 0.8260827 0.05662610
11   U 1   2 0.8674633 0.05196388
12   U 1   3 0.8220367 0.07527191
13   U 2   1 0.8585960 0.06781491
14   U 2   2 0.8432953 0.06610896
15   U 2   3 0.8009247 0.06543236
16   U 3   1 0.8656067 0.05500957
17   U 3   2 0.8595987 0.02941963
18   U 3   3 0.8259847 0.04581299
