[1] "IPerfLrel ~S*IDR*IDL*grp + Error(pp/(S*IDR*IDL))"
$ANOVA
          Effect DFn DFd          F            p p<.05          ges
2            grp   1   8  0.1894791 6.748556e-01       0.0112150687
3              S   2  16  1.2788589 3.053257e-01       0.0107311799
5            IDR   2  16 44.4131164 2.945778e-07     * 0.1726181569
7            IDL   1   8  0.7071340 4.248163e-01       0.0272307169
4          grp:S   2  16  1.1755812 3.339268e-01       0.0098731109
6        grp:IDR   2  16  5.2403470 1.776335e-02     * 0.0240252475
8        grp:IDL   1   8  0.9296509 3.631902e-01       0.0354953699
9          S:IDR   4  32  0.5997954 6.654725e-01       0.0011774741
11         S:IDL   2  16  1.0593852 3.697687e-01       0.0039036583
13       IDR:IDL   2  16 15.2018254 1.997757e-04     * 0.0646954191
10     grp:S:IDR   4  32  3.0354937 3.142322e-02     * 0.0059306989
12     grp:S:IDL   2  16  1.9381608 1.763079e-01       0.0071187489
14   grp:IDR:IDL   2  16  0.6472332 5.366641e-01       0.0029363539
15     S:IDR:IDL   4  32  2.5072508 6.144340e-02       0.0053828766
16 grp:S:IDR:IDL   4  32  0.3525803 8.402843e-01       0.0007604811

$`Mauchly's Test for Sphericity`
          Effect          W          p p<.05
3              S 0.88416061 0.64991875      
4          grp:S 0.88416061 0.64991875      
5            IDR 0.41584532 0.04637259     *
6        grp:IDR 0.41584532 0.04637259     *
9          S:IDR 0.21120543 0.37056331      
10     grp:S:IDR 0.21120543 0.37056331      
11         S:IDL 0.87415797 0.62454643      
12     grp:S:IDL 0.87415797 0.62454643      
13       IDR:IDL 0.44832440 0.06033556      
14   grp:IDR:IDL 0.44832440 0.06033556      
15     S:IDR:IDL 0.05963919 0.04050043     *
16 grp:S:IDR:IDL 0.05963919 0.04050043     *

$`Sphericity Corrections`
          Effect       GGe        p[GG] p[GG]<.05       HFe        p[HF]
3              S 0.8961863 3.043853e-01           1.1382250 3.053257e-01
4          grp:S 0.8961863 3.312732e-01           1.1382250 3.339268e-01
5            IDR 0.6312515 3.001065e-05         * 0.6948075 1.346365e-05
6        grp:IDR 0.6312515 3.874660e-02         * 0.6948075 3.383097e-02
9          S:IDR 0.5435109 5.731348e-01           0.7537987 6.221544e-01
10     grp:S:IDR 0.5435109 7.049149e-02           0.7537987 4.836180e-02
11         S:IDL 0.8882241 3.645100e-01           1.1237983 3.697687e-01
12     grp:S:IDL 0.8882241 1.824050e-01           1.1237983 1.763079e-01
13       IDR:IDL 0.6444646 1.825580e-03         * 0.7152631 1.170840e-03
14   grp:IDR:IDL 0.6444646 4.778083e-01           0.7152631 4.916614e-01
15     S:IDR:IDL 0.5125430 1.111960e-01           0.6912615 8.923358e-02
16 grp:S:IDR:IDL 0.5125430 7.131551e-01           0.6912615 7.720445e-01
   p[HF]<.05
3           
4           
5          *
6          *
9           
10         *
11          
12          
13         *
14          
15          
16          

