[1] "decTime ~(S*ID*grp)+Error(pp/(S*ID))+grp"
$ANOVA
    Effect DFn DFd          F            p p<.05         ges
2      grp   1   8   2.951547 1.241203e-01       0.120593476
3        S   2  16  12.713911 4.950203e-04     * 0.248338282
5       ID   1   8 488.239646 1.858969e-08     * 0.927035219
4    grp:S   2  16   1.823631 1.934388e-01       0.045245034
6   grp:ID   1   8   6.542814 3.375748e-02     * 0.145489575
7     S:ID   2  16   1.364859 2.836024e-01       0.034945311
8 grp:S:ID   2  16   0.316349 7.332604e-01       0.008323113

$`Mauchly's Test for Sphericity`
    Effect         W          p p<.05
3        S 0.4379849 0.05560411      
4    grp:S 0.4379849 0.05560411      
7     S:ID 0.3627334 0.02874461     *
8 grp:S:ID 0.3627334 0.02874461     *

$`Sphericity Corrections`
    Effect       GGe       p[GG] p[GG]<.05       HFe       p[HF] p[HF]<.05
3        S 0.6401987 0.003414403         * 0.7086413 0.002356912         *
4    grp:S 0.6401987 0.209547128           0.7086413 0.206829197          
7     S:ID 0.6107741 0.280635449           0.6634209 0.281911003          
8 grp:S:ID 0.6107741 0.630791129           0.6634209 0.648057360          

