[1] "accQ ~(S*ID*grp)+Error(pp/(S*ID))+grp"
$ANOVA
    Effect DFn DFd          F            p p<.05         ges
2      grp   1   8  2.4142838 1.588386e-01       0.064855615
3        S   2  16  0.6332679 5.436484e-01       0.015182777
5       ID   1   8 82.4771866 1.733928e-05     * 0.838973222
4    grp:S   2  16  0.7757227 4.769323e-01       0.018534867
6   grp:ID   1   8  0.5049312 4.975308e-01       0.030910926
7     S:ID   2  16  8.6270851 2.872043e-03     * 0.070248081
8 grp:S:ID   2  16  0.9317179 4.142284e-01       0.008093909

$`Mauchly's Test for Sphericity`
    Effect         W           p p<.05
3        S 0.2425787 0.007030466     *
4    grp:S 0.2425787 0.007030466     *
7     S:ID 0.8440670 0.552483369      
8 grp:S:ID 0.8440670 0.552483369      

$`Sphericity Corrections`
    Effect       GGe       p[GG] p[GG]<.05       HFe       p[HF] p[HF]<.05
3        S 0.5690155 0.466495586           0.6005768 0.473784561          
4    grp:S 0.5690155 0.417856144           0.6005768 0.423566406          
7     S:ID 0.8651020 0.004737772         * 1.0823189 0.002872043         *
8 grp:S:ID 0.8651020 0.404143457           1.0823189 0.414228441          

