[1] "q4L ~S*IDR*IDL*grp + Error(pp/(S*IDR*IDL))"
$ANOVA
          Effect DFn DFd          F            p p<.05         ges
2            grp   1   8  2.9669048 1.232827e-01       0.134334244
3              S   2  16 12.6548179 5.064644e-04     * 0.190611416
5            IDR   2  16 40.4609582 5.515488e-07     * 0.215567864
7            IDL   1   8 58.6655914 5.964889e-05     * 0.399239847
4          grp:S   2  16  1.1246729 3.491254e-01       0.020500590
6        grp:IDR   2  16  2.3355756 1.288376e-01       0.015615333
8        grp:IDL   1   8  2.3686489 1.623560e-01       0.026130679
9          S:IDR   4  32  2.6813983 4.918075e-02     * 0.028639569
11         S:IDL   2  16  0.6545669 5.330368e-01       0.006835255
13       IDR:IDL   2  16 20.3234169 4.050930e-05     * 0.124266869
10     grp:S:IDR   4  32  0.9778911 4.333485e-01       0.010638254
12     grp:S:IDL   2  16  0.9204496 4.184330e-01       0.009585097
14   grp:IDR:IDL   2  16  1.8457354 1.899917e-01       0.012723167
15     S:IDR:IDL   4  32  1.6370680 1.890709e-01       0.012088731
16 grp:S:IDR:IDL   4  32  0.9000119 4.755098e-01       0.006682400

$`Mauchly's Test for Sphericity`
          Effect         W           p p<.05
3              S 0.1785062 0.002403183     *
4          grp:S 0.1785062 0.002403183     *
5            IDR 0.4890495 0.081796533      
6        grp:IDR 0.4890495 0.081796533      
9          S:IDR 0.1052781 0.119890846      
10     grp:S:IDR 0.1052781 0.119890846      
11         S:IDL 0.7944944 0.447010675      
12     grp:S:IDL 0.7944944 0.447010675      
13       IDR:IDL 0.7859825 0.430472230      
14   grp:IDR:IDL 0.7859825 0.430472230      
15     S:IDR:IDL 0.1315333 0.177000622      
16 grp:S:IDR:IDL 0.1315333 0.177000622      

$`Sphericity Corrections`
          Effect       GGe        p[GG] p[GG]<.05       HFe        p[HF]
3              S 0.5490000 5.686009e-03         * 0.5709939 5.044684e-03
4          grp:S 0.5490000 3.247013e-01           0.5709939 3.266510e-01
5            IDR 0.6618351 3.102353e-05         * 0.7424012 1.182287e-05
6        grp:IDR 0.6618351 1.531114e-01           0.7424012 1.471192e-01
9          S:IDR 0.6010609 8.575702e-02           0.8773699 5.821699e-02
10     grp:S:IDR 0.6010609 4.079349e-01           0.8773699 4.272692e-01
11         S:IDL 0.8295274 5.081802e-01           1.0196819 5.330368e-01
12     grp:S:IDL 0.8295274 4.049234e-01           1.0196819 4.184330e-01
13       IDR:IDL 0.8237114 1.577886e-04         * 1.0095749 4.050930e-05
14   grp:IDR:IDL 0.8237114 1.985858e-01           1.0095749 1.899917e-01
15     S:IDR:IDL 0.5304895 2.233714e-01           0.7271819 2.088517e-01
16 grp:S:IDR:IDL 0.5304895 4.306107e-01           0.7271819 4.534580e-01
   p[HF]<.05
3          *
4           
5          *
6           
9           
10          
11          
12          
13         *
14          
15          
16          

