[1] "Summary by group"
  grp     q4L.m      q4L.s
1   C 0.7441984 0.08082331
2   U 0.7063550 0.08063303
[1] "Summary by session\n"
  S     q4L.m      q4L.s
1 1 0.6930068 0.07293892
2 2 0.7355801 0.07973041
3 3 0.7472433 0.08574073
[1] "Summary by IDR+IDR\n"
  IDL IDR     q4L.m      q4L.s
1   D   D 0.8054921 0.05387611
2   D   M 0.7831168 0.07279814
3   D   E 0.7046921 0.07008526
4   E   D 0.6950940 0.06752920
5   E   M 0.6863152 0.07190158
6   E   E 0.6769501 0.05989143
[1] "Summary by group + Session\n"
  grp S     q4L.m      q4L.s
1   C 1 0.7041628 0.07164971
2   C 2 0.7531690 0.08304201
3   C 3 0.7752636 0.07096647
4   U 1 0.6818508 0.07290100
5   U 2 0.7179912 0.07255093
6   U 3 0.7192230 0.09034043
[1] "Summary by Session + IDR + IDL \n"
   S IDL IDR     q4L.m      q4L.s
1  1   D   D 0.7841300 0.05135791
2  1   D   M 0.7339710 0.07230911
3  1   D   E 0.6657833 0.04576005
4  1   E   D 0.6740127 0.04864649
5  1   E   M 0.6596327 0.05822204
6  1   E   E 0.6405110 0.04065213
7  2   D   D 0.8143323 0.05869971
8  2   D   M 0.8082993 0.04652197
9  2   D   E 0.6981277 0.05980619
10 2   E   D 0.7010497 0.07296439
11 2   E   M 0.7025687 0.06236244
12 2   E   E 0.6891030 0.05390160
13 3   D   D 0.8180140 0.04593116
14 3   D   M 0.8070800 0.07157259
15 3   D   E 0.7501653 0.07519329
16 3   E   D 0.7102197 0.07464365
17 3   E   M 0.6967443 0.08639943
18 3   E   E 0.7012363 0.06567959
[1] "Summary by group + IDR + IDL\n"
   grp IDL IDR     q4L.m      q4L.s
1    C   D   D 0.8059756 0.05607054
2    C   D   M 0.8095624 0.06832411
3    C   D   E 0.7109240 0.06901074
4    C   E   D 0.7243218 0.07324464
5    C   E   M 0.7148173 0.07022957
6    C   E   E 0.6995896 0.06586397
7    U   D   D 0.8050087 0.05221931
8    U   D   M 0.7566711 0.06797693
9    U   D   E 0.6984602 0.07136947
10   U   E   D 0.6658662 0.04595533
11   U   E   M 0.6578131 0.06215555
12   U   E   E 0.6543107 0.04323239
[1] "Summary by group + Session + IDR + IDL\n"
   grp S IDL IDR     q4L.m      q4L.s
1    C 1   D   D 0.7710167 0.06354193
2    C 1   D   M 0.7526207 0.08372090
3    C 1   D   E 0.6755227 0.04460955
4    C 1   E   D 0.6947873 0.05143376
5    C 1   E   M 0.6812440 0.05739879
6    C 1   E   E 0.6497853 0.04062271
7    C 2   D   D 0.8297813 0.04256937
8    C 2   D   M 0.8382100 0.02056909
9    C 2   D   E 0.6959420 0.07338949
10   C 2   E   D 0.7320293 0.08205713
11   C 2   E   M 0.7165907 0.06304903
12   C 2   E   E 0.7064607 0.06093398
13   C 3   D   D 0.8171287 0.04451098
14   C 3   D   M 0.8378567 0.04503495
15   C 3   D   E 0.7613073 0.05734724
16   C 3   E   D 0.7461487 0.07728676
17   C 3   E   M 0.7466173 0.07705097
18   C 3   E   E 0.7425227 0.05989677
19   U 1   D   D 0.7972433 0.03252092
20   U 1   D   M 0.7153213 0.05546341
21   U 1   D   E 0.6560440 0.04630618
22   U 1   E   D 0.6532380 0.03649296
23   U 1   E   M 0.6380213 0.05221397
24   U 1   E   E 0.6312367 0.03985870
25   U 2   D   D 0.7988833 0.06938185
26   U 2   D   M 0.7783887 0.04629243
27   U 2   D   E 0.7003133 0.04486413
28   U 2   E   D 0.6700700 0.04730663
29   U 2   E   M 0.6885467 0.06049328
30   U 2   E   E 0.6717453 0.04073972
31   U 3   D   D 0.8188993 0.04885825
32   U 3   D   M 0.7763033 0.08095250
33   U 3   D   E 0.7390233 0.09031718
34   U 3   E   D 0.6742907 0.05293283
35   U 3   E   M 0.6468713 0.06477742
36   U 3   E   E 0.6599500 0.04117635
