Post-hoc Tukey comparisons[1] "grp Tukey test"

	Pairwise comparisons using paired t tests 

data:  mdata$fRrel and mdata$grp 

  C   
U 0.55

P value adjustment method: bonferroni 
[1] "S Tukey test"

	Pairwise comparisons using paired t tests 

data:  mdata$fRrel and mdata$S 

  1    2   
2 0.12 -   
3 0.16 1.00

P value adjustment method: bonferroni 
[1] "IDR Tukey test"

	Pairwise comparisons using paired t tests 

data:  mdata$fRrel and mdata$IDR 

  D    M      
M 1.00 -      
E 0.15 5.8e-09

P value adjustment method: bonferroni 
[1] "IDL Tukey test"
