[1] "maxangleL ~(S*DID*grp)+Error(pp/(S*DID))+grp"
$ANOVA
     Effect DFn DFd           F          p p<.05          ges
2       grp   1   8 0.006613747 0.93718133       0.0001988076
3         S   2  16 5.895044928 0.01207370     * 0.1556863749
5       DID   2  16 5.116431568 0.01915113     * 0.1049716096
4     grp:S   2  16 1.480459416 0.25708979       0.0442584950
6   grp:DID   2  16 3.700845550 0.04775094     * 0.0781997986
7     S:DID   4  32 0.668963994 0.61827340       0.0265254480
8 grp:S:DID   4  32 0.634250505 0.64175409       0.0251836688

$`Mauchly's Test for Sphericity`
     Effect         W          p p<.05
3         S 0.5546618 0.12708636      
4     grp:S 0.5546618 0.12708636      
5       DID 0.4833482 0.07850735      
6   grp:DID 0.4833482 0.07850735      
7     S:DID 0.1111763 0.13089742      
8 grp:S:DID 0.1111763 0.13089742      

$`Sphericity Corrections`
     Effect       GGe      p[GG] p[GG]<.05       HFe      p[HF] p[HF]<.05
3         S 0.6918796 0.02565691         * 0.7900130 0.02014732         *
4     grp:S 0.6918796 0.26072424           0.7900130 0.26021004          
5       DID 0.6593471 0.03848108         * 0.7384970 0.03267932         *
6   grp:DID 0.6593471 0.07389388           0.7384970 0.06674369          
7     S:DID 0.6126279 0.55256172           0.9034438 0.60442421          
8 grp:S:DID 0.6126279 0.57151766           0.9034438 0.62696052          

