[1] "Full vs no Session"
Data: mdata
Models:
noS.mod: get(vname) ~ (1 | pp) + (1 | pp/DID) + DID + grp
full.mod: get(vname) ~ (1 | pp) + (1 | pp/DID) + (1 | pp/S) + (1 | pp/S:DID) + 
full.mod:     S + DID + grp
         Df    AIC    BIC  logLik  Chisq Chi Df Pr(>Chisq)    
noS.mod   8 486.06 514.85 -235.03                             
full.mod 14 462.31 512.69 -217.15 35.751      6  3.081e-06 ***
---
Signif. codes:  0 ‘***’ 0.001 ‘**’ 0.01 ‘*’ 0.05 ‘.’ 0.1 ‘ ’ 1 
[1] "Full vs no Group"
Data: mdata
Models:
nogrp.mod: get(vname) ~ (1 | pp) + (1 | pp/DID) + (1 | pp/S) + (1 | pp/S:DID) + 
nogrp.mod:     S + DID
full.mod: get(vname) ~ (1 | pp) + (1 | pp/DID) + (1 | pp/S) + (1 | pp/S:DID) + 
full.mod:     S + DID + grp
          Df    AIC    BIC  logLik Chisq Chi Df Pr(>Chisq)
nogrp.mod 13 460.16 506.94 -217.08                        
full.mod  14 462.31 512.69 -217.15     0      1          1
[1] "Full vs no Session and no Group"
Data: mdata
Models:
noSgrp.mod: get(vname) ~ (1 | pp) + (1 | pp/DID) + DID
full.mod: get(vname) ~ (1 | pp) + (1 | pp/DID) + (1 | pp/S) + (1 | pp/S:DID) + 
full.mod:     S + DID + grp
           Df    AIC    BIC  logLik  Chisq Chi Df Pr(>Chisq)    
noSgrp.mod  7 483.90 509.09 -234.95                             
full.mod   14 462.31 512.69 -217.15 35.595      7  8.643e-06 ***
---
Signif. codes:  0 ‘***’ 0.001 ‘**’ 0.01 ‘*’ 0.05 ‘.’ 0.1 ‘ ’ 1 
[1] "No Group vs no Session and no Group"
Data: mdata
Models:
noSgrp.mod: get(vname) ~ (1 | pp) + (1 | pp/DID) + DID
nogrp.mod: get(vname) ~ (1 | pp) + (1 | pp/DID) + (1 | pp/S) + (1 | pp/S:DID) + 
nogrp.mod:     S + DID
           Df    AIC    BIC  logLik  Chisq Chi Df Pr(>Chisq)    
noSgrp.mod  7 483.90 509.09 -234.95                             
nogrp.mod  13 460.16 506.94 -217.08 35.744      6  3.091e-06 ***
---
Signif. codes:  0 ‘***’ 0.001 ‘**’ 0.01 ‘*’ 0.05 ‘.’ 0.1 ‘ ’ 1 
[1] "No Session vs no Session and no Group"
Data: mdata
Models:
noSgrp.mod: get(vname) ~ (1 | pp) + (1 | pp/DID) + DID
noS.mod: get(vname) ~ (1 | pp) + (1 | pp/DID) + DID + grp
           Df    AIC    BIC  logLik Chisq Chi Df Pr(>Chisq)
noSgrp.mod  7 483.90 509.09 -234.95                        
noS.mod     8 486.06 514.85 -235.03     0      1          1
