[1] "Summary by group"
  grp maxangleL.m maxangleL.s
1   C    2.490739   0.5947264
2   U    2.480098   0.6148017
[1] "Summary by session\n"
  S maxangleL.m maxangleL.s
1 1    2.708440   0.5285248
2 2    2.328357   0.5719938
3 3    2.419459   0.6446390
[1] "Summary by DID\n"
  DID maxangleL.m maxangleL.s
1   1    2.658717   0.5704127
2   2    2.348544   0.5707187
3   3    2.448994   0.6324323
[1] "Summary by group + Session\n"
  grp S maxangleL.m maxangleL.s
1   C 1    2.692204   0.5155819
2   C 2    2.442133   0.5734721
3   C 3    2.337880   0.6439385
4   U 1    2.724676   0.5464995
5   U 2    2.214580   0.5535710
6   U 3    2.501038   0.6421011
[1] "Summary by Session + DID\n"
  S DID maxangleL.m maxangleL.s
1 1   1    2.914710   0.4019653
2 1   2    2.536077   0.5424857
3 1   3    2.674533   0.5705051
4 2   1    2.399140   0.6032335
5 2   2    2.300153   0.5354088
6 2   3    2.285777   0.5879286
7 3   1    2.662300   0.5792889
8 3   2    2.209403   0.5998652
9 3   3    2.386673   0.6871401
[1] "Summary by group + DID\n"
  grp DID maxangleL.m maxangleL.s
1   C   1    2.806571   0.4277547
2   C   2    2.336264   0.5782879
3   C   3    2.329382   0.6377580
4   U   1    2.510862   0.6560843
5   U   2    2.360824   0.5693128
6   U   3    2.568607   0.6107632
[1] "Summary by group + Session + DID\n"
   grp S DID maxangleL.m maxangleL.s
1    C 1   1    2.956827   0.3052940
2    C 1   2    2.487113   0.5286343
3    C 1   3    2.632673   0.5821511
4    C 2   1    2.713140   0.4486024
5    C 2   2    2.355453   0.5918264
6    C 2   3    2.257807   0.5991207
7    C 3   1    2.749747   0.4935696
8    C 3   2    2.166227   0.6046144
9    C 3   3    2.097667   0.6472197
10   U 1   1    2.872593   0.4875324
11   U 1   2    2.585040   0.5700971
12   U 1   3    2.716393   0.5758000
13   U 2   1    2.085140   0.5841679
14   U 2   2    2.244853   0.4868157
15   U 2   3    2.313747   0.5961444
16   U 3   1    2.574853   0.6596391
17   U 3   2    2.252580   0.6130465
18   U 3   3    2.675680   0.6165823
