Post-hoc Tukey comparisons[1] "grp Tukey test"

	Pairwise comparisons using paired t tests 

data:  mdata$q3L and mdata$grp 

  C      
U 3.9e-08

P value adjustment method: bonferroni 
[1] "S Tukey test"

	Pairwise comparisons using paired t tests 

data:  mdata$q3L and mdata$S 

  1       2   
2 2.1e-06 -   
3 6.0e-08 0.25

P value adjustment method: bonferroni 
[1] "IDR Tukey test"

	Pairwise comparisons using paired t tests 

data:  mdata$q3L and mdata$IDR 

  D     M    
M 1.000 -    
E 0.021 0.039

P value adjustment method: bonferroni 
[1] "IDL Tukey test"
