[1] "Summary by group"
  grp     q3L.m      q3L.s
1   C 0.8763580 0.05586680
2   U 0.8451698 0.07035754
[1] "Summary by session\n"
  S     q3L.m      q3L.s
1 1 0.8418018 0.06964899
2 2 0.8661354 0.06509185
3 3 0.8743544 0.05655817
[1] "Summary by IDR+IDR\n"
  IDL IDR     q3L.m      q3L.s
1   D   D 0.8423918 0.06153058
2   D   M 0.8449668 0.05264984
3   D   E 0.8277342 0.06422452
4   E   D 0.8892542 0.06196652
5   E   M 0.8831549 0.06755418
6   E   E 0.8770814 0.05908038
[1] "Summary by group + Session\n"
  grp S     q3L.m      q3L.s
1   C 1 0.8695544 0.05732731
2   C 2 0.8841141 0.05668186
3   C 3 0.8754054 0.05315658
4   U 1 0.8140492 0.07008799
5   U 2 0.8481568 0.06822713
6   U 3 0.8733033 0.06004780
[1] "Summary by Session + IDR + IDL \n"
   S IDL IDR     q3L.m      q3L.s
1  1   D   D 0.8278760 0.06142706
2  1   D   M 0.8243257 0.06846951
3  1   D   E 0.7977370 0.06749489
4  1   E   D 0.8760657 0.06541286
5  1   E   M 0.8718633 0.06258108
6  1   E   E 0.8529433 0.06266675
7  2   D   D 0.8451057 0.06800056
8  2   D   M 0.8482400 0.04721935
9  2   D   E 0.8313490 0.06552697
10 2   E   D 0.8924123 0.06860143
11 2   E   M 0.8938573 0.05719474
12 2   E   E 0.8858483 0.05545607
13 3   D   D 0.8541937 0.05340507
14 3   D   M 0.8623347 0.02873278
15 3   D   E 0.8541167 0.04631499
16 3   E   D 0.8992847 0.05005031
17 3   E   M 0.8837440 0.08103735
18 3   E   E 0.8924527 0.05275444
[1] "Summary by group + IDR + IDL\n"
   grp IDL IDR     q3L.m      q3L.s
1    C   D   D 0.8423776 0.05286179
2    C   D   M 0.8672620 0.03875787
3    C   D   E 0.8565198 0.05546918
4    C   E   D 0.8995991 0.05711199
5    C   E   M 0.8992609 0.04767665
6    C   E   E 0.8931287 0.05593285
7    U   D   D 0.8424060 0.06974024
8    U   D   M 0.8226716 0.05557059
9    U   D   E 0.7989487 0.05976297
10   U   E   D 0.8789093 0.06546977
11   U   E   M 0.8670489 0.08016976
12   U   E   E 0.8610342 0.05835320
[1] "Summary by group + Session + IDR + IDL\n"
   grp S IDL IDR     q3L.m      q3L.s
1    C 1   D   D 0.8303453 0.04838972
2    C 1   D   M 0.8668533 0.05033686
3    C 1   D   E 0.8385113 0.06064992
4    C 1   E   D 0.9026600 0.04424825
5    C 1   E   M 0.8994400 0.05500114
6    C 1   E   E 0.8795167 0.04929909
7    C 2   D   D 0.8576560 0.04928071
8    C 2   D   M 0.8671347 0.03568822
9    C 2   D   E 0.8631287 0.05975029
10   C 2   E   D 0.9097200 0.07011488
11   C 2   E   M 0.9043533 0.05127205
12   C 2   E   E 0.9026920 0.05064823
13   C 3   D   D 0.8391313 0.05996365
14   C 3   D   M 0.8677980 0.03021856
15   C 3   D   E 0.8679193 0.04345146
16   C 3   E   D 0.8864173 0.05541971
17   C 3   E   M 0.8939893 0.03784668
18   C 3   E   E 0.8971773 0.06725073
19   U 1   D   D 0.8254067 0.07390167
20   U 1   D   M 0.7817980 0.05745985
21   U 1   D   E 0.7569627 0.04685623
22   U 1   E   D 0.8494713 0.07341563
23   U 1   E   M 0.8442867 0.05880321
24   U 1   E   E 0.8263700 0.06473939
25   U 2   D   D 0.8325553 0.08253685
26   U 2   D   M 0.8293453 0.05079300
27   U 2   D   E 0.7995693 0.05621383
28   U 2   E   D 0.8751047 0.06473381
29   U 2   E   M 0.8833613 0.06253994
30   U 2   E   E 0.8690047 0.05654405
31   U 3   D   D 0.8692560 0.04273321
32   U 3   D   M 0.8568713 0.02707386
33   U 3   D   E 0.8403140 0.04633684
34   U 3   E   D 0.9121520 0.04198648
35   U 3   E   M 0.8734987 0.10929721
36   U 3   E   E 0.8877280 0.03455944
