[1] "Summary by group"
  grp     q1L.m      q1L.s
1   C 0.8548319 0.05448333
2   U 0.8658521 0.06961253
[1] "Summary by session\n"
  S     q1L.m      q1L.s
1 1 0.8677758 0.06264859
2 2 0.8591808 0.06191563
3 3 0.8540694 0.06308758
[1] "Summary by IDR+IDR\n"
  IDL IDR     q1L.m      q1L.s
1   D   D 0.8298023 0.05112860
2   D   M 0.8493607 0.05190231
3   D   E 0.8353940 0.05767371
4   E   D 0.8882024 0.05455370
5   E   M 0.8770801 0.07567586
6   E   E 0.8822124 0.05673822
[1] "Summary by group + Session\n"
  grp S     q1L.m      q1L.s
1   C 1 0.8643909 0.06054239
2   C 2 0.8468270 0.05090542
3   C 3 0.8532779 0.05055318
4   U 1 0.8711608 0.06484781
5   U 2 0.8715346 0.06935518
6   U 3 0.8548609 0.07380998
[1] "Summary by Session + IDR + IDL \n"
   S IDL IDR     q1L.m      q1L.s
1  1   D   D 0.8383317 0.04974086
2  1   D   M 0.8666663 0.05377334
3  1   D   E 0.8422097 0.05428126
4  1   E   D 0.8986467 0.06075737
5  1   E   M 0.8881113 0.06920605
6  1   E   E 0.8726893 0.06648103
7  2   D   D 0.8284243 0.04819498
8  2   D   M 0.8466120 0.05491756
9  2   D   E 0.8370393 0.06518508
10 2   E   D 0.8795157 0.05266459
11 2   E   M 0.8810050 0.06908344
12 2   E   E 0.8824883 0.05828159
13 3   D   D 0.8226510 0.05563855
14 3   D   M 0.8348037 0.04269636
15 3   D   E 0.8269330 0.05373737
16 3   E   D 0.8864450 0.04974385
17 3   E   M 0.8621240 0.08740850
18 3   E   E 0.8914597 0.04336894
[1] "Summary by group + IDR + IDL\n"
   grp IDL IDR     q1L.m      q1L.s
1    C   D   D 0.8149278 0.05295526
2    C   D   M 0.8510376 0.04347376
3    C   D   E 0.8453842 0.03979013
4    C   E   D 0.8769482 0.04723646
5    C   E   M 0.8776758 0.05755196
6    C   E   E 0.8630180 0.05907541
7    U   D   D 0.8446769 0.04506505
8    U   D   M 0.8476838 0.05960875
9    U   D   E 0.8254038 0.07029019
10   U   E   D 0.8994567 0.05940957
11   U   E   M 0.8764844 0.09094435
12   U   E   E 0.9014069 0.04762469
[1] "Summary by group + Session + IDR + IDL\n"
   grp S IDL IDR     q1L.m      q1L.s
1    C 1   D   D 0.8225207 0.05792331
2    C 1   D   M 0.8701387 0.04161852
3    C 1   D   E 0.8401687 0.03915416
4    C 1   E   D 0.8919547 0.05449462
5    C 1   E   M 0.8914020 0.05888547
6    C 1   E   E 0.8701607 0.07791119
7    C 2   D   D 0.8169313 0.04083280
8    C 2   D   M 0.8452500 0.03843683
9    C 2   D   E 0.8414407 0.04749438
10   C 2   E   D 0.8710853 0.04434956
11   C 2   E   M 0.8626013 0.06832801
12   C 2   E   E 0.8436533 0.05038248
13   C 3   D   D 0.8053313 0.06021809
14   C 3   D   M 0.8377240 0.04597494
15   C 3   D   E 0.8545433 0.03242669
16   C 3   E   D 0.8678047 0.04133246
17   C 3   E   M 0.8790240 0.04273592
18   C 3   E   E 0.8752400 0.04175210
19   U 1   D   D 0.8541427 0.03513167
20   U 1   D   M 0.8631940 0.06505188
21   U 1   D   E 0.8442507 0.06753812
22   U 1   E   D 0.9053387 0.06768282
23   U 1   E   M 0.8848207 0.08018950
24   U 1   E   E 0.8752180 0.05541926
25   U 2   D   D 0.8399173 0.05348886
26   U 2   D   M 0.8479740 0.06903575
27   U 2   D   E 0.8326380 0.08065029
28   U 2   E   D 0.8879460 0.06021671
29   U 2   E   M 0.8994087 0.06701826
30   U 2   E   E 0.9213233 0.03558022
31   U 3   D   D 0.8399707 0.04629690
32   U 3   D   M 0.8318833 0.04054874
33   U 3   D   E 0.7993227 0.05741620
34   U 3   E   D 0.9050853 0.05169829
35   U 3   E   M 0.8452240 0.11570585
36   U 3   E   E 0.9076793 0.03986354
