[1] "vfCircularity ~(S*ID*grp)+Error(pp/(S*ID))+grp"
$ANOVA
    Effect DFn DFd            F            p p<.05          ges
2      grp   1   8  0.590778171 4.642019e-01       2.023534e-02
3        S   2  16  3.208184451 6.736553e-02       4.991743e-02
5       ID   1   8 88.151148810 1.356411e-05     * 8.473912e-01
4    grp:S   2  16  0.482089976 6.261767e-01       7.833292e-03
6   grp:ID   1   8  0.292602174 6.032893e-01       1.809765e-02
7     S:ID   2  16  2.435648922 1.192791e-01       2.533700e-02
8 grp:S:ID   2  16  0.004650209 9.953619e-01       4.962915e-05

$`Mauchly's Test for Sphericity`
    Effect         W         p p<.05
3        S 0.9299379 0.7755124      
4    grp:S 0.9299379 0.7755124      
7     S:ID 0.6914493 0.2748914      
8 grp:S:ID 0.6914493 0.2748914      

$`Sphericity Corrections`
    Effect       GGe      p[GG] p[GG]<.05       HFe      p[HF] p[HF]<.05
3        S 0.9345252 0.07194245           1.2087404 0.06736553          
4    grp:S 0.9345252 0.61430749           1.2087404 0.62617669          
7     S:ID 0.7642042 0.13650330           0.9082523 0.12575150          
8 grp:S:ID 0.7642042 0.98566952           0.9082523 0.99282641          

