[1] "vfCircularityR ~(S*DID*grp)+Error(pp/(S*DID))+grp"
$ANOVA
     Effect DFn DFd          F            p p<.05         ges
2       grp   1   8  1.1212211 3.205768e-01       0.089029548
3         S   2  16  5.2032596 1.816647e-02     * 0.108186979
5       DID   2  16 83.6611638 3.366952e-09     * 0.289734336
4     grp:S   2  16  0.3988880 6.775566e-01       0.009214176
6   grp:DID   2  16 13.1219691 4.234915e-04     * 0.060134013
7     S:DID   4  32  0.5120039 7.273127e-01       0.004914176
8 grp:S:DID   4  32  1.5117171 2.221557e-01       0.014371454

$`Mauchly's Test for Sphericity`
     Effect         W         p p<.05
3         S 0.8157177 0.4902183      
4     grp:S 0.8157177 0.4902183      
5       DID 0.5289417 0.1076285      
6   grp:DID 0.5289417 0.1076285      
7     S:DID 0.2916132 0.5581946      
8 grp:S:DID 0.2916132 0.5581946      

$`Sphericity Corrections`
     Effect       GGe        p[GG] p[GG]<.05       HFe        p[HF] p[HF]<.05
3         S 0.8443932 2.511611e-02         * 1.0456846 1.816647e-02         *
4     grp:S 0.8443932 6.449576e-01           1.0456846 6.775566e-01          
5       DID 0.6797827 7.632599e-07         * 0.7707394 1.627453e-07         *
6   grp:DID 0.6797827 2.470158e-03         * 0.7707394 1.491870e-03         *
7     S:DID 0.6387086 6.503470e-01           0.9638601 7.209841e-01          
8 grp:S:DID 0.6387086 2.432856e-01           0.9638601 2.242750e-01          

