[1] "Summary by group"
  grp vfCircularityR.m vfCircularityR.s
1   C        0.3380963       0.06495050
2   U        0.3011039       0.09038265
[1] "Summary by session\n"
  S vfCircularityR.m vfCircularityR.s
1 1        0.3471600       0.06935043
2 2        0.3140251       0.08207680
3 3        0.2976151       0.08279177
[1] "Summary by DID\n"
  DID vfCircularityR.m vfCircularityR.s
1   1        0.3647074       0.06794447
2   2        0.3218643       0.06816136
3   3        0.2722284       0.07806673
[1] "Summary by group + Session\n"
  grp S vfCircularityR.m vfCircularityR.s
1   C 1        0.3621791       0.05891949
2   C 2        0.3405658       0.07252448
3   C 3        0.3115440       0.05287438
4   U 1        0.3321409       0.07612729
5   U 2        0.2874844       0.08322063
6   U 3        0.2836862       0.10330629
[1] "Summary by Session + DID\n"
  S DID vfCircularityR.m vfCircularityR.s
1 1   1        0.3996847       0.05316752
2 1   2        0.3441577       0.05587288
3 1   3        0.2976377       0.05840586
4 2   1        0.3574077       0.07157058
5 2   2        0.3197133       0.06882834
6 2   3        0.2649543       0.07964495
7 3   1        0.3370300       0.06407358
8 3   2        0.3017220       0.07389577
9 3   3        0.2540933       0.08880389
[1] "Summary by group + DID\n"
  grp DID vfCircularityR.m vfCircularityR.s
1   C   1        0.3631462       0.07299460
2   C   2        0.3445387       0.05736058
3   C   3        0.3066040       0.05030402
4   U   1        0.3662687       0.06328211
5   U   2        0.2991900       0.07110327
6   U   3        0.2378529       0.08590560
[1] "Summary by group + Session + DID\n"
   grp S DID vfCircularityR.m vfCircularityR.s
1    C 1   1        0.4046053       0.05851159
2    C 1   2        0.3656480       0.04360296
3    C 1   3        0.3162840       0.03724729
4    C 2   1        0.3636087       0.08831255
5    C 2   2        0.3486213       0.06634842
6    C 2   3        0.3094673       0.05152631
7    C 3   1        0.3212247       0.04240619
8    C 3   2        0.3193467       0.05349907
9    C 3   3        0.2940607       0.06027362
10   U 1   1        0.3947640       0.04878518
11   U 1   2        0.3226673       0.05979697
12   U 1   3        0.2789913       0.07024063
13   U 2   1        0.3512067       0.05224053
14   U 2   2        0.2908053       0.06016827
15   U 2   3        0.2204413       0.07898669
16   U 3   1        0.3528353       0.07855254
17   U 3   2        0.2840973       0.08822374
18   U 3   3        0.2141260       0.09633107
