[1] "accQRrel ~S*IDR*IDL*grp + Error(pp/(S*IDR*IDL))"
$ANOVA
          Effect DFn DFd           F            p p<.05         ges
2            grp   1   8  0.04591551 0.8356903561       0.001929990
3              S   2  16  0.58689457 0.5675849252       0.014234018
5            IDR   2  16  9.18515952 0.0022054202     * 0.214945751
7            IDL   1   8 48.42579730 0.0001173702     * 0.193752399
4          grp:S   2  16  3.28151253 0.0639412694       0.074704713
6        grp:IDR   2  16  0.48059615 0.6270596206       0.014123595
8        grp:IDL   1   8  2.48642544 0.1534829884       0.012188531
9          S:IDR   4  32  0.42302597 0.7908250231       0.003891663
11         S:IDL   2  16  0.49013795 0.6214438855       0.001324225
13       IDR:IDL   2  16 14.25216795 0.0002790881     * 0.086978576
10     grp:S:IDR   4  32  2.47603462 0.0639536802       0.022356252
12     grp:S:IDL   2  16  8.30391927 0.0033603442     * 0.021971202
14   grp:IDR:IDL   2  16  2.58298873 0.1066235715       0.016972222
15     S:IDR:IDL   4  32  1.11059447 0.3686180506       0.005396704
16 grp:S:IDR:IDL   4  32  2.53166219 0.0595508524       0.012217720

$`Mauchly's Test for Sphericity`
          Effect          W          p p<.05
3              S 0.57103713 0.14071009      
4          grp:S 0.57103713 0.14071009      
5            IDR 0.42250050 0.04902248     *
6        grp:IDR 0.42250050 0.04902248     *
9          S:IDR 0.04169079 0.01939232     *
10     grp:S:IDR 0.04169079 0.01939232     *
11         S:IDL 0.54264980 0.11771146      
12     grp:S:IDL 0.54264980 0.11771146      
13       IDR:IDL 0.34300271 0.02363423     *
14   grp:IDR:IDL 0.34300271 0.02363423     *
15     S:IDR:IDL 0.12082201 0.15297824      
16 grp:S:IDR:IDL 0.12082201 0.15297824      

$`Sphericity Corrections`
          Effect       GGe       p[GG] p[GG]<.05       HFe       p[HF]
3              S 0.6998082 0.514488061           0.8027222 0.534750954
4          grp:S 0.6998082 0.087549906           0.8027222 0.078602147
5            IDR 0.6339146 0.009469136         * 0.6989174 0.007291191
6        grp:IDR 0.6339146 0.547913992           0.6989174 0.564661918
9          S:IDR 0.6008496 0.696739227           0.8768977 0.767032910
10     grp:S:IDR 0.6008496 0.102470523           0.8768977 0.073831425
11         S:IDL 0.6861769 0.556723010           0.7809095 0.578771932
12     grp:S:IDL 0.6861769 0.010364070         * 0.7809095 0.007358731
13       IDR:IDL 0.6035013 0.002911426         * 0.6523647 0.002173957
14   grp:IDR:IDL 0.6035013 0.137815012           0.6523647 0.133661639
15     S:IDR:IDL 0.4743074 0.351663144           0.6175501 0.359757183
16 grp:S:IDR:IDL 0.4743074 0.114496337           0.6175501 0.095596671
   p[HF]<.05
3           
4           
5          *
6           
9           
10          
11          
12         *
13         *
14          
15          
16          

