[1] "vfCircularityR ~(S*DID*grp)+Error(pp/(S*DID))+grp"
$ANOVA
     Effect DFn DFd          F            p p<.05         ges
2       grp   1   8  1.1163411 3.215668e-01       0.088637489
3         S   2  16  5.2064152 1.813177e-02     * 0.108212887
5       DID   2  16 83.0181913 3.562003e-09     * 0.290581523
4     grp:S   2  16  0.3879044 6.846871e-01       0.008959731
6   grp:DID   2  16 13.0164403 4.408051e-04     * 0.060346515
7     S:DID   4  32  0.5187062 7.225408e-01       0.004973993
8 grp:S:DID   4  32  1.5246136 2.185095e-01       0.014480197

$`Mauchly's Test for Sphericity`
     Effect         W         p p<.05
3         S 0.8107077 0.4797611      
4     grp:S 0.8107077 0.4797611      
5       DID 0.5193225 0.1009323      
6   grp:DID 0.5193225 0.1009323      
7     S:DID 0.2931312 0.5615137      
8 grp:S:DID 0.2931312 0.5615137      

$`Sphericity Corrections`
     Effect       GGe        p[GG] p[GG]<.05       HFe        p[HF] p[HF]<.05
3         S 0.8408362 2.526197e-02         * 1.0394405 1.813177e-02         *
4     grp:S 0.8408362 6.509085e-01           1.0394405 6.846871e-01          
5       DID 0.6753665 8.548872e-07         * 0.7637381 1.913549e-07         *
6   grp:DID 0.6753665 2.603060e-03         * 0.7637381 1.599874e-03         *
7     S:DID 0.6429922 6.472807e-01           0.9740051 7.180400e-01          
8 grp:S:DID 0.6429922 2.400069e-01           0.9740051 2.200683e-01          

