[1] "Summary by group"
  grp vfCircularityR.m vfCircularityR.s
1   C        0.3381030       0.06496656
2   U        0.3012155       0.09044301
[1] "Summary by session\n"
  S vfCircularityR.m vfCircularityR.s
1 1        0.3471897       0.06942017
2 2        0.3141512       0.08214310
3 3        0.2976369       0.08275468
[1] "Summary by DID\n"
  DID vfCircularityR.m vfCircularityR.s
1   1        0.3648469       0.06799951
2   2        0.3219156       0.06814827
3   3        0.2722153       0.07802684
[1] "Summary by group + Session\n"
  grp S vfCircularityR.m vfCircularityR.s
1   C 1        0.3622109       0.05913020
2   C 2        0.3405229       0.07241656
3   C 3        0.3115753       0.05285046
4   U 1        0.3321684       0.07609162
5   U 2        0.2877796       0.08355616
6   U 3        0.2836984       0.10325577
[1] "Summary by Session + DID\n"
  S DID vfCircularityR.m vfCircularityR.s
1 1   1        0.3997993       0.05331964
2 1   2        0.3442223       0.05585857
3 1   3        0.2975473       0.05835243
4 2   1        0.3577860       0.07156611
5 2   2        0.3197133       0.06882834
6 2   3        0.2649543       0.07964495
7 3   1        0.3369553       0.06407697
8 3   2        0.3018110       0.07387444
9 3   3        0.2541443       0.08876889
[1] "Summary by group + DID\n"
  grp DID vfCircularityR.m vfCircularityR.s
1   C   1        0.3631953       0.07304381
2   C   2        0.3445700       0.05732009
3   C   3        0.3065438       0.05027414
4   U   1        0.3664984       0.06334017
5   U   2        0.2992611       0.07112352
6   U   3        0.2378869       0.08588832
[1] "Summary by group + Session + DID\n"
   grp S DID vfCircularityR.m vfCircularityR.s
1    C 1   1        0.4048813       0.05886027
2    C 1   2        0.3656480       0.04360296
3    C 1   3        0.3161033       0.03717042
4    C 2   1        0.3634800       0.08806978
5    C 2   2        0.3486213       0.06634842
6    C 2   3        0.3094673       0.05152631
7    C 3   1        0.3212247       0.04240619
8    C 3   2        0.3194407       0.05340998
9    C 3   3        0.2940607       0.06027362
10   U 1   1        0.3947173       0.04867405
11   U 1   2        0.3227967       0.05981900
12   U 1   3        0.2789913       0.07024063
13   U 2   1        0.3520920       0.05275882
14   U 2   2        0.2908053       0.06016827
15   U 2   3        0.2204413       0.07898669
16   U 3   1        0.3526860       0.07859038
17   U 3   2        0.2841813       0.08823857
18   U 3   3        0.2142280       0.09630954
