[1] "q1Lrel ~S*IDR*IDL*grp + Error(pp/(S*IDR*IDL))"
$ANOVA
          Effect DFn DFd         F          p p<.05         ges
2            grp   1   8 0.2964510 0.60095864       0.014349182
3              S   2  16 1.2837448 0.30404252       0.026505844
5            IDR   2  16 0.2892593 0.75265180       0.001740621
7            IDL   1   8 3.5723372 0.09541670       0.021051114
4          grp:S   2  16 1.9243508 0.17828017       0.039213943
6        grp:IDR   2  16 1.8947329 0.18259433       0.011292478
8        grp:IDL   1   8 4.7276285 0.06140456       0.027670649
9          S:IDR   4  32 0.9075661 0.47128393       0.009665477
11         S:IDL   2  16 0.5431040 0.59128159       0.009719900
13       IDR:IDL   2  16 2.1439252 0.14964823       0.013733710
10     grp:S:IDR   4  32 0.9785738 0.43299272       0.010413825
12     grp:S:IDL   2  16 0.6725728 0.52424735       0.012009171
14   grp:IDR:IDL   2  16 2.7656097 0.09298456       0.017645868
15     S:IDR:IDL   4  32 0.4891962 0.74358512       0.003565041
16 grp:S:IDR:IDL   4  32 1.3378700 0.27732191       0.009689861

$`Mauchly's Test for Sphericity`
          Effect         W         p p<.05
3              S 0.8361484 0.5345541      
4          grp:S 0.8361484 0.5345541      
5            IDR 0.6468684 0.2176987      
6        grp:IDR 0.6468684 0.2176987      
9          S:IDR 0.2112922 0.3707774      
10     grp:S:IDR 0.2112922 0.3707774      
11         S:IDL 0.8892533 0.6631156      
12     grp:S:IDL 0.8892533 0.6631156      
13       IDR:IDL 0.8816074 0.6433737      
14   grp:IDR:IDL 0.8816074 0.6433737      
15     S:IDR:IDL 0.3565738 0.6898867      
16 grp:S:IDR:IDL 0.3565738 0.6898867      

$`Sphericity Corrections`
          Effect       GGe     p[GG] p[GG]<.05       HFe      p[HF] p[HF]<.05
3              S 0.8592160 0.3027051           1.0718573 0.30404252          
4          grp:S 0.8592160 0.1858466           1.0718573 0.17828017          
5            IDR 0.7390264 0.6889446           0.8664955 0.72272037          
6        grp:IDR 0.7390264 0.1959806           0.8664955 0.18954355          
9          S:IDR 0.6206429 0.4388721           0.9217674 0.46590136          
10     grp:S:IDR 0.6206429 0.4094086           0.9217674 0.42925691          
11         S:IDL 0.9002953 0.5744039           1.1456991 0.59128159          
12     grp:S:IDL 0.9002953 0.5107158           1.1456991 0.52424735          
13       IDR:IDL 0.8941404 0.1563787           1.1345110 0.14964823          
14   grp:IDR:IDL 0.8941404 0.1007599           1.1345110 0.09298456          
15     S:IDR:IDL 0.7078998 0.6828798           1.1359603 0.74358512          
16 grp:S:IDR:IDL 0.7078998 0.2866424           1.1359603 0.27732191          

