Post-hoc Tukey comparisons[1] "grp Tukey test"

	Pairwise comparisons using paired t tests 

data:  mdata$q1Lrel and mdata$grp 

  C    
U 0.027

P value adjustment method: bonferroni 
[1] "S Tukey test"

	Pairwise comparisons using paired t tests 

data:  mdata$q1Lrel and mdata$S 

  1      2     
2 0.3618 -     
3 0.0012 0.1014

P value adjustment method: bonferroni 
[1] "IDR Tukey test"

	Pairwise comparisons using paired t tests 

data:  mdata$q1Lrel and mdata$IDR 

  D M
M 1 -
E 1 1

P value adjustment method: bonferroni 
[1] "IDL Tukey test"
