Post-hoc Tukey comparisons[1] "grp Tukey test"

	Pairwise comparisons using paired t tests 

data:  mdata$vfTrajCircularityLrel and mdata$grp 

  C    
U 0.033

P value adjustment method: bonferroni 
[1] "S Tukey test"

	Pairwise comparisons using paired t tests 

data:  mdata$vfTrajCircularityLrel and mdata$S 

  1       2      
2 0.00023 -      
3 0.06755 0.81112

P value adjustment method: bonferroni 
[1] "IDR Tukey test"

	Pairwise comparisons using paired t tests 

data:  mdata$vfTrajCircularityLrel and mdata$IDR 

  D       M      
M 0.0011  -      
E < 2e-16 2.7e-11

P value adjustment method: bonferroni 
[1] "IDL Tukey test"
