[1] "peakVelLrel ~S*IDR*IDL*grp + Error(pp/(S*IDR*IDL))"
$ANOVA
          Effect DFn DFd          F            p p<.05         ges
2            grp   1   8  0.3142063 5.904589e-01       0.016320262
3              S   2  16  0.3957942 6.795566e-01       0.005084449
5            IDR   2  16 18.5187283 6.859593e-05     * 0.046514538
7            IDL   1   8  0.7322102 4.170583e-01       0.014075350
4          grp:S   2  16  1.2892466 3.026049e-01       0.016373983
6        grp:IDR   2  16  2.8444306 8.771338e-02       0.007437325
8        grp:IDL   1   8  0.2071106 6.611379e-01       0.004021905
9          S:IDR   4  32  0.8230845 5.201944e-01       0.009209084
11         S:IDL   2  16  0.4389741 6.522329e-01       0.005582512
13       IDR:IDL   2  16  4.4261684 2.951359e-02     * 0.018759395
10     grp:S:IDR   4  32  0.9769153 4.338576e-01       0.010911440
12     grp:S:IDL   2  16  0.9911687 3.928174e-01       0.012516972
14   grp:IDR:IDL   2  16  1.4658979 2.602708e-01       0.006291844
15     S:IDR:IDL   4  32  0.4559819 7.673230e-01       0.003975326
16 grp:S:IDR:IDL   4  32  0.3448340 8.456104e-01       0.003009236

$`Mauchly's Test for Sphericity`
          Effect         W          p p<.05
3              S 0.9488206 0.83204022      
4          grp:S 0.9488206 0.83204022      
5            IDR 0.7444311 0.35594728      
6        grp:IDR 0.7444311 0.35594728      
9          S:IDR 0.2019372 0.34763764      
10     grp:S:IDR 0.2019372 0.34763764      
11         S:IDL 0.5895961 0.15737690      
12     grp:S:IDL 0.5895961 0.15737690      
13       IDR:IDL 0.3865136 0.03589853     *
14   grp:IDR:IDL 0.3865136 0.03589853     *
15     S:IDR:IDL 0.1917908 0.32248252      
16 grp:S:IDR:IDL 0.1917908 0.32248252      

$`Sphericity Corrections`
          Effect       GGe        p[GG] p[GG]<.05       HFe        p[HF]
3              S 0.9513124 0.6699068374           1.2401748 6.795566e-01
4          grp:S 0.9513124 0.3023158426           1.2401748 3.026049e-01
5            IDR 0.7964517 0.0002978293         * 0.9626927 8.969229e-05
6        grp:IDR 0.7964517 0.1032655901           0.9626927 9.037847e-02
9          S:IDR 0.5723283 0.4692949592           0.8144300 5.014961e-01
10     grp:S:IDR 0.5723283 0.4055982241           0.8144300 4.241322e-01
11         S:IDL 0.7090167 0.5890369488           0.8175597 6.150983e-01
12     grp:S:IDL 0.7090167 0.3722201102           0.8175597 3.810789e-01
13       IDR:IDL 0.6197759 0.0559439459           0.6771715 5.076065e-02
14   grp:IDR:IDL 0.6197759 0.2629496223           0.6771715 2.633104e-01
15     S:IDR:IDL 0.6293947 0.6836471424           0.9420204 7.566619e-01
16 grp:S:IDR:IDL 0.6293947 0.7592815992           0.9420204 8.351136e-01
   p[HF]<.05
3           
4           
5          *
6           
9           
10          
11          
12          
13          
14          
15          
16          

