Post-hoc Tukey comparisons[1] "grp Tukey test"

	Pairwise comparisons using paired t tests 

data:  mdata$peakVelLrel and mdata$grp 

  C    
U 0.014

P value adjustment method: bonferroni 
[1] "S Tukey test"

	Pairwise comparisons using paired t tests 

data:  mdata$peakVelLrel and mdata$S 

  1    2   
2 0.22 -   
3 1.00 1.00

P value adjustment method: bonferroni 
[1] "IDR Tukey test"

	Pairwise comparisons using paired t tests 

data:  mdata$peakVelLrel and mdata$IDR 

  D       M    
M 0.076   -    
E 1.8e-09 0.002

P value adjustment method: bonferroni 
[1] "IDL Tukey test"
