[1] "fLrel ~S*IDR*IDL*grp + Error(pp/(S*IDR*IDL))"
$ANOVA
          Effect DFn DFd          F            p p<.05          ges
2            grp   1   8  0.1886157 6.755469e-01       0.0111395282
3              S   2  16  1.0867575 3.609511e-01       0.0096202994
5            IDR   2  16 47.1910885 1.948804e-07     * 0.1733015889
7            IDL   1   8  0.7596147 4.088422e-01       0.0284223229
4          grp:S   2  16  1.1944895 3.284724e-01       0.0105639002
6        grp:IDR   2  16  5.2140658 1.804796e-02     * 0.0226374572
8        grp:IDL   1   8  0.9933512 3.481119e-01       0.0368457439
9          S:IDR   4  32  0.6402992 6.376311e-01       0.0013362448
11         S:IDL   2  16  0.9704999 4.001168e-01       0.0042384920
13       IDR:IDL   2  16 14.7924790 2.303496e-04     * 0.0629933901
10     grp:S:IDR   4  32  2.5752127 5.632164e-02       0.0053526152
12     grp:S:IDL   2  16  1.7600900 2.037461e-01       0.0076604752
14   grp:IDR:IDL   2  16  0.5415250 5.921566e-01       0.0024550613
15     S:IDR:IDL   4  32  2.2061523 9.053994e-02       0.0051863766
16 grp:S:IDR:IDL   4  32  0.3467796 8.442755e-01       0.0008188128

$`Mauchly's Test for Sphericity`
          Effect          W          p p<.05
3              S 0.94037347 0.80640144      
4          grp:S 0.94037347 0.80640144      
5            IDR 0.41264406 0.04513512     *
6        grp:IDR 0.41264406 0.04513512     *
9          S:IDR 0.27284284 0.51785295      
10     grp:S:IDR 0.27284284 0.51785295      
11         S:IDL 0.84956432 0.56518017      
12     grp:S:IDL 0.84956432 0.56518017      
13       IDR:IDL 0.43099625 0.05256023      
14   grp:IDR:IDL 0.43099625 0.05256023      
15     S:IDR:IDL 0.09097916 0.09176864      
16 grp:S:IDR:IDL 0.09097916 0.09176864      

$`Sphericity Corrections`
          Effect       GGe        p[GG] p[GG]<.05       HFe        p[HF]
3              S 0.9437287 3.587224e-01           1.2259315 0.3609511136
4          grp:S 0.9437287 3.273028e-01           1.2259315 0.3284724355
5            IDR 0.6299784 2.344432e-05         * 0.6928451 0.0000103414
6        grp:IDR 0.6299784 3.927465e-02         * 0.6928451 0.0343722786
9          S:IDR 0.5716836 5.585773e-01           0.8130469 0.6079438783
10     grp:S:IDR 0.5716836 9.765631e-02           0.8130469 0.0714289188
11         S:IDL 0.8692359 3.914751e-01           1.0896898 0.4001167648
12     grp:S:IDL 0.8692359 2.093794e-01           1.0896898 0.2037461131
13       IDR:IDL 0.6373471 2.096211e-03         * 0.7042243 0.0013900896
14   grp:IDR:IDL 0.6373471 5.204541e-01           0.7042243 0.5361411126
15     S:IDR:IDL 0.5392442 1.375173e-01           0.7450249 0.1139683063
16 grp:S:IDR:IDL 0.5392442 7.272902e-01           0.7450249 0.7905029234
   p[HF]<.05
3           
4           
5          *
6          *
9           
10          
11          
12          
13         *
14          
15          
16          

