[1] "Summary by group"
  grp   fLrel.m   fLrel.s
1   C 0.7294658 0.3582721
2   U 0.6642576 0.3841974
[1] "Summary by session\n"
  S   fLrel.m   fLrel.s
1 1 0.6547068 0.3015131
2 2 0.7114442 0.3939001
3 3 0.7244342 0.4112115
[1] "Summary by IDR+IDR\n"
  IDL IDR   fLrel.m   fLrel.s
1   D   D 0.9396315 0.5192676
2   D   M 0.5801211 0.3860518
3   D   E 0.4132097 0.3646343
4   E   D 0.8245550 0.2113316
5   E   M 0.7539069 0.2102866
6   E   E 0.6697459 0.1573854
[1] "Summary by group + Session\n"
  grp S   fLrel.m   fLrel.s
1   C 1 0.6467879 0.2808848
2   C 2 0.7810335 0.3944251
3   C 3 0.7605760 0.3780391
4   U 1 0.6626256 0.3222090
5   U 2 0.6418549 0.3830048
6   U 3 0.6882923 0.4410605
[1] "Summary by Session + IDR + IDL \n"
   S IDL IDR   fLrel.m   fLrel.s
1  1   D   D 0.8710157 0.4303012
2  1   D   M 0.5439103 0.2955992
3  1   D   E 0.4057982 0.3170895
4  1   E   D 0.8213978 0.0741697
5  1   E   M 0.6925308 0.1133202
6  1   E   E 0.5935879 0.1021084
7  2   D   D 0.9122119 0.5303099
8  2   D   M 0.5939679 0.4132641
9  2   D   E 0.3908168 0.3729137
10 2   E   D 0.8476790 0.2860150
11 2   E   M 0.8108271 0.2467622
12 2   E   E 0.7131623 0.1793793
13 3   D   D 1.0356669 0.5881627
14 3   D   M 0.6024852 0.4440136
15 3   D   E 0.4430143 0.4085819
16 3   E   D 0.8045881 0.2208655
17 3   E   M 0.7583628 0.2338993
18 3   E   E 0.7024876 0.1560664
[1] "Summary by group + IDR + IDL\n"
   grp IDL IDR   fLrel.m   fLrel.s
1    C   D   D 0.9901033 0.5106979
2    C   D   M 0.5480285 0.2638014
3    C   D   E 0.3123937 0.1148707
4    C   E   D 0.9547369 0.1782080
5    C   E   M 0.8493267 0.1907803
6    C   E   E 0.7222058 0.1590355
7    U   D   D 0.8891598 0.5285668
8    U   D   M 0.6122138 0.4793342
9    U   D   E 0.5140258 0.4847196
10   U   E   D 0.6943731 0.1546416
11   U   E   M 0.6584871 0.1855399
12   U   E   E 0.6172860 0.1384985
[1] "Summary by group + Session + IDR + IDL\n"
   grp S IDL IDR   fLrel.m    fLrel.s
1    C 1   D   D 0.8557161 0.45179634
2    C 1   D   M 0.5002671 0.19879627
3    C 1   D   E 0.3361423 0.10647100
4    C 1   E   D 0.8542733 0.06305554
5    C 1   E   M 0.7304863 0.07839994
6    C 1   E   E 0.6038423 0.08766400
7    C 2   D   D 1.0482483 0.53142615
8    C 2   D   M 0.6106216 0.32406177
9    C 2   D   E 0.3035714 0.13648011
10   C 2   E   D 1.0210411 0.25039327
11   C 2   E   M 0.9149522 0.24477381
12   C 2   E   E 0.7877663 0.16572889
13   C 3   D   D 1.0663454 0.55132740
14   C 3   D   M 0.5331968 0.25942572
15   C 3   D   E 0.2974673 0.10286681
16   C 3   E   D 0.9888962 0.12792189
17   C 3   E   M 0.9025417 0.15984345
18   C 3   E   E 0.7750088 0.14743091
19   U 1   D   D 0.8863153 0.42299222
20   U 1   D   M 0.5875534 0.37067188
21   U 1   D   E 0.4754540 0.43190308
22   U 1   E   D 0.7885223 0.07143689
23   U 1   E   M 0.6545754 0.13178245
24   U 1   E   E 0.5833334 0.11699000
25   U 2   D   D 0.7761756 0.51036818
26   U 2   D   M 0.5773143 0.49815981
27   U 2   D   E 0.4780622 0.50311502
28   U 2   E   D 0.6743168 0.20579897
29   U 2   E   M 0.7067021 0.20732928
30   U 2   E   E 0.6385582 0.16510458
31   U 3   D   D 1.0049884 0.64078214
32   U 3   D   M 0.6717736 0.57514248
33   U 3   D   E 0.5885612 0.53835578
34   U 3   E   D 0.6202801 0.10904971
35   U 3   E   M 0.6141839 0.20792037
36   U 3   E   E 0.6299664 0.13208839
