[1] "vfTrajCircularityL ~S*IDR*IDL*grp + Error(pp/(S*IDR*IDL))"
$ANOVA
          Effect DFn DFd          F            p p<.05         ges
2            grp   1   8  0.9036767 3.696293e-01       0.044475664
3              S   2  16 10.3378141 1.312017e-03     * 0.150833134
5            IDR   2  16 38.2352262 8.034077e-07     * 0.220496736
7            IDL   1   8 45.7855921 1.426215e-04     * 0.252343141
4          grp:S   2  16  0.6683410 5.262983e-01       0.011353096
6        grp:IDR   2  16  1.7588374 2.039554e-01       0.012844927
8        grp:IDL   1   8  1.0491190 3.356814e-01       0.007674310
9          S:IDR   4  32  1.5867727 2.017288e-01       0.026227324
11         S:IDL   2  16  0.7075926 5.076157e-01       0.006116123
13       IDR:IDL   2  16 12.9551771 4.512209e-04     * 0.084889023
10     grp:S:IDR   4  32  1.6891853 1.767720e-01       0.027872891
12     grp:S:IDL   2  16  1.1682641 3.360648e-01       0.010057919
14   grp:IDR:IDL   2  16  2.0946913 1.555878e-01       0.014777091
15     S:IDR:IDL   4  32  1.4241508 2.484965e-01       0.012252504
16 grp:S:IDR:IDL   4  32  0.5713580 6.853150e-01       0.004951939

$`Mauchly's Test for Sphericity`
          Effect          W           p p<.05
3              S 0.18347894 0.002645768     *
4          grp:S 0.18347894 0.002645768     *
5            IDR 0.81884618 0.496830376      
6        grp:IDR 0.81884618 0.496830376      
9          S:IDR 0.06318807 0.045457483     *
10     grp:S:IDR 0.06318807 0.045457483     *
11         S:IDL 0.94697119 0.826377872      
12     grp:S:IDL 0.94697119 0.826377872      
13       IDR:IDL 0.87912021 0.637043249      
14   grp:IDR:IDL 0.87912021 0.637043249      
15     S:IDR:IDL 0.44002938 0.818808437      
16 grp:S:IDR:IDL 0.44002938 0.818808437      

$`Sphericity Corrections`
          Effect       GGe        p[GG] p[GG]<.05       HFe        p[HF]
3              S 0.5505028 9.794097e-03         * 0.5732032 8.834918e-03
4          grp:S 0.5505028 4.495184e-01           0.5732032 4.546634e-01
5            IDR 0.8466298 4.694444e-06         * 1.0496180 8.034077e-07
6        grp:IDR 0.8466298 2.105146e-01           1.0496180 2.039554e-01
9          S:IDR 0.5413360 2.325941e-01           0.7493200 2.186483e-01
10     grp:S:IDR 0.5413360 2.127366e-01           0.7493200 1.959871e-01
11         S:IDL 0.9496416 5.013967e-01           1.2370308 5.076157e-01
12     grp:S:IDL 0.9496416 3.348081e-01           1.2370308 3.360648e-01
13       IDR:IDL 0.8921563 8.091703e-04         * 1.1309139 4.512209e-04
14   grp:IDR:IDL 0.8921563 1.622493e-01           1.1309139 1.555878e-01
15     S:IDR:IDL 0.7582605 2.598629e-01           1.2732832 2.484965e-01
16 grp:S:IDR:IDL 0.7582605 6.410440e-01           1.2732832 6.853150e-01
   p[HF]<.05
3          *
4           
5          *
6           
9           
10          
11          
12          
13         *
14          
15          
16          

