[1] "q3 ~(S*ID*grp)+Error(pp/(S*ID))+grp"
$ANOVA
    Effect DFn DFd            F            p p<.05          ges
2      grp   1   8 5.192533e-05 0.9944270072       9.880088e-07
3        S   2  16 1.364128e+01 0.0003487035     * 1.703983e-01
5       ID   2  16 4.441871e+00 0.0292169093     * 1.641012e-01
4    grp:S   2  16 1.914440e+00 0.1797108394       2.801822e-02
6   grp:ID   2  16 4.456103e-01 0.6481441089       1.931422e-02
7     S:ID   4  32 5.374337e-01 0.7092409922       2.449312e-02
8 grp:S:ID   4  32 2.248647e-01 0.9225023740       1.039612e-02

$`Mauchly's Test for Sphericity`
    Effect         W         p p<.05
3        S 0.6217629 0.1895338      
4    grp:S 0.6217629 0.1895338      
5       ID 0.9447138 0.8195035      
6   grp:ID 0.9447138 0.8195035      
7     S:ID 0.2784268 0.5288774      
8 grp:S:ID 0.2784268 0.5288774      

$`Sphericity Corrections`
    Effect       GGe       p[GG] p[GG]<.05       HFe        p[HF] p[HF]<.05
3        S 0.7255645 0.001658531         * 0.8444327 0.0008416691         *
4    grp:S 0.7255645 0.194103112           0.8444327 0.1879771910          
5       ID 0.9476102 0.031897301         * 1.2332127 0.0292169093         *
6   grp:ID 0.9476102 0.638275638           1.2332127 0.6481441089          
7     S:ID 0.6736981 0.643353068           1.0486455 0.7092409922          
8 grp:S:ID 0.6736981 0.859223032           1.0486455 0.9225023740          

