[1] "Summary by group"
  grp      q3.m       q3.s
1   C 0.8731806 0.04730811
2   U 0.8732467 0.05560614
[1] "Summary by session\n"
  S      q3.m       q3.s
1 1 0.8522874 0.05661832
2 2 0.8802238 0.05041548
3 3 0.8871297 0.03986717
[1] "Summary by ID\n"
  ID      q3.m       q3.s
1  D 0.8529960 0.05391343
2  M 0.8789934 0.04576263
3  E 0.8876514 0.04864465
[1] "Summary by group + Session\n"
  grp S      q3.m       q3.s
1   C 1 0.8569178 0.05068842
2   C 2 0.8834676 0.04717973
3   C 3 0.8791564 0.04006769
4   U 1 0.8476571 0.06221698
5   U 2 0.8769800 0.05379367
6   U 3 0.8951029 0.03846363
[1] "Summary by Session + ID\n"
  S ID      q3.m       q3.s
1 1  D 0.8249940 0.05655057
2 1  M 0.8590533 0.04786541
3 1  E 0.8728150 0.05563300
4 2  D 0.8680047 0.05046820
5 2  M 0.8870800 0.04681180
6 2  E 0.8855867 0.05319054
7 3  D 0.8659893 0.04423346
8 3  M 0.8908470 0.03633627
9 3  E 0.9045527 0.02846426
[1] "Summary by group + ID\n"
  grp ID      q3.m       q3.s
1   C  D 0.8588698 0.05317818
2   C  M 0.8734640 0.04291110
3   C  E 0.8872080 0.04166347
4   U  D 0.8471222 0.05459749
5   U  M 0.8845229 0.04829215
6   U  E 0.8880949 0.05522805
[1] "Summary by group + Session + ID\n"
   grp S ID      q3.m       q3.s
1    C 1  D 0.8417440 0.04858751
2    C 1  M 0.8541573 0.05379110
3    C 1  E 0.8748520 0.04713069
4    C 2  D 0.8718380 0.06155256
5    C 2  M 0.8876413 0.03190595
6    C 2  E 0.8909233 0.04433883
7    C 3  D 0.8630273 0.04717343
8    C 3  M 0.8785933 0.03511055
9    C 3  E 0.8958487 0.03177921
10   U 1  D 0.8082440 0.06051784
11   U 1  M 0.8639493 0.04243815
12   U 1  E 0.8707780 0.06466020
13   U 2  D 0.8641713 0.03815501
14   U 2  M 0.8865187 0.05933422
15   U 2  E 0.8802500 0.06191602
16   U 3  D 0.8689513 0.04253025
17   U 3  M 0.9031007 0.03435772
18   U 3  E 0.9132567 0.02249534
