[1] "MI ~(S*DID*grp)+Error(pp/(S*DID))+grp"
$ANOVA
     Effect DFn DFd        F           p p<.05        ges
2       grp   1   8 5.819604 0.042350258     * 0.26861822
3         S   2  16 6.496443 0.008602569     * 0.07568381
5       DID   2  16 8.387488 0.003225676     * 0.15494176
4     grp:S   2  16 5.725813 0.013317274     * 0.06731024
6   grp:DID   2  16 8.251799 0.003447532     * 0.15281823
7     S:DID   4  32 1.776294 0.157945273       0.04645375
8 grp:S:DID   4  32 1.818630 0.149523907       0.04750832

$`Mauchly's Test for Sphericity`
     Effect           W           p p<.05
3         S 0.566176021 0.136562089      
4     grp:S 0.566176021 0.136562089      
5       DID 0.478338569 0.075696169      
6   grp:DID 0.478338569 0.075696169      
7     S:DID 0.004750302 0.000126069     *
8 grp:S:DID 0.004750302 0.000126069     *

$`Sphericity Corrections`
     Effect       GGe      p[GG] p[GG]<.05       HFe       p[HF] p[HF]<.05
3         S 0.6974357 0.01973462         * 0.7989127 0.014909795         *
4     grp:S 0.6974357 0.02720003         * 0.7989127 0.021372745         *
5       DID 0.6571764 0.01119542         * 0.7350953 0.008416104         *
6   grp:DID 0.6571764 0.01171990         * 0.7350953 0.008852315         *
7     S:DID 0.4141712 0.20859474           0.5088097 0.200264711          
8 grp:S:DID 0.4141712 0.20228640           0.5088097 0.193385313          

