[1] "Summary by group"
  grp      MI.m       MI.s
1   C 0.7786499 0.03986886
2   U 0.5741822 0.30557670
[1] "Summary by session\n"
  S      MI.m      MI.s
1 1 0.7315044 0.1794908
2 2 0.6837881 0.2369979
3 3 0.6139555 0.2814910
[1] "Summary by DID\n"
  DID      MI.m       MI.s
1   1 0.7705386 0.05495739
2   2 0.6637390 0.25292559
3   3 0.5949706 0.30310128
[1] "Summary by group + Session\n"
  grp S      MI.m       MI.s
1   C 1 0.7850533 0.03406766
2   C 2 0.7742684 0.05211741
3   C 3 0.7766278 0.02997078
4   U 1 0.6779556 0.24112278
5   U 2 0.5933077 0.30684000
6   U 3 0.4512833 0.32442197
[1] "Summary by Session + DID\n"
  S DID      MI.m       MI.s
1 1   1 0.7855237 0.04334095
2 1   2 0.7042341 0.21375869
3 1   3 0.7047556 0.21627137
4 2   1 0.7578067 0.05877160
5 2   2 0.7087375 0.21508213
6 2   3 0.5848201 0.32591285
7 3   1 0.7682853 0.05942612
8 3   2 0.5782453 0.30499261
9 3   3 0.4953360 0.32574567
[1] "Summary by group + DID\n"
  grp DID      MI.m       MI.s
1   C   1 0.7795242 0.04608843
2   C   2 0.7782671 0.03800025
3   C   3 0.7781582 0.03565792
4   U   1 0.7615529 0.06180595
5   U   2 0.5492108 0.31799840
6   U   3 0.4117829 0.34046506
[1] "Summary by group + Session + DID\n"
   grp S DID      MI.m       MI.s
1    C 1   1 0.7943053 0.04550052
2    C 1   2 0.7807520 0.02254777
3    C 1   3 0.7801027 0.03051426
4    C 2   1 0.7634233 0.05255631
5    C 2   2 0.7772540 0.06076174
6    C 2   3 0.7821280 0.04336818
7    C 3   1 0.7808440 0.03646515
8    C 3   2 0.7767953 0.01810851
9    C 3   3 0.7722440 0.03355252
10   U 1   1 0.7767420 0.04068785
11   U 1   2 0.6277162 0.28564754
12   U 1   3 0.6294085 0.28946683
13   U 2   1 0.7521900 0.06576593
14   U 2   2 0.6402209 0.28648436
15   U 2   3 0.3875123 0.36704549
16   U 3   1 0.7557267 0.07514982
17   U 3   2 0.3796953 0.32845312
18   U 3   3 0.2184279 0.23316066
