[1] "maxangle ~(S*ID*grp)+Error(pp/(S*ID))+grp"
$ANOVA
    Effect DFn DFd           F            p p<.05        ges
2      grp   1   8   0.7876735 4.006989e-01       0.03340631
3        S   2  16   7.7551469 4.419165e-03     * 0.15960980
5       ID   2  16 100.1674103 8.952585e-10     * 0.62172745
4    grp:S   2  16   0.6128191 5.540607e-01       0.01478602
6   grp:ID   2  16   0.8612129 4.413413e-01       0.01393430
7     S:ID   4  32   2.4406160 6.692945e-02       0.08939606
8 grp:S:ID   4  32   0.4860255 7.458503e-01       0.01917520

$`Mauchly's Test for Sphericity`
    Effect         W          p p<.05
3        S 0.3488045 0.02506325     *
4    grp:S 0.3488045 0.02506325     *
5       ID 0.3820367 0.03446416     *
6   grp:ID 0.3820367 0.03446416     *
7     S:ID 0.2421635 0.44430823      
8 grp:S:ID 0.2421635 0.44430823      

$`Sphericity Corrections`
    Effect       GGe        p[GG] p[GG]<.05       HFe        p[HF] p[HF]<.05
3        S 0.6056218 1.656475e-02         * 0.6555834 1.398326e-02         *
4    grp:S 0.6056218 4.829045e-01           0.6555834 4.940122e-01          
5       ID 0.6180610 9.589536e-07         * 0.6745463 3.401005e-07         *
6   grp:ID 0.6180610 3.997108e-01           0.6745463 4.074728e-01          
7     S:ID 0.6510864 9.970860e-02           0.9933509 6.743196e-02          
8 grp:S:ID 0.6510864 6.702158e-01           0.9933509 7.446810e-01          

