[1] "Summary by group"
  grp maxangle.m maxangle.s
1   C   1.646978  0.8260074
2   U   1.503526  0.7165267
[1] "Summary by session\n"
  S maxangle.m maxangle.s
1 1   1.794392  0.8278868
2 2   1.545623  0.7661061
3 3   1.385741  0.6766020
[1] "Summary by ID\n"
  ID maxangle.m maxangle.s
1  D  0.9480664  0.3163443
2  M  1.6205713  0.7451360
3  E  2.1571189  0.6467919
[1] "Summary by group + Session\n"
  grp S maxangle.m maxangle.s
1   C 1   1.866639  0.8271330
2   C 2   1.674976  0.8734142
3   C 3   1.399321  0.7197217
4   U 1   1.722146  0.8315918
5   U 2   1.416271  0.6245791
6   U 3   1.372162  0.6384421
[1] "Summary by Session + ID\n"
  S ID maxangle.m maxangle.s
1 1  D  1.1065063  0.3308526
2 1  M  2.0437500  0.9177281
3 1  E  2.2329200  0.6316686
4 2  D  0.8943903  0.2584812
5 2  M  1.5933427  0.7002673
6 2  E  2.1491367  0.6528197
7 3  D  0.8433027  0.3009048
8 3  M  1.2246213  0.1522193
9 3  E  2.0893000  0.6692712
[1] "Summary by group + ID\n"
  grp ID maxangle.m maxangle.s
1   C  D  0.9553391  0.3632552
2   C  M  1.7308182  0.8165097
3   C  E  2.2547778  0.6363912
4   U  D  0.9407938  0.2652534
5   U  M  1.5103244  0.6569055
6   U  E  2.0594600  0.6493732
[1] "Summary by group + Session + ID\n"
   grp S ID maxangle.m maxangle.s
1    C 1  D  1.1610227  0.4248755
2    C 1  M  2.1943467  0.9253391
3    C 1  E  2.2445467  0.5584571
4    C 2  D  0.8820620  0.2598037
5    C 2  M  1.7804387  0.8307349
6    C 2  E  2.3624267  0.6693542
7    C 3  D  0.8229327  0.3111786
8    C 3  M  1.2176693  0.1842782
9    C 3  E  2.1573600  0.7001656
10   U 1  D  1.0519900  0.1996442
11   U 1  M  1.8931533  0.9163828
12   U 1  E  2.2212933  0.7171797
13   U 2  D  0.9067187  0.2656571
14   U 2  M  1.4062467  0.5006439
15   U 2  E  1.9358467  0.5807485
16   U 3  D  0.8636727  0.2997224
17   U 3  M  1.2315733  0.1180444
18   U 3  E  2.0212400  0.6539759
