[1] "d1D ~(S*DID*grp)+Error(pp/(S*DID))+grp"
$ANOVA
     Effect DFn DFd         F         p p<.05         ges
2       grp   1   8 0.1931440 0.6719423       0.004591852
3         S   2  16 1.1735227 0.3345267       0.044861990
5       DID   2  16 1.4038107 0.2743398       0.026303594
4     grp:S   2  16 1.1580686 0.3390695       0.044297372
6   grp:DID   2  16 1.5901848 0.2344791       0.029692048
7     S:DID   4  32 0.9828568 0.4307658       0.039506235
8 grp:S:DID   4  32 0.9763313 0.4341624       0.039254238

$`Mauchly's Test for Sphericity`
     Effect            W            p p<.05
3         S 0.7844863435 4.276110e-01      
4     grp:S 0.7844863435 4.276110e-01      
5       DID 0.8514328568 5.695429e-01      
6   grp:DID 0.8514328568 5.695429e-01      
7     S:DID 0.0001328697 1.195962e-08     *
8 grp:S:DID 0.0001328697 1.195962e-08     *

$`Sphericity Corrections`
     Effect       GGe     p[GG] p[GG]<.05       HFe     p[HF] p[HF]<.05
3         S 0.8226975 0.3294264           1.0078167 0.3345267          
4     grp:S 0.8226975 0.3334867           1.0078167 0.3390695          
5       DID 0.8706500 0.2753155           1.0922157 0.2743398          
6   grp:DID 0.8706500 0.2381660           1.0922157 0.2344791          
7     S:DID 0.4632884 0.3912730           0.5969883 0.4056198          
8 grp:S:DID 0.4632884 0.3934803           0.5969883 0.4081736          

