[1] "Summary by group"
  grp       d1D.m      d1D.s
1   C -0.01096269 0.08484393
2   U  0.19158120 3.66378087
[1] "Summary by session\n"
  S       d1D.m     d1D.s
1 1  0.09230634 0.7664372
2 2 -0.30645984 2.3815063
3 3  0.48508127 3.6981761
[1] "Summary by DID\n"
  DID       d1D.m      d1D.s
1   1 -0.03045193 0.09265339
2   2 -0.13064997 2.81014012
3   3  0.43202966 3.48778200
[1] "Summary by group + Session\n"
  grp S         d1D.m      d1D.s
1   C 1 -0.0274131422 0.03959164
2   C 2 -0.0056730311 0.07312627
3   C 3  0.0001981022 0.12072677
4   U 1  0.2120258233 1.07578713
5   U 2 -0.6072466558 3.35881504
6   U 3  0.9699644356 5.21232741
[1] "Summary by Session + DID\n"
  S DID        d1D.m      d1D.s
1 1   1 -0.022573675 0.03676978
2 1   2  0.204127873 1.14325610
3 1   3  0.095364823 0.68396343
4 2   1 -0.028164690 0.11249626
5 2   2 -0.894237687 4.06822778
6 2   3  0.003022847 0.55328988
7 3   1 -0.040617410 0.11028169
8 3   2  0.298159900 2.33846793
9 3   3  1.197701317 5.97032329
[1] "Summary by group + DID\n"
  grp DID         d1D.m      d1D.s
1   C   1  0.0009103133 0.06233123
2   C   2 -0.0001513978 0.12518218
3   C   3 -0.0336469867 0.03971064
4   U   1 -0.0618141633 0.10708565
5   U   2 -0.2611485447 3.99033148
6   U   3  0.8977063111 4.91534046
[1] "Summary by group + Session + DID\n"
   grp S DID        d1D.m      d1D.s
1    C 1   1 -0.017400000 0.04191624
2    C 1   2 -0.025703760 0.03993152
3    C 1   3 -0.039135667 0.03629236
4    C 2   1  0.018416493 0.08508384
5    C 2   2 -0.009628567 0.07670490
6    C 2   3 -0.025807020 0.05109326
7    C 3   1  0.001714447 0.05026008
8    C 3   2  0.034878133 0.19915249
9    C 3   3 -0.035998273 0.03040345
10   U 1   1 -0.027747350 0.03140506
11   U 1   2  0.433959507 1.61016858
12   U 1   3  0.229865313 0.96381763
13   U 2   1 -0.074745873 0.11969098
14   U 2   2 -1.778846807 5.70967520
15   U 2   3  0.031852713 0.79355794
16   U 3   1 -0.082949267 0.13721069
17   U 3   2  0.561441667 3.33755421
18   U 3   3  2.431400907 8.40078510
