Post-hoc Tukey comparisons[1] "grp Tukey test"

	Pairwise comparisons using paired t tests 

data:  mdata$IPerfRrel and mdata$grp 

  C   
U 0.49

P value adjustment method: bonferroni 
[1] "S Tukey test"

	Pairwise comparisons using paired t tests 

data:  mdata$IPerfRrel and mdata$S 

  1    2   
2 0.05 -   
3 0.07 1.00

P value adjustment method: bonferroni 
[1] "IDR Tukey test"

	Pairwise comparisons using paired t tests 

data:  mdata$IPerfRrel and mdata$IDR 

  D     M      
M 1.000 -      
E 0.098 3.1e-09

P value adjustment method: bonferroni 
[1] "IDL Tukey test"
