[1] "Summary by group"
  grp HarmonicityLrel.m HarmonicityLrel.s
1   C         0.7406395         0.5423636
2   U         1.0468975         0.7214029
[1] "Summary by session\n"
  S HarmonicityLrel.m HarmonicityLrel.s
1 1         0.8200097         0.7078861
2 2         0.9177891         0.5960402
3 3         0.9435067         0.6557278
[1] "Summary by IDR+IDR\n"
  IDL IDR HarmonicityLrel.m HarmonicityLrel.s
1   D   D         0.9643868         0.3556845
2   D   M         0.6538013         0.5096847
3   D   E         0.3242767         0.4877572
4   E   D         1.1027808         0.7316626
5   E   M         1.1759756         0.7188363
6   E   E         1.1413899         0.5916992
[1] "Summary by group + Session\n"
  grp S HarmonicityLrel.m HarmonicityLrel.s
1   C 1         0.5799128         0.4330017
2   C 2         0.8168001         0.4812223
3   C 3         0.8252058         0.6563527
4   U 1         1.0601066         0.8389022
5   U 2         1.0187782         0.6799397
6   U 3         1.0618076         0.6369345
[1] "Summary by Session + IDR + IDL \n"
   S IDL IDR HarmonicityLrel.m HarmonicityLrel.s
1  1   D   D         0.9833328         0.5066591
2  1   D   M         0.4688563         0.6221770
3  1   D   E         0.2613089         0.5926495
4  1   E   D         0.9310374         0.6697886
5  1   E   M         1.1118176         0.8339568
6  1   E   E         1.1637053         0.5027585
7  2   D   D         0.9605821         0.1875279
8  2   D   M         0.7052024         0.4061700
9  2   D   E         0.2624303         0.3788812
10 2   E   D         1.2679878         0.8344040
11 2   E   M         1.1275971         0.4186498
12 2   E   E         1.1829351         0.4894521
13 3   D   D         0.9492455         0.3094605
14 3   D   M         0.7873452         0.4342887
15 3   D   E         0.4490909         0.4595324
16 3   E   D         1.1093171         0.6627754
17 3   E   M         1.2885121         0.8338352
18 3   E   E         1.0775292         0.7586963
[1] "Summary by group + IDR + IDL\n"
   grp IDL IDR HarmonicityLrel.m HarmonicityLrel.s
1    C   D   D        0.94540802        0.35711195
2    C   D   M        0.57629620        0.47547935
3    C   D   E        0.07418187        0.04527843
4    C   E   D        0.87609923        0.61457966
5    C   E   M        0.92886949        0.51891178
6    C   E   E        1.04298238        0.34997475
7    U   D   D        0.98336556        0.35725695
8    U   D   M        0.73130636        0.53581092
9    U   D   E        0.57437156        0.59264927
10   U   E   D        1.32946230        0.77460568
11   U   E   M        1.42308176        0.80686260
12   U   E   E        1.23979735        0.75225142
[1] "Summary by group + Session + IDR + IDL\n"
   grp S IDL IDR HarmonicityLrel.m HarmonicityLrel.s
1    C 1   D   D        0.86361360        0.46607459
2    C 1   D   M        0.24267533        0.33693357
3    C 1   D   E        0.06460385        0.04266393
4    C 1   E   D        0.64732039        0.25324108
5    C 1   E   M        0.74914038        0.31649517
6    C 1   E   E        0.91212313        0.22053653
7    C 2   D   D        0.93581944        0.26136119
8    C 2   D   M        0.72540277        0.42058737
9    C 2   D   E        0.06488215        0.03180536
10   C 2   E   D        0.90398283        0.47784665
11   C 2   E   M        0.98894821        0.21960460
12   C 2   E   E        1.28176491        0.21898342
13   C 3   D   D        1.03679104        0.31473162
14   C 3   D   M        0.76081050        0.49047917
15   C 3   D   E        0.09305960        0.05512455
16   C 3   E   D        1.07699448        0.89132558
17   C 3   E   M        1.04851987        0.80253601
18   C 3   E   E        0.93505911        0.44321318
19   U 1   D   D        1.10305201        0.53273288
20   U 1   D   M        0.69503721        0.76073040
21   U 1   D   E        0.45801401        0.80176144
22   U 1   E   D        1.21475432        0.83225985
23   U 1   E   M        1.47449492        1.02889054
24   U 1   E   E        1.41528738        0.58251308
25   U 2   D   D        0.98534467        0.05675986
26   U 2   D   M        0.68500193        0.40492458
27   U 2   D   E        0.45997840        0.46121404
28   U 2   E   D        1.63199281        0.96432657
29   U 2   E   M        1.26624600        0.52310129
30   U 2   E   E        1.08410534        0.65372370
31   U 3   D   D        0.86170000        0.28791098
32   U 3   D   M        0.81387993        0.38549527
33   U 3   D   E        0.80512227        0.40343529
34   U 3   E   D        1.14163977        0.33648014
35   U 3   E   M        1.52850437        0.82020767
36   U 3   E   E        1.21999933        0.97592154
