[1] "q3R ~(S*DID*grp)+Error(pp/(S*DID))+grp"
$ANOVA
     Effect DFn DFd         F           p p<.05         ges
2       grp   1   8 4.5451946 0.065593902       0.202932028
3         S   2  16 0.8394939 0.450091383       0.027599935
5       DID   2  16 9.1996478 0.002190602     * 0.112830522
4     grp:S   2  16 1.6887013 0.216070435       0.054011266
6   grp:DID   2  16 0.9379003 0.411941774       0.012800020
7     S:DID   4  32 2.3861404 0.071785463       0.048476105
8 grp:S:DID   4  32 0.4262064 0.788562561       0.009017742

$`Mauchly's Test for Sphericity`
     Effect         W         p p<.05
3         S 0.8475081 0.5604070      
4     grp:S 0.8475081 0.5604070      
5       DID 0.6841156 0.2648216      
6   grp:DID 0.6841156 0.2648216      
7     S:DID 0.1636967 0.2515811      
8 grp:S:DID 0.1636967 0.2515811      

$`Sphericity Corrections`
     Effect       GGe       p[GG] p[GG]<.05       HFe       p[HF] p[HF]<.05
3         S 0.8676851 0.437397601           1.0869223 0.450091383          
4     grp:S 0.8676851 0.221019385           1.0869223 0.216070435          
5       DID 0.7599452 0.005681099         * 0.9011432 0.003237975         *
6   grp:DID 0.7599452 0.392866188           0.9011432 0.404868278          
7     S:DID 0.5218854 0.120953665           0.7098517 0.098327031          
8 grp:S:DID 0.5218854 0.668215343           0.7098517 0.725780675          

