[1] "q4 ~(S*ID*grp)+Error(pp/(S*ID))+grp"
$ANOVA
    Effect DFn DFd           F            p p<.05         ges
2      grp   1   8  0.23189037 0.6430221023       0.008244380
3        S   2  16  4.95589053 0.0211340017     * 0.084172217
5       ID   1   8 27.14983404 0.0008118829     * 0.605965888
4    grp:S   2  16  0.37898564 0.6905391860       0.006979339
6   grp:ID   1   8  0.03633631 0.8535711537       0.002053974
7     S:ID   2  16  0.13338811 0.8760883854       0.001859054
8 grp:S:ID   2  16  2.47551739 0.1156953862       0.033411096

$`Mauchly's Test for Sphericity`
    Effect         W         p p<.05
3        S 0.6447244 0.2151837      
4    grp:S 0.6447244 0.2151837      
7     S:ID 0.7786617 0.4166016      
8 grp:S:ID 0.7786617 0.4166016      

$`Sphericity Corrections`
    Effect       GGe      p[GG] p[GG]<.05       HFe      p[HF] p[HF]<.05
3        S 0.7378573 0.03532229         * 0.8645722 0.02752767         *
4    grp:S 0.7378573 0.63080768           0.8645722 0.66194667          
7     S:ID 0.8187740 0.83684002           1.0010238 0.87608839          
8 grp:S:ID 0.8187740 0.12889270           1.0010238 0.11569539          

