[1] "Full vs no Session"
Data: mdata
Models:
noS.mod: get(vname) ~ (1 | pp) + (1 | pp/ID) + ID + grp
full.mod: get(vname) ~ (1 | pp) + (1 | pp/ID) + (1 | pp/S) + (1 | pp/S:ID) + 
full.mod:     S + ID + grp
         Df     AIC     BIC logLik  Chisq Chi Df Pr(>Chisq)    
noS.mod   7 -575.41 -553.06 294.70                             
full.mod 13 -602.58 -561.07 314.29 39.172      6  6.623e-07 ***
---
Signif. codes:  0 ‘***’ 0.001 ‘**’ 0.01 ‘*’ 0.05 ‘.’ 0.1 ‘ ’ 1 
[1] "Full vs no Group"
Data: mdata
Models:
nogrp.mod: get(vname) ~ (1 | pp) + (1 | pp/ID) + (1 | pp/S) + (1 | pp/S:ID) + 
nogrp.mod:     S + ID
full.mod: get(vname) ~ (1 | pp) + (1 | pp/ID) + (1 | pp/S) + (1 | pp/S:ID) + 
full.mod:     S + ID + grp
          Df     AIC     BIC logLik  Chisq Chi Df Pr(>Chisq)
nogrp.mod 12 -604.49 -566.18 314.25                         
full.mod  13 -602.58 -561.07 314.29 0.0902      1     0.7639
[1] "Full vs no Session and no Group"
Data: mdata
Models:
noSgrp.mod: get(vname) ~ (1 | pp) + (1 | pp/ID) + ID
full.mod: get(vname) ~ (1 | pp) + (1 | pp/ID) + (1 | pp/S) + (1 | pp/S:ID) + 
full.mod:     S + ID + grp
           Df     AIC     BIC logLik  Chisq Chi Df Pr(>Chisq)    
noSgrp.mod  6 -577.32 -558.16 294.66                             
full.mod   13 -602.58 -561.07 314.29 39.266      7  1.739e-06 ***
---
Signif. codes:  0 ‘***’ 0.001 ‘**’ 0.01 ‘*’ 0.05 ‘.’ 0.1 ‘ ’ 1 
[1] "No Group vs no Session and no Group"
Data: mdata
Models:
noSgrp.mod: get(vname) ~ (1 | pp) + (1 | pp/ID) + ID
nogrp.mod: get(vname) ~ (1 | pp) + (1 | pp/ID) + (1 | pp/S) + (1 | pp/S:ID) + 
nogrp.mod:     S + ID
           Df     AIC     BIC logLik  Chisq Chi Df Pr(>Chisq)    
noSgrp.mod  6 -577.32 -558.16 294.66                             
nogrp.mod  12 -604.49 -566.18 314.25 39.175      6  6.613e-07 ***
---
Signif. codes:  0 ‘***’ 0.001 ‘**’ 0.01 ‘*’ 0.05 ‘.’ 0.1 ‘ ’ 1 
[1] "No Session vs no Session and no Group"
Data: mdata
Models:
noSgrp.mod: get(vname) ~ (1 | pp) + (1 | pp/ID) + ID
noS.mod: get(vname) ~ (1 | pp) + (1 | pp/ID) + ID + grp
           Df     AIC     BIC logLik  Chisq Chi Df Pr(>Chisq)
noSgrp.mod  6 -577.32 -558.16 294.66                         
noS.mod     7 -575.41 -553.06 294.70 0.0937      1     0.7595
