[1] "q4 ~(S*ID*grp)+Error(pp/(S*ID))+grp"
$ANOVA
    Effect DFn DFd          F            p p<.05        ges
2      grp   1   8  2.9338083 0.1250969832       0.02061028
3        S   2  16  9.4833067 0.0019219022     * 0.16714356
5       ID   2  16 25.5317561 0.0000104971     * 0.54445379
4    grp:S   2  16  1.1838909 0.3315172743       0.02444133
6   grp:ID   2  16  0.2488755 0.7826397797       0.01151595
7     S:ID   4  32  0.7893927 0.5406944726       0.03786420
8 grp:S:ID   4  32  0.2034330 0.9346230812       0.01004011

$`Mauchly's Test for Sphericity`
    Effect         W         p p<.05
3        S 0.5930947 0.1606697      
4    grp:S 0.5930947 0.1606697      
5       ID 0.6615175 0.2354478      
6   grp:ID 0.6615175 0.2354478      
7     S:ID 0.1320457 0.1767085      
8 grp:S:ID 0.1320457 0.1767085      

$`Sphericity Corrections`
    Effect       GGe        p[GG] p[GG]<.05       HFe        p[HF] p[HF]<.05
3        S 0.7107799 0.0062839233         * 0.8204101 4.000462e-03         *
4    grp:S 0.7107799 0.3222196433           0.8204101 3.266574e-01          
5       ID 0.7471147 0.0001029432         * 0.8798393 3.097101e-05         *
6   grp:ID 0.7471147 0.7203059733           0.8798393 7.556785e-01          
7     S:ID 0.5273806 0.4763885934           0.7208966 5.077139e-01          
8 grp:S:ID 0.5273806 0.8287602960           0.7208966 8.864447e-01          

