[1] "Summary by group"
  grp      q4.m       q4.s
1   C 0.7930661 0.07780206
2   U 0.7805264 0.07366261
[1] "Summary by session\n"
  S      q4.m       q4.s
1 1 0.7617206 0.07357368
2 2 0.7898080 0.08107774
3 3 0.8088601 0.06541225
[1] "Summary by ID\n"
  ID      q4.m       q4.s
1  D 0.8226383 0.05518612
2  M 0.8177161 0.05342465
3  E 0.7200342 0.06877458
[1] "Summary by group + Session\n"
  grp S      q4.m       q4.s
1   C 1 0.7587289 0.07474369
2   C 2 0.7982858 0.08732425
3   C 3 0.8221836 0.05587204
4   U 1 0.7647122 0.07310453
5   U 2 0.7813302 0.07432405
6   U 3 0.7955367 0.07190262
[1] "Summary by Session + ID\n"
  S ID      q4.m       q4.s
1 1  D 0.8054253 0.06493107
2 1  M 0.7800710 0.04595513
3 1  E 0.6996653 0.06306105
4 2  D 0.8309390 0.04830952
5 2  M 0.8257060 0.05385059
6 2  E 0.7127790 0.07562532
7 3  D 0.8315507 0.04833999
8 3  M 0.8473713 0.03613642
9 3  E 0.7476583 0.05955744
[1] "Summary by group + ID\n"
  grp ID      q4.m       q4.s
1   C  D 0.8337044 0.05977682
2   C  M 0.8176647 0.05853327
3   C  E 0.7278291 0.06909976
4   U  D 0.8115722 0.04833715
5   U  M 0.8177676 0.04844693
6   U  E 0.7122393 0.06832514
[1] "Summary by group + Session + ID\n"
   grp S ID      q4.m       q4.s
1    C 1  D 0.8040307 0.07341834
2    C 1  M 0.7740800 0.04094791
3    C 1  E 0.6980760 0.06401631
4    C 2  D 0.8497607 0.04252728
5    C 2  M 0.8290187 0.06602331
6    C 2  E 0.7160780 0.08189348
7    C 3  D 0.8473220 0.05111869
8    C 3  M 0.8498953 0.03802133
9    C 3  E 0.7693333 0.03549274
10   U 1  D 0.8068200 0.05778247
11   U 1  M 0.7860620 0.05119524
12   U 1  E 0.7012547 0.06429572
13   U 2  D 0.8121173 0.04760917
14   U 2  M 0.8223933 0.04030278
15   U 2  E 0.7094800 0.07153340
16   U 3  D 0.8157793 0.04116184
17   U 3  M 0.8448473 0.03529424
18   U 3  E 0.7259833 0.07128169
