[1] "IPerfEfR ~S*IDR*IDL*grp + Error(pp/(S*IDR*IDL))"
$ANOVA
          Effect DFn DFd           F            p p<.05          ges
2            grp   1   8  0.26614438 6.198814e-01       0.0056644269
3              S   2  16  0.17291903 8.427569e-01       0.0021056262
5            IDR   2  16 89.70183940 2.020682e-09     * 0.7098632303
7            IDL   1   8  6.31792917 3.617040e-02     * 0.0896800584
4          grp:S   2  16  1.27094871 3.074160e-01       0.0152720802
6        grp:IDR   2  16  0.00531066 9.947052e-01       0.0001448292
8        grp:IDL   1   8  2.90081556 1.269407e-01       0.0432747364
9          S:IDR   4  32  9.27899855 4.276212e-05     * 0.0746996839
11         S:IDL   2  16  2.88378797 8.520779e-02       0.0166181847
13       IDR:IDL   2  16 13.60278871 3.537051e-04     * 0.2390852916
10     grp:S:IDR   4  32  0.62365499 6.490068e-01       0.0053967119
12     grp:S:IDL   2  16  3.20657587 6.744293e-02       0.0184439821
14   grp:IDR:IDL   2  16  3.85024980 4.314196e-02     * 0.0816724267
15     S:IDR:IDL   4  32  2.26496919 8.391788e-02       0.0240188330
16 grp:S:IDR:IDL   4  32  2.23692237 8.701195e-02       0.0237284683

$`Mauchly's Test for Sphericity`
          Effect           W            p p<.05
3              S 0.935930918 7.931463e-01      
4          grp:S 0.935930918 7.931463e-01      
5            IDR 0.054800267 3.852471e-05     *
6        grp:IDR 0.054800267 3.852471e-05     *
9          S:IDR 0.027616618 7.994473e-03     *
10     grp:S:IDR 0.027616618 7.994473e-03     *
11         S:IDL 0.698090377 2.842437e-01      
12     grp:S:IDL 0.698090377 2.842437e-01      
13       IDR:IDL 0.045799043 2.055878e-05     *
14   grp:IDR:IDL 0.045799043 2.055878e-05     *
15     S:IDR:IDL 0.005805803 2.138329e-04     *
16 grp:S:IDR:IDL 0.005805803 2.138329e-04     *

$`Sphericity Corrections`
          Effect       GGe        p[GG] p[GG]<.05       HFe        p[HF]
3              S 0.9397886 8.302795e-01           1.2185592 8.427569e-01
4          grp:S 0.9397886 3.068772e-01           1.2185592 3.074160e-01
5            IDR 0.5140860 9.916536e-06         * 0.5202042 8.901828e-06
6        grp:IDR 0.5140860 9.474498e-01           0.5202042 9.489983e-01
9          S:IDR 0.5282073 1.687749e-03         * 0.7225653 3.662301e-04
10     grp:S:IDR 0.5282073 5.562870e-01           0.7225653 6.012250e-01
11         S:IDL 0.7681025 1.031416e-01           0.9147756 9.140879e-02
12     grp:S:IDL 0.7681025 8.513894e-02           0.9147756 7.346378e-02
13       IDR:IDL 0.5117181 5.741668e-03         * 0.5167964 5.574871e-03
14   grp:IDR:IDL 0.5117181 8.402108e-02           0.5167964 8.344389e-02
15     S:IDR:IDL 0.4156998 1.475641e-01           0.5114716 1.345954e-01
16 grp:S:IDR:IDL 0.4156998 1.504367e-01           0.5114716 1.376219e-01
   p[HF]<.05
3           
4           
5          *
6           
9          *
10          
11          
12          
13         *
14          
15          
16          

