[1] "Summary by group"
  grp  IPerfEfR.m IPerfEfR.s
1   C  0.07405333   1.305978
2   U -0.01193209   1.119809
[1] "Summary by session\n"
  S   IPerfEfR.m IPerfEfR.s
1 1  0.046960085  0.9473822
2 2  0.052048200  1.1586837
3 3 -0.005826417  1.4869509
[1] "Summary by IDR+IDR\n"
  IDL IDR IPerfEfR.m IPerfEfR.s
1   D   D -1.8046807  1.5313134
2   D   M  0.3229792  0.3791346
3   D   E  1.0385244  0.2645469
4   E   D -0.5517804  0.7820255
5   E   M  0.3352891  0.2860507
6   E   E  0.8460320  0.2742396
[1] "Summary by group + Session\n"
  grp S  IPerfEfR.m IPerfEfR.s
1   C 1  0.18693827  0.8561203
2   C 2  0.02433329  1.3084737
3   C 3  0.01088843  1.6403045
4   U 1 -0.09301810  1.0161597
5   U 2  0.07976311  0.9932390
6   U 3 -0.02254127  1.3250377
[1] "Summary by Session + IDR + IDL \n"
   S IDL IDR IPerfEfR.m IPerfEfR.s
1  1   D   D -1.2892438  1.0232611
2  1   D   M  0.2495550  0.4017589
3  1   D   E  0.9530307  0.2023996
4  1   E   D -0.4927680  0.8241872
5  1   E   M  0.2192084  0.2854507
6  1   E   E  0.6419783  0.3044647
7  2   D   D -1.7658837  1.3510403
8  2   D   M  0.2622288  0.3684376
9  2   D   E  1.0189766  0.2711297
10 2   E   D -0.5207461  0.7383375
11 2   E   M  0.4322239  0.1844236
12 2   E   E  0.8854897  0.1838773
13 3   D   D -2.3589145  1.9313070
14 3   D   M  0.4571539  0.3405400
15 3   D   E  1.1435660  0.2844892
16 3   E   D -0.6418271  0.7996592
17 3   E   M  0.3544351  0.3340435
18 3   E   E  1.0106280  0.1777326
[1] "Summary by group + IDR + IDL\n"
   grp IDL IDR IPerfEfR.m IPerfEfR.s
1    C   D   D -2.1246867  1.7735640
2    C   D   M  0.3612270  0.3291247
3    C   D   E  1.0858246  0.2399528
4    C   E   D -0.1499247  0.3842109
5    C   E   M  0.4015009  0.2051417
6    C   E   E  0.8703789  0.2025505
7    U   D   D -1.4846747  1.1781950
8    U   D   M  0.2847315  0.4236009
9    U   D   E  0.9912242  0.2817925
10   U   E   D -0.9536361  0.8712592
11   U   E   M  0.2690774  0.3383184
12   U   E   E  0.8216851  0.3314888
[1] "Summary by group + Session + IDR + IDL\n"
   grp S IDL IDR  IPerfEfR.m IPerfEfR.s
1    C 1   D   D -1.16924367  1.0758195
2    C 1   D   M  0.44361500  0.2237564
3    C 1   D   E  1.02281800  0.1818742
4    C 1   E   D -0.18793531  0.3139396
5    C 1   E   M  0.29384027  0.1782274
6    C 1   E   E  0.71853533  0.1821378
7    C 2   D   D -2.30113133  1.5568157
8    C 2   D   M  0.26104827  0.3927463
9    C 2   D   E  0.98918913  0.2956108
10   C 2   E   D -0.15371805  0.5071784
11   C 2   E   M  0.45965040  0.1835747
12   C 2   E   E  0.89096133  0.1860570
13   C 3   D   D -2.90368500  2.1548247
14   C 3   D   M  0.37901773  0.3431661
15   C 3   D   E  1.24546667  0.1375811
16   C 3   E   D -0.10812080  0.3236025
17   C 3   E   M  0.45101200  0.2193819
18   C 3   E   E  1.00164000  0.1324095
19   U 1   D   D -1.40924400  0.9902889
20   U 1   D   M  0.05549493  0.4512032
21   U 1   D   E  0.88324333  0.2033292
22   U 1   E   D -0.79760067  1.0532857
23   U 1   E   M  0.14457647  0.3536719
24   U 1   E   E  0.56542133  0.3824729
25   U 2   D   D -1.23063600  0.8622163
26   U 2   D   M  0.26340939  0.3562810
27   U 2   D   E  1.04876400  0.2509708
28   U 2   E   D -0.88777420  0.7637603
29   U 2   E   M  0.40479747  0.1874621
30   U 2   E   E  0.88001800  0.1880304
31   U 3   D   D -1.81414400  1.5643217
32   U 3   D   M  0.53529013  0.3307154
33   U 3   D   E  1.04166533  0.3556258
34   U 3   E   D -1.17553333  0.7806982
35   U 3   E   M  0.25785827  0.4037640
36   U 3   E   E  1.01961600  0.2184691
