[1] "vfCircularityLrel ~S*IDR*IDL*grp + Error(pp/(S*IDR*IDL))"
$ANOVA
          Effect DFn DFd           F            p p<.05          ges
2            grp   1   8  0.30939224 5.932659e-01       0.0080900283
3              S   2  16  0.09358799 9.111527e-01       0.0016018405
5            IDR   2  16 50.04453144 1.302055e-07     * 0.1209038725
7            IDL   1   8  3.82475300 8.622962e-02       0.1646490102
4          grp:S   2  16  1.01027326 3.862035e-01       0.0170245990
6        grp:IDR   2  16  3.38056264 5.962248e-02       0.0092049206
8        grp:IDL   1   8  0.01031496 9.216033e-01       0.0005312802
9          S:IDR   4  32  1.65964886 1.836428e-01       0.0082365712
11         S:IDL   2  16  1.25178374 3.125476e-01       0.0176255088
13       IDR:IDL   2  16 31.53224684 2.812600e-06     * 0.1106642791
10     grp:S:IDR   4  32  1.83214971 1.469295e-01       0.0090848877
12     grp:S:IDL   2  16  1.49554594 2.538402e-01       0.0209857291
14   grp:IDR:IDL   2  16  1.15176675 3.409419e-01       0.0045246175
15     S:IDR:IDL   4  32  1.55847144 2.092088e-01       0.0060885146
16 grp:S:IDR:IDL   4  32  1.18637872 3.355434e-01       0.0046415991

$`Mauchly's Test for Sphericity`
          Effect         W          p p<.05
3              S 0.5304068 0.10867554      
4          grp:S 0.5304068 0.10867554      
5            IDR 0.2799668 0.01161109     *
6        grp:IDR 0.2799668 0.01161109     *
9          S:IDR 0.2134951 0.37621189      
10     grp:S:IDR 0.2134951 0.37621189      
11         S:IDL 0.6088170 0.17607746      
12     grp:S:IDL 0.6088170 0.17607746      
13       IDR:IDL 0.9687361 0.89478588      
14   grp:IDR:IDL 0.9687361 0.89478588      
15     S:IDR:IDL 0.2578618 0.48324573      
16 grp:S:IDR:IDL 0.2578618 0.48324573      

$`Sphericity Corrections`
          Effect       GGe        p[GG] p[GG]<.05       HFe        p[HF]
3              S 0.6804604 8.383872e-01           0.7718154 8.644512e-01
4          grp:S 0.6804604 3.643140e-01           0.7718154 3.718736e-01
5            IDR 0.5813841 3.487403e-05         * 0.6190308 2.101407e-05
6        grp:IDR 0.5813841 9.454517e-02           0.6190308 9.072795e-02
9          S:IDR 0.6235660 2.119833e-01           0.9285032 1.888002e-01
10     grp:S:IDR 0.6235660 1.801082e-01           0.9285032 1.527273e-01
11         S:IDL 0.7188127 3.069053e-01           0.8334353 3.099943e-01
12     grp:S:IDL 0.7188127 2.579333e-01           0.8334353 2.567924e-01
13       IDR:IDL 0.9696839 3.839570e-06         * 1.2749750 2.812600e-06
14   grp:IDR:IDL 0.9696839 3.401204e-01           1.2749750 3.409419e-01
15     S:IDR:IDL 0.7168857 2.274758e-01           1.1596729 2.092088e-01
16 grp:S:IDR:IDL 0.7168857 3.356197e-01           1.1596729 3.355434e-01
   p[HF]<.05
3           
4           
5          *
6           
9           
10          
11          
12          
13         *
14          
15          
16          

