[1] "Summary by group"
  grp vfCircularityLrel.m vfCircularityLrel.s
1   C            1.202528           0.3643295
2   U            1.259286           0.4450837
[1] "Summary by session\n"
  S vfCircularityLrel.m vfCircularityLrel.s
1 1            1.244339           0.3447010
2 2            1.234308           0.4623092
3 3            1.214075           0.4081428
[1] "Summary by IDR+IDR\n"
  IDL IDR vfCircularityLrel.m vfCircularityLrel.s
1   D   D            1.108393           0.3104803
2   D   M            1.344528           0.4188550
3   D   E            1.658335           0.5325913
4   E   D            1.059754           0.2310062
5   E   M            1.134483           0.2866867
6   E   E            1.079950           0.1968113
[1] "Summary by group + Session\n"
  grp S vfCircularityLrel.m vfCircularityLrel.s
1   C 1            1.247353           0.3222570
2   C 2            1.147497           0.3522697
3   C 3            1.212732           0.4099362
4   U 1            1.241324           0.3675658
5   U 2            1.321118           0.5390043
6   U 3            1.215417           0.4086337
[1] "Summary by Session + IDR + IDL \n"
   S IDL IDR vfCircularityLrel.m vfCircularityLrel.s
1  1   D   D            1.057452           0.1964511
2  1   D   M            1.372382           0.3302615
3  1   D   E            1.654793           0.4144180
4  1   E   D            1.065365           0.2183908
5  1   E   M            1.149404           0.2261562
6  1   E   E            1.166636           0.1976617
7  2   D   D            1.155953           0.3470283
8  2   D   M            1.361657           0.4823000
9  2   D   E            1.780692           0.6020428
10 2   E   D            1.043391           0.2418639
11 2   E   M            1.058480           0.2382247
12 2   E   E            1.005673           0.1809948
13 3   D   D            1.111772           0.3630210
14 3   D   M            1.299544           0.4399230
15 3   D   E            1.539518           0.5533717
16 3   E   D            1.070507           0.2390605
17 3   E   M            1.195564           0.3664326
18 3   E   E            1.067542           0.1827733
[1] "Summary by group + IDR + IDL\n"
   grp IDL IDR vfCircularityLrel.m vfCircularityLrel.s
1    C   D   D            1.032749           0.2594146
2    C   D   M            1.314095           0.3169624
3    C   D   E            1.701008           0.2950531
4    C   E   D            1.027441           0.2573715
5    C   E   M            1.074270           0.2786244
6    C   E   E            1.065603           0.2216297
7    U   D   D            1.184036           0.3405685
8    U   D   M            1.374960           0.5025004
9    U   D   E            1.615661           0.6949622
10   U   E   D            1.092067           0.1989087
11   U   E   M            1.194695           0.2849543
12   U   E   E            1.094298           0.1697320
[1] "Summary by group + Session + IDR + IDL\n"
   grp S IDL IDR vfCircularityLrel.m vfCircularityLrel.s
1    C 1   D   D           1.0467200           0.2349031
2    C 1   D   M           1.4243518           0.3248421
3    C 1   D   E           1.6533058           0.2472582
4    C 1   E   D           1.0538833           0.1907965
5    C 1   E   M           1.1392551           0.2129569
6    C 1   E   E           1.1666045           0.2090934
7    C 2   D   D           0.9791236           0.1891868
8    C 2   D   M           1.1972900           0.2747512
9    C 2   D   E           1.7098423           0.2342255
10   C 2   E   D           0.9971233           0.2655425
11   C 2   E   M           1.0266384           0.2751219
12   C 2   E   E           0.9749650           0.1814229
13   C 3   D   D           1.0724022           0.3399344
14   C 3   D   M           1.3206439           0.3271823
15   C 3   D   E           1.7398764           0.3917487
16   C 3   E   D           1.0313176           0.3154632
17   C 3   E   M           1.0569153           0.3400939
18   C 3   E   E           1.0552388           0.2406134
19   U 1   D   D           1.0681836           0.1565773
20   U 1   D   M           1.3204125           0.3385651
21   U 1   D   E           1.6562808           0.5427803
22   U 1   E   D           1.0768475           0.2492187
23   U 1   E   M           1.1595522           0.2457137
24   U 1   E   E           1.1666667           0.1929015
25   U 2   D   D           1.3327831           0.3829664
26   U 2   D   M           1.5260242           0.5903060
27   U 2   D   E           1.8515426           0.8277576
28   U 2   E   D           1.0896578           0.2146504
29   U 2   E   M           1.0903209           0.1992260
30   U 2   E   E           1.0363808           0.1814476
31   U 3   D   D           1.1511426           0.3925617
32   U 3   D   M           1.2784446           0.5411895
33   U 3   D   E           1.3391604           0.6283509
34   U 3   E   D           1.1096966           0.1247957
35   U 3   E   M           1.3342132           0.3482521
36   U 3   E   E           1.0798459           0.1047814
