[1] "vfCircularity ~(S*ID*grp)+Error(pp/(S*ID))+grp"
$ANOVA
    Effect DFn DFd           F            p p<.05        ges
2      grp   1   8   0.4692263 5.126978e-01       0.01506298
3        S   2  16   3.6721166 4.869933e-02     * 0.07761795
5       ID   2  16 101.2684486 8.255848e-10     * 0.81889011
4    grp:S   2  16   1.7071925 2.127996e-01       0.03764878
6   grp:ID   2  16   0.2866017 7.545850e-01       0.01263473
7     S:ID   4  32   1.1104418 3.686875e-01       0.02684588
8 grp:S:ID   4  32   0.8713794 4.917917e-01       0.02118880

$`Mauchly's Test for Sphericity`
    Effect          W           p p<.05
3        S 0.80660948 0.471326256      
4    grp:S 0.80660948 0.471326256      
5       ID 0.27645511 0.011109286     *
6   grp:ID 0.27645511 0.011109286     *
7     S:ID 0.01299702 0.001408682     *
8 grp:S:ID 0.01299702 0.001408682     *

$`Sphericity Corrections`
    Effect       GGe        p[GG] p[GG]<.05       HFe        p[HF] p[HF]<.05
3        S 0.8379487 5.975325e-02           1.0343820 4.869933e-02         *
4    grp:S 0.8379487 2.190494e-01           1.0343820 2.127996e-01          
5       ID 0.5801996 1.834691e-06         * 0.6172577 9.255021e-07         *
6   grp:ID 0.5801996 6.388484e-01           0.6172577 6.521539e-01          
7     S:ID 0.3557060 3.402806e-01           0.4107163 3.463257e-01          
8 grp:S:ID 0.3557060 4.088490e-01           0.4107163 4.210396e-01          

