[1] "Full vs no Session"
Data: mdata
Models:
noS.mod: get(vname) ~ (1 | pp) + (1 | pp/ID) + ID + grp
full.mod: get(vname) ~ (1 | pp) + (1 | pp/ID) + (1 | pp/S) + (1 | pp/S:ID) + 
full.mod:     S + ID + grp
         Df     AIC     BIC logLik  Chisq Chi Df Pr(>Chisq)    
noS.mod   8  -999.6 -970.82 507.80                             
full.mod 14 -1047.1 -996.75 537.56 59.519      6  5.637e-11 ***
---
Signif. codes:  0 ‘***’ 0.001 ‘**’ 0.01 ‘*’ 0.05 ‘.’ 0.1 ‘ ’ 1 
[1] "Full vs no Group"
Data: mdata
Models:
nogrp.mod: get(vname) ~ (1 | pp) + (1 | pp/ID) + (1 | pp/S) + (1 | pp/S:ID) + 
nogrp.mod:     S + ID
full.mod: get(vname) ~ (1 | pp) + (1 | pp/ID) + (1 | pp/S) + (1 | pp/S:ID) + 
full.mod:     S + ID + grp
          Df     AIC      BIC logLik  Chisq Chi Df Pr(>Chisq)
nogrp.mod 13 -1048.7 -1001.93 537.36                         
full.mod  14 -1047.1  -996.75 537.56 0.4132      1     0.5203
[1] "Full vs no Session and no Group"
Data: mdata
Models:
noSgrp.mod: get(vname) ~ (1 | pp) + (1 | pp/ID) + ID
full.mod: get(vname) ~ (1 | pp) + (1 | pp/ID) + (1 | pp/S) + (1 | pp/S:ID) + 
full.mod:     S + ID + grp
           Df     AIC     BIC logLik  Chisq Chi Df Pr(>Chisq)    
noSgrp.mod  7 -1001.2 -976.01 507.60                             
full.mod   14 -1047.1 -996.75 537.56 59.924      7  1.563e-10 ***
---
Signif. codes:  0 ‘***’ 0.001 ‘**’ 0.01 ‘*’ 0.05 ‘.’ 0.1 ‘ ’ 1 
[1] "No Group vs no Session and no Group"
Data: mdata
Models:
noSgrp.mod: get(vname) ~ (1 | pp) + (1 | pp/ID) + ID
nogrp.mod: get(vname) ~ (1 | pp) + (1 | pp/ID) + (1 | pp/S) + (1 | pp/S:ID) + 
nogrp.mod:     S + ID
           Df     AIC      BIC logLik  Chisq Chi Df Pr(>Chisq)    
noSgrp.mod  7 -1001.2  -976.01 507.60                             
nogrp.mod  13 -1048.7 -1001.93 537.36 59.511      6  5.657e-11 ***
---
Signif. codes:  0 ‘***’ 0.001 ‘**’ 0.01 ‘*’ 0.05 ‘.’ 0.1 ‘ ’ 1 
[1] "No Session vs no Session and no Group"
Data: mdata
Models:
noSgrp.mod: get(vname) ~ (1 | pp) + (1 | pp/ID) + ID
noS.mod: get(vname) ~ (1 | pp) + (1 | pp/ID) + ID + grp
           Df     AIC     BIC logLik  Chisq Chi Df Pr(>Chisq)
noSgrp.mod  7 -1001.2 -976.01  507.6                         
noS.mod     8  -999.6 -970.82  507.8 0.4055      1     0.5243
