[1] "Summary by group"
  grp vfCircularity.m vfCircularity.s
1   C       0.2221432      0.07833957
2   U       0.2300362      0.08044283
[1] "Summary by session\n"
  S vfCircularity.m vfCircularity.s
1 1       0.2364553      0.07583810
2 2       0.2278325      0.08397487
3 3       0.2139813      0.07724704
[1] "Summary by ID\n"
  ID vfCircularity.m vfCircularity.s
1  D       0.1554437      0.03118413
2  M       0.2051634      0.03590249
3  E       0.3176620      0.05290918
[1] "Summary by group + Session\n"
  grp S vfCircularity.m vfCircularity.s
1   C 1       0.2408189      0.08142748
2   C 2       0.2225541      0.08578167
3   C 3       0.2030567      0.06302250
4   U 1       0.2320918      0.07045685
5   U 2       0.2331109      0.08275470
6   U 3       0.2249060      0.08862206
[1] "Summary by Session + ID\n"
  S ID vfCircularity.m vfCircularity.s
1 1  D       0.1679147      0.03229495
2 1  M       0.2181290      0.03026106
3 1  E       0.3233223      0.05175786
4 2  D       0.1479631      0.02676353
5 2  M       0.2088900      0.03671776
6 2  E       0.3266443      0.05006438
7 3  D       0.1504534      0.03131493
8 3  M       0.1884713      0.03486308
9 3  E       0.3030193      0.05538479
[1] "Summary by group + ID\n"
  grp ID vfCircularity.m vfCircularity.s
1   C  D       0.1565392      0.03628524
2   C  M       0.1993900      0.03573781
3   C  E       0.3105004      0.05639860
4   U  D       0.1543482      0.02545441
5   U  M       0.2109369      0.03552326
6   U  E       0.3248236      0.04875116
[1] "Summary by group + Session + ID\n"
   grp S ID vfCircularity.m vfCircularity.s
1    C 1  D       0.1743880      0.04021603
2    C 1  M       0.2205113      0.03556817
3    C 1  E       0.3275573      0.06873861
4    C 2  D       0.1444589      0.02816046
5    C 2  M       0.1991307      0.03234954
6    C 2  E       0.3240727      0.05588098
7    C 3  D       0.1507707      0.03455805
8    C 3  M       0.1785280      0.02753331
9    C 3  E       0.2798713      0.02519704
10   U 1  D       0.1614413      0.02129088
11   U 1  M       0.2157467      0.02489210
12   U 1  E       0.3190873      0.02802985
13   U 2  D       0.1514673      0.02577619
14   U 2  M       0.2186493      0.03926957
15   U 2  E       0.3292160      0.04533276
16   U 3  D       0.1501360      0.02892784
17   U 3  M       0.1984147      0.03934130
18   U 3  E       0.3261673      0.06760886
