[1] "vfCircularityRrel ~S*IDR*IDL*grp + Error(pp/(S*IDR*IDL))"
$ANOVA
          Effect DFn DFd           F            p p<.05         ges
2            grp   1   8  0.03291567 8.605450e-01       0.001804067
3              S   2  16  0.24937086 7.822639e-01       0.002931417
5            IDR   2  16  7.22815423 5.801520e-03     * 0.130644175
7            IDL   1   8 25.58665427 9.790813e-04     * 0.210816522
4          grp:S   2  16  3.29988285 6.311439e-02       0.037448084
6        grp:IDR   2  16  0.89803012 4.269420e-01       0.018328302
8        grp:IDL   1   8  4.89108843 5.793801e-02       0.048583559
9          S:IDR   4  32  0.81734361 5.236482e-01       0.010490563
11         S:IDL   2  16  0.29681795 7.471837e-01       0.002284952
13       IDR:IDL   2  16 33.39311507 1.946682e-06     * 0.114923605
10     grp:S:IDR   4  32  1.22849241 3.183316e-01       0.015684867
12     grp:S:IDL   2  16  2.61272338 1.042570e-01       0.019760865
14   grp:IDR:IDL   2  16  3.42996814 5.759168e-02       0.013161570
15     S:IDR:IDL   4  32  1.18170929 3.375024e-01       0.002941271
16 grp:S:IDR:IDL   4  32  1.50411194 2.243333e-01       0.003740728

$`Mauchly's Test for Sphericity`
          Effect           W           p p<.05
3              S 0.665661185 0.240650250      
4          grp:S 0.665661185 0.240650250      
5            IDR 0.524795622 0.104704588      
6        grp:IDR 0.524795622 0.104704588      
9          S:IDR 0.004862799 0.000138893     *
10     grp:S:IDR 0.004862799 0.000138893     *
11         S:IDL 0.515655801 0.098459965      
12     grp:S:IDL 0.515655801 0.098459965      
13       IDR:IDL 0.830895129 0.522891696      
14   grp:IDR:IDL 0.830895129 0.522891696      
15     S:IDR:IDL 0.661206076 0.977630039      
16 grp:S:IDR:IDL 0.661206076 0.977630039      

$`Sphericity Corrections`
          Effect       GGe        p[GG] p[GG]<.05       HFe        p[HF]
3              S 0.7494348 7.206151e-01           0.8836792 7.562323e-01
4          grp:S 0.7494348 8.225392e-02           0.8836792 7.135958e-02
5            IDR 0.6778722 1.573354e-02         * 0.7677082 1.188613e-02
6        grp:IDR 0.6778722 3.964460e-01           0.7677082 4.064473e-01
9          S:IDR 0.3326476 4.203489e-01           0.3739204 4.316288e-01
10     grp:S:IDR 0.3326476 3.099723e-01           0.3739204 3.132140e-01
11         S:IDL 0.6736982 6.640724e-01           0.7610981 6.899845e-01
12     grp:S:IDL 0.6736982 1.296511e-01           0.7610981 1.223903e-01
13       IDR:IDL 0.8553553 9.077298e-06         * 1.0650165 1.946682e-06
14   grp:IDR:IDL 0.8553553 6.779964e-02           1.0650165 5.759168e-02
15     S:IDR:IDL 0.8446537 3.379226e-01           1.5367434 3.375024e-01
16 grp:S:IDR:IDL 0.8446537 2.333579e-01           1.5367434 2.243333e-01
   p[HF]<.05
3           
4           
5          *
6           
9           
10          
11          
12          
13         *
14          
15          
16          

