Post-hoc Tukey comparisons[1] "grp Tukey test"

	Pairwise comparisons using paired t tests 

data:  mdata$vfCircularityRrel and mdata$grp 

  C   
U 0.47

P value adjustment method: bonferroni 
[1] "S Tukey test"

	Pairwise comparisons using paired t tests 

data:  mdata$vfCircularityRrel and mdata$S 

  1    2   
2 0.46 -   
3 1.00 0.59

P value adjustment method: bonferroni 
[1] "IDR Tukey test"

	Pairwise comparisons using paired t tests 

data:  mdata$vfCircularityRrel and mdata$IDR 

  D       M      
M 1       -      
E 1.3e-10 < 2e-16

P value adjustment method: bonferroni 
[1] "IDL Tukey test"
