[1] "Summary by group"
  grp vfCircularityRrel.m vfCircularityRrel.s
1   C            1.353448           0.4786280
2   U            1.322518           0.5051673
[1] "Summary by session\n"
  S vfCircularityRrel.m vfCircularityRrel.s
1 1            1.359933           0.4250246
2 2            1.312100           0.5256700
3 3            1.341915           0.5199460
[1] "Summary by IDR+IDR\n"
  IDL IDR vfCircularityRrel.m vfCircularityRrel.s
1   D   D            1.078259           0.2939233
2   D   M            1.273105           0.4847922
3   D   E            1.098533           0.3181330
4   E   D            1.795650           0.5739980
5   E   M            1.603777           0.4201531
6   E   E            1.178572           0.3116775
[1] "Summary by group + Session\n"
  grp S vfCircularityRrel.m vfCircularityRrel.s
1   C 1            1.473508           0.4020858
2   C 2            1.300947           0.5219512
3   C 3            1.285888           0.4861244
4   U 1            1.246358           0.4189988
5   U 2            1.323253           0.5320509
6   U 3            1.397943           0.5486890
[1] "Summary by Session + IDR + IDL \n"
   S IDL IDR vfCircularityRrel.m vfCircularityRrel.s
1  1   D   D            1.133672           0.3333956
2  1   D   M            1.265491           0.2743692
3  1   D   E            1.061791           0.2407190
4  1   E   D            1.842139           0.4948515
5  1   E   M            1.599495           0.3107420
6  1   E   E            1.257009           0.2533723
7  2   D   D            1.077787           0.2640713
8  2   D   M            1.212474           0.5704139
9  2   D   E            1.066494           0.3303994
10 2   E   D            1.830614           0.6385418
11 2   E   M            1.567659           0.4288200
12 2   E   E            1.117573           0.3089075
13 3   D   D            1.023319           0.2791869
14 3   D   M            1.341351           0.5585227
15 3   D   E            1.167313           0.3689770
16 3   E   D            1.714198           0.5900561
17 3   E   M            1.644178           0.5081891
18 3   E   E            1.161134           0.3577407
[1] "Summary by group + IDR + IDL\n"
   grp IDL IDR vfCircularityRrel.m vfCircularityRrel.s
1    C   D   D            1.051309           0.2941501
2    C   D   M            1.113479           0.3167106
3    C   D   E            1.084892           0.2436107
4    C   E   D            1.980800           0.4123013
5    C   E   M            1.678967           0.3297254
6    C   E   E            1.211241           0.3436090
7    U   D   D            1.105210           0.2945085
8    U   D   M            1.432731           0.5682988
9    U   D   E            1.112173           0.3807763
10   U   E   D            1.610500           0.6529349
11   U   E   M            1.528588           0.4866073
12   U   E   E            1.145904           0.2761221
[1] "Summary by group + Session + IDR + IDL\n"
   grp S IDL IDR vfCircularityRrel.m vfCircularityRrel.s
1    C 1   D   D           1.2110033           0.3907249
2    C 1   D   M           1.3644173           0.2547900
3    C 1   D   E           1.1978774           0.2328497
4    C 1   E   D           1.9679988           0.3811860
5    C 1   E   M           1.7247283           0.2004846
6    C 1   E   E           1.3750235           0.2499993
7    C 2   D   D           0.9803011           0.1634931
8    C 2   D   M           0.9326990           0.2582715
9    C 2   D   E           1.0373689           0.1693598
10   C 2   E   D           2.0597828           0.4651456
11   C 2   E   M           1.6205108           0.4090138
12   C 2   E   E           1.1750215           0.3909886
13   C 3   D   D           0.9626216           0.2266808
14   C 3   D   M           1.0433206           0.2754389
15   C 3   D   E           1.0194308           0.2879692
16   C 3   E   D           1.9146186           0.4013057
17   C 3   E   M           1.6916605           0.3579440
18   C 3   E   E           1.0836768           0.3288085
19   U 1   D   D           1.0563399           0.2544878
20   U 1   D   M           1.1665648           0.2646603
21   U 1   D   E           0.9257050           0.1616375
22   U 1   E   D           1.7162792           0.5727130
23   U 1   E   M           1.4742626           0.3552707
24   U 1   E   E           1.1389950           0.2015851
25   U 2   D   D           1.1752730           0.3120154
26   U 2   D   M           1.4922487           0.6629863
27   U 2   D   E           1.0956182           0.4422946
28   U 2   E   D           1.6014447           0.7181193
29   U 2   E   M           1.5148067           0.4556643
30   U 2   E   E           1.0601251           0.1942150
31   U 3   D   D           1.0840167           0.3196550
32   U 3   D   M           1.6393805           0.6164235
33   U 3   D   E           1.3151952           0.3901588
34   U 3   E   D           1.5137766           0.6885344
35   U 3   E   M           1.5966948           0.6340378
36   U 3   E   E           1.2385917           0.3796403
