[1] "maxangleR ~S*IDR*IDL*grp + Error(pp/(S*IDR*IDL))"
$ANOVA
          Effect DFn DFd            F            p p<.05          ges
2            grp   1   8   0.02998806 8.668186e-01       0.0008010681
3              S   2  16  16.87307239 1.145208e-04     * 0.1500415932
5            IDR   2  16 105.16055730 6.239636e-10     * 0.5480978924
7            IDL   1   8  20.03825300 2.065597e-03     * 0.2291795157
4          grp:S   2  16   0.68508453 5.182359e-01       0.0071164321
6        grp:IDR   2  16   3.08054772 7.382952e-02       0.0343104457
8        grp:IDL   1   8   9.29244218 1.586073e-02     * 0.1211705708
9          S:IDR   4  32   0.33247208 8.540457e-01       0.0065378419
11         S:IDL   2  16   2.47996808 1.153029e-01       0.0439456936
13       IDR:IDL   2  16   2.88514536 8.512283e-02       0.0270808396
10     grp:S:IDR   4  32   0.89610777 4.777053e-01       0.0174281961
12     grp:S:IDL   2  16   1.52970129 2.466525e-01       0.0275709807
14   grp:IDR:IDL   2  16   1.96851500 1.720585e-01       0.0186374242
15     S:IDR:IDL   4  32   0.15281194 9.603497e-01       0.0020520801
16 grp:S:IDR:IDL   4  32   0.81852202 5.229379e-01       0.0108943715

$`Mauchly's Test for Sphericity`
          Effect          W          p p<.05
3              S 0.45097841 0.06159495      
4          grp:S 0.45097841 0.06159495      
5            IDR 0.93144160 0.77991038      
6        grp:IDR 0.93144160 0.77991038      
9          S:IDR 0.05204512 0.03073222     *
10     grp:S:IDR 0.05204512 0.03073222     *
11         S:IDL 0.81278164 0.48407047      
12     grp:S:IDL 0.81278164 0.48407047      
13       IDR:IDL 0.97251672 0.90706785      
14   grp:IDR:IDL 0.97251672 0.90706785      
15     S:IDR:IDL 0.44494140 0.82503977      
16 grp:S:IDR:IDL 0.44494140 0.82503977      

$`Sphericity Corrections`
          Effect       GGe        p[GG] p[GG]<.05       HFe        p[HF]
3              S 0.6455688 1.253596e-03         * 0.7169798 7.711358e-04
4          grp:S 0.6455688 4.634942e-01           0.7169798 4.765543e-01
5            IDR 0.9358403 2.051779e-09         * 1.2111905 6.239636e-10
6        grp:IDR 0.9358403 7.838530e-02           1.2111905 7.382952e-02
9          S:IDR 0.5054368 7.241790e-01           0.6772766 7.823712e-01
10     grp:S:IDR 0.5054368 4.285027e-01           0.6772766 4.501866e-01
11         S:IDL 0.8423050 1.267277e-01           1.0420173 1.153029e-01
12     grp:S:IDL 0.8423050 2.500788e-01           1.0420173 2.466525e-01
13       IDR:IDL 0.9732519 8.702156e-02           1.2817827 8.512283e-02
14   grp:IDR:IDL 0.9732519 1.735561e-01           1.2817827 1.720585e-01
15     S:IDR:IDL 0.7520195 9.272264e-01           1.2556639 9.603497e-01
16 grp:S:IDR:IDL 0.7520195 4.966084e-01           1.2556639 5.229379e-01
   p[HF]<.05
3          *
4           
5          *
6           
9           
10          
11          
12          
13          
14          
15          
16          

