Post-hoc Tukey comparisons[1] "grp Tukey test"

	Pairwise comparisons using paired t tests 

data:  mdata$maxangleR and mdata$grp 

  C   
U 0.69

P value adjustment method: bonferroni 
[1] "S Tukey test"

	Pairwise comparisons using paired t tests 

data:  mdata$maxangleR and mdata$S 

  1       2   
2 4.0e-07 -   
3 1.7e-08 0.77

P value adjustment method: bonferroni 
[1] "IDR Tukey test"

	Pairwise comparisons using paired t tests 

data:  mdata$maxangleR and mdata$IDR 

  D       M      
M < 2e-16 -      
E < 2e-16 3.8e-16

P value adjustment method: bonferroni 
[1] "IDL Tukey test"
