[1] "vfTrajCircularityLrel ~S*IDR*IDL*grp + Error(pp/(S*IDR*IDL))"
$ANOVA
          Effect DFn DFd          F            p p<.05         ges
2            grp   1   8  0.1496764 7.089328e-01       0.008907507
3              S   2  16  2.9183682 8.307264e-02       0.016137351
5            IDR   2  16 36.3927781 1.112298e-06     * 0.102924092
7            IDL   1   8  1.9260377 2.026211e-01       0.058549640
4          grp:S   2  16  5.7713028 1.296939e-02     * 0.031417257
6        grp:IDR   2  16  1.6397826 2.249997e-01       0.005143036
8        grp:IDL   1   8  0.1358452 7.220096e-01       0.004367225
9          S:IDR   4  32  1.4964261 2.265547e-01       0.010909421
11         S:IDL   2  16  0.8894910 4.302340e-01       0.008786961
13       IDR:IDL   2  16 11.1842635 9.144477e-04     * 0.031220373
10     grp:S:IDR   4  32  1.5795548 2.036115e-01       0.011508481
12     grp:S:IDL   2  16  1.8965207 1.823306e-01       0.018550503
14   grp:IDR:IDL   2  16  2.0407340 1.624038e-01       0.005845825
15     S:IDR:IDL   4  32  1.3519036 2.724294e-01       0.004940416
16 grp:S:IDR:IDL   4  32  0.5411222 7.066283e-01       0.001983361

$`Mauchly's Test for Sphericity`
          Effect          W          p p<.05
3              S 0.87300644 0.62167165      
4          grp:S 0.87300644 0.62167165      
5            IDR 0.81608798 0.49099767      
6        grp:IDR 0.81608798 0.49099767      
9          S:IDR 0.07375104 0.06157952      
10     grp:S:IDR 0.07375104 0.06157952      
11         S:IDL 0.40685639 0.04295799     *
12     grp:S:IDL 0.40685639 0.04295799     *
13       IDR:IDL 0.86867549 0.61094412      
14   grp:IDR:IDL 0.86867549 0.61094412      
15     S:IDR:IDL 0.41772786 0.78865043      
16 grp:S:IDR:IDL 0.41772786 0.78865043      

$`Sphericity Corrections`
          Effect       GGe        p[GG] p[GG]<.05       HFe        p[HF]
3              S 0.8873165 9.135663e-02           1.1221585 8.307264e-02
4          grp:S 0.8873165 1.693700e-02         * 1.1221585 1.296939e-02
5            IDR 0.8446574 6.328588e-06         * 1.0461489 1.112298e-06
6        grp:IDR 0.8446574 2.300914e-01           1.0461489 2.249997e-01
9          S:IDR 0.5313641 2.522754e-01           0.7289548 2.419999e-01
10     grp:S:IDR 0.5313641 2.346842e-01           0.7289548 2.217215e-01
11         S:IDL 0.6276898 3.926506e-01           0.6893210 4.004506e-01
12     grp:S:IDL 0.6276898 2.009418e-01           0.6893210 1.981399e-01
13       IDR:IDL 0.8839197 1.588750e-03         * 1.1160298 9.144477e-04
14   grp:IDR:IDL 0.8839197 1.693180e-01           1.1160298 1.624038e-01
15     S:IDR:IDL 0.7644049 2.807603e-01           1.2908040 2.724294e-01
16 grp:S:IDR:IDL 0.7644049 6.619025e-01           1.2908040 7.066283e-01
   p[HF]<.05
3           
4          *
5          *
6           
9           
10          
11          
12          
13         *
14          
15          
16          

