[1] "Summary by group"
  grp vfTrajCircularityLrel.m vfTrajCircularityLrel.s
1   C               0.9776007              0.08648462
2   U               0.9635740              0.09682626
[1] "Summary by session\n"
  S vfTrajCircularityLrel.m vfTrajCircularityLrel.s
1 1               0.9577786              0.09047973
2 2               0.9803975              0.09207027
3 3               0.9735858              0.09243117
[1] "Summary by IDR+IDR\n"
  IDL IDR vfTrajCircularityLrel.m vfTrajCircularityLrel.s
1   D   D               0.9904113              0.06158525
2   D   M               0.9659044              0.05918787
3   D   E               0.9000998              0.05985346
4   E   D               1.0046792              0.10364022
5   E   M               0.9881527              0.11501720
6   E   E               0.9742764              0.09720250
[1] "Summary by group + Session\n"
  grp S vfTrajCircularityLrel.m vfTrajCircularityLrel.s
1   C 1               0.9547062              0.07041638
2   C 2               0.9786703              0.08841571
3   C 3               0.9994255              0.09390510
4   U 1               0.9608510              0.10718018
5   U 2               0.9821248              0.09605073
6   U 3               0.9477461              0.08375253
[1] "Summary by Session + IDR + IDL \n"
   S IDL IDR vfTrajCircularityLrel.m vfTrajCircularityLrel.s
1  1   D   D               0.9931442              0.06166223
2  1   D   M               0.9497657              0.08172451
3  1   D   E               0.8871384              0.05747577
4  1   E   D               0.9967104              0.07915498
5  1   E   M               0.9789990              0.11160917
6  1   E   E               0.9409139              0.09578029
7  2   D   D               0.9886534              0.07233137
8  2   D   M               0.9737527              0.03862888
9  2   D   E               0.8940463              0.06130754
10 2   E   D               1.0126675              0.11867354
11 2   E   M               1.0161604              0.09228621
12 2   E   E               0.9971050              0.09338850
13 3   D   D               0.9894364              0.05092970
14 3   D   M               0.9741948              0.04664620
15 3   D   E               0.9191148              0.05784942
16 3   E   D               1.0046598              0.11173200
17 3   E   M               0.9692986              0.13549895
18 3   E   E               0.9848103              0.09641556
[1] "Summary by group + IDR + IDL\n"
   grp IDL IDR vfTrajCircularityLrel.m vfTrajCircularityLrel.s
1    C   D   D               0.9886171              0.05157185
2    C   D   M               0.9888282              0.06280485
3    C   D   E               0.9147089              0.06558527
4    C   E   D               1.0091292              0.09998294
5    C   E   M               0.9934721              0.10151182
6    C   E   E               0.9708483              0.09434782
7    U   D   D               0.9922055              0.07074916
8    U   D   M               0.9429805              0.04546082
9    U   D   E               0.8854907              0.05008306
10   U   E   D               1.0002293              0.10811853
11   U   E   M               0.9828332              0.12804703
12   U   E   E               0.9777045              0.10092490
[1] "Summary by group + Session + IDR + IDL\n"
   grp S IDL IDR vfTrajCircularityLrel.m vfTrajCircularityLrel.s
1    C 1   D   D               0.9833748              0.05734619
2    C 1   D   M               0.9726740              0.09861276
3    C 1   D   E               0.9066937              0.05351613
4    C 1   E   D               0.9817979              0.05187204
5    C 1   E   M               0.9594942              0.07044198
6    C 1   E   E               0.9242025              0.04987604
7    C 2   D   D               1.0000791              0.04509746
8    C 2   D   M               0.9886971              0.03089274
9    C 2   D   E               0.8925878              0.07485220
10   C 2   E   D               1.0155091              0.11537910
11   C 2   E   M               0.9992244              0.09562678
12   C 2   E   E               0.9759241              0.09052671
13   C 3   D   D               0.9823975              0.05314979
14   C 3   D   M               1.0051135              0.03397398
15   C 3   D   E               0.9448452              0.05904022
16   C 3   E   D               1.0300806              0.11874564
17   C 3   E   M               1.0216977              0.12709636
18   C 3   E   E               1.0124183              0.11438150
19   U 1   D   D               1.0029136              0.06620383
20   U 1   D   M               0.9268574              0.05464271
21   U 1   D   E               0.8675831              0.05620911
22   U 1   E   D               1.0116229              0.09905208
23   U 1   E   M               0.9985038              0.14151211
24   U 1   E   E               0.9576252              0.12616241
25   U 2   D   D               0.9772277              0.09232459
26   U 2   D   M               0.9588082              0.04071886
27   U 2   D   E               0.8955048              0.04667217
28   U 2   E   D               1.0098259              0.12586952
29   U 2   E   M               1.0330964              0.08878465
30   U 2   E   E               1.0182859              0.09438934
31   U 3   D   D               0.9964753              0.04941530
32   U 3   D   M               0.9432760              0.03611674
33   U 3   D   E               0.8933844              0.04503016
34   U 3   E   D               0.9792391              0.10185541
35   U 3   E   M               0.9168994              0.12646854
36   U 3   E   E               0.9572023              0.06737583
