[1] "Summary by group"
  grp     q3L.m      q3L.s
1   C 0.8973296 0.05341894
2   U 0.8689975 0.06849463
[1] "Summary by session\n"
  S     q3L.m      q3L.s
1 1 0.8669574 0.06365735
2 2 0.8907060 0.06011445
3 3 0.8918271 0.06248044
[1] "Summary by DID\n"
  DID     q3L.m      q3L.s
1   1 0.8770814 0.05908038
2   2 0.8831549 0.06755418
3   3 0.8892542 0.06196652
[1] "Summary by group + Session\n"
  grp S     q3L.m      q3L.s
1   C 1 0.8938722 0.04965853
2   C 2 0.9055884 0.05679850
3   C 3 0.8925280 0.05378528
4   U 1 0.8400427 0.06518363
5   U 2 0.8758236 0.06025375
6   U 3 0.8911262 0.07072816
[1] "Summary by Session + DID\n"
  S DID     q3L.m      q3L.s
1 1   1 0.8529433 0.06266675
2 1   2 0.8718633 0.06258108
3 1   3 0.8760657 0.06541286
4 2   1 0.8858483 0.05545607
5 2   2 0.8938573 0.05719474
6 2   3 0.8924123 0.06860143
7 3   1 0.8924527 0.05275444
8 3   2 0.8837440 0.08103735
9 3   3 0.8992847 0.05005031
[1] "Summary by group + DID\n"
  grp DID     q3L.m      q3L.s
1   C   1 0.8931287 0.05593285
2   C   2 0.8992609 0.04767665
3   C   3 0.8995991 0.05711199
4   U   1 0.8610342 0.05835320
5   U   2 0.8670489 0.08016976
6   U   3 0.8789093 0.06546977
[1] "Summary by group + Session + DID\n"
   grp S DID     q3L.m      q3L.s
1    C 1   1 0.8795167 0.04929909
2    C 1   2 0.8994400 0.05500114
3    C 1   3 0.9026600 0.04424825
4    C 2   1 0.9026920 0.05064823
5    C 2   2 0.9043533 0.05127205
6    C 2   3 0.9097200 0.07011488
7    C 3   1 0.8971773 0.06725073
8    C 3   2 0.8939893 0.03784668
9    C 3   3 0.8864173 0.05541971
10   U 1   1 0.8263700 0.06473939
11   U 1   2 0.8442867 0.05880321
12   U 1   3 0.8494713 0.07341563
13   U 2   1 0.8690047 0.05654405
14   U 2   2 0.8833613 0.06253994
15   U 2   3 0.8751047 0.06473381
16   U 3   1 0.8877280 0.03455944
17   U 3   2 0.8734987 0.10929721
18   U 3   3 0.9121520 0.04198648
