[1] "Summary by group"
  grp      q1.m       q1.s
1   C 0.8596221 0.04448963
2   U 0.8778321 0.05342732
[1] "Summary by session\n"
  S      q1.m       q1.s
1 1 0.8731828 0.05262892
2 2 0.8622167 0.04916996
3 3 0.8707818 0.04769347
[1] "Summary by ID\n"
  ID      q1.m       q1.s
1  D 0.8397044 0.05065556
2  M 0.8753704 0.03570446
3  E 0.8911063 0.04780902
[1] "Summary by group + Session\n"
  grp S      q1.m       q1.s
1   C 1 0.8694887 0.04989837
2   C 2 0.8526604 0.03968993
3   C 3 0.8567171 0.04248592
4   U 1 0.8768769 0.05554094
5   U 2 0.8717729 0.05593060
6   U 3 0.8848464 0.04890151
[1] "Summary by Session + ID\n"
  S ID      q1.m       q1.s
1 1  D 0.8441550 0.05768792
2 1  M 0.8766117 0.03786513
3 1  E 0.8987817 0.04665872
4 2  D 0.8358683 0.04614084
5 2  M 0.8698527 0.04157722
6 2  E 0.8809290 0.04920802
7 3  D 0.8390900 0.04880518
8 3  M 0.8796470 0.02641780
9 3  E 0.8936083 0.04734667
[1] "Summary by group + ID\n"
  grp ID      q1.m       q1.s
1   C  D 0.8333613 0.04395937
2   C  M 0.8661522 0.03023442
3   C  E 0.8793527 0.04510374
4   U  D 0.8460476 0.05635215
5   U  M 0.8845887 0.03860900
6   U  E 0.9028600 0.04802528
[1] "Summary by group + Session + ID\n"
   grp S ID      q1.m       q1.s
1    C 1  D 0.8429827 0.05334442
2    C 1  M 0.8719987 0.04101513
3    C 1  E 0.8934847 0.04382838
4    C 2  D 0.8337733 0.04285663
5    C 2  M 0.8558880 0.02447095
6    C 2  E 0.8683200 0.04311953
7    C 3  D 0.8233280 0.03440638
8    C 3  M 0.8705700 0.02052969
9    C 3  E 0.8762533 0.04752639
10   U 1  D 0.8453273 0.06359974
11   U 1  M 0.8812247 0.03524354
12   U 1  E 0.9040787 0.05028442
13   U 2  D 0.8379633 0.05063524
14   U 2  M 0.8838173 0.05063691
15   U 2  E 0.8935380 0.05306448
16   U 3  D 0.8548520 0.05672616
17   U 3  M 0.8887240 0.02911405
18   U 3  E 0.9109633 0.04170562
