[1] "q4Lrel ~S*IDR*IDL*grp + Error(pp/(S*IDR*IDL))"
$ANOVA
          Effect DFn DFd            F            p p<.05          ges
2            grp   1   8  2.934154497 1.250778e-01       0.1017938020
3              S   2  16  2.215075215 1.415101e-01       0.0264721245
5            IDR   2  16 39.072566068 6.959482e-07     * 0.1106677832
7            IDL   1   8  1.478250756 2.587052e-01       0.0643320360
4          grp:S   2  16  2.836908086 8.820166e-02       0.0336534875
6        grp:IDR   2  16  2.265779766 1.360142e-01       0.0071644076
8        grp:IDL   1   8  0.004680132 9.471371e-01       0.0002176311
9          S:IDR   4  32  2.547474097 5.835700e-02       0.0134222104
11         S:IDL   2  16  0.215909664 8.081178e-01       0.0026092754
13       IDR:IDL   2  16 17.458506503 9.507285e-05     * 0.0546248371
10     grp:S:IDR   4  32  0.967114152 4.389973e-01       0.0051383462
12     grp:S:IDL   2  16  1.612891604 2.300846e-01       0.0191682388
14   grp:IDR:IDL   2  16  1.739637922 2.071941e-01       0.0057245907
15     S:IDR:IDL   4  32  1.447364272 2.412378e-01       0.0052363456
16 grp:S:IDR:IDL   4  32  0.871094095 4.919560e-01       0.0031580712

$`Mauchly's Test for Sphericity`
          Effect         W          p p<.05
3              S 0.8665746 0.60578828      
4          grp:S 0.8665746 0.60578828      
5            IDR 0.4676375 0.06993305      
6        grp:IDR 0.4676375 0.06993305      
9          S:IDR 0.1059976 0.12136892      
10     grp:S:IDR 0.1059976 0.12136892      
11         S:IDL 0.8358198 0.53381934      
12     grp:S:IDL 0.8358198 0.53381934      
13       IDR:IDL 0.7689296 0.39866028      
14   grp:IDR:IDL 0.7689296 0.39866028      
15     S:IDR:IDL 0.1097231 0.12911059      
16 grp:S:IDR:IDL 0.1097231 0.12911059      

$`Sphericity Corrections`
          Effect       GGe        p[GG] p[GG]<.05       HFe        p[HF]
3              S 0.8822813 1.492791e-01           1.1130785 1.415101e-01
4          grp:S 0.8822813 9.689163e-02           1.1130785 8.820166e-02
5            IDR 0.6525871 4.041215e-05         * 0.7279179 1.667332e-05
6        grp:IDR 0.6525871 1.601590e-01           0.7279179 1.547927e-01
9          S:IDR 0.5947775 9.704332e-02           0.8633859 6.912756e-02
10     grp:S:IDR 0.5947775 4.115962e-01           0.8633859 4.317174e-01
11         S:IDL 0.8589736 7.761263e-01           1.0714271 8.081178e-01
12     grp:S:IDL 0.8589736 2.343854e-01           1.0714271 2.300846e-01
13       IDR:IDL 0.8123012 3.471132e-04         * 0.9898537 1.019393e-04
14   grp:IDR:IDL 0.8123012 2.148669e-01           0.9898537 2.076250e-01
15     S:IDR:IDL 0.5169909 2.638332e-01           0.7000830 2.562197e-01
16 grp:S:IDR:IDL 0.5169909 4.401463e-01           0.7000830 4.643414e-01
   p[HF]<.05
3           
4           
5          *
6           
9           
10          
11          
12          
13         *
14          
15          
16          

