[1] "Full vs no Session"
Data: mdata
Models:
noS.mod: get(vname) ~ (1 | pp) + (1 | pp/IDR) + (1 | pp/IDL) + (1 | pp/IDR:IDL) + 
noS.mod:     IDR * IDL * grp
full.mod: get(vname) ~ (1 | pp) + (1 | pp/S) + (1 | pp/IDR) + (1 | pp/IDL) + 
full.mod:     (1 | pp/IDR:IDL) + (1 | pp/S:IDR:IDL) + S * IDR * IDL * grp
         Df     AIC     BIC logLik  Chisq Chi Df Pr(>Chisq)    
noS.mod  20 -1210.3 -1124.4 625.13                             
full.mod 48 -1389.8 -1183.8 742.91 235.56     28  < 2.2e-16 ***
---
Signif. codes:  0 ‘***’ 0.001 ‘**’ 0.01 ‘*’ 0.05 ‘.’ 0.1 ‘ ’ 1 
[1] "Full vs no Group"
Data: mdata
Models:
nogrp.mod: get(vname) ~ (1 | pp) + (1 | pp/S) + (1 | pp/IDR) + (1 | pp/IDL) + 
nogrp.mod:     (1 | pp/IDR:IDL) + (1 | pp/S:IDR:IDL) + S * IDR * IDL
full.mod: get(vname) ~ (1 | pp) + (1 | pp/S) + (1 | pp/IDR) + (1 | pp/IDL) + 
full.mod:     (1 | pp/IDR:IDL) + (1 | pp/S:IDR:IDL) + S * IDR * IDL * grp
          Df     AIC     BIC logLik  Chisq Chi Df Pr(>Chisq)  
nogrp.mod 30 -1395.3 -1266.5 727.65                           
full.mod  48 -1389.8 -1183.8 742.91 30.526     18    0.03264 *
---
Signif. codes:  0 ‘***’ 0.001 ‘**’ 0.01 ‘*’ 0.05 ‘.’ 0.1 ‘ ’ 1 
[1] "Full vs no Session and no Group"
Data: mdata
Models:
noSgrp.mod: get(vname) ~ (1 | pp) + (1 | pp/IDR) + (1 | pp/IDL) + (1 | pp/IDR:IDL) + 
noSgrp.mod:     IDR * IDL
full.mod: get(vname) ~ (1 | pp) + (1 | pp/S) + (1 | pp/IDR) + (1 | pp/IDL) + 
full.mod:     (1 | pp/IDR:IDL) + (1 | pp/S:IDR:IDL) + S * IDR * IDL * grp
           Df     AIC     BIC logLik  Chisq Chi Df Pr(>Chisq)    
noSgrp.mod 14 -1211.3 -1151.2 619.63                             
full.mod   48 -1389.8 -1183.8 742.91 246.56     34  < 2.2e-16 ***
---
Signif. codes:  0 ‘***’ 0.001 ‘**’ 0.01 ‘*’ 0.05 ‘.’ 0.1 ‘ ’ 1 
[1] "No Group vs no Session and no Group"
Data: mdata
Models:
noSgrp.mod: get(vname) ~ (1 | pp) + (1 | pp/IDR) + (1 | pp/IDL) + (1 | pp/IDR:IDL) + 
noSgrp.mod:     IDR * IDL
nogrp.mod: get(vname) ~ (1 | pp) + (1 | pp/S) + (1 | pp/IDR) + (1 | pp/IDL) + 
nogrp.mod:     (1 | pp/IDR:IDL) + (1 | pp/S:IDR:IDL) + S * IDR * IDL
           Df     AIC     BIC logLik  Chisq Chi Df Pr(>Chisq)    
noSgrp.mod 14 -1211.3 -1151.2 619.63                             
nogrp.mod  30 -1395.3 -1266.5 727.65 216.03     16  < 2.2e-16 ***
---
Signif. codes:  0 ‘***’ 0.001 ‘**’ 0.01 ‘*’ 0.05 ‘.’ 0.1 ‘ ’ 1 
[1] "No Session vs no Session and no Group"
Data: mdata
Models:
noSgrp.mod: get(vname) ~ (1 | pp) + (1 | pp/IDR) + (1 | pp/IDL) + (1 | pp/IDR:IDL) + 
noSgrp.mod:     IDR * IDL
noS.mod: get(vname) ~ (1 | pp) + (1 | pp/IDR) + (1 | pp/IDL) + (1 | pp/IDR:IDL) + 
noS.mod:     IDR * IDL * grp
           Df     AIC     BIC logLik  Chisq Chi Df Pr(>Chisq)  
noSgrp.mod 14 -1211.3 -1151.2 619.63                           
noS.mod    20 -1210.3 -1124.4 625.13 10.994      6    0.08857 .
---
Signif. codes:  0 ‘***’ 0.001 ‘**’ 0.01 ‘*’ 0.05 ‘.’ 0.1 ‘ ’ 1 
