[1] "Summary by group"
  grp  q4Lrel.m  q4Lrel.s
1   C 0.9903828 0.1197856
2   U 0.9300098 0.1037034
[1] "Summary by session\n"
  S  q4Lrel.m  q4Lrel.s
1 1 0.9397666 0.1112066
2 2 0.9742742 0.1183252
3 3 0.9665481 0.1159577
[1] "Summary by IDR+IDR\n"
  IDL IDR  q4Lrel.m   q4Lrel.s
1   D   D 0.9873937 0.07661843
2   D   M 0.9593128 0.09069171
3   D   E 0.8633458 0.08700924
4   E   D 0.9962499 0.12467990
5   E   M 0.9842520 0.13376006
6   E   E 0.9706237 0.11855473
[1] "Summary by group + Session\n"
  grp S  q4Lrel.m   q4Lrel.s
1   C 1 0.9542589 0.08733372
2   C 2 0.9969687 0.13484510
3   C 3 1.0199209 0.12374194
4   U 1 0.9252742 0.12969507
5   U 2 0.9515798 0.09452080
6   U 3 0.9131754 0.07726637
[1] "Summary by Session + IDR + IDL \n"
   S IDL IDR  q4Lrel.m   q4Lrel.s
1  1   D   D 0.9857238 0.07442339
2  1   D   M 0.9230166 0.09907544
3  1   D   E 0.8381562 0.07830295
4  1   E   D 0.9853705 0.09251651
5  1   E   M 0.9667901 0.12858489
6  1   E   E 0.9395423 0.11701025
7  2   D   D 0.9959715 0.09564944
8  2   D   M 0.9873213 0.06971272
9  2   D   E 0.8531529 0.08502826
10 2   E   D 1.0094997 0.14653151
11 2   E   M 1.0089931 0.11176474
12 2   E   E 0.9907070 0.11210930
13 3   D   D 0.9804858 0.05656838
14 3   D   M 0.9676005 0.09121935
15 3   D   E 0.8987284 0.08839575
16 3   E   D 0.9938794 0.13178260
17 3   E   M 0.9769729 0.15773480
18 3   E   E 0.9816218 0.12382796
[1] "Summary by group + IDR + IDL\n"
   grp IDL IDR  q4Lrel.m   q4Lrel.s
1    C   D   D 1.0067602 0.07155415
2    C   D   M 1.0100873 0.07383199
3    C   D   E 0.8877334 0.08321315
4    C   E   D 1.0290721 0.14355226
5    C   E   M 1.0152022 0.13742231
6    C   E   E 0.9934420 0.13082844
7    U   D   D 0.9680272 0.07737584
8    U   D   M 0.9085383 0.07689250
9    U   D   E 0.8389583 0.08468950
10   U   E   D 0.9634277 0.09291198
11   U   E   M 0.9533019 0.12387849
12   U   E   E 0.9478053 0.10123629
[1] "Summary by group + Session + IDR + IDL\n"
   grp S IDL IDR  q4Lrel.m   q4Lrel.s
1    C 1   D   D 0.9948529 0.07298285
2    C 1   D   M 0.9696491 0.08693160
3    C 1   D   E 0.8718645 0.05263359
4    C 1   E   D 0.9899516 0.07239132
5    C 1   E   M 0.9720127 0.09811190
6    C 1   E   E 0.9272228 0.07866241
7    C 2   D   D 1.0242007 0.08355107
8    C 2   D   M 1.0335257 0.05107456
9    C 2   D   E 0.8579872 0.09660826
10   C 2   E   D 1.0433852 0.17925106
11   C 2   E   M 1.0178702 0.13542517
12   C 2   E   E 1.0048432 0.14295056
13   C 3   D   D 1.0012269 0.05721472
14   C 3   D   M 1.0270871 0.06569799
15   C 3   D   E 0.9333483 0.07881529
16   C 3   E   D 1.0538795 0.15772005
17   C 3   E   M 1.0557236 0.16619604
18   C 3   E   E 1.0482599 0.13825211
19   U 1   D   D 0.9765946 0.07725431
20   U 1   D   M 0.8763842 0.09008939
21   U 1   D   E 0.8044479 0.08657681
22   U 1   E   D 0.9807894 0.11155499
23   U 1   E   M 0.9615674 0.15673148
24   U 1   E   E 0.9518617 0.14780988
25   U 2   D   D 0.9677424 0.10130510
26   U 2   D   M 0.9411168 0.05369883
27   U 2   D   E 0.8483186 0.07478496
28   U 2   E   D 0.9756141 0.09942441
29   U 2   E   M 1.0001161 0.08582607
30   U 2   E   E 0.9765707 0.07191427
31   U 3   D   D 0.9597446 0.04932712
32   U 3   D   M 0.9081139 0.07305645
33   U 3   D   E 0.8641084 0.08605577
34   U 3   E   D 0.9338794 0.05817109
35   U 3   E   M 0.8982221 0.10308860
36   U 3   E   E 0.9149836 0.05597009
