[1] "vfCircularityL ~(S*DID*grp)+Error(pp/(S*DID))+grp"
$ANOVA
     Effect DFn DFd         F          p p<.05        ges
2       grp   1   8 12.048079 0.00842992     * 0.30476360
3         S   2  16  3.822711 0.04395246     * 0.13068712
5       DID   2  16  4.292215 0.03218686     * 0.07780015
4     grp:S   2  16  4.380250 0.03040076     * 0.14694682
6   grp:DID   2  16  1.699707 0.21411682       0.03232781
7     S:DID   4  32  2.878775 0.03828167     * 0.07860463
8 grp:S:DID   4  32  2.086060 0.10575313       0.05821981

$`Mauchly's Test for Sphericity`
     Effect          W          p p<.05
3         S 0.69778721 0.28381184      
4     grp:S 0.69778721 0.28381184      
5       DID 0.51774121 0.09986070      
6   grp:DID 0.51774121 0.09986070      
7     S:DID 0.03597059 0.01389526     *
8 grp:S:DID 0.03597059 0.01389526     *

$`Sphericity Corrections`
     Effect       GGe      p[GG] p[GG]<.05       HFe      p[HF] p[HF]<.05
3         S 0.7679236 0.06008427           0.9144761 0.04930023         *
4     grp:S 0.7679236 0.04459572         * 0.9144761 0.03499059         *
5       DID 0.6746460 0.05429636           0.7625976 0.04710067         *
6   grp:DID 0.6746460 0.22548866           0.7625976 0.22284871          
7     S:DID 0.3933856 0.10188611           0.4731176 0.08938382          
8 grp:S:DID 0.3933856 0.16984326           0.4731176 0.15994137          

