[1] "Summary by group"
  grp vfCircularityL.m vfCircularityL.s
1   C        0.3385118       0.04788786
2   U        0.3848887       0.05815920
[1] "Summary by session\n"
  S vfCircularityL.m vfCircularityL.s
1 1        0.3806956       0.05080666
2 2        0.3497551       0.03770180
3 3        0.3546501       0.07493042
[1] "Summary by DID\n"
  DID vfCircularityL.m vfCircularityL.s
1   1        0.3590892       0.04731629
2   2        0.3752578       0.07207407
3   3        0.3507538       0.04928790
[1] "Summary by group + Session\n"
  grp S vfCircularityL.m vfCircularityL.s
1   C 1        0.3679718       0.04742666
2   C 2        0.3366580       0.03681875
3   C 3        0.3109056       0.04133421
4   U 1        0.3934193       0.05138933
5   U 2        0.3628522       0.03418583
6   U 3        0.3983947       0.07572363
[1] "Summary by Session + DID\n"
  S DID vfCircularityL.m vfCircularityL.s
1 1   1        0.3946210       0.04487760
2 1   2        0.3880203       0.05350642
3 1   3        0.3594453       0.04818490
4 2   1        0.3408390       0.03056888
5 2   2        0.3567507       0.03940488
6 2   3        0.3516757       0.04169444
7 3   1        0.3418077       0.04430456
8 3   2        0.3810023       0.10473598
9 3   3        0.3411403       0.05675019
[1] "Summary by group + DID\n"
  grp DID vfCircularityL.m vfCircularityL.s
1   C   1        0.3431558       0.04639464
2   C   2        0.3437522       0.05277982
3   C   3        0.3286273       0.04354013
4   U   1        0.3750227       0.04309054
5   U   2        0.4067633       0.07544122
6   U   3        0.3728802       0.04490712
[1] "Summary by group + Session + DID\n"
   grp S DID vfCircularityL.m vfCircularityL.s
1    C 1   1        0.3833027       0.04780835
2    C 1   2        0.3747307       0.05038808
3    C 1   3        0.3458820       0.03769630
4    C 2   1        0.3300900       0.02150586
5    C 2   2        0.3447520       0.04304731
6    C 2   3        0.3351320       0.04273219
7    C 3   1        0.3160747       0.03634779
8    C 3   2        0.3117740       0.04730881
9    C 3   3        0.3048680       0.04173545
10   U 1   1        0.4059393       0.04014606
11   U 1   2        0.4013100       0.05489034
12   U 1   3        0.3730087       0.05471921
13   U 2   1        0.3515880       0.03500814
14   U 2   2        0.3687493       0.03247808
15   U 2   3        0.3682193       0.03447465
16   U 3   1        0.3675407       0.03641236
17   U 3   2        0.4502307       0.10106877
18   U 3   3        0.3774127       0.04593521
