[1] "q2 ~(S*ID*grp)+Error(pp/(S*ID))+grp"
$ANOVA
    Effect DFn DFd           F            p p<.05         ges
2      grp   1   8  0.18599411 6.776576e-01       0.010887244
3        S   2  16  4.19801680 3.422994e-02     * 0.070409992
5       ID   1   8 64.41950209 4.265307e-05     * 0.672018596
4    grp:S   2  16  0.09691174 9.081648e-01       0.001745486
6   grp:ID   1   8  0.49249452 5.027185e-01       0.015422893
7     S:ID   2  16  1.23200461 3.179448e-01       0.019296988
8 grp:S:ID   2  16  0.66797801 5.264747e-01       0.010555848

$`Mauchly's Test for Sphericity`
    Effect         W         p p<.05
3        S 0.6413119 0.2112236      
4    grp:S 0.6413119 0.2112236      
7     S:ID 0.9340556 0.7875978      
8 grp:S:ID 0.9340556 0.7875978      

$`Sphericity Corrections`
    Effect       GGe      p[GG] p[GG]<.05       HFe      p[HF] p[HF]<.05
3        S 0.7360041 0.05158659           0.8615263 0.04241633         *
4    grp:S 0.7360041 0.85124907           0.8615263 0.88215927          
7     S:ID 0.9381352 0.31702002           1.2154712 0.31794485          
8 grp:S:ID 0.9381352 0.51816717           1.2154712 0.52647468          

