[1] "Summary by group"
  grp     q4L.m      q4L.s
1   C 0.7129096 0.07007192
2   U 0.6593300 0.05098335
[1] "Summary by session\n"
  S     q4L.m      q4L.s
1 1 0.6580521 0.05103485
2 2 0.6975738 0.06312935
3 3 0.7027334 0.07540040
[1] "Summary by DID\n"
  DID     q4L.m      q4L.s
1   1 0.6769501 0.05989143
2   2 0.6863152 0.07190158
3   3 0.6950940 0.06752920
[1] "Summary by group + Session\n"
  grp S     q4L.m      q4L.s
1   C 1 0.6752722 0.05271166
2   C 2 0.7183602 0.06856892
3   C 3 0.7450962 0.07024611
4   U 1 0.6408320 0.04339635
5   U 2 0.6767873 0.04975657
6   U 3 0.6603707 0.05379919
[1] "Summary by Session + DID\n"
  S DID     q4L.m      q4L.s
1 1   1 0.6405110 0.04065213
2 1   2 0.6596327 0.05822204
3 1   3 0.6740127 0.04864649
4 2   1 0.6891030 0.05390160
5 2   2 0.7025687 0.06236244
6 2   3 0.7010497 0.07296439
7 3   1 0.7012363 0.06567959
8 3   2 0.6967443 0.08639943
9 3   3 0.7102197 0.07464365
[1] "Summary by group + DID\n"
  grp DID     q4L.m      q4L.s
1   C   1 0.6995896 0.06586397
2   C   2 0.7148173 0.07022957
3   C   3 0.7243218 0.07324464
4   U   1 0.6543107 0.04323239
5   U   2 0.6578131 0.06215555
6   U   3 0.6658662 0.04595533
[1] "Summary by group + Session + DID\n"
   grp S DID     q4L.m      q4L.s
1    C 1   1 0.6497853 0.04062271
2    C 1   2 0.6812440 0.05739879
3    C 1   3 0.6947873 0.05143376
4    C 2   1 0.7064607 0.06093398
5    C 2   2 0.7165907 0.06304903
6    C 2   3 0.7320293 0.08205713
7    C 3   1 0.7425227 0.05989677
8    C 3   2 0.7466173 0.07705097
9    C 3   3 0.7461487 0.07728676
10   U 1   1 0.6312367 0.03985870
11   U 1   2 0.6380213 0.05221397
12   U 1   3 0.6532380 0.03649296
13   U 2   1 0.6717453 0.04073972
14   U 2   2 0.6885467 0.06049328
15   U 2   3 0.6700700 0.04730663
16   U 3   1 0.6599500 0.04117635
17   U 3   2 0.6468713 0.06477742
18   U 3   3 0.6742907 0.05293283
