[1] "vfTrajCircularity ~(S*ID*grp)+Error(pp/(S*ID))+grp"
$ANOVA
    Effect DFn DFd           F            p p<.05         ges
2      grp   1   8  1.06717038 3.318013e-01       0.009170017
3        S   2  16  7.64823444 4.666563e-03     * 0.133423246
5       ID   2  16 17.83449984 8.455113e-05     * 0.423171277
4    grp:S   2  16  0.07453992 9.284908e-01       0.001498308
6   grp:ID   2  16  0.45305242 6.435931e-01       0.018295224
7     S:ID   4  32  0.48473051 7.467756e-01       0.025996397
8 grp:S:ID   4  32  0.13666869 9.675389e-01       0.007469050

$`Mauchly's Test for Sphericity`
    Effect         W         p p<.05
3        S 0.7262186 0.3263893      
4    grp:S 0.7262186 0.3263893      
5       ID 0.9293007 0.7736541      
6   grp:ID 0.9293007 0.7736541      
7     S:ID 0.2181563 0.3859285      
8 grp:S:ID 0.2181563 0.3859285      

$`Sphericity Corrections`
    Effect       GGe        p[GG] p[GG]<.05       HFe        p[HF] p[HF]<.05
3        S 0.7850641 0.0094462856         * 0.9433433 5.614750e-03         *
4    grp:S 0.7850641 0.8886386568           0.9433433 9.197751e-01          
5       ID 0.9339690 0.0001341651         * 1.2077048 8.455113e-05         *
6   grp:ID 0.9339690 0.6311778665           1.2077048 6.435931e-01          
7     S:ID 0.5844532 0.6520153109           0.8406784 7.162157e-01          
8 grp:S:ID 0.5844532 0.9006361116           0.8406784 9.507210e-01          

