Post-hoc Tukey comparisons[1] "grp Tukey test"

	Pairwise comparisons using paired t tests 

data:  mdata$q1R and mdata$grp 

  C      
U 0.00046

P value adjustment method: bonferroni 
[1] "S Tukey test"

	Pairwise comparisons using paired t tests 

data:  mdata$q1R and mdata$S 

  1     2    
2 0.653 -    
3 0.026 0.297

P value adjustment method: bonferroni 
[1] "IDR Tukey test"

	Pairwise comparisons using paired t tests 

data:  mdata$q1R and mdata$IDR 

  D       M      
M 2.3e-10 -      
E < 2e-16 2.8e-07

P value adjustment method: bonferroni 
[1] "IDL Tukey test"
