[1] "Summary by group"
  grp     q1R.m      q1R.s
1   C 0.8699757 0.04724481
2   U 0.8837322 0.05364785
[1] "Summary by session\n"
  S     q1R.m      q1R.s
1 1 0.8709905 0.05490062
2 2 0.8764549 0.05048716
3 3 0.8831164 0.04674444
[1] "Summary by IDR+IDR\n"
  IDL IDR     q1R.m      q1R.s
1   D   D 0.8542408 0.05299416
2   D   M 0.8783314 0.03875812
3   D   E 0.8988137 0.04326801
4   E   D 0.8494143 0.05092816
5   E   M 0.8823560 0.04877881
6   E   E 0.8979674 0.04823781
[1] "Summary by group + Session\n"
  grp S     q1R.m      q1R.s
1   C 1 0.8679819 0.05319914
2   C 2 0.8640942 0.04404189
3   C 3 0.8778509 0.04329922
4   U 1 0.8739991 0.05668832
5   U 2 0.8888156 0.05364563
6   U 3 0.8883820 0.04963606
[1] "Summary by Session + IDR + IDL \n"
   S IDL IDR     q1R.m      q1R.s
1  1   D   D 0.8418223 0.05885167
2  1   D   M 0.8726227 0.04103576
3  1   D   E 0.9035593 0.03979111
4  1   E   D 0.8484347 0.05545821
5  1   E   M 0.8755697 0.05005152
6  1   E   E 0.8839343 0.05992563
7  2   D   D 0.8597927 0.05525595
8  2   D   M 0.8750210 0.04302729
9  2   D   E 0.8968787 0.04109307
10 2   E   D 0.8506713 0.05095764
11 2   E   M 0.8784943 0.05261295
12 2   E   E 0.8978713 0.04344932
13 3   D   D 0.8611073 0.04314962
14 3   D   M 0.8873507 0.03075209
15 3   D   E 0.8960030 0.04937771
16 3   E   D 0.8491370 0.04780068
17 3   E   M 0.8930040 0.04299506
18 3   E   E 0.9120967 0.03538307
[1] "Summary by group + IDR + IDL\n"
   grp IDL IDR     q1R.m      q1R.s
1    C   D   D 0.8496971 0.04466640
2    C   D   M 0.8758611 0.03323345
3    C   D   E 0.8923049 0.03981230
4    C   E   D 0.8435004 0.05173899
5    C   E   M 0.8699778 0.04614211
6    C   E   E 0.8885127 0.04605732
7    U   D   D 0.8587844 0.06035955
8    U   D   M 0.8808018 0.04383583
9    U   D   E 0.9053224 0.04599039
10   U   E   D 0.8553282 0.04997840
11   U   E   M 0.8947342 0.04868594
12   U   E   E 0.9074222 0.04901561
[1] "Summary by group + Session + IDR + IDL\n"
   grp S IDL IDR     q1R.m      q1R.s
1    C 1   D   D 0.8445127 0.04921505
2    C 1   D   M 0.8789347 0.03898656
3    C 1   D   E 0.9007920 0.04034857
4    C 1   E   D 0.8404280 0.05634920
5    C 1   E   M 0.8578880 0.04528276
6    C 1   E   E 0.8853360 0.06386279
7    C 2   D   D 0.8565233 0.04003522
8    C 2   D   M 0.8706687 0.03405120
9    C 2   D   E 0.8811433 0.03713211
10   C 2   E   D 0.8442887 0.05152658
11   C 2   E   M 0.8566607 0.05438989
12   C 2   E   E 0.8752807 0.03929138
13   C 3   D   D 0.8480553 0.04651582
14   C 3   D   M 0.8779800 0.02734795
15   C 3   D   E 0.8949793 0.04190906
16   C 3   E   D 0.8457847 0.05066158
17   C 3   E   M 0.8953847 0.02538534
18   C 3   E   E 0.9049213 0.02361615
19   U 1   D   D 0.8391320 0.06882442
20   U 1   D   M 0.8663107 0.04339150
21   U 1   D   E 0.9063267 0.04043936
22   U 1   E   D 0.8564413 0.05530197
23   U 1   E   M 0.8932513 0.04968676
24   U 1   E   E 0.8825327 0.05793103
25   U 2   D   D 0.8630620 0.06854783
26   U 2   D   M 0.8793733 0.05133087
27   U 2   D   E 0.9126140 0.03985638
28   U 2   E   D 0.8570540 0.05134739
29   U 2   E   M 0.9003280 0.04188303
30   U 2   E   E 0.9204620 0.03568107
31   U 3   D   D 0.8741593 0.03644179
32   U 3   D   M 0.8967213 0.03198217
33   U 3   D   E 0.8970267 0.05737469
34   U 3   E   D 0.8524893 0.04628541
35   U 3   E   M 0.8906233 0.05632611
36   U 3   E   E 0.9192720 0.04387824
