[1] "q4R ~S*IDR*IDL*grp + Error(pp/(S*IDR*IDL))"
$ANOVA
          Effect DFn DFd           F            p p<.05          ges
2            grp   1   8  0.18362845 6.795778e-01       0.0116554973
3              S   2  16 13.34361165 3.895620e-04     * 0.1794592122
5            IDR   2  16 57.48710657 4.959906e-08     * 0.2116072350
7            IDL   1   8 31.22973493 5.172260e-04     * 0.3690946663
4          grp:S   2  16  1.99984865 1.677925e-01       0.0317381875
6        grp:IDR   2  16  3.14985501 7.023703e-02       0.0144933097
8        grp:IDL   1   8  2.49562558 1.528174e-01       0.0446623523
9          S:IDR   4  32  0.65194233 6.297315e-01       0.0027620099
11         S:IDL   2  16  0.12650397 8.820432e-01       0.0007689745
13       IDR:IDL   2  16 22.00926727 2.550802e-05     * 0.0963417181
10     grp:S:IDR   4  32  1.98309722 1.208363e-01       0.0083544469
12     grp:S:IDL   2  16  1.13908614 3.447448e-01       0.0068817579
14   grp:IDR:IDL   2  16  2.99539277 7.852970e-02       0.0143021769
15     S:IDR:IDL   4  32  2.07924161 1.066907e-01       0.0119365963
16 grp:S:IDR:IDL   4  32  0.07113602 9.903248e-01       0.0004131434

$`Mauchly's Test for Sphericity`
          Effect         W          p p<.05
3              S 0.3037750 0.01545013     *
4          grp:S 0.3037750 0.01545013     *
5            IDR 0.7883160 0.43496185      
6        grp:IDR 0.7883160 0.43496185      
9          S:IDR 0.3656822 0.70609710      
10     grp:S:IDR 0.3656822 0.70609710      
11         S:IDL 0.4444729 0.05854078      
12     grp:S:IDL 0.4444729 0.05854078      
13       IDR:IDL 0.8768342 0.63126427      
14   grp:IDR:IDL 0.8768342 0.63126427      
15     S:IDR:IDL 0.4986313 0.88389543      
16 grp:S:IDR:IDL 0.4986313 0.88389543      

$`Sphericity Corrections`
          Effect       GGe        p[GG] p[GG]<.05       HFe        p[HF]
3              S 0.5895444 3.882603e-03         * 0.6312793 3.064665e-03
4          grp:S 0.5895444 1.908860e-01           0.6312793 1.887347e-01
5            IDR 0.8252977 5.977163e-07         * 1.0123278 4.959906e-08
6        grp:IDR 0.8252977 8.324825e-02           1.0123278 7.023703e-02
9          S:IDR 0.6971749 5.794443e-01           1.1080869 6.297315e-01
10     grp:S:IDR 0.6971749 1.487082e-01           1.1080869 1.208363e-01
11         S:IDL 0.6428689 7.907194e-01           0.7127842 8.138471e-01
12     grp:S:IDL 0.6428689 3.288752e-01           0.7127842 3.331753e-01
13       IDR:IDL 0.8903405 6.232189e-05         * 1.1276258 2.550802e-05
14   grp:IDR:IDL 0.8903405 8.654616e-02           1.1276258 7.852970e-02
15     S:IDR:IDL 0.8055220 1.240801e-01           1.4126879 1.066907e-01
16 grp:S:IDR:IDL 0.8055220 9.797040e-01           1.4126879 9.903248e-01
   p[HF]<.05
3          *
4           
5          *
6           
9           
10          
11          
12          
13         *
14          
15          
16          

