Post-hoc Tukey comparisons[1] "grp Tukey test"

	Pairwise comparisons using paired t tests 

data:  mdata$q4R and mdata$grp 

  C    
U 0.031

P value adjustment method: bonferroni 
[1] "S Tukey test"

	Pairwise comparisons using paired t tests 

data:  mdata$q4R and mdata$S 

  1       2     
2 1.3e-15 -     
3 < 2e-16 0.0048

P value adjustment method: bonferroni 
[1] "IDR Tukey test"

	Pairwise comparisons using paired t tests 

data:  mdata$q4R and mdata$IDR 

  D       M      
M 8.3e-06 -      
E < 2e-16 < 2e-16

P value adjustment method: bonferroni 
[1] "IDL Tukey test"
