[1] "decTimeRrel ~S*IDR*IDL*grp + Error(pp/(S*IDR*IDL))"
$ANOVA
          Effect DFn DFd           F            p p<.05         ges
2            grp   1   8  0.20979469 6.591131e-01       0.010161139
3              S   2  16  0.32161336 7.295577e-01       0.003317255
5            IDR   2  16  9.64058986 1.789019e-03     * 0.225602891
7            IDL   1   8 32.03663415 4.758263e-04     * 0.267869222
4          grp:S   2  16  0.19346295 8.259998e-01       0.001998099
6        grp:IDR   2  16  0.09758428 9.075615e-01       0.002940210
8        grp:IDL   1   8  0.31514658 5.899141e-01       0.003586242
9          S:IDR   4  32  1.43982395 2.435732e-01       0.011551424
11         S:IDL   2  16  1.46302862 2.609028e-01       0.006456406
13       IDR:IDL   2  16 24.55594107 1.329468e-05     * 0.162054936
10     grp:S:IDR   4  32  1.18059704 3.379705e-01       0.009491437
12     grp:S:IDL   2  16  2.39136493 1.234068e-01       0.010510135
14   grp:IDR:IDL   2  16  0.19840172 8.220275e-01       0.001560118
15     S:IDR:IDL   4  32  0.45322546 7.692924e-01       0.001650170
16 grp:S:IDR:IDL   4  32  1.55663535 2.097032e-01       0.005644949

$`Mauchly's Test for Sphericity`
          Effect          W           p p<.05
3              S 0.59414531 0.161668111      
4          grp:S 0.59414531 0.161668111      
5            IDR 0.16370084 0.001774917     *
6        grp:IDR 0.16370084 0.001774917     *
9          S:IDR 0.03021741 0.009733203     *
10     grp:S:IDR 0.03021741 0.009733203     *
11         S:IDL 0.58069708 0.149218871      
12     grp:S:IDL 0.58069708 0.149218871      
13       IDR:IDL 0.17055683 0.002049000     *
14   grp:IDR:IDL 0.17055683 0.002049000     *
15     S:IDR:IDL 0.12475727 0.161701097      
16 grp:S:IDR:IDL 0.12475727 0.161701097      

$`Sphericity Corrections`
          Effect       GGe        p[GG] p[GG]<.05       HFe        p[HF]
3              S 0.7113111 0.6591893301           0.8212695 0.6890327451
4          grp:S 0.7113111 0.7529033464           0.8212695 0.7846576996
5            IDR 0.5445736 0.0120376036         * 0.5644979 0.0110598312
6        grp:IDR 0.5445736 0.7832737295           0.5644979 0.7917513776
9          S:IDR 0.6006271 0.2625154874           0.8764004 0.2497433708
10     grp:S:IDR 0.6006271 0.3357358288           0.8764004 0.3383630621
11         S:IDL 0.7045712 0.2638733243           0.8103864 0.2634282651
12     grp:S:IDL 0.7045712 0.1449433481           0.8103864 0.1369447140
13       IDR:IDL 0.5466144 0.0007328017         * 0.5674909 0.0006079187
14   grp:IDR:IDL 0.5466144 0.6885560778           0.5674909 0.6972423567
15     S:IDR:IDL 0.5592523 0.6638891097           0.7866177 0.7260731910
16 grp:S:IDR:IDL 0.5592523 0.2377698268           0.7866177 0.2233970804
   p[HF]<.05
3           
4           
5          *
6           
9           
10          
11          
12          
13         *
14          
15          
16          

