[1] "vfTrajCircularityR ~(S*DID*grp)+Error(pp/(S*DID))+grp"
$ANOVA
     Effect DFn DFd         F           p p<.05         ges
2       grp   1   8 0.1372603 0.720637376       0.011737699
3         S   2  16 8.0334118 0.003841601     * 0.150554165
5       DID   2  16 0.7892085 0.471109375       0.007711634
4     grp:S   2  16 0.4019384 0.675591140       0.008789867
6   grp:DID   2  16 1.6044656 0.231704388       0.015553892
7     S:DID   4  32 2.8741283 0.038507235     * 0.018506120
8 grp:S:DID   4  32 1.6065793 0.196648718       0.010429668

$`Mauchly's Test for Sphericity`
     Effect         W          p p<.05
3         S 0.3068680 0.01600776     *
4     grp:S 0.3068680 0.01600776     *
5       DID 0.5941711 0.16169267      
6   grp:DID 0.5941711 0.16169267      
7     S:DID 0.2433103 0.44705772      
8 grp:S:DID 0.2433103 0.44705772      

$`Sphericity Corrections`
     Effect       GGe      p[GG] p[GG]<.05       HFe      p[HF] p[HF]<.05
3         S 0.5906214 0.01596190         * 0.6329002 0.01375217         *
4     grp:S 0.5906214 0.57497721           0.6329002 0.58804772          
5       DID 0.7113241 0.43659449           0.8212906 0.45122513          
6   grp:DID 0.7113241 0.23936678           0.8212906 0.23689012          
7     S:DID 0.6008098 0.07279542           0.8768086 0.04674532         *
8 grp:S:DID 0.6008098 0.22454749           0.8768086 0.20508725          

