[1] "Summary by group"
  grp     q2R.m      q2R.s
1   C 0.7341110 0.09372864
2   U 0.7634642 0.08749762
[1] "Summary by session\n"
  S     q2R.m      q2R.s
1 1 0.7173835 0.08152230
2 2 0.7594298 0.09378735
3 3 0.7695495 0.09152074
[1] "Summary by IDR+IDR\n"
  IDL IDR     q2R.m      q2R.s
1   D   D 0.8452960 0.07599785
2   D   M 0.7883996 0.07593278
3   D   E 0.7215502 0.06093646
4   E   D 0.7322896 0.09008686
5   E   M 0.7146571 0.07688495
6   E   E 0.6905332 0.07125322
[1] "Summary by group + Session\n"
  grp S     q2R.m      q2R.s
1   C 1 0.6961424 0.08209172
2   C 2 0.7390607 0.09887926
3   C 3 0.7671299 0.08632121
4   U 1 0.7386246 0.07559688
5   U 2 0.7797990 0.08411140
6   U 3 0.7719691 0.09686595
[1] "Summary by Session + IDR + IDL \n"
   S IDL IDR     q2R.m      q2R.s
1  1   D   D 0.7993263 0.07914579
2  1   D   M 0.7415020 0.07226024
3  1   D   E 0.7111163 0.06359667
4  1   E   D 0.7050807 0.07023925
5  1   E   M 0.6939467 0.06931335
6  1   E   E 0.6533290 0.05652698
7  2   D   D 0.8597527 0.07317159
8  2   D   M 0.8122230 0.06848665
9  2   D   E 0.7230907 0.06176199
10 2   E   D 0.7411250 0.09231501
11 2   E   M 0.7158407 0.07970942
12 2   E   E 0.7045470 0.07395332
13 3   D   D 0.8768090 0.05174563
14 3   D   M 0.8114737 0.06610535
15 3   D   E 0.7304437 0.05779158
16 3   E   D 0.7506630 0.10126787
17 3   E   M 0.7341840 0.07838381
18 3   E   E 0.7137237 0.06874176
[1] "Summary by group + IDR + IDL\n"
   grp IDL IDR     q2R.m      q2R.s
1    C   D   D 0.8354131 0.06684734
2    C   D   M 0.7990351 0.08187570
3    C   D   E 0.7115302 0.05963836
4    C   E   D 0.6943498 0.07596618
5    C   E   M 0.6840098 0.07431366
6    C   E   E 0.6803280 0.07222293
7    U   D   D 0.8551789 0.08375120
8    U   D   M 0.7777640 0.06875765
9    U   D   E 0.7315702 0.06122742
10   U   E   D 0.7702293 0.08775301
11   U   E   M 0.7453044 0.06718042
12   U   E   E 0.7007384 0.06957192
[1] "Summary by group + Session + IDR + IDL\n"
   grp S IDL IDR     q2R.m      q2R.s
1    C 1   D   D 0.7805767 0.07273687
2    C 1   D   M 0.7200507 0.08267984
3    C 1   D   E 0.6877213 0.07034091
4    C 1   E   D 0.6807500 0.06384260
5    C 1   E   M 0.6590047 0.07079453
6    C 1   E   E 0.6487513 0.06491702
7    C 2   D   D 0.8634227 0.04031366
8    C 2   D   M 0.8311480 0.05042013
9    C 2   D   E 0.7016633 0.04058605
10   C 2   E   D 0.6907347 0.08993458
11   C 2   E   M 0.6696967 0.06429670
12   C 2   E   E 0.6776987 0.07260307
13   C 3   D   D 0.8622400 0.04790341
14   C 3   D   M 0.8459067 0.03933815
15   C 3   D   E 0.7452060 0.05154135
16   C 3   E   D 0.7115647 0.07377802
17   C 3   E   M 0.7233280 0.07526485
18   C 3   E   E 0.7145340 0.06766724
19   U 1   D   D 0.8180760 0.08325606
20   U 1   D   M 0.7629533 0.05471782
21   U 1   D   E 0.7345113 0.04751087
22   U 1   E   D 0.7294113 0.06982186
23   U 1   E   M 0.7288887 0.04820451
24   U 1   E   E 0.6579067 0.04857686
25   U 2   D   D 0.8560827 0.09714187
26   U 2   D   M 0.7932980 0.08003879
27   U 2   D   E 0.7445180 0.07259803
28   U 2   E   D 0.7915153 0.06421450
29   U 2   E   M 0.7619847 0.06681487
30   U 2   E   E 0.7313953 0.06717878
31   U 3   D   D 0.8913780 0.05288580
32   U 3   D   M 0.7770407 0.07045454
33   U 3   D   E 0.7156813 0.06160194
34   U 3   E   D 0.7897613 0.11191040
35   U 3   E   M 0.7450400 0.08252008
36   U 3   E   E 0.7129133 0.07216736
